   1              	 .syntax unified
   2              	 .cpu cortex-m4
   3              	 .eabi_attribute 27,3
   4              	 .fpu fpv4-sp-d16
   5              	 .eabi_attribute 20,1
   6              	 .eabi_attribute 21,1
   7              	 .eabi_attribute 23,3
   8              	 .eabi_attribute 24,1
   9              	 .eabi_attribute 25,1
  10              	 .eabi_attribute 26,1
  11              	 .eabi_attribute 30,6
  12              	 .eabi_attribute 34,1
  13              	 .eabi_attribute 18,4
  14              	 .thumb
  15              	 .file "arm_q31_to_q15.c"
  16              	 .text
  17              	.Ltext0:
  18              	 .cfi_sections .debug_frame
  19              	 .section .text.arm_q31_to_q15,"ax",%progbits
  20              	 .align 2
  21              	 .global arm_q31_to_q15
  22              	 .thumb
  23              	 .thumb_func
  25              	arm_q31_to_q15:
  26              	.LFB139:
  27              	 .file 1 "../Dave/Generated/CMSIS_DSP/SupportFunctions/arm_q31_to_q15.c"
   1:../Dave/Generated/CMSIS_DSP/SupportFunctions/arm_q31_to_q15.c **** /* ----------------------------------------------------------------------------    
   2:../Dave/Generated/CMSIS_DSP/SupportFunctions/arm_q31_to_q15.c **** * Copyright (C) 2010-2014 ARM Limited. All rights reserved.    
   3:../Dave/Generated/CMSIS_DSP/SupportFunctions/arm_q31_to_q15.c **** *    
   4:../Dave/Generated/CMSIS_DSP/SupportFunctions/arm_q31_to_q15.c **** * $Date:        31. July 2014
   5:../Dave/Generated/CMSIS_DSP/SupportFunctions/arm_q31_to_q15.c **** * $Revision: 	V1.4.4  
   6:../Dave/Generated/CMSIS_DSP/SupportFunctions/arm_q31_to_q15.c **** *    
   7:../Dave/Generated/CMSIS_DSP/SupportFunctions/arm_q31_to_q15.c **** * Project: 	    CMSIS DSP Library    
   8:../Dave/Generated/CMSIS_DSP/SupportFunctions/arm_q31_to_q15.c **** * Title:		arm_q31_to_q15.c    
   9:../Dave/Generated/CMSIS_DSP/SupportFunctions/arm_q31_to_q15.c **** *    
  10:../Dave/Generated/CMSIS_DSP/SupportFunctions/arm_q31_to_q15.c **** * Description:	Converts the elements of the Q31 vector to Q15 vector.    
  11:../Dave/Generated/CMSIS_DSP/SupportFunctions/arm_q31_to_q15.c **** *    
  12:../Dave/Generated/CMSIS_DSP/SupportFunctions/arm_q31_to_q15.c **** * Target Processor: Cortex-M4/Cortex-M3/Cortex-M0
  13:../Dave/Generated/CMSIS_DSP/SupportFunctions/arm_q31_to_q15.c **** *  
  14:../Dave/Generated/CMSIS_DSP/SupportFunctions/arm_q31_to_q15.c **** * Redistribution and use in source and binary forms, with or without 
  15:../Dave/Generated/CMSIS_DSP/SupportFunctions/arm_q31_to_q15.c **** * modification, are permitted provided that the following conditions
  16:../Dave/Generated/CMSIS_DSP/SupportFunctions/arm_q31_to_q15.c **** * are met:
  17:../Dave/Generated/CMSIS_DSP/SupportFunctions/arm_q31_to_q15.c **** *   - Redistributions of source code must retain the above copyright
  18:../Dave/Generated/CMSIS_DSP/SupportFunctions/arm_q31_to_q15.c **** *     notice, this list of conditions and the following disclaimer.
  19:../Dave/Generated/CMSIS_DSP/SupportFunctions/arm_q31_to_q15.c **** *   - Redistributions in binary form must reproduce the above copyright
  20:../Dave/Generated/CMSIS_DSP/SupportFunctions/arm_q31_to_q15.c **** *     notice, this list of conditions and the following disclaimer in
  21:../Dave/Generated/CMSIS_DSP/SupportFunctions/arm_q31_to_q15.c **** *     the documentation and/or other materials provided with the 
  22:../Dave/Generated/CMSIS_DSP/SupportFunctions/arm_q31_to_q15.c **** *     distribution.
  23:../Dave/Generated/CMSIS_DSP/SupportFunctions/arm_q31_to_q15.c **** *   - Neither the name of ARM LIMITED nor the names of its contributors
  24:../Dave/Generated/CMSIS_DSP/SupportFunctions/arm_q31_to_q15.c **** *     may be used to endorse or promote products derived from this
  25:../Dave/Generated/CMSIS_DSP/SupportFunctions/arm_q31_to_q15.c **** *     software without specific prior written permission.
  26:../Dave/Generated/CMSIS_DSP/SupportFunctions/arm_q31_to_q15.c **** *
  27:../Dave/Generated/CMSIS_DSP/SupportFunctions/arm_q31_to_q15.c **** * THIS SOFTWARE IS PROVIDED BY THE COPYRIGHT HOLDERS AND CONTRIBUTORS
  28:../Dave/Generated/CMSIS_DSP/SupportFunctions/arm_q31_to_q15.c **** * "AS IS" AND ANY EXPRESS OR IMPLIED WARRANTIES, INCLUDING, BUT NOT
  29:../Dave/Generated/CMSIS_DSP/SupportFunctions/arm_q31_to_q15.c **** * LIMITED TO, THE IMPLIED WARRANTIES OF MERCHANTABILITY AND FITNESS
  30:../Dave/Generated/CMSIS_DSP/SupportFunctions/arm_q31_to_q15.c **** * FOR A PARTICULAR PURPOSE ARE DISCLAIMED. IN NO EVENT SHALL THE 
  31:../Dave/Generated/CMSIS_DSP/SupportFunctions/arm_q31_to_q15.c **** * COPYRIGHT OWNER OR CONTRIBUTORS BE LIABLE FOR ANY DIRECT, INDIRECT,
  32:../Dave/Generated/CMSIS_DSP/SupportFunctions/arm_q31_to_q15.c **** * INCIDENTAL, SPECIAL, EXEMPLARY, OR CONSEQUENTIAL DAMAGES (INCLUDING,
  33:../Dave/Generated/CMSIS_DSP/SupportFunctions/arm_q31_to_q15.c **** * BUT NOT LIMITED TO, PROCUREMENT OF SUBSTITUTE GOODS OR SERVICES;
  34:../Dave/Generated/CMSIS_DSP/SupportFunctions/arm_q31_to_q15.c **** * LOSS OF USE, DATA, OR PROFITS; OR BUSINESS INTERRUPTION) HOWEVER
  35:../Dave/Generated/CMSIS_DSP/SupportFunctions/arm_q31_to_q15.c **** * CAUSED AND ON ANY THEORY OF LIABILITY, WHETHER IN CONTRACT, STRICT
  36:../Dave/Generated/CMSIS_DSP/SupportFunctions/arm_q31_to_q15.c **** * LIABILITY, OR TORT (INCLUDING NEGLIGENCE OR OTHERWISE) ARISING IN
  37:../Dave/Generated/CMSIS_DSP/SupportFunctions/arm_q31_to_q15.c **** * ANY WAY OUT OF THE USE OF THIS SOFTWARE, EVEN IF ADVISED OF THE
  38:../Dave/Generated/CMSIS_DSP/SupportFunctions/arm_q31_to_q15.c **** * POSSIBILITY OF SUCH DAMAGE.    
  39:../Dave/Generated/CMSIS_DSP/SupportFunctions/arm_q31_to_q15.c **** * ---------------------------------------------------------------------------- */
  40:../Dave/Generated/CMSIS_DSP/SupportFunctions/arm_q31_to_q15.c **** 
  41:../Dave/Generated/CMSIS_DSP/SupportFunctions/arm_q31_to_q15.c **** #include "CMSIS_DSP/cmsis_dsp.h"
  42:../Dave/Generated/CMSIS_DSP/SupportFunctions/arm_q31_to_q15.c **** 
  43:../Dave/Generated/CMSIS_DSP/SupportFunctions/arm_q31_to_q15.c **** /**    
  44:../Dave/Generated/CMSIS_DSP/SupportFunctions/arm_q31_to_q15.c ****  * @ingroup groupSupport    
  45:../Dave/Generated/CMSIS_DSP/SupportFunctions/arm_q31_to_q15.c ****  */
  46:../Dave/Generated/CMSIS_DSP/SupportFunctions/arm_q31_to_q15.c **** 
  47:../Dave/Generated/CMSIS_DSP/SupportFunctions/arm_q31_to_q15.c **** /**    
  48:../Dave/Generated/CMSIS_DSP/SupportFunctions/arm_q31_to_q15.c ****  * @addtogroup q31_to_x    
  49:../Dave/Generated/CMSIS_DSP/SupportFunctions/arm_q31_to_q15.c ****  * @{    
  50:../Dave/Generated/CMSIS_DSP/SupportFunctions/arm_q31_to_q15.c ****  */
  51:../Dave/Generated/CMSIS_DSP/SupportFunctions/arm_q31_to_q15.c **** 
  52:../Dave/Generated/CMSIS_DSP/SupportFunctions/arm_q31_to_q15.c **** /**    
  53:../Dave/Generated/CMSIS_DSP/SupportFunctions/arm_q31_to_q15.c ****  * @brief Converts the elements of the Q31 vector to Q15 vector.    
  54:../Dave/Generated/CMSIS_DSP/SupportFunctions/arm_q31_to_q15.c ****  * @param[in]       *pSrc points to the Q31 input vector    
  55:../Dave/Generated/CMSIS_DSP/SupportFunctions/arm_q31_to_q15.c ****  * @param[out]      *pDst points to the Q15 output vector   
  56:../Dave/Generated/CMSIS_DSP/SupportFunctions/arm_q31_to_q15.c ****  * @param[in]       blockSize length of the input vector    
  57:../Dave/Generated/CMSIS_DSP/SupportFunctions/arm_q31_to_q15.c ****  * @return none.    
  58:../Dave/Generated/CMSIS_DSP/SupportFunctions/arm_q31_to_q15.c ****  *     
  59:../Dave/Generated/CMSIS_DSP/SupportFunctions/arm_q31_to_q15.c ****  * \par Description:    
  60:../Dave/Generated/CMSIS_DSP/SupportFunctions/arm_q31_to_q15.c ****  *    
  61:../Dave/Generated/CMSIS_DSP/SupportFunctions/arm_q31_to_q15.c ****  * The equation used for the conversion process is:    
  62:../Dave/Generated/CMSIS_DSP/SupportFunctions/arm_q31_to_q15.c ****  *   
  63:../Dave/Generated/CMSIS_DSP/SupportFunctions/arm_q31_to_q15.c ****  * <pre>    
  64:../Dave/Generated/CMSIS_DSP/SupportFunctions/arm_q31_to_q15.c ****  * 	pDst[n] = (q15_t) pSrc[n] >> 16;   0 <= n < blockSize.    
  65:../Dave/Generated/CMSIS_DSP/SupportFunctions/arm_q31_to_q15.c ****  * </pre>    
  66:../Dave/Generated/CMSIS_DSP/SupportFunctions/arm_q31_to_q15.c ****  *   
  67:../Dave/Generated/CMSIS_DSP/SupportFunctions/arm_q31_to_q15.c ****  */
  68:../Dave/Generated/CMSIS_DSP/SupportFunctions/arm_q31_to_q15.c **** 
  69:../Dave/Generated/CMSIS_DSP/SupportFunctions/arm_q31_to_q15.c **** 
  70:../Dave/Generated/CMSIS_DSP/SupportFunctions/arm_q31_to_q15.c **** void arm_q31_to_q15(
  71:../Dave/Generated/CMSIS_DSP/SupportFunctions/arm_q31_to_q15.c ****   q31_t * pSrc,
  72:../Dave/Generated/CMSIS_DSP/SupportFunctions/arm_q31_to_q15.c ****   q15_t * pDst,
  73:../Dave/Generated/CMSIS_DSP/SupportFunctions/arm_q31_to_q15.c ****   uint32_t blockSize)
  74:../Dave/Generated/CMSIS_DSP/SupportFunctions/arm_q31_to_q15.c **** {
  28              	 .loc 1 74 0
  29              	 .cfi_startproc
  30              	 
  31              	 
  32              	 
  33 0000 80B4     	 push {r7}
  34              	.LCFI0:
  35              	 .cfi_def_cfa_offset 4
  36              	 .cfi_offset 7,-4
  37 0002 93B0     	 sub sp,sp,#76
  38              	.LCFI1:
  39              	 .cfi_def_cfa_offset 80
  40 0004 00AF     	 add r7,sp,#0
  41              	.LCFI2:
  42              	 .cfi_def_cfa_register 7
  43 0006 F860     	 str r0,[r7,#12]
  44 0008 B960     	 str r1,[r7,#8]
  45 000a 7A60     	 str r2,[r7,#4]
  75:../Dave/Generated/CMSIS_DSP/SupportFunctions/arm_q31_to_q15.c ****   q31_t *pIn = pSrc;                             /* Src pointer */
  46              	 .loc 1 75 0
  47 000c FB68     	 ldr r3,[r7,#12]
  48 000e 7B64     	 str r3,[r7,#68]
  76:../Dave/Generated/CMSIS_DSP/SupportFunctions/arm_q31_to_q15.c ****   uint32_t blkCnt;                               /* loop counter */
  77:../Dave/Generated/CMSIS_DSP/SupportFunctions/arm_q31_to_q15.c **** 
  78:../Dave/Generated/CMSIS_DSP/SupportFunctions/arm_q31_to_q15.c **** #ifndef ARM_MATH_CM0_FAMILY
  79:../Dave/Generated/CMSIS_DSP/SupportFunctions/arm_q31_to_q15.c **** 
  80:../Dave/Generated/CMSIS_DSP/SupportFunctions/arm_q31_to_q15.c ****   /* Run the below code for Cortex-M4 and Cortex-M3 */
  81:../Dave/Generated/CMSIS_DSP/SupportFunctions/arm_q31_to_q15.c ****   q31_t in1, in2, in3, in4;
  82:../Dave/Generated/CMSIS_DSP/SupportFunctions/arm_q31_to_q15.c ****   q31_t out1, out2;
  83:../Dave/Generated/CMSIS_DSP/SupportFunctions/arm_q31_to_q15.c **** 
  84:../Dave/Generated/CMSIS_DSP/SupportFunctions/arm_q31_to_q15.c ****   /*loop Unrolling */
  85:../Dave/Generated/CMSIS_DSP/SupportFunctions/arm_q31_to_q15.c ****   blkCnt = blockSize >> 2u;
  49              	 .loc 1 85 0
  50 0010 7B68     	 ldr r3,[r7,#4]
  51 0012 9B08     	 lsrs r3,r3,#2
  52 0014 3B64     	 str r3,[r7,#64]
  86:../Dave/Generated/CMSIS_DSP/SupportFunctions/arm_q31_to_q15.c **** 
  87:../Dave/Generated/CMSIS_DSP/SupportFunctions/arm_q31_to_q15.c ****   /* First part of the processing with loop unrolling.  Compute 4 outputs at a time.    
  88:../Dave/Generated/CMSIS_DSP/SupportFunctions/arm_q31_to_q15.c ****    ** a second loop below computes the remaining 1 to 3 samples. */
  89:../Dave/Generated/CMSIS_DSP/SupportFunctions/arm_q31_to_q15.c ****   while(blkCnt > 0u)
  53              	 .loc 1 89 0
  54 0016 3AE0     	 b .L2
  55              	.L3:
  90:../Dave/Generated/CMSIS_DSP/SupportFunctions/arm_q31_to_q15.c ****   {
  91:../Dave/Generated/CMSIS_DSP/SupportFunctions/arm_q31_to_q15.c ****     /* C = (q15_t) A >> 16 */
  92:../Dave/Generated/CMSIS_DSP/SupportFunctions/arm_q31_to_q15.c ****     /* convert from q31 to q15 and then store the results in the destination buffer */
  93:../Dave/Generated/CMSIS_DSP/SupportFunctions/arm_q31_to_q15.c ****     in1 = *pIn++;
  56              	 .loc 1 93 0
  57 0018 7B6C     	 ldr r3,[r7,#68]
  58 001a 1A1D     	 adds r2,r3,#4
  59 001c 7A64     	 str r2,[r7,#68]
  60 001e 1B68     	 ldr r3,[r3]
  61 0020 FB63     	 str r3,[r7,#60]
  94:../Dave/Generated/CMSIS_DSP/SupportFunctions/arm_q31_to_q15.c ****     in2 = *pIn++;
  62              	 .loc 1 94 0
  63 0022 7B6C     	 ldr r3,[r7,#68]
  64 0024 1A1D     	 adds r2,r3,#4
  65 0026 7A64     	 str r2,[r7,#68]
  66 0028 1B68     	 ldr r3,[r3]
  67 002a BB63     	 str r3,[r7,#56]
  95:../Dave/Generated/CMSIS_DSP/SupportFunctions/arm_q31_to_q15.c ****     in3 = *pIn++;
  68              	 .loc 1 95 0
  69 002c 7B6C     	 ldr r3,[r7,#68]
  70 002e 1A1D     	 adds r2,r3,#4
  71 0030 7A64     	 str r2,[r7,#68]
  72 0032 1B68     	 ldr r3,[r3]
  73 0034 7B63     	 str r3,[r7,#52]
  96:../Dave/Generated/CMSIS_DSP/SupportFunctions/arm_q31_to_q15.c ****     in4 = *pIn++;
  74              	 .loc 1 96 0
  75 0036 7B6C     	 ldr r3,[r7,#68]
  76 0038 1A1D     	 adds r2,r3,#4
  77 003a 7A64     	 str r2,[r7,#68]
  78 003c 1B68     	 ldr r3,[r3]
  79 003e 3B63     	 str r3,[r7,#48]
  80              	.LBB2:
  97:../Dave/Generated/CMSIS_DSP/SupportFunctions/arm_q31_to_q15.c **** 
  98:../Dave/Generated/CMSIS_DSP/SupportFunctions/arm_q31_to_q15.c ****     /* pack two higher 16-bit values from two 32-bit values */
  99:../Dave/Generated/CMSIS_DSP/SupportFunctions/arm_q31_to_q15.c **** #ifndef ARM_MATH_BIG_ENDIAN
 100:../Dave/Generated/CMSIS_DSP/SupportFunctions/arm_q31_to_q15.c **** 
 101:../Dave/Generated/CMSIS_DSP/SupportFunctions/arm_q31_to_q15.c ****     out1 = __PKHTB(in2, in1, 16);
  81              	 .loc 1 101 0
  82 0040 BB6B     	 ldr r3,[r7,#56]
  83 0042 FB62     	 str r3,[r7,#44]
  84 0044 FB6B     	 ldr r3,[r7,#60]
  85 0046 BB62     	 str r3,[r7,#40]
  86 0048 FB6A     	 ldr r3,[r7,#44]
  87 004a BA6A     	 ldr r2,[r7,#40]
  88              	
  89 004c C3EA2243 	 pkhtb r3,r3,r2,asr#16
  90              	
  91              	 .thumb
  92 0050 7B62     	 str r3,[r7,#36]
  93 0052 7B6A     	 ldr r3,[r7,#36]
  94              	.LBE2:
  95 0054 3B62     	 str r3,[r7,#32]
  96              	.LBB3:
 102:../Dave/Generated/CMSIS_DSP/SupportFunctions/arm_q31_to_q15.c ****     out2 = __PKHTB(in4, in3, 16);
  97              	 .loc 1 102 0
  98 0056 3B6B     	 ldr r3,[r7,#48]
  99 0058 FB61     	 str r3,[r7,#28]
 100 005a 7B6B     	 ldr r3,[r7,#52]
 101 005c BB61     	 str r3,[r7,#24]
 102 005e FB69     	 ldr r3,[r7,#28]
 103 0060 BA69     	 ldr r2,[r7,#24]
 104              	
 105 0062 C3EA2243 	 pkhtb r3,r3,r2,asr#16
 106              	
 107              	 .thumb
 108 0066 7B61     	 str r3,[r7,#20]
 109 0068 7B69     	 ldr r3,[r7,#20]
 110              	.LBE3:
 111 006a 3B61     	 str r3,[r7,#16]
 103:../Dave/Generated/CMSIS_DSP/SupportFunctions/arm_q31_to_q15.c **** 
 104:../Dave/Generated/CMSIS_DSP/SupportFunctions/arm_q31_to_q15.c **** #else
 105:../Dave/Generated/CMSIS_DSP/SupportFunctions/arm_q31_to_q15.c **** 
 106:../Dave/Generated/CMSIS_DSP/SupportFunctions/arm_q31_to_q15.c ****     out1 = __PKHTB(in1, in2, 16);
 107:../Dave/Generated/CMSIS_DSP/SupportFunctions/arm_q31_to_q15.c ****     out2 = __PKHTB(in3, in4, 16);
 108:../Dave/Generated/CMSIS_DSP/SupportFunctions/arm_q31_to_q15.c **** 
 109:../Dave/Generated/CMSIS_DSP/SupportFunctions/arm_q31_to_q15.c **** #endif //      #ifdef ARM_MATH_BIG_ENDIAN
 110:../Dave/Generated/CMSIS_DSP/SupportFunctions/arm_q31_to_q15.c **** 
 111:../Dave/Generated/CMSIS_DSP/SupportFunctions/arm_q31_to_q15.c ****     *__SIMD32(pDst)++ = out1;
 112              	 .loc 1 111 0
 113 006c 07F10802 	 add r2,r7,#8
 114 0070 1368     	 ldr r3,[r2]
 115 0072 191D     	 adds r1,r3,#4
 116 0074 1160     	 str r1,[r2]
 117 0076 3A6A     	 ldr r2,[r7,#32]
 118 0078 1A60     	 str r2,[r3]
 112:../Dave/Generated/CMSIS_DSP/SupportFunctions/arm_q31_to_q15.c ****     *__SIMD32(pDst)++ = out2;
 119              	 .loc 1 112 0
 120 007a 07F10802 	 add r2,r7,#8
 121 007e 1368     	 ldr r3,[r2]
 122 0080 191D     	 adds r1,r3,#4
 123 0082 1160     	 str r1,[r2]
 124 0084 3A69     	 ldr r2,[r7,#16]
 125 0086 1A60     	 str r2,[r3]
 113:../Dave/Generated/CMSIS_DSP/SupportFunctions/arm_q31_to_q15.c **** 
 114:../Dave/Generated/CMSIS_DSP/SupportFunctions/arm_q31_to_q15.c ****     /* Decrement the loop counter */
 115:../Dave/Generated/CMSIS_DSP/SupportFunctions/arm_q31_to_q15.c ****     blkCnt--;
 126              	 .loc 1 115 0
 127 0088 3B6C     	 ldr r3,[r7,#64]
 128 008a 013B     	 subs r3,r3,#1
 129 008c 3B64     	 str r3,[r7,#64]
 130              	.L2:
  89:../Dave/Generated/CMSIS_DSP/SupportFunctions/arm_q31_to_q15.c ****   {
 131              	 .loc 1 89 0
 132 008e 3B6C     	 ldr r3,[r7,#64]
 133 0090 002B     	 cmp r3,#0
 134 0092 C1D1     	 bne .L3
 116:../Dave/Generated/CMSIS_DSP/SupportFunctions/arm_q31_to_q15.c ****   }
 117:../Dave/Generated/CMSIS_DSP/SupportFunctions/arm_q31_to_q15.c **** 
 118:../Dave/Generated/CMSIS_DSP/SupportFunctions/arm_q31_to_q15.c ****   /* If the blockSize is not a multiple of 4, compute any remaining output samples here.    
 119:../Dave/Generated/CMSIS_DSP/SupportFunctions/arm_q31_to_q15.c ****    ** No loop unrolling is used. */
 120:../Dave/Generated/CMSIS_DSP/SupportFunctions/arm_q31_to_q15.c ****   blkCnt = blockSize % 0x4u;
 135              	 .loc 1 120 0
 136 0094 7B68     	 ldr r3,[r7,#4]
 137 0096 03F00303 	 and r3,r3,#3
 138 009a 3B64     	 str r3,[r7,#64]
 121:../Dave/Generated/CMSIS_DSP/SupportFunctions/arm_q31_to_q15.c **** 
 122:../Dave/Generated/CMSIS_DSP/SupportFunctions/arm_q31_to_q15.c **** #else
 123:../Dave/Generated/CMSIS_DSP/SupportFunctions/arm_q31_to_q15.c **** 
 124:../Dave/Generated/CMSIS_DSP/SupportFunctions/arm_q31_to_q15.c ****   /* Run the below code for Cortex-M0 */
 125:../Dave/Generated/CMSIS_DSP/SupportFunctions/arm_q31_to_q15.c **** 
 126:../Dave/Generated/CMSIS_DSP/SupportFunctions/arm_q31_to_q15.c ****   /* Loop over blockSize number of values */
 127:../Dave/Generated/CMSIS_DSP/SupportFunctions/arm_q31_to_q15.c ****   blkCnt = blockSize;
 128:../Dave/Generated/CMSIS_DSP/SupportFunctions/arm_q31_to_q15.c **** 
 129:../Dave/Generated/CMSIS_DSP/SupportFunctions/arm_q31_to_q15.c **** #endif /* #ifndef ARM_MATH_CM0_FAMILY */
 130:../Dave/Generated/CMSIS_DSP/SupportFunctions/arm_q31_to_q15.c **** 
 131:../Dave/Generated/CMSIS_DSP/SupportFunctions/arm_q31_to_q15.c ****   while(blkCnt > 0u)
 139              	 .loc 1 131 0
 140 009c 0CE0     	 b .L4
 141              	.L5:
 132:../Dave/Generated/CMSIS_DSP/SupportFunctions/arm_q31_to_q15.c ****   {
 133:../Dave/Generated/CMSIS_DSP/SupportFunctions/arm_q31_to_q15.c ****     /* C = (q15_t) A >> 16 */
 134:../Dave/Generated/CMSIS_DSP/SupportFunctions/arm_q31_to_q15.c ****     /* convert from q31 to q15 and then store the results in the destination buffer */
 135:../Dave/Generated/CMSIS_DSP/SupportFunctions/arm_q31_to_q15.c ****     *pDst++ = (q15_t) (*pIn++ >> 16);
 142              	 .loc 1 135 0
 143 009e BB68     	 ldr r3,[r7,#8]
 144 00a0 9A1C     	 adds r2,r3,#2
 145 00a2 BA60     	 str r2,[r7,#8]
 146 00a4 7A6C     	 ldr r2,[r7,#68]
 147 00a6 111D     	 adds r1,r2,#4
 148 00a8 7964     	 str r1,[r7,#68]
 149 00aa 1268     	 ldr r2,[r2]
 150 00ac 1214     	 asrs r2,r2,#16
 151 00ae 92B2     	 uxth r2,r2
 152 00b0 1A80     	 strh r2,[r3]
 136:../Dave/Generated/CMSIS_DSP/SupportFunctions/arm_q31_to_q15.c **** 
 137:../Dave/Generated/CMSIS_DSP/SupportFunctions/arm_q31_to_q15.c ****     /* Decrement the loop counter */
 138:../Dave/Generated/CMSIS_DSP/SupportFunctions/arm_q31_to_q15.c ****     blkCnt--;
 153              	 .loc 1 138 0
 154 00b2 3B6C     	 ldr r3,[r7,#64]
 155 00b4 013B     	 subs r3,r3,#1
 156 00b6 3B64     	 str r3,[r7,#64]
 157              	.L4:
 131:../Dave/Generated/CMSIS_DSP/SupportFunctions/arm_q31_to_q15.c ****   {
 158              	 .loc 1 131 0
 159 00b8 3B6C     	 ldr r3,[r7,#64]
 160 00ba 002B     	 cmp r3,#0
 161 00bc EFD1     	 bne .L5
 139:../Dave/Generated/CMSIS_DSP/SupportFunctions/arm_q31_to_q15.c ****   }
 140:../Dave/Generated/CMSIS_DSP/SupportFunctions/arm_q31_to_q15.c **** 
 141:../Dave/Generated/CMSIS_DSP/SupportFunctions/arm_q31_to_q15.c **** }
 162              	 .loc 1 141 0
 163 00be 4C37     	 adds r7,r7,#76
 164              	.LCFI3:
 165              	 .cfi_def_cfa_offset 4
 166 00c0 BD46     	 mov sp,r7
 167              	.LCFI4:
 168              	 .cfi_def_cfa_register 13
 169              	 
 170 00c2 5DF8047B 	 ldr r7,[sp],#4
 171              	.LCFI5:
 172              	 .cfi_restore 7
 173              	 .cfi_def_cfa_offset 0
 174 00c6 7047     	 bx lr
 175              	 .cfi_endproc
 176              	.LFE139:
 178              	 .text
 179              	.Letext0:
 180              	 .file 2 "c:\\davev4\\dave-4.3.2\\eclipse\\arm-gcc-49\\arm-none-eabi\\include\\machine\\_default_types.h"
 181              	 .file 3 "c:\\davev4\\dave-4.3.2\\eclipse\\arm-gcc-49\\arm-none-eabi\\include\\stdint.h"
 182              	 .file 4 "C:/Workspaces/DAVE-4.3/WS_2016_09_02/Flightcontroller_PWM_CopterRocks_Working/Dave/Generated/CMSIS_DSP/arm_math.h"
DEFINED SYMBOLS
                            *ABS*:00000000 arm_q31_to_q15.c
    {standard input}:20     .text.arm_q31_to_q15:00000000 $t
    {standard input}:25     .text.arm_q31_to_q15:00000000 arm_q31_to_q15
                     .debug_frame:00000010 $d

NO UNDEFINED SYMBOLS
