   1              	 .syntax unified
   2              	 .cpu cortex-m4
   3              	 .eabi_attribute 27,3
   4              	 .fpu fpv4-sp-d16
   5              	 .eabi_attribute 20,1
   6              	 .eabi_attribute 21,1
   7              	 .eabi_attribute 23,3
   8              	 .eabi_attribute 24,1
   9              	 .eabi_attribute 25,1
  10              	 .eabi_attribute 26,1
  11              	 .eabi_attribute 30,6
  12              	 .eabi_attribute 34,1
  13              	 .eabi_attribute 18,4
  14              	 .thumb
  15              	 .file "arm_q31_to_float.c"
  16              	 .text
  17              	.Ltext0:
  18              	 .cfi_sections .debug_frame
  19              	 .section .text.arm_q31_to_float,"ax",%progbits
  20              	 .align 2
  21              	 .global arm_q31_to_float
  22              	 .thumb
  23              	 .thumb_func
  25              	arm_q31_to_float:
  26              	.LFB139:
  27              	 .file 1 "../Dave/Generated/CMSIS_DSP/SupportFunctions/arm_q31_to_float.c"
   1:../Dave/Generated/CMSIS_DSP/SupportFunctions/arm_q31_to_float.c **** /* ----------------------------------------------------------------------------    
   2:../Dave/Generated/CMSIS_DSP/SupportFunctions/arm_q31_to_float.c **** * Copyright (C) 2010-2014 ARM Limited. All rights reserved.    
   3:../Dave/Generated/CMSIS_DSP/SupportFunctions/arm_q31_to_float.c **** *    
   4:../Dave/Generated/CMSIS_DSP/SupportFunctions/arm_q31_to_float.c **** * $Date:        31. July 2014
   5:../Dave/Generated/CMSIS_DSP/SupportFunctions/arm_q31_to_float.c **** * $Revision: 	V1.4.4  
   6:../Dave/Generated/CMSIS_DSP/SupportFunctions/arm_q31_to_float.c **** *    
   7:../Dave/Generated/CMSIS_DSP/SupportFunctions/arm_q31_to_float.c **** * Project: 	    CMSIS DSP Library    
   8:../Dave/Generated/CMSIS_DSP/SupportFunctions/arm_q31_to_float.c **** * Title:		arm_q31_to_float.c    
   9:../Dave/Generated/CMSIS_DSP/SupportFunctions/arm_q31_to_float.c **** *    
  10:../Dave/Generated/CMSIS_DSP/SupportFunctions/arm_q31_to_float.c **** * Description:	Converts the elements of the Q31 vector to floating-point vector.      
  11:../Dave/Generated/CMSIS_DSP/SupportFunctions/arm_q31_to_float.c **** *    
  12:../Dave/Generated/CMSIS_DSP/SupportFunctions/arm_q31_to_float.c **** * Target Processor: Cortex-M4/Cortex-M3/Cortex-M0
  13:../Dave/Generated/CMSIS_DSP/SupportFunctions/arm_q31_to_float.c **** *  
  14:../Dave/Generated/CMSIS_DSP/SupportFunctions/arm_q31_to_float.c **** * Redistribution and use in source and binary forms, with or without 
  15:../Dave/Generated/CMSIS_DSP/SupportFunctions/arm_q31_to_float.c **** * modification, are permitted provided that the following conditions
  16:../Dave/Generated/CMSIS_DSP/SupportFunctions/arm_q31_to_float.c **** * are met:
  17:../Dave/Generated/CMSIS_DSP/SupportFunctions/arm_q31_to_float.c **** *   - Redistributions of source code must retain the above copyright
  18:../Dave/Generated/CMSIS_DSP/SupportFunctions/arm_q31_to_float.c **** *     notice, this list of conditions and the following disclaimer.
  19:../Dave/Generated/CMSIS_DSP/SupportFunctions/arm_q31_to_float.c **** *   - Redistributions in binary form must reproduce the above copyright
  20:../Dave/Generated/CMSIS_DSP/SupportFunctions/arm_q31_to_float.c **** *     notice, this list of conditions and the following disclaimer in
  21:../Dave/Generated/CMSIS_DSP/SupportFunctions/arm_q31_to_float.c **** *     the documentation and/or other materials provided with the 
  22:../Dave/Generated/CMSIS_DSP/SupportFunctions/arm_q31_to_float.c **** *     distribution.
  23:../Dave/Generated/CMSIS_DSP/SupportFunctions/arm_q31_to_float.c **** *   - Neither the name of ARM LIMITED nor the names of its contributors
  24:../Dave/Generated/CMSIS_DSP/SupportFunctions/arm_q31_to_float.c **** *     may be used to endorse or promote products derived from this
  25:../Dave/Generated/CMSIS_DSP/SupportFunctions/arm_q31_to_float.c **** *     software without specific prior written permission.
  26:../Dave/Generated/CMSIS_DSP/SupportFunctions/arm_q31_to_float.c **** *
  27:../Dave/Generated/CMSIS_DSP/SupportFunctions/arm_q31_to_float.c **** * THIS SOFTWARE IS PROVIDED BY THE COPYRIGHT HOLDERS AND CONTRIBUTORS
  28:../Dave/Generated/CMSIS_DSP/SupportFunctions/arm_q31_to_float.c **** * "AS IS" AND ANY EXPRESS OR IMPLIED WARRANTIES, INCLUDING, BUT NOT
  29:../Dave/Generated/CMSIS_DSP/SupportFunctions/arm_q31_to_float.c **** * LIMITED TO, THE IMPLIED WARRANTIES OF MERCHANTABILITY AND FITNESS
  30:../Dave/Generated/CMSIS_DSP/SupportFunctions/arm_q31_to_float.c **** * FOR A PARTICULAR PURPOSE ARE DISCLAIMED. IN NO EVENT SHALL THE 
  31:../Dave/Generated/CMSIS_DSP/SupportFunctions/arm_q31_to_float.c **** * COPYRIGHT OWNER OR CONTRIBUTORS BE LIABLE FOR ANY DIRECT, INDIRECT,
  32:../Dave/Generated/CMSIS_DSP/SupportFunctions/arm_q31_to_float.c **** * INCIDENTAL, SPECIAL, EXEMPLARY, OR CONSEQUENTIAL DAMAGES (INCLUDING,
  33:../Dave/Generated/CMSIS_DSP/SupportFunctions/arm_q31_to_float.c **** * BUT NOT LIMITED TO, PROCUREMENT OF SUBSTITUTE GOODS OR SERVICES;
  34:../Dave/Generated/CMSIS_DSP/SupportFunctions/arm_q31_to_float.c **** * LOSS OF USE, DATA, OR PROFITS; OR BUSINESS INTERRUPTION) HOWEVER
  35:../Dave/Generated/CMSIS_DSP/SupportFunctions/arm_q31_to_float.c **** * CAUSED AND ON ANY THEORY OF LIABILITY, WHETHER IN CONTRACT, STRICT
  36:../Dave/Generated/CMSIS_DSP/SupportFunctions/arm_q31_to_float.c **** * LIABILITY, OR TORT (INCLUDING NEGLIGENCE OR OTHERWISE) ARISING IN
  37:../Dave/Generated/CMSIS_DSP/SupportFunctions/arm_q31_to_float.c **** * ANY WAY OUT OF THE USE OF THIS SOFTWARE, EVEN IF ADVISED OF THE
  38:../Dave/Generated/CMSIS_DSP/SupportFunctions/arm_q31_to_float.c **** * POSSIBILITY OF SUCH DAMAGE.  
  39:../Dave/Generated/CMSIS_DSP/SupportFunctions/arm_q31_to_float.c **** * ---------------------------------------------------------------------------- */
  40:../Dave/Generated/CMSIS_DSP/SupportFunctions/arm_q31_to_float.c **** 
  41:../Dave/Generated/CMSIS_DSP/SupportFunctions/arm_q31_to_float.c **** #include "CMSIS_DSP/cmsis_dsp.h"
  42:../Dave/Generated/CMSIS_DSP/SupportFunctions/arm_q31_to_float.c **** 
  43:../Dave/Generated/CMSIS_DSP/SupportFunctions/arm_q31_to_float.c **** /**    
  44:../Dave/Generated/CMSIS_DSP/SupportFunctions/arm_q31_to_float.c ****  * @ingroup groupSupport    
  45:../Dave/Generated/CMSIS_DSP/SupportFunctions/arm_q31_to_float.c ****  */
  46:../Dave/Generated/CMSIS_DSP/SupportFunctions/arm_q31_to_float.c **** 
  47:../Dave/Generated/CMSIS_DSP/SupportFunctions/arm_q31_to_float.c **** /**    
  48:../Dave/Generated/CMSIS_DSP/SupportFunctions/arm_q31_to_float.c ****  * @defgroup q31_to_x  Convert 32-bit Integer value    
  49:../Dave/Generated/CMSIS_DSP/SupportFunctions/arm_q31_to_float.c ****  */
  50:../Dave/Generated/CMSIS_DSP/SupportFunctions/arm_q31_to_float.c **** 
  51:../Dave/Generated/CMSIS_DSP/SupportFunctions/arm_q31_to_float.c **** /**    
  52:../Dave/Generated/CMSIS_DSP/SupportFunctions/arm_q31_to_float.c ****  * @addtogroup q31_to_x    
  53:../Dave/Generated/CMSIS_DSP/SupportFunctions/arm_q31_to_float.c ****  * @{    
  54:../Dave/Generated/CMSIS_DSP/SupportFunctions/arm_q31_to_float.c ****  */
  55:../Dave/Generated/CMSIS_DSP/SupportFunctions/arm_q31_to_float.c **** 
  56:../Dave/Generated/CMSIS_DSP/SupportFunctions/arm_q31_to_float.c **** /**    
  57:../Dave/Generated/CMSIS_DSP/SupportFunctions/arm_q31_to_float.c ****  * @brief Converts the elements of the Q31 vector to floating-point vector.    
  58:../Dave/Generated/CMSIS_DSP/SupportFunctions/arm_q31_to_float.c ****  * @param[in]       *pSrc points to the Q31 input vector    
  59:../Dave/Generated/CMSIS_DSP/SupportFunctions/arm_q31_to_float.c ****  * @param[out]      *pDst points to the floating-point output vector   
  60:../Dave/Generated/CMSIS_DSP/SupportFunctions/arm_q31_to_float.c ****  * @param[in]       blockSize length of the input vector    
  61:../Dave/Generated/CMSIS_DSP/SupportFunctions/arm_q31_to_float.c ****  * @return none.    
  62:../Dave/Generated/CMSIS_DSP/SupportFunctions/arm_q31_to_float.c ****  *    
  63:../Dave/Generated/CMSIS_DSP/SupportFunctions/arm_q31_to_float.c ****  * \par Description:    
  64:../Dave/Generated/CMSIS_DSP/SupportFunctions/arm_q31_to_float.c ****  *    
  65:../Dave/Generated/CMSIS_DSP/SupportFunctions/arm_q31_to_float.c ****  * The equation used for the conversion process is:    
  66:../Dave/Generated/CMSIS_DSP/SupportFunctions/arm_q31_to_float.c ****  *   
  67:../Dave/Generated/CMSIS_DSP/SupportFunctions/arm_q31_to_float.c ****  * <pre>    
  68:../Dave/Generated/CMSIS_DSP/SupportFunctions/arm_q31_to_float.c ****  * 	pDst[n] = (float32_t) pSrc[n] / 2147483648;   0 <= n < blockSize.    
  69:../Dave/Generated/CMSIS_DSP/SupportFunctions/arm_q31_to_float.c ****  * </pre>    
  70:../Dave/Generated/CMSIS_DSP/SupportFunctions/arm_q31_to_float.c ****  *   
  71:../Dave/Generated/CMSIS_DSP/SupportFunctions/arm_q31_to_float.c ****  */
  72:../Dave/Generated/CMSIS_DSP/SupportFunctions/arm_q31_to_float.c **** 
  73:../Dave/Generated/CMSIS_DSP/SupportFunctions/arm_q31_to_float.c **** 
  74:../Dave/Generated/CMSIS_DSP/SupportFunctions/arm_q31_to_float.c **** void arm_q31_to_float(
  75:../Dave/Generated/CMSIS_DSP/SupportFunctions/arm_q31_to_float.c ****   q31_t * pSrc,
  76:../Dave/Generated/CMSIS_DSP/SupportFunctions/arm_q31_to_float.c ****   float32_t * pDst,
  77:../Dave/Generated/CMSIS_DSP/SupportFunctions/arm_q31_to_float.c ****   uint32_t blockSize)
  78:../Dave/Generated/CMSIS_DSP/SupportFunctions/arm_q31_to_float.c **** {
  28              	 .loc 1 78 0
  29              	 .cfi_startproc
  30              	 
  31              	 
  32              	 
  33 0000 80B4     	 push {r7}
  34              	.LCFI0:
  35              	 .cfi_def_cfa_offset 4
  36              	 .cfi_offset 7,-4
  37 0002 87B0     	 sub sp,sp,#28
  38              	.LCFI1:
  39              	 .cfi_def_cfa_offset 32
  40 0004 00AF     	 add r7,sp,#0
  41              	.LCFI2:
  42              	 .cfi_def_cfa_register 7
  43 0006 F860     	 str r0,[r7,#12]
  44 0008 B960     	 str r1,[r7,#8]
  45 000a 7A60     	 str r2,[r7,#4]
  79:../Dave/Generated/CMSIS_DSP/SupportFunctions/arm_q31_to_float.c ****   q31_t *pIn = pSrc;                             /* Src pointer */
  46              	 .loc 1 79 0
  47 000c FB68     	 ldr r3,[r7,#12]
  48 000e 7B61     	 str r3,[r7,#20]
  80:../Dave/Generated/CMSIS_DSP/SupportFunctions/arm_q31_to_float.c ****   uint32_t blkCnt;                               /* loop counter */
  81:../Dave/Generated/CMSIS_DSP/SupportFunctions/arm_q31_to_float.c **** 
  82:../Dave/Generated/CMSIS_DSP/SupportFunctions/arm_q31_to_float.c **** 
  83:../Dave/Generated/CMSIS_DSP/SupportFunctions/arm_q31_to_float.c **** #ifndef ARM_MATH_CM0_FAMILY
  84:../Dave/Generated/CMSIS_DSP/SupportFunctions/arm_q31_to_float.c **** 
  85:../Dave/Generated/CMSIS_DSP/SupportFunctions/arm_q31_to_float.c ****   /* Run the below code for Cortex-M4 and Cortex-M3 */
  86:../Dave/Generated/CMSIS_DSP/SupportFunctions/arm_q31_to_float.c **** 
  87:../Dave/Generated/CMSIS_DSP/SupportFunctions/arm_q31_to_float.c ****   /*loop Unrolling */
  88:../Dave/Generated/CMSIS_DSP/SupportFunctions/arm_q31_to_float.c ****   blkCnt = blockSize >> 2u;
  49              	 .loc 1 88 0
  50 0010 7B68     	 ldr r3,[r7,#4]
  51 0012 9B08     	 lsrs r3,r3,#2
  52 0014 3B61     	 str r3,[r7,#16]
  89:../Dave/Generated/CMSIS_DSP/SupportFunctions/arm_q31_to_float.c **** 
  90:../Dave/Generated/CMSIS_DSP/SupportFunctions/arm_q31_to_float.c ****   /* First part of the processing with loop unrolling.  Compute 4 outputs at a time.    
  91:../Dave/Generated/CMSIS_DSP/SupportFunctions/arm_q31_to_float.c ****    ** a second loop below computes the remaining 1 to 3 samples. */
  92:../Dave/Generated/CMSIS_DSP/SupportFunctions/arm_q31_to_float.c ****   while(blkCnt > 0u)
  53              	 .loc 1 92 0
  54 0016 46E0     	 b .L2
  55              	.L3:
  93:../Dave/Generated/CMSIS_DSP/SupportFunctions/arm_q31_to_float.c ****   {
  94:../Dave/Generated/CMSIS_DSP/SupportFunctions/arm_q31_to_float.c ****     /* C = (float32_t) A / 2147483648 */
  95:../Dave/Generated/CMSIS_DSP/SupportFunctions/arm_q31_to_float.c ****     /* convert from q31 to float and then store the results in the destination buffer */
  96:../Dave/Generated/CMSIS_DSP/SupportFunctions/arm_q31_to_float.c ****     *pDst++ = ((float32_t) * pIn++ / 2147483648.0f);
  56              	 .loc 1 96 0
  57 0018 BB68     	 ldr r3,[r7,#8]
  58 001a 1A1D     	 adds r2,r3,#4
  59 001c BA60     	 str r2,[r7,#8]
  60 001e 7A69     	 ldr r2,[r7,#20]
  61 0020 111D     	 adds r1,r2,#4
  62 0022 7961     	 str r1,[r7,#20]
  63 0024 1268     	 ldr r2,[r2]
  64 0026 07EE902A 	 fmsr s15,r2
  65 002a F8EEE77A 	 fsitos s15,s15
  66 002e 9FED307A 	 flds s14,.L6
  67 0032 C7EE877A 	 fdivs s15,s15,s14
  68 0036 C3ED007A 	 fsts s15,[r3]
  97:../Dave/Generated/CMSIS_DSP/SupportFunctions/arm_q31_to_float.c ****     *pDst++ = ((float32_t) * pIn++ / 2147483648.0f);
  69              	 .loc 1 97 0
  70 003a BB68     	 ldr r3,[r7,#8]
  71 003c 1A1D     	 adds r2,r3,#4
  72 003e BA60     	 str r2,[r7,#8]
  73 0040 7A69     	 ldr r2,[r7,#20]
  74 0042 111D     	 adds r1,r2,#4
  75 0044 7961     	 str r1,[r7,#20]
  76 0046 1268     	 ldr r2,[r2]
  77 0048 07EE902A 	 fmsr s15,r2
  78 004c F8EEE77A 	 fsitos s15,s15
  79 0050 9FED277A 	 flds s14,.L6
  80 0054 C7EE877A 	 fdivs s15,s15,s14
  81 0058 C3ED007A 	 fsts s15,[r3]
  98:../Dave/Generated/CMSIS_DSP/SupportFunctions/arm_q31_to_float.c ****     *pDst++ = ((float32_t) * pIn++ / 2147483648.0f);
  82              	 .loc 1 98 0
  83 005c BB68     	 ldr r3,[r7,#8]
  84 005e 1A1D     	 adds r2,r3,#4
  85 0060 BA60     	 str r2,[r7,#8]
  86 0062 7A69     	 ldr r2,[r7,#20]
  87 0064 111D     	 adds r1,r2,#4
  88 0066 7961     	 str r1,[r7,#20]
  89 0068 1268     	 ldr r2,[r2]
  90 006a 07EE902A 	 fmsr s15,r2
  91 006e F8EEE77A 	 fsitos s15,s15
  92 0072 9FED1F7A 	 flds s14,.L6
  93 0076 C7EE877A 	 fdivs s15,s15,s14
  94 007a C3ED007A 	 fsts s15,[r3]
  99:../Dave/Generated/CMSIS_DSP/SupportFunctions/arm_q31_to_float.c ****     *pDst++ = ((float32_t) * pIn++ / 2147483648.0f);
  95              	 .loc 1 99 0
  96 007e BB68     	 ldr r3,[r7,#8]
  97 0080 1A1D     	 adds r2,r3,#4
  98 0082 BA60     	 str r2,[r7,#8]
  99 0084 7A69     	 ldr r2,[r7,#20]
 100 0086 111D     	 adds r1,r2,#4
 101 0088 7961     	 str r1,[r7,#20]
 102 008a 1268     	 ldr r2,[r2]
 103 008c 07EE902A 	 fmsr s15,r2
 104 0090 F8EEE77A 	 fsitos s15,s15
 105 0094 9FED167A 	 flds s14,.L6
 106 0098 C7EE877A 	 fdivs s15,s15,s14
 107 009c C3ED007A 	 fsts s15,[r3]
 100:../Dave/Generated/CMSIS_DSP/SupportFunctions/arm_q31_to_float.c **** 
 101:../Dave/Generated/CMSIS_DSP/SupportFunctions/arm_q31_to_float.c ****     /* Decrement the loop counter */
 102:../Dave/Generated/CMSIS_DSP/SupportFunctions/arm_q31_to_float.c ****     blkCnt--;
 108              	 .loc 1 102 0
 109 00a0 3B69     	 ldr r3,[r7,#16]
 110 00a2 013B     	 subs r3,r3,#1
 111 00a4 3B61     	 str r3,[r7,#16]
 112              	.L2:
  92:../Dave/Generated/CMSIS_DSP/SupportFunctions/arm_q31_to_float.c ****   {
 113              	 .loc 1 92 0
 114 00a6 3B69     	 ldr r3,[r7,#16]
 115 00a8 002B     	 cmp r3,#0
 116 00aa B5D1     	 bne .L3
 103:../Dave/Generated/CMSIS_DSP/SupportFunctions/arm_q31_to_float.c ****   }
 104:../Dave/Generated/CMSIS_DSP/SupportFunctions/arm_q31_to_float.c **** 
 105:../Dave/Generated/CMSIS_DSP/SupportFunctions/arm_q31_to_float.c ****   /* If the blockSize is not a multiple of 4, compute any remaining output samples here.    
 106:../Dave/Generated/CMSIS_DSP/SupportFunctions/arm_q31_to_float.c ****    ** No loop unrolling is used. */
 107:../Dave/Generated/CMSIS_DSP/SupportFunctions/arm_q31_to_float.c ****   blkCnt = blockSize % 0x4u;
 117              	 .loc 1 107 0
 118 00ac 7B68     	 ldr r3,[r7,#4]
 119 00ae 03F00303 	 and r3,r3,#3
 120 00b2 3B61     	 str r3,[r7,#16]
 108:../Dave/Generated/CMSIS_DSP/SupportFunctions/arm_q31_to_float.c **** 
 109:../Dave/Generated/CMSIS_DSP/SupportFunctions/arm_q31_to_float.c **** #else
 110:../Dave/Generated/CMSIS_DSP/SupportFunctions/arm_q31_to_float.c **** 
 111:../Dave/Generated/CMSIS_DSP/SupportFunctions/arm_q31_to_float.c ****   /* Run the below code for Cortex-M0 */
 112:../Dave/Generated/CMSIS_DSP/SupportFunctions/arm_q31_to_float.c **** 
 113:../Dave/Generated/CMSIS_DSP/SupportFunctions/arm_q31_to_float.c ****   /* Loop over blockSize number of values */
 114:../Dave/Generated/CMSIS_DSP/SupportFunctions/arm_q31_to_float.c ****   blkCnt = blockSize;
 115:../Dave/Generated/CMSIS_DSP/SupportFunctions/arm_q31_to_float.c **** 
 116:../Dave/Generated/CMSIS_DSP/SupportFunctions/arm_q31_to_float.c **** #endif /* #ifndef ARM_MATH_CM0_FAMILY */
 117:../Dave/Generated/CMSIS_DSP/SupportFunctions/arm_q31_to_float.c **** 
 118:../Dave/Generated/CMSIS_DSP/SupportFunctions/arm_q31_to_float.c ****   while(blkCnt > 0u)
 121              	 .loc 1 118 0
 122 00b4 13E0     	 b .L4
 123              	.L5:
 119:../Dave/Generated/CMSIS_DSP/SupportFunctions/arm_q31_to_float.c ****   {
 120:../Dave/Generated/CMSIS_DSP/SupportFunctions/arm_q31_to_float.c ****     /* C = (float32_t) A / 2147483648 */
 121:../Dave/Generated/CMSIS_DSP/SupportFunctions/arm_q31_to_float.c ****     /* convert from q31 to float and then store the results in the destination buffer */
 122:../Dave/Generated/CMSIS_DSP/SupportFunctions/arm_q31_to_float.c ****     *pDst++ = ((float32_t) * pIn++ / 2147483648.0f);
 124              	 .loc 1 122 0
 125 00b6 BB68     	 ldr r3,[r7,#8]
 126 00b8 1A1D     	 adds r2,r3,#4
 127 00ba BA60     	 str r2,[r7,#8]
 128 00bc 7A69     	 ldr r2,[r7,#20]
 129 00be 111D     	 adds r1,r2,#4
 130 00c0 7961     	 str r1,[r7,#20]
 131 00c2 1268     	 ldr r2,[r2]
 132 00c4 07EE902A 	 fmsr s15,r2
 133 00c8 F8EEE77A 	 fsitos s15,s15
 134 00cc 9FED087A 	 flds s14,.L6
 135 00d0 C7EE877A 	 fdivs s15,s15,s14
 136 00d4 C3ED007A 	 fsts s15,[r3]
 123:../Dave/Generated/CMSIS_DSP/SupportFunctions/arm_q31_to_float.c **** 
 124:../Dave/Generated/CMSIS_DSP/SupportFunctions/arm_q31_to_float.c ****     /* Decrement the loop counter */
 125:../Dave/Generated/CMSIS_DSP/SupportFunctions/arm_q31_to_float.c ****     blkCnt--;
 137              	 .loc 1 125 0
 138 00d8 3B69     	 ldr r3,[r7,#16]
 139 00da 013B     	 subs r3,r3,#1
 140 00dc 3B61     	 str r3,[r7,#16]
 141              	.L4:
 118:../Dave/Generated/CMSIS_DSP/SupportFunctions/arm_q31_to_float.c ****   {
 142              	 .loc 1 118 0
 143 00de 3B69     	 ldr r3,[r7,#16]
 144 00e0 002B     	 cmp r3,#0
 145 00e2 E8D1     	 bne .L5
 126:../Dave/Generated/CMSIS_DSP/SupportFunctions/arm_q31_to_float.c ****   }
 127:../Dave/Generated/CMSIS_DSP/SupportFunctions/arm_q31_to_float.c **** }
 146              	 .loc 1 127 0
 147 00e4 1C37     	 adds r7,r7,#28
 148              	.LCFI3:
 149              	 .cfi_def_cfa_offset 4
 150 00e6 BD46     	 mov sp,r7
 151              	.LCFI4:
 152              	 .cfi_def_cfa_register 13
 153              	 
 154 00e8 5DF8047B 	 ldr r7,[sp],#4
 155              	.LCFI5:
 156              	 .cfi_restore 7
 157              	 .cfi_def_cfa_offset 0
 158 00ec 7047     	 bx lr
 159              	.L7:
 160 00ee 00BF     	 .align 2
 161              	.L6:
 162 00f0 0000004F 	 .word 1325400064
 163              	 .cfi_endproc
 164              	.LFE139:
 166              	 .text
 167              	.Letext0:
 168              	 .file 2 "c:\\davev4\\dave-4.1.2\\eclipse\\arm-gcc-49\\arm-none-eabi\\include\\machine\\_default_types.h"
 169              	 .file 3 "c:\\davev4\\dave-4.1.2\\eclipse\\arm-gcc-49\\arm-none-eabi\\include\\stdint.h"
 170              	 .file 4 "C:\\Workspaces\\DAVE-4.1\\Flightcontroller_PWM_CopterRocks_Working\\Dave\\Generated/CMSIS_DSP/arm_math.h"
DEFINED SYMBOLS
                            *ABS*:00000000 arm_q31_to_float.c
    {standard input}:20     .text.arm_q31_to_float:00000000 $t
    {standard input}:25     .text.arm_q31_to_float:00000000 arm_q31_to_float
    {standard input}:162    .text.arm_q31_to_float:000000f0 $d
                     .debug_frame:00000010 $d

NO UNDEFINED SYMBOLS
