   1              	 .syntax unified
   2              	 .cpu cortex-m4
   3              	 .eabi_attribute 27,3
   4              	 .fpu fpv4-sp-d16
   5              	 .eabi_attribute 20,1
   6              	 .eabi_attribute 21,1
   7              	 .eabi_attribute 23,3
   8              	 .eabi_attribute 24,1
   9              	 .eabi_attribute 25,1
  10              	 .eabi_attribute 26,1
  11              	 .eabi_attribute 30,6
  12              	 .eabi_attribute 34,1
  13              	 .eabi_attribute 18,4
  14              	 .thumb
  15              	 .file "arm_copy_q15.c"
  16              	 .text
  17              	.Ltext0:
  18              	 .cfi_sections .debug_frame
  19              	 .section .text.arm_copy_q15,"ax",%progbits
  20              	 .align 2
  21              	 .global arm_copy_q15
  22              	 .thumb
  23              	 .thumb_func
  25              	arm_copy_q15:
  26              	.LFB139:
  27              	 .file 1 "../Dave/Generated/CMSIS_DSP/SupportFunctions/arm_copy_q15.c"
   1:../Dave/Generated/CMSIS_DSP/SupportFunctions/arm_copy_q15.c **** /* ----------------------------------------------------------------------    
   2:../Dave/Generated/CMSIS_DSP/SupportFunctions/arm_copy_q15.c **** * Copyright (C) 2010-2014 ARM Limited. All rights reserved.    
   3:../Dave/Generated/CMSIS_DSP/SupportFunctions/arm_copy_q15.c **** *    
   4:../Dave/Generated/CMSIS_DSP/SupportFunctions/arm_copy_q15.c **** * $Date:        31. July 2014
   5:../Dave/Generated/CMSIS_DSP/SupportFunctions/arm_copy_q15.c **** * $Revision: 	V1.4.4  
   6:../Dave/Generated/CMSIS_DSP/SupportFunctions/arm_copy_q15.c **** *    
   7:../Dave/Generated/CMSIS_DSP/SupportFunctions/arm_copy_q15.c **** * Project: 	    CMSIS DSP Library    
   8:../Dave/Generated/CMSIS_DSP/SupportFunctions/arm_copy_q15.c **** * Title:		arm_copy_q15.c    
   9:../Dave/Generated/CMSIS_DSP/SupportFunctions/arm_copy_q15.c **** *    
  10:../Dave/Generated/CMSIS_DSP/SupportFunctions/arm_copy_q15.c **** * Description:	Copies the elements of a Q15 vector.   
  11:../Dave/Generated/CMSIS_DSP/SupportFunctions/arm_copy_q15.c **** *    
  12:../Dave/Generated/CMSIS_DSP/SupportFunctions/arm_copy_q15.c **** * Target Processor: Cortex-M4/Cortex-M3/Cortex-M0
  13:../Dave/Generated/CMSIS_DSP/SupportFunctions/arm_copy_q15.c **** *  
  14:../Dave/Generated/CMSIS_DSP/SupportFunctions/arm_copy_q15.c **** * Redistribution and use in source and binary forms, with or without 
  15:../Dave/Generated/CMSIS_DSP/SupportFunctions/arm_copy_q15.c **** * modification, are permitted provided that the following conditions
  16:../Dave/Generated/CMSIS_DSP/SupportFunctions/arm_copy_q15.c **** * are met:
  17:../Dave/Generated/CMSIS_DSP/SupportFunctions/arm_copy_q15.c **** *   - Redistributions of source code must retain the above copyright
  18:../Dave/Generated/CMSIS_DSP/SupportFunctions/arm_copy_q15.c **** *     notice, this list of conditions and the following disclaimer.
  19:../Dave/Generated/CMSIS_DSP/SupportFunctions/arm_copy_q15.c **** *   - Redistributions in binary form must reproduce the above copyright
  20:../Dave/Generated/CMSIS_DSP/SupportFunctions/arm_copy_q15.c **** *     notice, this list of conditions and the following disclaimer in
  21:../Dave/Generated/CMSIS_DSP/SupportFunctions/arm_copy_q15.c **** *     the documentation and/or other materials provided with the 
  22:../Dave/Generated/CMSIS_DSP/SupportFunctions/arm_copy_q15.c **** *     distribution.
  23:../Dave/Generated/CMSIS_DSP/SupportFunctions/arm_copy_q15.c **** *   - Neither the name of ARM LIMITED nor the names of its contributors
  24:../Dave/Generated/CMSIS_DSP/SupportFunctions/arm_copy_q15.c **** *     may be used to endorse or promote products derived from this
  25:../Dave/Generated/CMSIS_DSP/SupportFunctions/arm_copy_q15.c **** *     software without specific prior written permission.
  26:../Dave/Generated/CMSIS_DSP/SupportFunctions/arm_copy_q15.c **** *
  27:../Dave/Generated/CMSIS_DSP/SupportFunctions/arm_copy_q15.c **** * THIS SOFTWARE IS PROVIDED BY THE COPYRIGHT HOLDERS AND CONTRIBUTORS
  28:../Dave/Generated/CMSIS_DSP/SupportFunctions/arm_copy_q15.c **** * "AS IS" AND ANY EXPRESS OR IMPLIED WARRANTIES, INCLUDING, BUT NOT
  29:../Dave/Generated/CMSIS_DSP/SupportFunctions/arm_copy_q15.c **** * LIMITED TO, THE IMPLIED WARRANTIES OF MERCHANTABILITY AND FITNESS
  30:../Dave/Generated/CMSIS_DSP/SupportFunctions/arm_copy_q15.c **** * FOR A PARTICULAR PURPOSE ARE DISCLAIMED. IN NO EVENT SHALL THE 
  31:../Dave/Generated/CMSIS_DSP/SupportFunctions/arm_copy_q15.c **** * COPYRIGHT OWNER OR CONTRIBUTORS BE LIABLE FOR ANY DIRECT, INDIRECT,
  32:../Dave/Generated/CMSIS_DSP/SupportFunctions/arm_copy_q15.c **** * INCIDENTAL, SPECIAL, EXEMPLARY, OR CONSEQUENTIAL DAMAGES (INCLUDING,
  33:../Dave/Generated/CMSIS_DSP/SupportFunctions/arm_copy_q15.c **** * BUT NOT LIMITED TO, PROCUREMENT OF SUBSTITUTE GOODS OR SERVICES;
  34:../Dave/Generated/CMSIS_DSP/SupportFunctions/arm_copy_q15.c **** * LOSS OF USE, DATA, OR PROFITS; OR BUSINESS INTERRUPTION) HOWEVER
  35:../Dave/Generated/CMSIS_DSP/SupportFunctions/arm_copy_q15.c **** * CAUSED AND ON ANY THEORY OF LIABILITY, WHETHER IN CONTRACT, STRICT
  36:../Dave/Generated/CMSIS_DSP/SupportFunctions/arm_copy_q15.c **** * LIABILITY, OR TORT (INCLUDING NEGLIGENCE OR OTHERWISE) ARISING IN
  37:../Dave/Generated/CMSIS_DSP/SupportFunctions/arm_copy_q15.c **** * ANY WAY OUT OF THE USE OF THIS SOFTWARE, EVEN IF ADVISED OF THE
  38:../Dave/Generated/CMSIS_DSP/SupportFunctions/arm_copy_q15.c **** * POSSIBILITY OF SUCH DAMAGE.   
  39:../Dave/Generated/CMSIS_DSP/SupportFunctions/arm_copy_q15.c **** * -------------------------------------------------------------------- */
  40:../Dave/Generated/CMSIS_DSP/SupportFunctions/arm_copy_q15.c **** 
  41:../Dave/Generated/CMSIS_DSP/SupportFunctions/arm_copy_q15.c **** #include "CMSIS_DSP/cmsis_dsp.h"
  42:../Dave/Generated/CMSIS_DSP/SupportFunctions/arm_copy_q15.c **** 
  43:../Dave/Generated/CMSIS_DSP/SupportFunctions/arm_copy_q15.c **** /**    
  44:../Dave/Generated/CMSIS_DSP/SupportFunctions/arm_copy_q15.c ****  * @ingroup groupSupport    
  45:../Dave/Generated/CMSIS_DSP/SupportFunctions/arm_copy_q15.c ****  */
  46:../Dave/Generated/CMSIS_DSP/SupportFunctions/arm_copy_q15.c **** 
  47:../Dave/Generated/CMSIS_DSP/SupportFunctions/arm_copy_q15.c **** /**    
  48:../Dave/Generated/CMSIS_DSP/SupportFunctions/arm_copy_q15.c ****  * @addtogroup copy    
  49:../Dave/Generated/CMSIS_DSP/SupportFunctions/arm_copy_q15.c ****  * @{    
  50:../Dave/Generated/CMSIS_DSP/SupportFunctions/arm_copy_q15.c ****  */
  51:../Dave/Generated/CMSIS_DSP/SupportFunctions/arm_copy_q15.c **** /**    
  52:../Dave/Generated/CMSIS_DSP/SupportFunctions/arm_copy_q15.c ****  * @brief Copies the elements of a Q15 vector.     
  53:../Dave/Generated/CMSIS_DSP/SupportFunctions/arm_copy_q15.c ****  * @param[in]       *pSrc points to input vector    
  54:../Dave/Generated/CMSIS_DSP/SupportFunctions/arm_copy_q15.c ****  * @param[out]      *pDst points to output vector    
  55:../Dave/Generated/CMSIS_DSP/SupportFunctions/arm_copy_q15.c ****  * @param[in]       blockSize length of the input vector   
  56:../Dave/Generated/CMSIS_DSP/SupportFunctions/arm_copy_q15.c ****  * @return none.    
  57:../Dave/Generated/CMSIS_DSP/SupportFunctions/arm_copy_q15.c ****  *    
  58:../Dave/Generated/CMSIS_DSP/SupportFunctions/arm_copy_q15.c ****  */
  59:../Dave/Generated/CMSIS_DSP/SupportFunctions/arm_copy_q15.c **** 
  60:../Dave/Generated/CMSIS_DSP/SupportFunctions/arm_copy_q15.c **** void arm_copy_q15(
  61:../Dave/Generated/CMSIS_DSP/SupportFunctions/arm_copy_q15.c ****   q15_t * pSrc,
  62:../Dave/Generated/CMSIS_DSP/SupportFunctions/arm_copy_q15.c ****   q15_t * pDst,
  63:../Dave/Generated/CMSIS_DSP/SupportFunctions/arm_copy_q15.c ****   uint32_t blockSize)
  64:../Dave/Generated/CMSIS_DSP/SupportFunctions/arm_copy_q15.c **** {
  28              	 .loc 1 64 0
  29              	 .cfi_startproc
  30              	 
  31              	 
  32              	 
  33 0000 80B4     	 push {r7}
  34              	.LCFI0:
  35              	 .cfi_def_cfa_offset 4
  36              	 .cfi_offset 7,-4
  37 0002 87B0     	 sub sp,sp,#28
  38              	.LCFI1:
  39              	 .cfi_def_cfa_offset 32
  40 0004 00AF     	 add r7,sp,#0
  41              	.LCFI2:
  42              	 .cfi_def_cfa_register 7
  43 0006 F860     	 str r0,[r7,#12]
  44 0008 B960     	 str r1,[r7,#8]
  45 000a 7A60     	 str r2,[r7,#4]
  65:../Dave/Generated/CMSIS_DSP/SupportFunctions/arm_copy_q15.c ****   uint32_t blkCnt;                               /* loop counter */
  66:../Dave/Generated/CMSIS_DSP/SupportFunctions/arm_copy_q15.c **** 
  67:../Dave/Generated/CMSIS_DSP/SupportFunctions/arm_copy_q15.c **** #ifndef ARM_MATH_CM0_FAMILY
  68:../Dave/Generated/CMSIS_DSP/SupportFunctions/arm_copy_q15.c **** 
  69:../Dave/Generated/CMSIS_DSP/SupportFunctions/arm_copy_q15.c ****   /* Run the below code for Cortex-M4 and Cortex-M3 */
  70:../Dave/Generated/CMSIS_DSP/SupportFunctions/arm_copy_q15.c **** 
  71:../Dave/Generated/CMSIS_DSP/SupportFunctions/arm_copy_q15.c ****   /*loop Unrolling */
  72:../Dave/Generated/CMSIS_DSP/SupportFunctions/arm_copy_q15.c ****   blkCnt = blockSize >> 2u;
  46              	 .loc 1 72 0
  47 000c 7B68     	 ldr r3,[r7,#4]
  48 000e 9B08     	 lsrs r3,r3,#2
  49 0010 7B61     	 str r3,[r7,#20]
  73:../Dave/Generated/CMSIS_DSP/SupportFunctions/arm_copy_q15.c **** 
  74:../Dave/Generated/CMSIS_DSP/SupportFunctions/arm_copy_q15.c ****   /* First part of the processing with loop unrolling.  Compute 4 outputs at a time.    
  75:../Dave/Generated/CMSIS_DSP/SupportFunctions/arm_copy_q15.c ****    ** a second loop below computes the remaining 1 to 3 samples. */
  76:../Dave/Generated/CMSIS_DSP/SupportFunctions/arm_copy_q15.c ****   while(blkCnt > 0u)
  50              	 .loc 1 76 0
  51 0012 1AE0     	 b .L2
  52              	.L3:
  77:../Dave/Generated/CMSIS_DSP/SupportFunctions/arm_copy_q15.c ****   {
  78:../Dave/Generated/CMSIS_DSP/SupportFunctions/arm_copy_q15.c ****     /* C = A */
  79:../Dave/Generated/CMSIS_DSP/SupportFunctions/arm_copy_q15.c ****     /* Read two inputs */
  80:../Dave/Generated/CMSIS_DSP/SupportFunctions/arm_copy_q15.c ****     *__SIMD32(pDst)++ = *__SIMD32(pSrc)++;
  53              	 .loc 1 80 0
  54 0014 07F10802 	 add r2,r7,#8
  55 0018 1368     	 ldr r3,[r2]
  56 001a 191D     	 adds r1,r3,#4
  57 001c 1160     	 str r1,[r2]
  58 001e 07F10C01 	 add r1,r7,#12
  59 0022 0A68     	 ldr r2,[r1]
  60 0024 101D     	 adds r0,r2,#4
  61 0026 0860     	 str r0,[r1]
  62 0028 1268     	 ldr r2,[r2]
  63 002a 1A60     	 str r2,[r3]
  81:../Dave/Generated/CMSIS_DSP/SupportFunctions/arm_copy_q15.c ****     *__SIMD32(pDst)++ = *__SIMD32(pSrc)++;
  64              	 .loc 1 81 0
  65 002c 07F10802 	 add r2,r7,#8
  66 0030 1368     	 ldr r3,[r2]
  67 0032 191D     	 adds r1,r3,#4
  68 0034 1160     	 str r1,[r2]
  69 0036 07F10C01 	 add r1,r7,#12
  70 003a 0A68     	 ldr r2,[r1]
  71 003c 101D     	 adds r0,r2,#4
  72 003e 0860     	 str r0,[r1]
  73 0040 1268     	 ldr r2,[r2]
  74 0042 1A60     	 str r2,[r3]
  82:../Dave/Generated/CMSIS_DSP/SupportFunctions/arm_copy_q15.c **** 
  83:../Dave/Generated/CMSIS_DSP/SupportFunctions/arm_copy_q15.c ****     /* Decrement the loop counter */
  84:../Dave/Generated/CMSIS_DSP/SupportFunctions/arm_copy_q15.c ****     blkCnt--;
  75              	 .loc 1 84 0
  76 0044 7B69     	 ldr r3,[r7,#20]
  77 0046 013B     	 subs r3,r3,#1
  78 0048 7B61     	 str r3,[r7,#20]
  79              	.L2:
  76:../Dave/Generated/CMSIS_DSP/SupportFunctions/arm_copy_q15.c ****   {
  80              	 .loc 1 76 0
  81 004a 7B69     	 ldr r3,[r7,#20]
  82 004c 002B     	 cmp r3,#0
  83 004e E1D1     	 bne .L3
  85:../Dave/Generated/CMSIS_DSP/SupportFunctions/arm_copy_q15.c ****   }
  86:../Dave/Generated/CMSIS_DSP/SupportFunctions/arm_copy_q15.c **** 
  87:../Dave/Generated/CMSIS_DSP/SupportFunctions/arm_copy_q15.c ****   /* If the blockSize is not a multiple of 4, compute any remaining output samples here.    
  88:../Dave/Generated/CMSIS_DSP/SupportFunctions/arm_copy_q15.c ****    ** No loop unrolling is used. */
  89:../Dave/Generated/CMSIS_DSP/SupportFunctions/arm_copy_q15.c ****   blkCnt = blockSize % 0x4u;
  84              	 .loc 1 89 0
  85 0050 7B68     	 ldr r3,[r7,#4]
  86 0052 03F00303 	 and r3,r3,#3
  87 0056 7B61     	 str r3,[r7,#20]
  90:../Dave/Generated/CMSIS_DSP/SupportFunctions/arm_copy_q15.c **** 
  91:../Dave/Generated/CMSIS_DSP/SupportFunctions/arm_copy_q15.c **** 
  92:../Dave/Generated/CMSIS_DSP/SupportFunctions/arm_copy_q15.c **** #else
  93:../Dave/Generated/CMSIS_DSP/SupportFunctions/arm_copy_q15.c **** 
  94:../Dave/Generated/CMSIS_DSP/SupportFunctions/arm_copy_q15.c ****   /* Run the below code for Cortex-M0 */
  95:../Dave/Generated/CMSIS_DSP/SupportFunctions/arm_copy_q15.c **** 
  96:../Dave/Generated/CMSIS_DSP/SupportFunctions/arm_copy_q15.c ****   /* Loop over blockSize number of values */
  97:../Dave/Generated/CMSIS_DSP/SupportFunctions/arm_copy_q15.c ****   blkCnt = blockSize;
  98:../Dave/Generated/CMSIS_DSP/SupportFunctions/arm_copy_q15.c **** 
  99:../Dave/Generated/CMSIS_DSP/SupportFunctions/arm_copy_q15.c **** #endif /* #ifndef ARM_MATH_CM0_FAMILY */
 100:../Dave/Generated/CMSIS_DSP/SupportFunctions/arm_copy_q15.c **** 
 101:../Dave/Generated/CMSIS_DSP/SupportFunctions/arm_copy_q15.c ****   while(blkCnt > 0u)
  88              	 .loc 1 101 0
  89 0058 0AE0     	 b .L4
  90              	.L5:
 102:../Dave/Generated/CMSIS_DSP/SupportFunctions/arm_copy_q15.c ****   {
 103:../Dave/Generated/CMSIS_DSP/SupportFunctions/arm_copy_q15.c ****     /* C = A */
 104:../Dave/Generated/CMSIS_DSP/SupportFunctions/arm_copy_q15.c ****     /* Copy and then store the value in the destination buffer */
 105:../Dave/Generated/CMSIS_DSP/SupportFunctions/arm_copy_q15.c ****     *pDst++ = *pSrc++;
  91              	 .loc 1 105 0
  92 005a BB68     	 ldr r3,[r7,#8]
  93 005c 9A1C     	 adds r2,r3,#2
  94 005e BA60     	 str r2,[r7,#8]
  95 0060 FA68     	 ldr r2,[r7,#12]
  96 0062 911C     	 adds r1,r2,#2
  97 0064 F960     	 str r1,[r7,#12]
  98 0066 1288     	 ldrh r2,[r2]
  99 0068 1A80     	 strh r2,[r3]
 106:../Dave/Generated/CMSIS_DSP/SupportFunctions/arm_copy_q15.c **** 
 107:../Dave/Generated/CMSIS_DSP/SupportFunctions/arm_copy_q15.c ****     /* Decrement the loop counter */
 108:../Dave/Generated/CMSIS_DSP/SupportFunctions/arm_copy_q15.c ****     blkCnt--;
 100              	 .loc 1 108 0
 101 006a 7B69     	 ldr r3,[r7,#20]
 102 006c 013B     	 subs r3,r3,#1
 103 006e 7B61     	 str r3,[r7,#20]
 104              	.L4:
 101:../Dave/Generated/CMSIS_DSP/SupportFunctions/arm_copy_q15.c ****   {
 105              	 .loc 1 101 0
 106 0070 7B69     	 ldr r3,[r7,#20]
 107 0072 002B     	 cmp r3,#0
 108 0074 F1D1     	 bne .L5
 109:../Dave/Generated/CMSIS_DSP/SupportFunctions/arm_copy_q15.c ****   }
 110:../Dave/Generated/CMSIS_DSP/SupportFunctions/arm_copy_q15.c **** }
 109              	 .loc 1 110 0
 110 0076 1C37     	 adds r7,r7,#28
 111              	.LCFI3:
 112              	 .cfi_def_cfa_offset 4
 113 0078 BD46     	 mov sp,r7
 114              	.LCFI4:
 115              	 .cfi_def_cfa_register 13
 116              	 
 117 007a 5DF8047B 	 ldr r7,[sp],#4
 118              	.LCFI5:
 119              	 .cfi_restore 7
 120              	 .cfi_def_cfa_offset 0
 121 007e 7047     	 bx lr
 122              	 .cfi_endproc
 123              	.LFE139:
 125              	 .text
 126              	.Letext0:
 127              	 .file 2 "c:\\davev4\\dave-4.1.2\\eclipse\\arm-gcc-49\\arm-none-eabi\\include\\machine\\_default_types.h"
 128              	 .file 3 "c:\\davev4\\dave-4.1.2\\eclipse\\arm-gcc-49\\arm-none-eabi\\include\\stdint.h"
 129              	 .file 4 "C:\\Workspaces\\DAVE-4.1\\Flightcontroller_PWM_CopterRocks_Working\\Dave\\Generated/CMSIS_DSP/arm_math.h"
DEFINED SYMBOLS
                            *ABS*:00000000 arm_copy_q15.c
    {standard input}:20     .text.arm_copy_q15:00000000 $t
    {standard input}:25     .text.arm_copy_q15:00000000 arm_copy_q15
                     .debug_frame:00000010 $d

NO UNDEFINED SYMBOLS
