   1              	 .syntax unified
   2              	 .cpu cortex-m4
   3              	 .eabi_attribute 27,3
   4              	 .fpu fpv4-sp-d16
   5              	 .eabi_attribute 20,1
   6              	 .eabi_attribute 21,1
   7              	 .eabi_attribute 23,3
   8              	 .eabi_attribute 24,1
   9              	 .eabi_attribute 25,1
  10              	 .eabi_attribute 26,1
  11              	 .eabi_attribute 30,6
  12              	 .eabi_attribute 34,1
  13              	 .eabi_attribute 18,4
  14              	 .thumb
  15              	 .file "arm_mat_init_q15.c"
  16              	 .text
  17              	.Ltext0:
  18              	 .cfi_sections .debug_frame
  19              	 .section .text.arm_mat_init_q15,"ax",%progbits
  20              	 .align 2
  21              	 .global arm_mat_init_q15
  22              	 .thumb
  23              	 .thumb_func
  25              	arm_mat_init_q15:
  26              	.LFB139:
  27              	 .file 1 "../Dave/Generated/CMSIS_DSP/MatrixFunctions/arm_mat_init_q15.c"
   1:../Dave/Generated/CMSIS_DSP/MatrixFunctions/arm_mat_init_q15.c **** /* ----------------------------------------------------------------------    
   2:../Dave/Generated/CMSIS_DSP/MatrixFunctions/arm_mat_init_q15.c **** * Copyright (C) 2010-2014 ARM Limited. All rights reserved.    
   3:../Dave/Generated/CMSIS_DSP/MatrixFunctions/arm_mat_init_q15.c **** *    
   4:../Dave/Generated/CMSIS_DSP/MatrixFunctions/arm_mat_init_q15.c **** * $Date:        31. July 2014
   5:../Dave/Generated/CMSIS_DSP/MatrixFunctions/arm_mat_init_q15.c **** * $Revision: 	V1.4.4
   6:../Dave/Generated/CMSIS_DSP/MatrixFunctions/arm_mat_init_q15.c **** *    
   7:../Dave/Generated/CMSIS_DSP/MatrixFunctions/arm_mat_init_q15.c **** * Project: 	    CMSIS DSP Library    
   8:../Dave/Generated/CMSIS_DSP/MatrixFunctions/arm_mat_init_q15.c **** * Title:        arm_mat_init_q15.c    
   9:../Dave/Generated/CMSIS_DSP/MatrixFunctions/arm_mat_init_q15.c **** *    
  10:../Dave/Generated/CMSIS_DSP/MatrixFunctions/arm_mat_init_q15.c **** * Description:	Q15 matrix initialization.    
  11:../Dave/Generated/CMSIS_DSP/MatrixFunctions/arm_mat_init_q15.c **** *    
  12:../Dave/Generated/CMSIS_DSP/MatrixFunctions/arm_mat_init_q15.c **** * Target Processor: Cortex-M4/Cortex-M3/Cortex-M0
  13:../Dave/Generated/CMSIS_DSP/MatrixFunctions/arm_mat_init_q15.c **** *  
  14:../Dave/Generated/CMSIS_DSP/MatrixFunctions/arm_mat_init_q15.c **** * Redistribution and use in source and binary forms, with or without 
  15:../Dave/Generated/CMSIS_DSP/MatrixFunctions/arm_mat_init_q15.c **** * modification, are permitted provided that the following conditions
  16:../Dave/Generated/CMSIS_DSP/MatrixFunctions/arm_mat_init_q15.c **** * are met:
  17:../Dave/Generated/CMSIS_DSP/MatrixFunctions/arm_mat_init_q15.c **** *   - Redistributions of source code must retain the above copyright
  18:../Dave/Generated/CMSIS_DSP/MatrixFunctions/arm_mat_init_q15.c **** *     notice, this list of conditions and the following disclaimer.
  19:../Dave/Generated/CMSIS_DSP/MatrixFunctions/arm_mat_init_q15.c **** *   - Redistributions in binary form must reproduce the above copyright
  20:../Dave/Generated/CMSIS_DSP/MatrixFunctions/arm_mat_init_q15.c **** *     notice, this list of conditions and the following disclaimer in
  21:../Dave/Generated/CMSIS_DSP/MatrixFunctions/arm_mat_init_q15.c **** *     the documentation and/or other materials provided with the 
  22:../Dave/Generated/CMSIS_DSP/MatrixFunctions/arm_mat_init_q15.c **** *     distribution.
  23:../Dave/Generated/CMSIS_DSP/MatrixFunctions/arm_mat_init_q15.c **** *   - Neither the name of ARM LIMITED nor the names of its contributors
  24:../Dave/Generated/CMSIS_DSP/MatrixFunctions/arm_mat_init_q15.c **** *     may be used to endorse or promote products derived from this
  25:../Dave/Generated/CMSIS_DSP/MatrixFunctions/arm_mat_init_q15.c **** *     software without specific prior written permission.
  26:../Dave/Generated/CMSIS_DSP/MatrixFunctions/arm_mat_init_q15.c **** *
  27:../Dave/Generated/CMSIS_DSP/MatrixFunctions/arm_mat_init_q15.c **** * THIS SOFTWARE IS PROVIDED BY THE COPYRIGHT HOLDERS AND CONTRIBUTORS
  28:../Dave/Generated/CMSIS_DSP/MatrixFunctions/arm_mat_init_q15.c **** * "AS IS" AND ANY EXPRESS OR IMPLIED WARRANTIES, INCLUDING, BUT NOT
  29:../Dave/Generated/CMSIS_DSP/MatrixFunctions/arm_mat_init_q15.c **** * LIMITED TO, THE IMPLIED WARRANTIES OF MERCHANTABILITY AND FITNESS
  30:../Dave/Generated/CMSIS_DSP/MatrixFunctions/arm_mat_init_q15.c **** * FOR A PARTICULAR PURPOSE ARE DISCLAIMED. IN NO EVENT SHALL THE 
  31:../Dave/Generated/CMSIS_DSP/MatrixFunctions/arm_mat_init_q15.c **** * COPYRIGHT OWNER OR CONTRIBUTORS BE LIABLE FOR ANY DIRECT, INDIRECT,
  32:../Dave/Generated/CMSIS_DSP/MatrixFunctions/arm_mat_init_q15.c **** * INCIDENTAL, SPECIAL, EXEMPLARY, OR CONSEQUENTIAL DAMAGES (INCLUDING,
  33:../Dave/Generated/CMSIS_DSP/MatrixFunctions/arm_mat_init_q15.c **** * BUT NOT LIMITED TO, PROCUREMENT OF SUBSTITUTE GOODS OR SERVICES;
  34:../Dave/Generated/CMSIS_DSP/MatrixFunctions/arm_mat_init_q15.c **** * LOSS OF USE, DATA, OR PROFITS; OR BUSINESS INTERRUPTION) HOWEVER
  35:../Dave/Generated/CMSIS_DSP/MatrixFunctions/arm_mat_init_q15.c **** * CAUSED AND ON ANY THEORY OF LIABILITY, WHETHER IN CONTRACT, STRICT
  36:../Dave/Generated/CMSIS_DSP/MatrixFunctions/arm_mat_init_q15.c **** * LIABILITY, OR TORT (INCLUDING NEGLIGENCE OR OTHERWISE) ARISING IN
  37:../Dave/Generated/CMSIS_DSP/MatrixFunctions/arm_mat_init_q15.c **** * ANY WAY OUT OF THE USE OF THIS SOFTWARE, EVEN IF ADVISED OF THE
  38:../Dave/Generated/CMSIS_DSP/MatrixFunctions/arm_mat_init_q15.c **** * POSSIBILITY OF SUCH DAMAGE.   
  39:../Dave/Generated/CMSIS_DSP/MatrixFunctions/arm_mat_init_q15.c **** * -------------------------------------------------------------------------- */
  40:../Dave/Generated/CMSIS_DSP/MatrixFunctions/arm_mat_init_q15.c **** 
  41:../Dave/Generated/CMSIS_DSP/MatrixFunctions/arm_mat_init_q15.c **** 
  42:../Dave/Generated/CMSIS_DSP/MatrixFunctions/arm_mat_init_q15.c **** #include "CMSIS_DSP/cmsis_dsp.h"
  43:../Dave/Generated/CMSIS_DSP/MatrixFunctions/arm_mat_init_q15.c **** 
  44:../Dave/Generated/CMSIS_DSP/MatrixFunctions/arm_mat_init_q15.c **** /**    
  45:../Dave/Generated/CMSIS_DSP/MatrixFunctions/arm_mat_init_q15.c ****  * @ingroup groupMatrix    
  46:../Dave/Generated/CMSIS_DSP/MatrixFunctions/arm_mat_init_q15.c ****  */
  47:../Dave/Generated/CMSIS_DSP/MatrixFunctions/arm_mat_init_q15.c **** 
  48:../Dave/Generated/CMSIS_DSP/MatrixFunctions/arm_mat_init_q15.c **** /**    
  49:../Dave/Generated/CMSIS_DSP/MatrixFunctions/arm_mat_init_q15.c ****  * @addtogroup MatrixInit    
  50:../Dave/Generated/CMSIS_DSP/MatrixFunctions/arm_mat_init_q15.c ****  * @{    
  51:../Dave/Generated/CMSIS_DSP/MatrixFunctions/arm_mat_init_q15.c ****  */
  52:../Dave/Generated/CMSIS_DSP/MatrixFunctions/arm_mat_init_q15.c **** 
  53:../Dave/Generated/CMSIS_DSP/MatrixFunctions/arm_mat_init_q15.c ****   /**    
  54:../Dave/Generated/CMSIS_DSP/MatrixFunctions/arm_mat_init_q15.c ****    * @brief  Q15 matrix initialization.    
  55:../Dave/Generated/CMSIS_DSP/MatrixFunctions/arm_mat_init_q15.c ****    * @param[in,out] *S             points to an instance of the floating-point matrix structure.   
  56:../Dave/Generated/CMSIS_DSP/MatrixFunctions/arm_mat_init_q15.c ****    * @param[in]     nRows          number of rows in the matrix.    
  57:../Dave/Generated/CMSIS_DSP/MatrixFunctions/arm_mat_init_q15.c ****    * @param[in]     nColumns       number of columns in the matrix.    
  58:../Dave/Generated/CMSIS_DSP/MatrixFunctions/arm_mat_init_q15.c ****    * @param[in]     *pData	   points to the matrix data array.    
  59:../Dave/Generated/CMSIS_DSP/MatrixFunctions/arm_mat_init_q15.c ****    * @return        none    
  60:../Dave/Generated/CMSIS_DSP/MatrixFunctions/arm_mat_init_q15.c ****    */
  61:../Dave/Generated/CMSIS_DSP/MatrixFunctions/arm_mat_init_q15.c **** 
  62:../Dave/Generated/CMSIS_DSP/MatrixFunctions/arm_mat_init_q15.c **** void arm_mat_init_q15(
  63:../Dave/Generated/CMSIS_DSP/MatrixFunctions/arm_mat_init_q15.c ****   arm_matrix_instance_q15 * S,
  64:../Dave/Generated/CMSIS_DSP/MatrixFunctions/arm_mat_init_q15.c ****   uint16_t nRows,
  65:../Dave/Generated/CMSIS_DSP/MatrixFunctions/arm_mat_init_q15.c ****   uint16_t nColumns,
  66:../Dave/Generated/CMSIS_DSP/MatrixFunctions/arm_mat_init_q15.c ****   q15_t * pData)
  67:../Dave/Generated/CMSIS_DSP/MatrixFunctions/arm_mat_init_q15.c **** {
  28              	 .loc 1 67 0
  29              	 .cfi_startproc
  30              	 
  31              	 
  32              	 
  33 0000 80B4     	 push {r7}
  34              	.LCFI0:
  35              	 .cfi_def_cfa_offset 4
  36              	 .cfi_offset 7,-4
  37 0002 85B0     	 sub sp,sp,#20
  38              	.LCFI1:
  39              	 .cfi_def_cfa_offset 24
  40 0004 00AF     	 add r7,sp,#0
  41              	.LCFI2:
  42              	 .cfi_def_cfa_register 7
  43 0006 F860     	 str r0,[r7,#12]
  44 0008 7B60     	 str r3,[r7,#4]
  45 000a 0B46     	 mov r3,r1
  46 000c 7B81     	 strh r3,[r7,#10]
  47 000e 1346     	 mov r3,r2
  48 0010 3B81     	 strh r3,[r7,#8]
  68:../Dave/Generated/CMSIS_DSP/MatrixFunctions/arm_mat_init_q15.c ****   /* Assign Number of Rows */
  69:../Dave/Generated/CMSIS_DSP/MatrixFunctions/arm_mat_init_q15.c ****   S->numRows = nRows;
  49              	 .loc 1 69 0
  50 0012 FB68     	 ldr r3,[r7,#12]
  51 0014 7A89     	 ldrh r2,[r7,#10]
  52 0016 1A80     	 strh r2,[r3]
  70:../Dave/Generated/CMSIS_DSP/MatrixFunctions/arm_mat_init_q15.c **** 
  71:../Dave/Generated/CMSIS_DSP/MatrixFunctions/arm_mat_init_q15.c ****   /* Assign Number of Columns */
  72:../Dave/Generated/CMSIS_DSP/MatrixFunctions/arm_mat_init_q15.c ****   S->numCols = nColumns;
  53              	 .loc 1 72 0
  54 0018 FB68     	 ldr r3,[r7,#12]
  55 001a 3A89     	 ldrh r2,[r7,#8]
  56 001c 5A80     	 strh r2,[r3,#2]
  73:../Dave/Generated/CMSIS_DSP/MatrixFunctions/arm_mat_init_q15.c **** 
  74:../Dave/Generated/CMSIS_DSP/MatrixFunctions/arm_mat_init_q15.c ****   /* Assign Data pointer */
  75:../Dave/Generated/CMSIS_DSP/MatrixFunctions/arm_mat_init_q15.c ****   S->pData = pData;
  57              	 .loc 1 75 0
  58 001e FB68     	 ldr r3,[r7,#12]
  59 0020 7A68     	 ldr r2,[r7,#4]
  60 0022 5A60     	 str r2,[r3,#4]
  76:../Dave/Generated/CMSIS_DSP/MatrixFunctions/arm_mat_init_q15.c **** }
  61              	 .loc 1 76 0
  62 0024 1437     	 adds r7,r7,#20
  63              	.LCFI3:
  64              	 .cfi_def_cfa_offset 4
  65 0026 BD46     	 mov sp,r7
  66              	.LCFI4:
  67              	 .cfi_def_cfa_register 13
  68              	 
  69 0028 5DF8047B 	 ldr r7,[sp],#4
  70              	.LCFI5:
  71              	 .cfi_restore 7
  72              	 .cfi_def_cfa_offset 0
  73 002c 7047     	 bx lr
  74              	 .cfi_endproc
  75              	.LFE139:
  77 002e 00BF     	 .text
  78              	.Letext0:
  79              	 .file 2 "c:\\davev4\\dave-4.1.2\\eclipse\\arm-gcc-49\\arm-none-eabi\\include\\machine\\_default_types.h"
  80              	 .file 3 "c:\\davev4\\dave-4.1.2\\eclipse\\arm-gcc-49\\arm-none-eabi\\include\\stdint.h"
  81              	 .file 4 "C:\\Workspaces\\DAVE-4.1\\Flightcontroller_PWM_CopterRocks_Working\\Dave\\Generated/CMSIS_DSP/arm_math.h"
DEFINED SYMBOLS
                            *ABS*:00000000 arm_mat_init_q15.c
    {standard input}:20     .text.arm_mat_init_q15:00000000 $t
    {standard input}:25     .text.arm_mat_init_q15:00000000 arm_mat_init_q15
                     .debug_frame:00000010 $d

NO UNDEFINED SYMBOLS
