   1              	 .syntax unified
   2              	 .cpu cortex-m4
   3              	 .eabi_attribute 27,3
   4              	 .fpu fpv4-sp-d16
   5              	 .eabi_attribute 20,1
   6              	 .eabi_attribute 21,1
   7              	 .eabi_attribute 23,3
   8              	 .eabi_attribute 24,1
   9              	 .eabi_attribute 25,1
  10              	 .eabi_attribute 26,1
  11              	 .eabi_attribute 30,6
  12              	 .eabi_attribute 34,1
  13              	 .eabi_attribute 18,4
  14              	 .thumb
  15              	 .file "arm_fir_lattice_f32.c"
  16              	 .text
  17              	.Ltext0:
  18              	 .cfi_sections .debug_frame
  19              	 .section .text.arm_fir_lattice_f32,"ax",%progbits
  20              	 .align 2
  21              	 .global arm_fir_lattice_f32
  22              	 .thumb
  23              	 .thumb_func
  25              	arm_fir_lattice_f32:
  26              	.LFB139:
  27              	 .file 1 "../Dave/Generated/CMSIS_DSP/FilteringFunctions/arm_fir_lattice_f32.c"
   1:../Dave/Generated/CMSIS_DSP/FilteringFunctions/arm_fir_lattice_f32.c **** /* ----------------------------------------------------------------------    
   2:../Dave/Generated/CMSIS_DSP/FilteringFunctions/arm_fir_lattice_f32.c **** * Copyright (C) 2010-2014 ARM Limited. All rights reserved.    
   3:../Dave/Generated/CMSIS_DSP/FilteringFunctions/arm_fir_lattice_f32.c **** *    
   4:../Dave/Generated/CMSIS_DSP/FilteringFunctions/arm_fir_lattice_f32.c **** * $Date:        12. March 2014
   5:../Dave/Generated/CMSIS_DSP/FilteringFunctions/arm_fir_lattice_f32.c **** * $Revision: 	V1.4.4
   6:../Dave/Generated/CMSIS_DSP/FilteringFunctions/arm_fir_lattice_f32.c **** *    
   7:../Dave/Generated/CMSIS_DSP/FilteringFunctions/arm_fir_lattice_f32.c **** * Project: 	    CMSIS DSP Library    
   8:../Dave/Generated/CMSIS_DSP/FilteringFunctions/arm_fir_lattice_f32.c **** * Title:	    arm_fir_lattice_f32.c    
   9:../Dave/Generated/CMSIS_DSP/FilteringFunctions/arm_fir_lattice_f32.c **** *    
  10:../Dave/Generated/CMSIS_DSP/FilteringFunctions/arm_fir_lattice_f32.c **** * Description:	Processing function for the floating-point FIR Lattice filter.    
  11:../Dave/Generated/CMSIS_DSP/FilteringFunctions/arm_fir_lattice_f32.c **** *    
  12:../Dave/Generated/CMSIS_DSP/FilteringFunctions/arm_fir_lattice_f32.c **** * Target Processor: Cortex-M4/Cortex-M3/Cortex-M0
  13:../Dave/Generated/CMSIS_DSP/FilteringFunctions/arm_fir_lattice_f32.c **** *  
  14:../Dave/Generated/CMSIS_DSP/FilteringFunctions/arm_fir_lattice_f32.c **** * Redistribution and use in source and binary forms, with or without 
  15:../Dave/Generated/CMSIS_DSP/FilteringFunctions/arm_fir_lattice_f32.c **** * modification, are permitted provided that the following conditions
  16:../Dave/Generated/CMSIS_DSP/FilteringFunctions/arm_fir_lattice_f32.c **** * are met:
  17:../Dave/Generated/CMSIS_DSP/FilteringFunctions/arm_fir_lattice_f32.c **** *   - Redistributions of source code must retain the above copyright
  18:../Dave/Generated/CMSIS_DSP/FilteringFunctions/arm_fir_lattice_f32.c **** *     notice, this list of conditions and the following disclaimer.
  19:../Dave/Generated/CMSIS_DSP/FilteringFunctions/arm_fir_lattice_f32.c **** *   - Redistributions in binary form must reproduce the above copyright
  20:../Dave/Generated/CMSIS_DSP/FilteringFunctions/arm_fir_lattice_f32.c **** *     notice, this list of conditions and the following disclaimer in
  21:../Dave/Generated/CMSIS_DSP/FilteringFunctions/arm_fir_lattice_f32.c **** *     the documentation and/or other materials provided with the 
  22:../Dave/Generated/CMSIS_DSP/FilteringFunctions/arm_fir_lattice_f32.c **** *     distribution.
  23:../Dave/Generated/CMSIS_DSP/FilteringFunctions/arm_fir_lattice_f32.c **** *   - Neither the name of ARM LIMITED nor the names of its contributors
  24:../Dave/Generated/CMSIS_DSP/FilteringFunctions/arm_fir_lattice_f32.c **** *     may be used to endorse or promote products derived from this
  25:../Dave/Generated/CMSIS_DSP/FilteringFunctions/arm_fir_lattice_f32.c **** *     software without specific prior written permission.
  26:../Dave/Generated/CMSIS_DSP/FilteringFunctions/arm_fir_lattice_f32.c **** *
  27:../Dave/Generated/CMSIS_DSP/FilteringFunctions/arm_fir_lattice_f32.c **** * THIS SOFTWARE IS PROVIDED BY THE COPYRIGHT HOLDERS AND CONTRIBUTORS
  28:../Dave/Generated/CMSIS_DSP/FilteringFunctions/arm_fir_lattice_f32.c **** * "AS IS" AND ANY EXPRESS OR IMPLIED WARRANTIES, INCLUDING, BUT NOT
  29:../Dave/Generated/CMSIS_DSP/FilteringFunctions/arm_fir_lattice_f32.c **** * LIMITED TO, THE IMPLIED WARRANTIES OF MERCHANTABILITY AND FITNESS
  30:../Dave/Generated/CMSIS_DSP/FilteringFunctions/arm_fir_lattice_f32.c **** * FOR A PARTICULAR PURPOSE ARE DISCLAIMED. IN NO EVENT SHALL THE 
  31:../Dave/Generated/CMSIS_DSP/FilteringFunctions/arm_fir_lattice_f32.c **** * COPYRIGHT OWNER OR CONTRIBUTORS BE LIABLE FOR ANY DIRECT, INDIRECT,
  32:../Dave/Generated/CMSIS_DSP/FilteringFunctions/arm_fir_lattice_f32.c **** * INCIDENTAL, SPECIAL, EXEMPLARY, OR CONSEQUENTIAL DAMAGES (INCLUDING,
  33:../Dave/Generated/CMSIS_DSP/FilteringFunctions/arm_fir_lattice_f32.c **** * BUT NOT LIMITED TO, PROCUREMENT OF SUBSTITUTE GOODS OR SERVICES;
  34:../Dave/Generated/CMSIS_DSP/FilteringFunctions/arm_fir_lattice_f32.c **** * LOSS OF USE, DATA, OR PROFITS; OR BUSINESS INTERRUPTION) HOWEVER
  35:../Dave/Generated/CMSIS_DSP/FilteringFunctions/arm_fir_lattice_f32.c **** * CAUSED AND ON ANY THEORY OF LIABILITY, WHETHER IN CONTRACT, STRICT
  36:../Dave/Generated/CMSIS_DSP/FilteringFunctions/arm_fir_lattice_f32.c **** * LIABILITY, OR TORT (INCLUDING NEGLIGENCE OR OTHERWISE) ARISING IN
  37:../Dave/Generated/CMSIS_DSP/FilteringFunctions/arm_fir_lattice_f32.c **** * ANY WAY OUT OF THE USE OF THIS SOFTWARE, EVEN IF ADVISED OF THE
  38:../Dave/Generated/CMSIS_DSP/FilteringFunctions/arm_fir_lattice_f32.c **** * POSSIBILITY OF SUCH DAMAGE.   
  39:../Dave/Generated/CMSIS_DSP/FilteringFunctions/arm_fir_lattice_f32.c **** * -------------------------------------------------------------------- */
  40:../Dave/Generated/CMSIS_DSP/FilteringFunctions/arm_fir_lattice_f32.c **** 
  41:../Dave/Generated/CMSIS_DSP/FilteringFunctions/arm_fir_lattice_f32.c **** #include "CMSIS_DSP/cmsis_dsp.h"
  42:../Dave/Generated/CMSIS_DSP/FilteringFunctions/arm_fir_lattice_f32.c **** 
  43:../Dave/Generated/CMSIS_DSP/FilteringFunctions/arm_fir_lattice_f32.c **** /**    
  44:../Dave/Generated/CMSIS_DSP/FilteringFunctions/arm_fir_lattice_f32.c ****  * @ingroup groupFilters    
  45:../Dave/Generated/CMSIS_DSP/FilteringFunctions/arm_fir_lattice_f32.c ****  */
  46:../Dave/Generated/CMSIS_DSP/FilteringFunctions/arm_fir_lattice_f32.c **** 
  47:../Dave/Generated/CMSIS_DSP/FilteringFunctions/arm_fir_lattice_f32.c **** /**    
  48:../Dave/Generated/CMSIS_DSP/FilteringFunctions/arm_fir_lattice_f32.c ****  * @defgroup FIR_Lattice Finite Impulse Response (FIR) Lattice Filters    
  49:../Dave/Generated/CMSIS_DSP/FilteringFunctions/arm_fir_lattice_f32.c ****  *    
  50:../Dave/Generated/CMSIS_DSP/FilteringFunctions/arm_fir_lattice_f32.c ****  * This set of functions implements Finite Impulse Response (FIR) lattice filters    
  51:../Dave/Generated/CMSIS_DSP/FilteringFunctions/arm_fir_lattice_f32.c ****  * for Q15, Q31 and floating-point data types.  Lattice filters are used in a     
  52:../Dave/Generated/CMSIS_DSP/FilteringFunctions/arm_fir_lattice_f32.c ****  * variety of adaptive filter applications.  The filter structure is feedforward and    
  53:../Dave/Generated/CMSIS_DSP/FilteringFunctions/arm_fir_lattice_f32.c ****  * the net impulse response is finite length.    
  54:../Dave/Generated/CMSIS_DSP/FilteringFunctions/arm_fir_lattice_f32.c ****  * The functions operate on blocks    
  55:../Dave/Generated/CMSIS_DSP/FilteringFunctions/arm_fir_lattice_f32.c ****  * of input and output data and each call to the function processes    
  56:../Dave/Generated/CMSIS_DSP/FilteringFunctions/arm_fir_lattice_f32.c ****  * <code>blockSize</code> samples through the filter.  <code>pSrc</code> and    
  57:../Dave/Generated/CMSIS_DSP/FilteringFunctions/arm_fir_lattice_f32.c ****  * <code>pDst</code> point to input and output arrays containing <code>blockSize</code> values.    
  58:../Dave/Generated/CMSIS_DSP/FilteringFunctions/arm_fir_lattice_f32.c ****  *    
  59:../Dave/Generated/CMSIS_DSP/FilteringFunctions/arm_fir_lattice_f32.c ****  * \par Algorithm:    
  60:../Dave/Generated/CMSIS_DSP/FilteringFunctions/arm_fir_lattice_f32.c ****  * \image html FIRLattice.gif "Finite Impulse Response Lattice filter"    
  61:../Dave/Generated/CMSIS_DSP/FilteringFunctions/arm_fir_lattice_f32.c ****  * The following difference equation is implemented:    
  62:../Dave/Generated/CMSIS_DSP/FilteringFunctions/arm_fir_lattice_f32.c ****  * <pre>    
  63:../Dave/Generated/CMSIS_DSP/FilteringFunctions/arm_fir_lattice_f32.c ****  *    f0[n] = g0[n] = x[n]    
  64:../Dave/Generated/CMSIS_DSP/FilteringFunctions/arm_fir_lattice_f32.c ****  *    fm[n] = fm-1[n] + km * gm-1[n-1] for m = 1, 2, ...M    
  65:../Dave/Generated/CMSIS_DSP/FilteringFunctions/arm_fir_lattice_f32.c ****  *    gm[n] = km * fm-1[n] + gm-1[n-1] for m = 1, 2, ...M    
  66:../Dave/Generated/CMSIS_DSP/FilteringFunctions/arm_fir_lattice_f32.c ****  *    y[n] = fM[n]    
  67:../Dave/Generated/CMSIS_DSP/FilteringFunctions/arm_fir_lattice_f32.c ****  * </pre>    
  68:../Dave/Generated/CMSIS_DSP/FilteringFunctions/arm_fir_lattice_f32.c ****  * \par    
  69:../Dave/Generated/CMSIS_DSP/FilteringFunctions/arm_fir_lattice_f32.c ****  * <code>pCoeffs</code> points to tha array of reflection coefficients of size <code>numStages</cod
  70:../Dave/Generated/CMSIS_DSP/FilteringFunctions/arm_fir_lattice_f32.c ****  * Reflection Coefficients are stored in the following order.    
  71:../Dave/Generated/CMSIS_DSP/FilteringFunctions/arm_fir_lattice_f32.c ****  * \par    
  72:../Dave/Generated/CMSIS_DSP/FilteringFunctions/arm_fir_lattice_f32.c ****  * <pre>    
  73:../Dave/Generated/CMSIS_DSP/FilteringFunctions/arm_fir_lattice_f32.c ****  *    {k1, k2, ..., kM}    
  74:../Dave/Generated/CMSIS_DSP/FilteringFunctions/arm_fir_lattice_f32.c ****  * </pre>    
  75:../Dave/Generated/CMSIS_DSP/FilteringFunctions/arm_fir_lattice_f32.c ****  * where M is number of stages    
  76:../Dave/Generated/CMSIS_DSP/FilteringFunctions/arm_fir_lattice_f32.c ****  * \par    
  77:../Dave/Generated/CMSIS_DSP/FilteringFunctions/arm_fir_lattice_f32.c ****  * <code>pState</code> points to a state array of size <code>numStages</code>.    
  78:../Dave/Generated/CMSIS_DSP/FilteringFunctions/arm_fir_lattice_f32.c ****  * The state variables (g values) hold previous inputs and are stored in the following order.    
  79:../Dave/Generated/CMSIS_DSP/FilteringFunctions/arm_fir_lattice_f32.c ****  * <pre>    
  80:../Dave/Generated/CMSIS_DSP/FilteringFunctions/arm_fir_lattice_f32.c ****  *    {g0[n], g1[n], g2[n] ...gM-1[n]}    
  81:../Dave/Generated/CMSIS_DSP/FilteringFunctions/arm_fir_lattice_f32.c ****  * </pre>    
  82:../Dave/Generated/CMSIS_DSP/FilteringFunctions/arm_fir_lattice_f32.c ****  * The state variables are updated after each block of data is processed; the coefficients are unto
  83:../Dave/Generated/CMSIS_DSP/FilteringFunctions/arm_fir_lattice_f32.c ****  * \par Instance Structure    
  84:../Dave/Generated/CMSIS_DSP/FilteringFunctions/arm_fir_lattice_f32.c ****  * The coefficients and state variables for a filter are stored together in an instance data struct
  85:../Dave/Generated/CMSIS_DSP/FilteringFunctions/arm_fir_lattice_f32.c ****  * A separate instance structure must be defined for each filter.    
  86:../Dave/Generated/CMSIS_DSP/FilteringFunctions/arm_fir_lattice_f32.c ****  * Coefficient arrays may be shared among several instances while state variable arrays cannot be s
  87:../Dave/Generated/CMSIS_DSP/FilteringFunctions/arm_fir_lattice_f32.c ****  * There are separate instance structure declarations for each of the 3 supported data types.    
  88:../Dave/Generated/CMSIS_DSP/FilteringFunctions/arm_fir_lattice_f32.c ****  *    
  89:../Dave/Generated/CMSIS_DSP/FilteringFunctions/arm_fir_lattice_f32.c ****  * \par Initialization Functions    
  90:../Dave/Generated/CMSIS_DSP/FilteringFunctions/arm_fir_lattice_f32.c ****  * There is also an associated initialization function for each data type.    
  91:../Dave/Generated/CMSIS_DSP/FilteringFunctions/arm_fir_lattice_f32.c ****  * The initialization function performs the following operations:    
  92:../Dave/Generated/CMSIS_DSP/FilteringFunctions/arm_fir_lattice_f32.c ****  * - Sets the values of the internal structure fields.    
  93:../Dave/Generated/CMSIS_DSP/FilteringFunctions/arm_fir_lattice_f32.c ****  * - Zeros out the values in the state buffer.    
  94:../Dave/Generated/CMSIS_DSP/FilteringFunctions/arm_fir_lattice_f32.c ****  * To do this manually without calling the init function, assign the follow subfields of the instan
  95:../Dave/Generated/CMSIS_DSP/FilteringFunctions/arm_fir_lattice_f32.c ****  * numStages, pCoeffs, pState. Also set all of the values in pState to zero. 
  96:../Dave/Generated/CMSIS_DSP/FilteringFunctions/arm_fir_lattice_f32.c ****  *    
  97:../Dave/Generated/CMSIS_DSP/FilteringFunctions/arm_fir_lattice_f32.c ****  * \par    
  98:../Dave/Generated/CMSIS_DSP/FilteringFunctions/arm_fir_lattice_f32.c ****  * Use of the initialization function is optional.    
  99:../Dave/Generated/CMSIS_DSP/FilteringFunctions/arm_fir_lattice_f32.c ****  * However, if the initialization function is used, then the instance structure cannot be placed in
 100:../Dave/Generated/CMSIS_DSP/FilteringFunctions/arm_fir_lattice_f32.c ****  * To place an instance structure into a const data section, the instance structure must be manuall
 101:../Dave/Generated/CMSIS_DSP/FilteringFunctions/arm_fir_lattice_f32.c ****  * Set the values in the state buffer to zeros and then manually initialize the instance structure 
 102:../Dave/Generated/CMSIS_DSP/FilteringFunctions/arm_fir_lattice_f32.c ****  * <pre>    
 103:../Dave/Generated/CMSIS_DSP/FilteringFunctions/arm_fir_lattice_f32.c ****  *arm_fir_lattice_instance_f32 S = {numStages, pState, pCoeffs};    
 104:../Dave/Generated/CMSIS_DSP/FilteringFunctions/arm_fir_lattice_f32.c ****  *arm_fir_lattice_instance_q31 S = {numStages, pState, pCoeffs};    
 105:../Dave/Generated/CMSIS_DSP/FilteringFunctions/arm_fir_lattice_f32.c ****  *arm_fir_lattice_instance_q15 S = {numStages, pState, pCoeffs};    
 106:../Dave/Generated/CMSIS_DSP/FilteringFunctions/arm_fir_lattice_f32.c ****  * </pre>    
 107:../Dave/Generated/CMSIS_DSP/FilteringFunctions/arm_fir_lattice_f32.c ****  * \par    
 108:../Dave/Generated/CMSIS_DSP/FilteringFunctions/arm_fir_lattice_f32.c ****  * where <code>numStages</code> is the number of stages in the filter; <code>pState</code> is the a
 109:../Dave/Generated/CMSIS_DSP/FilteringFunctions/arm_fir_lattice_f32.c ****  * <code>pCoeffs</code> is the address of the coefficient buffer.    
 110:../Dave/Generated/CMSIS_DSP/FilteringFunctions/arm_fir_lattice_f32.c ****  * \par Fixed-Point Behavior    
 111:../Dave/Generated/CMSIS_DSP/FilteringFunctions/arm_fir_lattice_f32.c ****  * Care must be taken when using the fixed-point versions of the FIR Lattice filter functions.    
 112:../Dave/Generated/CMSIS_DSP/FilteringFunctions/arm_fir_lattice_f32.c ****  * In particular, the overflow and saturation behavior of the accumulator used in each function mus
 113:../Dave/Generated/CMSIS_DSP/FilteringFunctions/arm_fir_lattice_f32.c ****  * Refer to the function specific documentation below for usage guidelines.    
 114:../Dave/Generated/CMSIS_DSP/FilteringFunctions/arm_fir_lattice_f32.c ****  */
 115:../Dave/Generated/CMSIS_DSP/FilteringFunctions/arm_fir_lattice_f32.c **** 
 116:../Dave/Generated/CMSIS_DSP/FilteringFunctions/arm_fir_lattice_f32.c **** /**    
 117:../Dave/Generated/CMSIS_DSP/FilteringFunctions/arm_fir_lattice_f32.c ****  * @addtogroup FIR_Lattice    
 118:../Dave/Generated/CMSIS_DSP/FilteringFunctions/arm_fir_lattice_f32.c ****  * @{    
 119:../Dave/Generated/CMSIS_DSP/FilteringFunctions/arm_fir_lattice_f32.c ****  */
 120:../Dave/Generated/CMSIS_DSP/FilteringFunctions/arm_fir_lattice_f32.c **** 
 121:../Dave/Generated/CMSIS_DSP/FilteringFunctions/arm_fir_lattice_f32.c **** 
 122:../Dave/Generated/CMSIS_DSP/FilteringFunctions/arm_fir_lattice_f32.c ****   /**    
 123:../Dave/Generated/CMSIS_DSP/FilteringFunctions/arm_fir_lattice_f32.c ****    * @brief Processing function for the floating-point FIR lattice filter.    
 124:../Dave/Generated/CMSIS_DSP/FilteringFunctions/arm_fir_lattice_f32.c ****    * @param[in]  *S        points to an instance of the floating-point FIR lattice structure.    
 125:../Dave/Generated/CMSIS_DSP/FilteringFunctions/arm_fir_lattice_f32.c ****    * @param[in]  *pSrc     points to the block of input data.    
 126:../Dave/Generated/CMSIS_DSP/FilteringFunctions/arm_fir_lattice_f32.c ****    * @param[out] *pDst     points to the block of output data    
 127:../Dave/Generated/CMSIS_DSP/FilteringFunctions/arm_fir_lattice_f32.c ****    * @param[in]  blockSize number of samples to process.    
 128:../Dave/Generated/CMSIS_DSP/FilteringFunctions/arm_fir_lattice_f32.c ****    * @return none.    
 129:../Dave/Generated/CMSIS_DSP/FilteringFunctions/arm_fir_lattice_f32.c ****    */
 130:../Dave/Generated/CMSIS_DSP/FilteringFunctions/arm_fir_lattice_f32.c **** 
 131:../Dave/Generated/CMSIS_DSP/FilteringFunctions/arm_fir_lattice_f32.c **** void arm_fir_lattice_f32(
 132:../Dave/Generated/CMSIS_DSP/FilteringFunctions/arm_fir_lattice_f32.c ****   const arm_fir_lattice_instance_f32 * S,
 133:../Dave/Generated/CMSIS_DSP/FilteringFunctions/arm_fir_lattice_f32.c ****   float32_t * pSrc,
 134:../Dave/Generated/CMSIS_DSP/FilteringFunctions/arm_fir_lattice_f32.c ****   float32_t * pDst,
 135:../Dave/Generated/CMSIS_DSP/FilteringFunctions/arm_fir_lattice_f32.c ****   uint32_t blockSize)
 136:../Dave/Generated/CMSIS_DSP/FilteringFunctions/arm_fir_lattice_f32.c **** {
  28              	 .loc 1 136 0
  29              	 .cfi_startproc
  30              	 
  31              	 
  32              	 
  33 0000 80B4     	 push {r7}
  34              	.LCFI0:
  35              	 .cfi_def_cfa_offset 4
  36              	 .cfi_offset 7,-4
  37 0002 99B0     	 sub sp,sp,#100
  38              	.LCFI1:
  39              	 .cfi_def_cfa_offset 104
  40 0004 00AF     	 add r7,sp,#0
  41              	.LCFI2:
  42              	 .cfi_def_cfa_register 7
  43 0006 F860     	 str r0,[r7,#12]
  44 0008 B960     	 str r1,[r7,#8]
  45 000a 7A60     	 str r2,[r7,#4]
  46 000c 3B60     	 str r3,[r7]
 137:../Dave/Generated/CMSIS_DSP/FilteringFunctions/arm_fir_lattice_f32.c ****   float32_t *pState;                             /* State pointer */
 138:../Dave/Generated/CMSIS_DSP/FilteringFunctions/arm_fir_lattice_f32.c ****   float32_t *pCoeffs = S->pCoeffs;               /* Coefficient pointer */
  47              	 .loc 1 138 0
  48 000e FB68     	 ldr r3,[r7,#12]
  49 0010 9B68     	 ldr r3,[r3,#8]
  50 0012 FB62     	 str r3,[r7,#44]
 139:../Dave/Generated/CMSIS_DSP/FilteringFunctions/arm_fir_lattice_f32.c ****   float32_t *px;                                 /* temporary state pointer */
 140:../Dave/Generated/CMSIS_DSP/FilteringFunctions/arm_fir_lattice_f32.c ****   float32_t *pk;                                 /* temporary coefficient pointer */
 141:../Dave/Generated/CMSIS_DSP/FilteringFunctions/arm_fir_lattice_f32.c **** 
 142:../Dave/Generated/CMSIS_DSP/FilteringFunctions/arm_fir_lattice_f32.c **** 
 143:../Dave/Generated/CMSIS_DSP/FilteringFunctions/arm_fir_lattice_f32.c **** #ifndef ARM_MATH_CM0_FAMILY
 144:../Dave/Generated/CMSIS_DSP/FilteringFunctions/arm_fir_lattice_f32.c **** 
 145:../Dave/Generated/CMSIS_DSP/FilteringFunctions/arm_fir_lattice_f32.c ****   /* Run the below code for Cortex-M4 and Cortex-M3 */
 146:../Dave/Generated/CMSIS_DSP/FilteringFunctions/arm_fir_lattice_f32.c **** 
 147:../Dave/Generated/CMSIS_DSP/FilteringFunctions/arm_fir_lattice_f32.c ****   float32_t fcurr1, fnext1, gcurr1, gnext1;      /* temporary variables for first sample in loop un
 148:../Dave/Generated/CMSIS_DSP/FilteringFunctions/arm_fir_lattice_f32.c ****   float32_t fcurr2, fnext2, gnext2;              /* temporary variables for second sample in loop u
 149:../Dave/Generated/CMSIS_DSP/FilteringFunctions/arm_fir_lattice_f32.c ****   float32_t fcurr3, fnext3, gnext3;              /* temporary variables for third sample in loop un
 150:../Dave/Generated/CMSIS_DSP/FilteringFunctions/arm_fir_lattice_f32.c ****   float32_t fcurr4, fnext4, gnext4;              /* temporary variables for fourth sample in loop u
 151:../Dave/Generated/CMSIS_DSP/FilteringFunctions/arm_fir_lattice_f32.c ****   uint32_t numStages = S->numStages;             /* Number of stages in the filter */
  51              	 .loc 1 151 0
  52 0014 FB68     	 ldr r3,[r7,#12]
  53 0016 1B88     	 ldrh r3,[r3]
  54 0018 BB62     	 str r3,[r7,#40]
 152:../Dave/Generated/CMSIS_DSP/FilteringFunctions/arm_fir_lattice_f32.c ****   uint32_t blkCnt, stageCnt;                     /* temporary variables for counts */
 153:../Dave/Generated/CMSIS_DSP/FilteringFunctions/arm_fir_lattice_f32.c **** 
 154:../Dave/Generated/CMSIS_DSP/FilteringFunctions/arm_fir_lattice_f32.c ****   gcurr1 = 0.0f;
  55              	 .loc 1 154 0
  56 001a 4FF00003 	 mov r3,#0
  57 001e 7B62     	 str r3,[r7,#36]
 155:../Dave/Generated/CMSIS_DSP/FilteringFunctions/arm_fir_lattice_f32.c ****   pState = &S->pState[0];
  58              	 .loc 1 155 0
  59 0020 FB68     	 ldr r3,[r7,#12]
  60 0022 5B68     	 ldr r3,[r3,#4]
  61 0024 3B62     	 str r3,[r7,#32]
 156:../Dave/Generated/CMSIS_DSP/FilteringFunctions/arm_fir_lattice_f32.c **** 
 157:../Dave/Generated/CMSIS_DSP/FilteringFunctions/arm_fir_lattice_f32.c ****   blkCnt = blockSize >> 2;
  62              	 .loc 1 157 0
  63 0026 3B68     	 ldr r3,[r7]
  64 0028 9B08     	 lsrs r3,r3,#2
  65 002a 7B63     	 str r3,[r7,#52]
 158:../Dave/Generated/CMSIS_DSP/FilteringFunctions/arm_fir_lattice_f32.c **** 
 159:../Dave/Generated/CMSIS_DSP/FilteringFunctions/arm_fir_lattice_f32.c ****   /* First part of the processing with loop unrolling.  Compute 4 outputs at a time.    
 160:../Dave/Generated/CMSIS_DSP/FilteringFunctions/arm_fir_lattice_f32.c ****      a second loop below computes the remaining 1 to 3 samples. */
 161:../Dave/Generated/CMSIS_DSP/FilteringFunctions/arm_fir_lattice_f32.c ****   while(blkCnt > 0u)
  66              	 .loc 1 161 0
  67 002c 03E3     	 b .L2
  68              	.L7:
 162:../Dave/Generated/CMSIS_DSP/FilteringFunctions/arm_fir_lattice_f32.c ****   {
 163:../Dave/Generated/CMSIS_DSP/FilteringFunctions/arm_fir_lattice_f32.c **** 
 164:../Dave/Generated/CMSIS_DSP/FilteringFunctions/arm_fir_lattice_f32.c ****     /* Read two samples from input buffer */
 165:../Dave/Generated/CMSIS_DSP/FilteringFunctions/arm_fir_lattice_f32.c ****     /* f0(n) = x(n) */
 166:../Dave/Generated/CMSIS_DSP/FilteringFunctions/arm_fir_lattice_f32.c ****     fcurr1 = *pSrc++;
  69              	 .loc 1 166 0
  70 002e BB68     	 ldr r3,[r7,#8]
  71 0030 1A1D     	 adds r2,r3,#4
  72 0032 BA60     	 str r2,[r7,#8]
  73 0034 1B68     	 ldr r3,[r3]
  74 0036 7B65     	 str r3,[r7,#84]
 167:../Dave/Generated/CMSIS_DSP/FilteringFunctions/arm_fir_lattice_f32.c ****     fcurr2 = *pSrc++;
  75              	 .loc 1 167 0
  76 0038 BB68     	 ldr r3,[r7,#8]
  77 003a 1A1D     	 adds r2,r3,#4
  78 003c BA60     	 str r2,[r7,#8]
  79 003e 1B68     	 ldr r3,[r3]
  80 0040 FB64     	 str r3,[r7,#76]
 168:../Dave/Generated/CMSIS_DSP/FilteringFunctions/arm_fir_lattice_f32.c **** 
 169:../Dave/Generated/CMSIS_DSP/FilteringFunctions/arm_fir_lattice_f32.c ****     /* Initialize coeff pointer */
 170:../Dave/Generated/CMSIS_DSP/FilteringFunctions/arm_fir_lattice_f32.c ****     pk = (pCoeffs);
  81              	 .loc 1 170 0
  82 0042 FB6A     	 ldr r3,[r7,#44]
  83 0044 BB65     	 str r3,[r7,#88]
 171:../Dave/Generated/CMSIS_DSP/FilteringFunctions/arm_fir_lattice_f32.c **** 
 172:../Dave/Generated/CMSIS_DSP/FilteringFunctions/arm_fir_lattice_f32.c ****     /* Initialize state pointer */
 173:../Dave/Generated/CMSIS_DSP/FilteringFunctions/arm_fir_lattice_f32.c ****     px = pState;
  84              	 .loc 1 173 0
  85 0046 3B6A     	 ldr r3,[r7,#32]
  86 0048 FB65     	 str r3,[r7,#92]
 174:../Dave/Generated/CMSIS_DSP/FilteringFunctions/arm_fir_lattice_f32.c **** 
 175:../Dave/Generated/CMSIS_DSP/FilteringFunctions/arm_fir_lattice_f32.c ****     /* Read g0(n-1) from state */
 176:../Dave/Generated/CMSIS_DSP/FilteringFunctions/arm_fir_lattice_f32.c ****     gcurr1 = *px;
  87              	 .loc 1 176 0
  88 004a FB6D     	 ldr r3,[r7,#92]
  89 004c 1B68     	 ldr r3,[r3]
  90 004e 7B62     	 str r3,[r7,#36]
 177:../Dave/Generated/CMSIS_DSP/FilteringFunctions/arm_fir_lattice_f32.c **** 
 178:../Dave/Generated/CMSIS_DSP/FilteringFunctions/arm_fir_lattice_f32.c ****     /* Process first sample for first tap */
 179:../Dave/Generated/CMSIS_DSP/FilteringFunctions/arm_fir_lattice_f32.c ****     /* f1(n) = f0(n) +  K1 * g0(n-1) */
 180:../Dave/Generated/CMSIS_DSP/FilteringFunctions/arm_fir_lattice_f32.c ****     fnext1 = fcurr1 + ((*pk) * gcurr1);
  91              	 .loc 1 180 0
  92 0050 BB6D     	 ldr r3,[r7,#88]
  93 0052 93ED007A 	 flds s14,[r3]
  94 0056 D7ED097A 	 flds s15,[r7,#36]
  95 005a 27EE277A 	 fmuls s14,s14,s15
  96 005e D7ED157A 	 flds s15,[r7,#84]
  97 0062 77EE277A 	 fadds s15,s14,s15
  98 0066 C7ED077A 	 fsts s15,[r7,#28]
 181:../Dave/Generated/CMSIS_DSP/FilteringFunctions/arm_fir_lattice_f32.c ****     /* g1(n) = f0(n) * K1  +  g0(n-1) */
 182:../Dave/Generated/CMSIS_DSP/FilteringFunctions/arm_fir_lattice_f32.c ****     gnext1 = (fcurr1 * (*pk)) + gcurr1;
  99              	 .loc 1 182 0
 100 006a BB6D     	 ldr r3,[r7,#88]
 101 006c 93ED007A 	 flds s14,[r3]
 102 0070 D7ED157A 	 flds s15,[r7,#84]
 103 0074 27EE277A 	 fmuls s14,s14,s15
 104 0078 D7ED097A 	 flds s15,[r7,#36]
 105 007c 77EE277A 	 fadds s15,s14,s15
 106 0080 C7ED147A 	 fsts s15,[r7,#80]
 183:../Dave/Generated/CMSIS_DSP/FilteringFunctions/arm_fir_lattice_f32.c **** 
 184:../Dave/Generated/CMSIS_DSP/FilteringFunctions/arm_fir_lattice_f32.c ****     /* Process second sample for first tap */
 185:../Dave/Generated/CMSIS_DSP/FilteringFunctions/arm_fir_lattice_f32.c ****     /* for sample 2 processing */
 186:../Dave/Generated/CMSIS_DSP/FilteringFunctions/arm_fir_lattice_f32.c ****     fnext2 = fcurr2 + ((*pk) * fcurr1);
 107              	 .loc 1 186 0
 108 0084 BB6D     	 ldr r3,[r7,#88]
 109 0086 93ED007A 	 flds s14,[r3]
 110 008a D7ED157A 	 flds s15,[r7,#84]
 111 008e 27EE277A 	 fmuls s14,s14,s15
 112 0092 D7ED137A 	 flds s15,[r7,#76]
 113 0096 77EE277A 	 fadds s15,s14,s15
 114 009a C7ED067A 	 fsts s15,[r7,#24]
 187:../Dave/Generated/CMSIS_DSP/FilteringFunctions/arm_fir_lattice_f32.c ****     gnext2 = (fcurr2 * (*pk)) + fcurr1;
 115              	 .loc 1 187 0
 116 009e BB6D     	 ldr r3,[r7,#88]
 117 00a0 93ED007A 	 flds s14,[r3]
 118 00a4 D7ED137A 	 flds s15,[r7,#76]
 119 00a8 27EE277A 	 fmuls s14,s14,s15
 120 00ac D7ED157A 	 flds s15,[r7,#84]
 121 00b0 77EE277A 	 fadds s15,s14,s15
 122 00b4 C7ED127A 	 fsts s15,[r7,#72]
 188:../Dave/Generated/CMSIS_DSP/FilteringFunctions/arm_fir_lattice_f32.c **** 
 189:../Dave/Generated/CMSIS_DSP/FilteringFunctions/arm_fir_lattice_f32.c ****     /* Read next two samples from input buffer */
 190:../Dave/Generated/CMSIS_DSP/FilteringFunctions/arm_fir_lattice_f32.c ****     /* f0(n+2) = x(n+2) */
 191:../Dave/Generated/CMSIS_DSP/FilteringFunctions/arm_fir_lattice_f32.c ****     fcurr3 = *pSrc++;
 123              	 .loc 1 191 0
 124 00b8 BB68     	 ldr r3,[r7,#8]
 125 00ba 1A1D     	 adds r2,r3,#4
 126 00bc BA60     	 str r2,[r7,#8]
 127 00be 1B68     	 ldr r3,[r3]
 128 00c0 7B64     	 str r3,[r7,#68]
 192:../Dave/Generated/CMSIS_DSP/FilteringFunctions/arm_fir_lattice_f32.c ****     fcurr4 = *pSrc++;
 129              	 .loc 1 192 0
 130 00c2 BB68     	 ldr r3,[r7,#8]
 131 00c4 1A1D     	 adds r2,r3,#4
 132 00c6 BA60     	 str r2,[r7,#8]
 133 00c8 1B68     	 ldr r3,[r3]
 134 00ca FB63     	 str r3,[r7,#60]
 193:../Dave/Generated/CMSIS_DSP/FilteringFunctions/arm_fir_lattice_f32.c **** 
 194:../Dave/Generated/CMSIS_DSP/FilteringFunctions/arm_fir_lattice_f32.c ****     /* Copy only last input samples into the state buffer    
 195:../Dave/Generated/CMSIS_DSP/FilteringFunctions/arm_fir_lattice_f32.c ****        which will be used for next four samples processing */
 196:../Dave/Generated/CMSIS_DSP/FilteringFunctions/arm_fir_lattice_f32.c ****     *px++ = fcurr4;
 135              	 .loc 1 196 0
 136 00cc FB6D     	 ldr r3,[r7,#92]
 137 00ce 1A1D     	 adds r2,r3,#4
 138 00d0 FA65     	 str r2,[r7,#92]
 139 00d2 FA6B     	 ldr r2,[r7,#60]
 140 00d4 1A60     	 str r2,[r3]
 197:../Dave/Generated/CMSIS_DSP/FilteringFunctions/arm_fir_lattice_f32.c **** 
 198:../Dave/Generated/CMSIS_DSP/FilteringFunctions/arm_fir_lattice_f32.c ****     /* Process third sample for first tap */
 199:../Dave/Generated/CMSIS_DSP/FilteringFunctions/arm_fir_lattice_f32.c ****     fnext3 = fcurr3 + ((*pk) * fcurr2);
 141              	 .loc 1 199 0
 142 00d6 BB6D     	 ldr r3,[r7,#88]
 143 00d8 93ED007A 	 flds s14,[r3]
 144 00dc D7ED137A 	 flds s15,[r7,#76]
 145 00e0 27EE277A 	 fmuls s14,s14,s15
 146 00e4 D7ED117A 	 flds s15,[r7,#68]
 147 00e8 77EE277A 	 fadds s15,s14,s15
 148 00ec C7ED057A 	 fsts s15,[r7,#20]
 200:../Dave/Generated/CMSIS_DSP/FilteringFunctions/arm_fir_lattice_f32.c ****     gnext3 = (fcurr3 * (*pk)) + fcurr2;
 149              	 .loc 1 200 0
 150 00f0 BB6D     	 ldr r3,[r7,#88]
 151 00f2 93ED007A 	 flds s14,[r3]
 152 00f6 D7ED117A 	 flds s15,[r7,#68]
 153 00fa 27EE277A 	 fmuls s14,s14,s15
 154 00fe D7ED137A 	 flds s15,[r7,#76]
 155 0102 77EE277A 	 fadds s15,s14,s15
 156 0106 C7ED107A 	 fsts s15,[r7,#64]
 201:../Dave/Generated/CMSIS_DSP/FilteringFunctions/arm_fir_lattice_f32.c **** 
 202:../Dave/Generated/CMSIS_DSP/FilteringFunctions/arm_fir_lattice_f32.c ****     /* Process fourth sample for first tap */
 203:../Dave/Generated/CMSIS_DSP/FilteringFunctions/arm_fir_lattice_f32.c ****     fnext4 = fcurr4 + ((*pk) * fcurr3);
 157              	 .loc 1 203 0
 158 010a BB6D     	 ldr r3,[r7,#88]
 159 010c 93ED007A 	 flds s14,[r3]
 160 0110 D7ED117A 	 flds s15,[r7,#68]
 161 0114 27EE277A 	 fmuls s14,s14,s15
 162 0118 D7ED0F7A 	 flds s15,[r7,#60]
 163 011c 77EE277A 	 fadds s15,s14,s15
 164 0120 C7ED047A 	 fsts s15,[r7,#16]
 204:../Dave/Generated/CMSIS_DSP/FilteringFunctions/arm_fir_lattice_f32.c ****     gnext4 = (fcurr4 * (*pk++)) + fcurr3;
 165              	 .loc 1 204 0
 166 0124 BB6D     	 ldr r3,[r7,#88]
 167 0126 1A1D     	 adds r2,r3,#4
 168 0128 BA65     	 str r2,[r7,#88]
 169 012a 93ED007A 	 flds s14,[r3]
 170 012e D7ED0F7A 	 flds s15,[r7,#60]
 171 0132 27EE277A 	 fmuls s14,s14,s15
 172 0136 D7ED117A 	 flds s15,[r7,#68]
 173 013a 77EE277A 	 fadds s15,s14,s15
 174 013e C7ED0E7A 	 fsts s15,[r7,#56]
 205:../Dave/Generated/CMSIS_DSP/FilteringFunctions/arm_fir_lattice_f32.c **** 
 206:../Dave/Generated/CMSIS_DSP/FilteringFunctions/arm_fir_lattice_f32.c ****     /* Update of f values for next coefficient set processing */
 207:../Dave/Generated/CMSIS_DSP/FilteringFunctions/arm_fir_lattice_f32.c ****     fcurr1 = fnext1;
 175              	 .loc 1 207 0
 176 0142 FB69     	 ldr r3,[r7,#28]
 177 0144 7B65     	 str r3,[r7,#84]
 208:../Dave/Generated/CMSIS_DSP/FilteringFunctions/arm_fir_lattice_f32.c ****     fcurr2 = fnext2;
 178              	 .loc 1 208 0
 179 0146 BB69     	 ldr r3,[r7,#24]
 180 0148 FB64     	 str r3,[r7,#76]
 209:../Dave/Generated/CMSIS_DSP/FilteringFunctions/arm_fir_lattice_f32.c ****     fcurr3 = fnext3;
 181              	 .loc 1 209 0
 182 014a 7B69     	 ldr r3,[r7,#20]
 183 014c 7B64     	 str r3,[r7,#68]
 210:../Dave/Generated/CMSIS_DSP/FilteringFunctions/arm_fir_lattice_f32.c ****     fcurr4 = fnext4;
 184              	 .loc 1 210 0
 185 014e 3B69     	 ldr r3,[r7,#16]
 186 0150 FB63     	 str r3,[r7,#60]
 211:../Dave/Generated/CMSIS_DSP/FilteringFunctions/arm_fir_lattice_f32.c **** 
 212:../Dave/Generated/CMSIS_DSP/FilteringFunctions/arm_fir_lattice_f32.c ****     /* Loop unrolling.  Process 4 taps at a time . */
 213:../Dave/Generated/CMSIS_DSP/FilteringFunctions/arm_fir_lattice_f32.c ****     stageCnt = (numStages - 1u) >> 2u;
 187              	 .loc 1 213 0
 188 0152 BB6A     	 ldr r3,[r7,#40]
 189 0154 013B     	 subs r3,r3,#1
 190 0156 9B08     	 lsrs r3,r3,#2
 191 0158 3B63     	 str r3,[r7,#48]
 214:../Dave/Generated/CMSIS_DSP/FilteringFunctions/arm_fir_lattice_f32.c **** 
 215:../Dave/Generated/CMSIS_DSP/FilteringFunctions/arm_fir_lattice_f32.c ****     /* Loop over the number of taps.  Unroll by a factor of 4.    
 216:../Dave/Generated/CMSIS_DSP/FilteringFunctions/arm_fir_lattice_f32.c ****      ** Repeat until we've computed numStages-3 coefficients. */
 217:../Dave/Generated/CMSIS_DSP/FilteringFunctions/arm_fir_lattice_f32.c **** 
 218:../Dave/Generated/CMSIS_DSP/FilteringFunctions/arm_fir_lattice_f32.c ****     /* Process 2nd, 3rd, 4th and 5th taps ... here */
 219:../Dave/Generated/CMSIS_DSP/FilteringFunctions/arm_fir_lattice_f32.c ****     while(stageCnt > 0u)
 192              	 .loc 1 219 0
 193 015a CAE1     	 b .L3
 194              	.L4:
 220:../Dave/Generated/CMSIS_DSP/FilteringFunctions/arm_fir_lattice_f32.c ****     {
 221:../Dave/Generated/CMSIS_DSP/FilteringFunctions/arm_fir_lattice_f32.c ****       /* Read g1(n-1), g3(n-1) .... from state */
 222:../Dave/Generated/CMSIS_DSP/FilteringFunctions/arm_fir_lattice_f32.c ****       gcurr1 = *px;
 195              	 .loc 1 222 0
 196 015c FB6D     	 ldr r3,[r7,#92]
 197 015e 1B68     	 ldr r3,[r3]
 198 0160 7B62     	 str r3,[r7,#36]
 223:../Dave/Generated/CMSIS_DSP/FilteringFunctions/arm_fir_lattice_f32.c **** 
 224:../Dave/Generated/CMSIS_DSP/FilteringFunctions/arm_fir_lattice_f32.c ****       /* save g1(n) in state buffer */
 225:../Dave/Generated/CMSIS_DSP/FilteringFunctions/arm_fir_lattice_f32.c ****       *px++ = gnext4;
 199              	 .loc 1 225 0
 200 0162 FB6D     	 ldr r3,[r7,#92]
 201 0164 1A1D     	 adds r2,r3,#4
 202 0166 FA65     	 str r2,[r7,#92]
 203 0168 BA6B     	 ldr r2,[r7,#56]
 204 016a 1A60     	 str r2,[r3]
 226:../Dave/Generated/CMSIS_DSP/FilteringFunctions/arm_fir_lattice_f32.c **** 
 227:../Dave/Generated/CMSIS_DSP/FilteringFunctions/arm_fir_lattice_f32.c ****       /* Process first sample for 2nd, 6th .. tap */
 228:../Dave/Generated/CMSIS_DSP/FilteringFunctions/arm_fir_lattice_f32.c ****       /* Sample processing for K2, K6.... */
 229:../Dave/Generated/CMSIS_DSP/FilteringFunctions/arm_fir_lattice_f32.c ****       /* f2(n) = f1(n) +  K2 * g1(n-1) */
 230:../Dave/Generated/CMSIS_DSP/FilteringFunctions/arm_fir_lattice_f32.c ****       fnext1 = fcurr1 + ((*pk) * gcurr1);
 205              	 .loc 1 230 0
 206 016c BB6D     	 ldr r3,[r7,#88]
 207 016e 93ED007A 	 flds s14,[r3]
 208 0172 D7ED097A 	 flds s15,[r7,#36]
 209 0176 27EE277A 	 fmuls s14,s14,s15
 210 017a D7ED157A 	 flds s15,[r7,#84]
 211 017e 77EE277A 	 fadds s15,s14,s15
 212 0182 C7ED077A 	 fsts s15,[r7,#28]
 231:../Dave/Generated/CMSIS_DSP/FilteringFunctions/arm_fir_lattice_f32.c ****       /* Process second sample for 2nd, 6th .. tap */
 232:../Dave/Generated/CMSIS_DSP/FilteringFunctions/arm_fir_lattice_f32.c ****       /* for sample 2 processing */
 233:../Dave/Generated/CMSIS_DSP/FilteringFunctions/arm_fir_lattice_f32.c ****       fnext2 = fcurr2 + ((*pk) * gnext1);
 213              	 .loc 1 233 0
 214 0186 BB6D     	 ldr r3,[r7,#88]
 215 0188 93ED007A 	 flds s14,[r3]
 216 018c D7ED147A 	 flds s15,[r7,#80]
 217 0190 27EE277A 	 fmuls s14,s14,s15
 218 0194 D7ED137A 	 flds s15,[r7,#76]
 219 0198 77EE277A 	 fadds s15,s14,s15
 220 019c C7ED067A 	 fsts s15,[r7,#24]
 234:../Dave/Generated/CMSIS_DSP/FilteringFunctions/arm_fir_lattice_f32.c ****       /* Process third sample for 2nd, 6th .. tap */
 235:../Dave/Generated/CMSIS_DSP/FilteringFunctions/arm_fir_lattice_f32.c ****       fnext3 = fcurr3 + ((*pk) * gnext2);
 221              	 .loc 1 235 0
 222 01a0 BB6D     	 ldr r3,[r7,#88]
 223 01a2 93ED007A 	 flds s14,[r3]
 224 01a6 D7ED127A 	 flds s15,[r7,#72]
 225 01aa 27EE277A 	 fmuls s14,s14,s15
 226 01ae D7ED117A 	 flds s15,[r7,#68]
 227 01b2 77EE277A 	 fadds s15,s14,s15
 228 01b6 C7ED057A 	 fsts s15,[r7,#20]
 236:../Dave/Generated/CMSIS_DSP/FilteringFunctions/arm_fir_lattice_f32.c ****       /* Process fourth sample for 2nd, 6th .. tap */
 237:../Dave/Generated/CMSIS_DSP/FilteringFunctions/arm_fir_lattice_f32.c ****       fnext4 = fcurr4 + ((*pk) * gnext3);
 229              	 .loc 1 237 0
 230 01ba BB6D     	 ldr r3,[r7,#88]
 231 01bc 93ED007A 	 flds s14,[r3]
 232 01c0 D7ED107A 	 flds s15,[r7,#64]
 233 01c4 27EE277A 	 fmuls s14,s14,s15
 234 01c8 D7ED0F7A 	 flds s15,[r7,#60]
 235 01cc 77EE277A 	 fadds s15,s14,s15
 236 01d0 C7ED047A 	 fsts s15,[r7,#16]
 238:../Dave/Generated/CMSIS_DSP/FilteringFunctions/arm_fir_lattice_f32.c **** 
 239:../Dave/Generated/CMSIS_DSP/FilteringFunctions/arm_fir_lattice_f32.c ****       /* g2(n) = f1(n) * K2  +  g1(n-1) */
 240:../Dave/Generated/CMSIS_DSP/FilteringFunctions/arm_fir_lattice_f32.c ****       /* Calculation of state values for next stage */
 241:../Dave/Generated/CMSIS_DSP/FilteringFunctions/arm_fir_lattice_f32.c ****       gnext4 = (fcurr4 * (*pk)) + gnext3;
 237              	 .loc 1 241 0
 238 01d4 BB6D     	 ldr r3,[r7,#88]
 239 01d6 93ED007A 	 flds s14,[r3]
 240 01da D7ED0F7A 	 flds s15,[r7,#60]
 241 01de 27EE277A 	 fmuls s14,s14,s15
 242 01e2 D7ED107A 	 flds s15,[r7,#64]
 243 01e6 77EE277A 	 fadds s15,s14,s15
 244 01ea C7ED0E7A 	 fsts s15,[r7,#56]
 242:../Dave/Generated/CMSIS_DSP/FilteringFunctions/arm_fir_lattice_f32.c ****       gnext3 = (fcurr3 * (*pk)) + gnext2;
 245              	 .loc 1 242 0
 246 01ee BB6D     	 ldr r3,[r7,#88]
 247 01f0 93ED007A 	 flds s14,[r3]
 248 01f4 D7ED117A 	 flds s15,[r7,#68]
 249 01f8 27EE277A 	 fmuls s14,s14,s15
 250 01fc D7ED127A 	 flds s15,[r7,#72]
 251 0200 77EE277A 	 fadds s15,s14,s15
 252 0204 C7ED107A 	 fsts s15,[r7,#64]
 243:../Dave/Generated/CMSIS_DSP/FilteringFunctions/arm_fir_lattice_f32.c ****       gnext2 = (fcurr2 * (*pk)) + gnext1;
 253              	 .loc 1 243 0
 254 0208 BB6D     	 ldr r3,[r7,#88]
 255 020a 93ED007A 	 flds s14,[r3]
 256 020e D7ED137A 	 flds s15,[r7,#76]
 257 0212 27EE277A 	 fmuls s14,s14,s15
 258 0216 D7ED147A 	 flds s15,[r7,#80]
 259 021a 77EE277A 	 fadds s15,s14,s15
 260 021e C7ED127A 	 fsts s15,[r7,#72]
 244:../Dave/Generated/CMSIS_DSP/FilteringFunctions/arm_fir_lattice_f32.c ****       gnext1 = (fcurr1 * (*pk++)) + gcurr1;
 261              	 .loc 1 244 0
 262 0222 BB6D     	 ldr r3,[r7,#88]
 263 0224 1A1D     	 adds r2,r3,#4
 264 0226 BA65     	 str r2,[r7,#88]
 265 0228 93ED007A 	 flds s14,[r3]
 266 022c D7ED157A 	 flds s15,[r7,#84]
 267 0230 27EE277A 	 fmuls s14,s14,s15
 268 0234 D7ED097A 	 flds s15,[r7,#36]
 269 0238 77EE277A 	 fadds s15,s14,s15
 270 023c C7ED147A 	 fsts s15,[r7,#80]
 245:../Dave/Generated/CMSIS_DSP/FilteringFunctions/arm_fir_lattice_f32.c **** 
 246:../Dave/Generated/CMSIS_DSP/FilteringFunctions/arm_fir_lattice_f32.c **** 
 247:../Dave/Generated/CMSIS_DSP/FilteringFunctions/arm_fir_lattice_f32.c ****       /* Read g2(n-1), g4(n-1) .... from state */
 248:../Dave/Generated/CMSIS_DSP/FilteringFunctions/arm_fir_lattice_f32.c ****       gcurr1 = *px;
 271              	 .loc 1 248 0
 272 0240 FB6D     	 ldr r3,[r7,#92]
 273 0242 1B68     	 ldr r3,[r3]
 274 0244 7B62     	 str r3,[r7,#36]
 249:../Dave/Generated/CMSIS_DSP/FilteringFunctions/arm_fir_lattice_f32.c **** 
 250:../Dave/Generated/CMSIS_DSP/FilteringFunctions/arm_fir_lattice_f32.c ****       /* save g2(n) in state buffer */
 251:../Dave/Generated/CMSIS_DSP/FilteringFunctions/arm_fir_lattice_f32.c ****       *px++ = gnext4;
 275              	 .loc 1 251 0
 276 0246 FB6D     	 ldr r3,[r7,#92]
 277 0248 1A1D     	 adds r2,r3,#4
 278 024a FA65     	 str r2,[r7,#92]
 279 024c BA6B     	 ldr r2,[r7,#56]
 280 024e 1A60     	 str r2,[r3]
 252:../Dave/Generated/CMSIS_DSP/FilteringFunctions/arm_fir_lattice_f32.c **** 
 253:../Dave/Generated/CMSIS_DSP/FilteringFunctions/arm_fir_lattice_f32.c ****       /* Sample processing for K3, K7.... */
 254:../Dave/Generated/CMSIS_DSP/FilteringFunctions/arm_fir_lattice_f32.c ****       /* Process first sample for 3rd, 7th .. tap */
 255:../Dave/Generated/CMSIS_DSP/FilteringFunctions/arm_fir_lattice_f32.c ****       /* f3(n) = f2(n) +  K3 * g2(n-1) */
 256:../Dave/Generated/CMSIS_DSP/FilteringFunctions/arm_fir_lattice_f32.c ****       fcurr1 = fnext1 + ((*pk) * gcurr1);
 281              	 .loc 1 256 0
 282 0250 BB6D     	 ldr r3,[r7,#88]
 283 0252 93ED007A 	 flds s14,[r3]
 284 0256 D7ED097A 	 flds s15,[r7,#36]
 285 025a 27EE277A 	 fmuls s14,s14,s15
 286 025e D7ED077A 	 flds s15,[r7,#28]
 287 0262 77EE277A 	 fadds s15,s14,s15
 288 0266 C7ED157A 	 fsts s15,[r7,#84]
 257:../Dave/Generated/CMSIS_DSP/FilteringFunctions/arm_fir_lattice_f32.c ****       /* Process second sample for 3rd, 7th .. tap */
 258:../Dave/Generated/CMSIS_DSP/FilteringFunctions/arm_fir_lattice_f32.c ****       fcurr2 = fnext2 + ((*pk) * gnext1);
 289              	 .loc 1 258 0
 290 026a BB6D     	 ldr r3,[r7,#88]
 291 026c 93ED007A 	 flds s14,[r3]
 292 0270 D7ED147A 	 flds s15,[r7,#80]
 293 0274 27EE277A 	 fmuls s14,s14,s15
 294 0278 D7ED067A 	 flds s15,[r7,#24]
 295 027c 77EE277A 	 fadds s15,s14,s15
 296 0280 C7ED137A 	 fsts s15,[r7,#76]
 259:../Dave/Generated/CMSIS_DSP/FilteringFunctions/arm_fir_lattice_f32.c ****       /* Process third sample for 3rd, 7th .. tap */
 260:../Dave/Generated/CMSIS_DSP/FilteringFunctions/arm_fir_lattice_f32.c ****       fcurr3 = fnext3 + ((*pk) * gnext2);
 297              	 .loc 1 260 0
 298 0284 BB6D     	 ldr r3,[r7,#88]
 299 0286 93ED007A 	 flds s14,[r3]
 300 028a D7ED127A 	 flds s15,[r7,#72]
 301 028e 27EE277A 	 fmuls s14,s14,s15
 302 0292 D7ED057A 	 flds s15,[r7,#20]
 303 0296 77EE277A 	 fadds s15,s14,s15
 304 029a C7ED117A 	 fsts s15,[r7,#68]
 261:../Dave/Generated/CMSIS_DSP/FilteringFunctions/arm_fir_lattice_f32.c ****       /* Process fourth sample for 3rd, 7th .. tap */
 262:../Dave/Generated/CMSIS_DSP/FilteringFunctions/arm_fir_lattice_f32.c ****       fcurr4 = fnext4 + ((*pk) * gnext3);
 305              	 .loc 1 262 0
 306 029e BB6D     	 ldr r3,[r7,#88]
 307 02a0 93ED007A 	 flds s14,[r3]
 308 02a4 D7ED107A 	 flds s15,[r7,#64]
 309 02a8 27EE277A 	 fmuls s14,s14,s15
 310 02ac D7ED047A 	 flds s15,[r7,#16]
 311 02b0 77EE277A 	 fadds s15,s14,s15
 312 02b4 C7ED0F7A 	 fsts s15,[r7,#60]
 263:../Dave/Generated/CMSIS_DSP/FilteringFunctions/arm_fir_lattice_f32.c **** 
 264:../Dave/Generated/CMSIS_DSP/FilteringFunctions/arm_fir_lattice_f32.c ****       /* Calculation of state values for next stage */
 265:../Dave/Generated/CMSIS_DSP/FilteringFunctions/arm_fir_lattice_f32.c ****       /* g3(n) = f2(n) * K3  +  g2(n-1) */
 266:../Dave/Generated/CMSIS_DSP/FilteringFunctions/arm_fir_lattice_f32.c ****       gnext4 = (fnext4 * (*pk)) + gnext3;
 313              	 .loc 1 266 0
 314 02b8 BB6D     	 ldr r3,[r7,#88]
 315 02ba 93ED007A 	 flds s14,[r3]
 316 02be D7ED047A 	 flds s15,[r7,#16]
 317 02c2 27EE277A 	 fmuls s14,s14,s15
 318 02c6 D7ED107A 	 flds s15,[r7,#64]
 319 02ca 77EE277A 	 fadds s15,s14,s15
 320 02ce C7ED0E7A 	 fsts s15,[r7,#56]
 267:../Dave/Generated/CMSIS_DSP/FilteringFunctions/arm_fir_lattice_f32.c ****       gnext3 = (fnext3 * (*pk)) + gnext2;
 321              	 .loc 1 267 0
 322 02d2 BB6D     	 ldr r3,[r7,#88]
 323 02d4 93ED007A 	 flds s14,[r3]
 324 02d8 D7ED057A 	 flds s15,[r7,#20]
 325 02dc 27EE277A 	 fmuls s14,s14,s15
 326 02e0 D7ED127A 	 flds s15,[r7,#72]
 327 02e4 77EE277A 	 fadds s15,s14,s15
 328 02e8 C7ED107A 	 fsts s15,[r7,#64]
 268:../Dave/Generated/CMSIS_DSP/FilteringFunctions/arm_fir_lattice_f32.c ****       gnext2 = (fnext2 * (*pk)) + gnext1;
 329              	 .loc 1 268 0
 330 02ec BB6D     	 ldr r3,[r7,#88]
 331 02ee 93ED007A 	 flds s14,[r3]
 332 02f2 D7ED067A 	 flds s15,[r7,#24]
 333 02f6 27EE277A 	 fmuls s14,s14,s15
 334 02fa D7ED147A 	 flds s15,[r7,#80]
 335 02fe 77EE277A 	 fadds s15,s14,s15
 336 0302 C7ED127A 	 fsts s15,[r7,#72]
 269:../Dave/Generated/CMSIS_DSP/FilteringFunctions/arm_fir_lattice_f32.c ****       gnext1 = (fnext1 * (*pk++)) + gcurr1;
 337              	 .loc 1 269 0
 338 0306 BB6D     	 ldr r3,[r7,#88]
 339 0308 1A1D     	 adds r2,r3,#4
 340 030a BA65     	 str r2,[r7,#88]
 341 030c 93ED007A 	 flds s14,[r3]
 342 0310 D7ED077A 	 flds s15,[r7,#28]
 343 0314 27EE277A 	 fmuls s14,s14,s15
 344 0318 D7ED097A 	 flds s15,[r7,#36]
 345 031c 77EE277A 	 fadds s15,s14,s15
 346 0320 C7ED147A 	 fsts s15,[r7,#80]
 270:../Dave/Generated/CMSIS_DSP/FilteringFunctions/arm_fir_lattice_f32.c **** 
 271:../Dave/Generated/CMSIS_DSP/FilteringFunctions/arm_fir_lattice_f32.c **** 
 272:../Dave/Generated/CMSIS_DSP/FilteringFunctions/arm_fir_lattice_f32.c ****       /* Read g1(n-1), g3(n-1) .... from state */
 273:../Dave/Generated/CMSIS_DSP/FilteringFunctions/arm_fir_lattice_f32.c ****       gcurr1 = *px;
 347              	 .loc 1 273 0
 348 0324 FB6D     	 ldr r3,[r7,#92]
 349 0326 1B68     	 ldr r3,[r3]
 350 0328 7B62     	 str r3,[r7,#36]
 274:../Dave/Generated/CMSIS_DSP/FilteringFunctions/arm_fir_lattice_f32.c **** 
 275:../Dave/Generated/CMSIS_DSP/FilteringFunctions/arm_fir_lattice_f32.c ****       /* save g3(n) in state buffer */
 276:../Dave/Generated/CMSIS_DSP/FilteringFunctions/arm_fir_lattice_f32.c ****       *px++ = gnext4;
 351              	 .loc 1 276 0
 352 032a FB6D     	 ldr r3,[r7,#92]
 353 032c 1A1D     	 adds r2,r3,#4
 354 032e FA65     	 str r2,[r7,#92]
 355 0330 BA6B     	 ldr r2,[r7,#56]
 356 0332 1A60     	 str r2,[r3]
 277:../Dave/Generated/CMSIS_DSP/FilteringFunctions/arm_fir_lattice_f32.c **** 
 278:../Dave/Generated/CMSIS_DSP/FilteringFunctions/arm_fir_lattice_f32.c ****       /* Sample processing for K4, K8.... */
 279:../Dave/Generated/CMSIS_DSP/FilteringFunctions/arm_fir_lattice_f32.c ****       /* Process first sample for 4th, 8th .. tap */
 280:../Dave/Generated/CMSIS_DSP/FilteringFunctions/arm_fir_lattice_f32.c ****       /* f4(n) = f3(n) +  K4 * g3(n-1) */
 281:../Dave/Generated/CMSIS_DSP/FilteringFunctions/arm_fir_lattice_f32.c ****       fnext1 = fcurr1 + ((*pk) * gcurr1);
 357              	 .loc 1 281 0
 358 0334 BB6D     	 ldr r3,[r7,#88]
 359 0336 93ED007A 	 flds s14,[r3]
 360 033a D7ED097A 	 flds s15,[r7,#36]
 361 033e 27EE277A 	 fmuls s14,s14,s15
 362 0342 D7ED157A 	 flds s15,[r7,#84]
 363 0346 77EE277A 	 fadds s15,s14,s15
 364 034a C7ED077A 	 fsts s15,[r7,#28]
 282:../Dave/Generated/CMSIS_DSP/FilteringFunctions/arm_fir_lattice_f32.c ****       /* Process second sample for 4th, 8th .. tap */
 283:../Dave/Generated/CMSIS_DSP/FilteringFunctions/arm_fir_lattice_f32.c ****       /* for sample 2 processing */
 284:../Dave/Generated/CMSIS_DSP/FilteringFunctions/arm_fir_lattice_f32.c ****       fnext2 = fcurr2 + ((*pk) * gnext1);
 365              	 .loc 1 284 0
 366 034e BB6D     	 ldr r3,[r7,#88]
 367 0350 93ED007A 	 flds s14,[r3]
 368 0354 D7ED147A 	 flds s15,[r7,#80]
 369 0358 27EE277A 	 fmuls s14,s14,s15
 370 035c D7ED137A 	 flds s15,[r7,#76]
 371 0360 77EE277A 	 fadds s15,s14,s15
 372 0364 C7ED067A 	 fsts s15,[r7,#24]
 285:../Dave/Generated/CMSIS_DSP/FilteringFunctions/arm_fir_lattice_f32.c ****       /* Process third sample for 4th, 8th .. tap */
 286:../Dave/Generated/CMSIS_DSP/FilteringFunctions/arm_fir_lattice_f32.c ****       fnext3 = fcurr3 + ((*pk) * gnext2);
 373              	 .loc 1 286 0
 374 0368 BB6D     	 ldr r3,[r7,#88]
 375 036a 93ED007A 	 flds s14,[r3]
 376 036e D7ED127A 	 flds s15,[r7,#72]
 377 0372 27EE277A 	 fmuls s14,s14,s15
 378 0376 D7ED117A 	 flds s15,[r7,#68]
 379 037a 77EE277A 	 fadds s15,s14,s15
 380 037e C7ED057A 	 fsts s15,[r7,#20]
 287:../Dave/Generated/CMSIS_DSP/FilteringFunctions/arm_fir_lattice_f32.c ****       /* Process fourth sample for 4th, 8th .. tap */
 288:../Dave/Generated/CMSIS_DSP/FilteringFunctions/arm_fir_lattice_f32.c ****       fnext4 = fcurr4 + ((*pk) * gnext3);
 381              	 .loc 1 288 0
 382 0382 BB6D     	 ldr r3,[r7,#88]
 383 0384 93ED007A 	 flds s14,[r3]
 384 0388 D7ED107A 	 flds s15,[r7,#64]
 385 038c 27EE277A 	 fmuls s14,s14,s15
 386 0390 D7ED0F7A 	 flds s15,[r7,#60]
 387 0394 77EE277A 	 fadds s15,s14,s15
 388 0398 C7ED047A 	 fsts s15,[r7,#16]
 289:../Dave/Generated/CMSIS_DSP/FilteringFunctions/arm_fir_lattice_f32.c **** 
 290:../Dave/Generated/CMSIS_DSP/FilteringFunctions/arm_fir_lattice_f32.c ****       /* g4(n) = f3(n) * K4  +  g3(n-1) */
 291:../Dave/Generated/CMSIS_DSP/FilteringFunctions/arm_fir_lattice_f32.c ****       /* Calculation of state values for next stage */
 292:../Dave/Generated/CMSIS_DSP/FilteringFunctions/arm_fir_lattice_f32.c ****       gnext4 = (fcurr4 * (*pk)) + gnext3;
 389              	 .loc 1 292 0
 390 039c BB6D     	 ldr r3,[r7,#88]
 391 039e 93ED007A 	 flds s14,[r3]
 392 03a2 D7ED0F7A 	 flds s15,[r7,#60]
 393 03a6 27EE277A 	 fmuls s14,s14,s15
 394 03aa D7ED107A 	 flds s15,[r7,#64]
 395 03ae 77EE277A 	 fadds s15,s14,s15
 396 03b2 C7ED0E7A 	 fsts s15,[r7,#56]
 293:../Dave/Generated/CMSIS_DSP/FilteringFunctions/arm_fir_lattice_f32.c ****       gnext3 = (fcurr3 * (*pk)) + gnext2;
 397              	 .loc 1 293 0
 398 03b6 BB6D     	 ldr r3,[r7,#88]
 399 03b8 93ED007A 	 flds s14,[r3]
 400 03bc D7ED117A 	 flds s15,[r7,#68]
 401 03c0 27EE277A 	 fmuls s14,s14,s15
 402 03c4 D7ED127A 	 flds s15,[r7,#72]
 403 03c8 77EE277A 	 fadds s15,s14,s15
 404 03cc C7ED107A 	 fsts s15,[r7,#64]
 294:../Dave/Generated/CMSIS_DSP/FilteringFunctions/arm_fir_lattice_f32.c ****       gnext2 = (fcurr2 * (*pk)) + gnext1;
 405              	 .loc 1 294 0
 406 03d0 BB6D     	 ldr r3,[r7,#88]
 407 03d2 93ED007A 	 flds s14,[r3]
 408 03d6 D7ED137A 	 flds s15,[r7,#76]
 409 03da 27EE277A 	 fmuls s14,s14,s15
 410 03de D7ED147A 	 flds s15,[r7,#80]
 411 03e2 77EE277A 	 fadds s15,s14,s15
 412 03e6 C7ED127A 	 fsts s15,[r7,#72]
 295:../Dave/Generated/CMSIS_DSP/FilteringFunctions/arm_fir_lattice_f32.c ****       gnext1 = (fcurr1 * (*pk++)) + gcurr1;
 413              	 .loc 1 295 0
 414 03ea BB6D     	 ldr r3,[r7,#88]
 415 03ec 1A1D     	 adds r2,r3,#4
 416 03ee BA65     	 str r2,[r7,#88]
 417 03f0 93ED007A 	 flds s14,[r3]
 418 03f4 D7ED157A 	 flds s15,[r7,#84]
 419 03f8 27EE277A 	 fmuls s14,s14,s15
 420 03fc D7ED097A 	 flds s15,[r7,#36]
 421 0400 77EE277A 	 fadds s15,s14,s15
 422 0404 C7ED147A 	 fsts s15,[r7,#80]
 296:../Dave/Generated/CMSIS_DSP/FilteringFunctions/arm_fir_lattice_f32.c **** 
 297:../Dave/Generated/CMSIS_DSP/FilteringFunctions/arm_fir_lattice_f32.c ****       /* Read g2(n-1), g4(n-1) .... from state */
 298:../Dave/Generated/CMSIS_DSP/FilteringFunctions/arm_fir_lattice_f32.c ****       gcurr1 = *px;
 423              	 .loc 1 298 0
 424 0408 FB6D     	 ldr r3,[r7,#92]
 425 040a 1B68     	 ldr r3,[r3]
 426 040c 7B62     	 str r3,[r7,#36]
 299:../Dave/Generated/CMSIS_DSP/FilteringFunctions/arm_fir_lattice_f32.c **** 
 300:../Dave/Generated/CMSIS_DSP/FilteringFunctions/arm_fir_lattice_f32.c ****       /* save g4(n) in state buffer */
 301:../Dave/Generated/CMSIS_DSP/FilteringFunctions/arm_fir_lattice_f32.c ****       *px++ = gnext4;
 427              	 .loc 1 301 0
 428 040e FB6D     	 ldr r3,[r7,#92]
 429 0410 1A1D     	 adds r2,r3,#4
 430 0412 FA65     	 str r2,[r7,#92]
 431 0414 BA6B     	 ldr r2,[r7,#56]
 432 0416 1A60     	 str r2,[r3]
 302:../Dave/Generated/CMSIS_DSP/FilteringFunctions/arm_fir_lattice_f32.c **** 
 303:../Dave/Generated/CMSIS_DSP/FilteringFunctions/arm_fir_lattice_f32.c ****       /* Sample processing for K5, K9.... */
 304:../Dave/Generated/CMSIS_DSP/FilteringFunctions/arm_fir_lattice_f32.c ****       /* Process first sample for 5th, 9th .. tap */
 305:../Dave/Generated/CMSIS_DSP/FilteringFunctions/arm_fir_lattice_f32.c ****       /* f5(n) = f4(n) +  K5 * g4(n-1) */
 306:../Dave/Generated/CMSIS_DSP/FilteringFunctions/arm_fir_lattice_f32.c ****       fcurr1 = fnext1 + ((*pk) * gcurr1);
 433              	 .loc 1 306 0
 434 0418 BB6D     	 ldr r3,[r7,#88]
 435 041a 93ED007A 	 flds s14,[r3]
 436 041e D7ED097A 	 flds s15,[r7,#36]
 437 0422 27EE277A 	 fmuls s14,s14,s15
 438 0426 D7ED077A 	 flds s15,[r7,#28]
 439 042a 77EE277A 	 fadds s15,s14,s15
 440 042e C7ED157A 	 fsts s15,[r7,#84]
 307:../Dave/Generated/CMSIS_DSP/FilteringFunctions/arm_fir_lattice_f32.c ****       /* Process second sample for 5th, 9th .. tap */
 308:../Dave/Generated/CMSIS_DSP/FilteringFunctions/arm_fir_lattice_f32.c ****       fcurr2 = fnext2 + ((*pk) * gnext1);
 441              	 .loc 1 308 0
 442 0432 BB6D     	 ldr r3,[r7,#88]
 443 0434 93ED007A 	 flds s14,[r3]
 444 0438 D7ED147A 	 flds s15,[r7,#80]
 445 043c 27EE277A 	 fmuls s14,s14,s15
 446 0440 D7ED067A 	 flds s15,[r7,#24]
 447 0444 77EE277A 	 fadds s15,s14,s15
 448 0448 C7ED137A 	 fsts s15,[r7,#76]
 309:../Dave/Generated/CMSIS_DSP/FilteringFunctions/arm_fir_lattice_f32.c ****       /* Process third sample for 5th, 9th .. tap */
 310:../Dave/Generated/CMSIS_DSP/FilteringFunctions/arm_fir_lattice_f32.c ****       fcurr3 = fnext3 + ((*pk) * gnext2);
 449              	 .loc 1 310 0
 450 044c BB6D     	 ldr r3,[r7,#88]
 451 044e 93ED007A 	 flds s14,[r3]
 452 0452 D7ED127A 	 flds s15,[r7,#72]
 453 0456 27EE277A 	 fmuls s14,s14,s15
 454 045a D7ED057A 	 flds s15,[r7,#20]
 455 045e 77EE277A 	 fadds s15,s14,s15
 456 0462 C7ED117A 	 fsts s15,[r7,#68]
 311:../Dave/Generated/CMSIS_DSP/FilteringFunctions/arm_fir_lattice_f32.c ****       /* Process fourth sample for 5th, 9th .. tap */
 312:../Dave/Generated/CMSIS_DSP/FilteringFunctions/arm_fir_lattice_f32.c ****       fcurr4 = fnext4 + ((*pk) * gnext3);
 457              	 .loc 1 312 0
 458 0466 BB6D     	 ldr r3,[r7,#88]
 459 0468 93ED007A 	 flds s14,[r3]
 460 046c D7ED107A 	 flds s15,[r7,#64]
 461 0470 27EE277A 	 fmuls s14,s14,s15
 462 0474 D7ED047A 	 flds s15,[r7,#16]
 463 0478 77EE277A 	 fadds s15,s14,s15
 464 047c C7ED0F7A 	 fsts s15,[r7,#60]
 313:../Dave/Generated/CMSIS_DSP/FilteringFunctions/arm_fir_lattice_f32.c **** 
 314:../Dave/Generated/CMSIS_DSP/FilteringFunctions/arm_fir_lattice_f32.c ****       /* Calculation of state values for next stage */
 315:../Dave/Generated/CMSIS_DSP/FilteringFunctions/arm_fir_lattice_f32.c ****       /* g5(n) = f4(n) * K5  +  g4(n-1) */
 316:../Dave/Generated/CMSIS_DSP/FilteringFunctions/arm_fir_lattice_f32.c ****       gnext4 = (fnext4 * (*pk)) + gnext3;
 465              	 .loc 1 316 0
 466 0480 BB6D     	 ldr r3,[r7,#88]
 467 0482 93ED007A 	 flds s14,[r3]
 468 0486 D7ED047A 	 flds s15,[r7,#16]
 469 048a 27EE277A 	 fmuls s14,s14,s15
 470 048e D7ED107A 	 flds s15,[r7,#64]
 471 0492 77EE277A 	 fadds s15,s14,s15
 472 0496 C7ED0E7A 	 fsts s15,[r7,#56]
 317:../Dave/Generated/CMSIS_DSP/FilteringFunctions/arm_fir_lattice_f32.c ****       gnext3 = (fnext3 * (*pk)) + gnext2;
 473              	 .loc 1 317 0
 474 049a BB6D     	 ldr r3,[r7,#88]
 475 049c 93ED007A 	 flds s14,[r3]
 476 04a0 D7ED057A 	 flds s15,[r7,#20]
 477 04a4 27EE277A 	 fmuls s14,s14,s15
 478 04a8 D7ED127A 	 flds s15,[r7,#72]
 479 04ac 77EE277A 	 fadds s15,s14,s15
 480 04b0 C7ED107A 	 fsts s15,[r7,#64]
 318:../Dave/Generated/CMSIS_DSP/FilteringFunctions/arm_fir_lattice_f32.c ****       gnext2 = (fnext2 * (*pk)) + gnext1;
 481              	 .loc 1 318 0
 482 04b4 BB6D     	 ldr r3,[r7,#88]
 483 04b6 93ED007A 	 flds s14,[r3]
 484 04ba D7ED067A 	 flds s15,[r7,#24]
 485 04be 27EE277A 	 fmuls s14,s14,s15
 486 04c2 D7ED147A 	 flds s15,[r7,#80]
 487 04c6 77EE277A 	 fadds s15,s14,s15
 488 04ca C7ED127A 	 fsts s15,[r7,#72]
 319:../Dave/Generated/CMSIS_DSP/FilteringFunctions/arm_fir_lattice_f32.c ****       gnext1 = (fnext1 * (*pk++)) + gcurr1;
 489              	 .loc 1 319 0
 490 04ce BB6D     	 ldr r3,[r7,#88]
 491 04d0 1A1D     	 adds r2,r3,#4
 492 04d2 BA65     	 str r2,[r7,#88]
 493 04d4 93ED007A 	 flds s14,[r3]
 494 04d8 D7ED077A 	 flds s15,[r7,#28]
 495 04dc 27EE277A 	 fmuls s14,s14,s15
 496 04e0 D7ED097A 	 flds s15,[r7,#36]
 497 04e4 77EE277A 	 fadds s15,s14,s15
 498 04e8 C7ED147A 	 fsts s15,[r7,#80]
 320:../Dave/Generated/CMSIS_DSP/FilteringFunctions/arm_fir_lattice_f32.c **** 
 321:../Dave/Generated/CMSIS_DSP/FilteringFunctions/arm_fir_lattice_f32.c ****       stageCnt--;
 499              	 .loc 1 321 0
 500 04ec 3B6B     	 ldr r3,[r7,#48]
 501 04ee 013B     	 subs r3,r3,#1
 502 04f0 3B63     	 str r3,[r7,#48]
 503              	.L3:
 219:../Dave/Generated/CMSIS_DSP/FilteringFunctions/arm_fir_lattice_f32.c ****     {
 504              	 .loc 1 219 0
 505 04f2 3B6B     	 ldr r3,[r7,#48]
 506 04f4 002B     	 cmp r3,#0
 507 04f6 7FF431AE 	 bne .L4
 322:../Dave/Generated/CMSIS_DSP/FilteringFunctions/arm_fir_lattice_f32.c ****     }
 323:../Dave/Generated/CMSIS_DSP/FilteringFunctions/arm_fir_lattice_f32.c **** 
 324:../Dave/Generated/CMSIS_DSP/FilteringFunctions/arm_fir_lattice_f32.c ****     /* If the (filter length -1) is not a multiple of 4, compute the remaining filter taps */
 325:../Dave/Generated/CMSIS_DSP/FilteringFunctions/arm_fir_lattice_f32.c ****     stageCnt = (numStages - 1u) % 0x4u;
 508              	 .loc 1 325 0
 509 04fa BB6A     	 ldr r3,[r7,#40]
 510 04fc 013B     	 subs r3,r3,#1
 511 04fe 03F00303 	 and r3,r3,#3
 512 0502 3B63     	 str r3,[r7,#48]
 326:../Dave/Generated/CMSIS_DSP/FilteringFunctions/arm_fir_lattice_f32.c **** 
 327:../Dave/Generated/CMSIS_DSP/FilteringFunctions/arm_fir_lattice_f32.c ****     while(stageCnt > 0u)
 513              	 .loc 1 327 0
 514 0504 7CE0     	 b .L5
 515              	.L6:
 328:../Dave/Generated/CMSIS_DSP/FilteringFunctions/arm_fir_lattice_f32.c ****     {
 329:../Dave/Generated/CMSIS_DSP/FilteringFunctions/arm_fir_lattice_f32.c ****       gcurr1 = *px;
 516              	 .loc 1 329 0
 517 0506 FB6D     	 ldr r3,[r7,#92]
 518 0508 1B68     	 ldr r3,[r3]
 519 050a 7B62     	 str r3,[r7,#36]
 330:../Dave/Generated/CMSIS_DSP/FilteringFunctions/arm_fir_lattice_f32.c **** 
 331:../Dave/Generated/CMSIS_DSP/FilteringFunctions/arm_fir_lattice_f32.c ****       /* save g value in state buffer */
 332:../Dave/Generated/CMSIS_DSP/FilteringFunctions/arm_fir_lattice_f32.c ****       *px++ = gnext4;
 520              	 .loc 1 332 0
 521 050c FB6D     	 ldr r3,[r7,#92]
 522 050e 1A1D     	 adds r2,r3,#4
 523 0510 FA65     	 str r2,[r7,#92]
 524 0512 BA6B     	 ldr r2,[r7,#56]
 525 0514 1A60     	 str r2,[r3]
 333:../Dave/Generated/CMSIS_DSP/FilteringFunctions/arm_fir_lattice_f32.c **** 
 334:../Dave/Generated/CMSIS_DSP/FilteringFunctions/arm_fir_lattice_f32.c ****       /* Process four samples for last three taps here */
 335:../Dave/Generated/CMSIS_DSP/FilteringFunctions/arm_fir_lattice_f32.c ****       fnext1 = fcurr1 + ((*pk) * gcurr1);
 526              	 .loc 1 335 0
 527 0516 BB6D     	 ldr r3,[r7,#88]
 528 0518 93ED007A 	 flds s14,[r3]
 529 051c D7ED097A 	 flds s15,[r7,#36]
 530 0520 27EE277A 	 fmuls s14,s14,s15
 531 0524 D7ED157A 	 flds s15,[r7,#84]
 532 0528 77EE277A 	 fadds s15,s14,s15
 533 052c C7ED077A 	 fsts s15,[r7,#28]
 336:../Dave/Generated/CMSIS_DSP/FilteringFunctions/arm_fir_lattice_f32.c ****       fnext2 = fcurr2 + ((*pk) * gnext1);
 534              	 .loc 1 336 0
 535 0530 BB6D     	 ldr r3,[r7,#88]
 536 0532 93ED007A 	 flds s14,[r3]
 537 0536 D7ED147A 	 flds s15,[r7,#80]
 538 053a 27EE277A 	 fmuls s14,s14,s15
 539 053e D7ED137A 	 flds s15,[r7,#76]
 540 0542 77EE277A 	 fadds s15,s14,s15
 541 0546 C7ED067A 	 fsts s15,[r7,#24]
 337:../Dave/Generated/CMSIS_DSP/FilteringFunctions/arm_fir_lattice_f32.c ****       fnext3 = fcurr3 + ((*pk) * gnext2);
 542              	 .loc 1 337 0
 543 054a BB6D     	 ldr r3,[r7,#88]
 544 054c 93ED007A 	 flds s14,[r3]
 545 0550 D7ED127A 	 flds s15,[r7,#72]
 546 0554 27EE277A 	 fmuls s14,s14,s15
 547 0558 D7ED117A 	 flds s15,[r7,#68]
 548 055c 77EE277A 	 fadds s15,s14,s15
 549 0560 C7ED057A 	 fsts s15,[r7,#20]
 338:../Dave/Generated/CMSIS_DSP/FilteringFunctions/arm_fir_lattice_f32.c ****       fnext4 = fcurr4 + ((*pk) * gnext3);
 550              	 .loc 1 338 0
 551 0564 BB6D     	 ldr r3,[r7,#88]
 552 0566 93ED007A 	 flds s14,[r3]
 553 056a D7ED107A 	 flds s15,[r7,#64]
 554 056e 27EE277A 	 fmuls s14,s14,s15
 555 0572 D7ED0F7A 	 flds s15,[r7,#60]
 556 0576 77EE277A 	 fadds s15,s14,s15
 557 057a C7ED047A 	 fsts s15,[r7,#16]
 339:../Dave/Generated/CMSIS_DSP/FilteringFunctions/arm_fir_lattice_f32.c **** 
 340:../Dave/Generated/CMSIS_DSP/FilteringFunctions/arm_fir_lattice_f32.c ****       /* g1(n) = f0(n) * K1  +  g0(n-1) */
 341:../Dave/Generated/CMSIS_DSP/FilteringFunctions/arm_fir_lattice_f32.c ****       gnext4 = (fcurr4 * (*pk)) + gnext3;
 558              	 .loc 1 341 0
 559 057e BB6D     	 ldr r3,[r7,#88]
 560 0580 93ED007A 	 flds s14,[r3]
 561 0584 D7ED0F7A 	 flds s15,[r7,#60]
 562 0588 27EE277A 	 fmuls s14,s14,s15
 563 058c D7ED107A 	 flds s15,[r7,#64]
 564 0590 77EE277A 	 fadds s15,s14,s15
 565 0594 C7ED0E7A 	 fsts s15,[r7,#56]
 342:../Dave/Generated/CMSIS_DSP/FilteringFunctions/arm_fir_lattice_f32.c ****       gnext3 = (fcurr3 * (*pk)) + gnext2;
 566              	 .loc 1 342 0
 567 0598 BB6D     	 ldr r3,[r7,#88]
 568 059a 93ED007A 	 flds s14,[r3]
 569 059e D7ED117A 	 flds s15,[r7,#68]
 570 05a2 27EE277A 	 fmuls s14,s14,s15
 571 05a6 D7ED127A 	 flds s15,[r7,#72]
 572 05aa 77EE277A 	 fadds s15,s14,s15
 573 05ae C7ED107A 	 fsts s15,[r7,#64]
 343:../Dave/Generated/CMSIS_DSP/FilteringFunctions/arm_fir_lattice_f32.c ****       gnext2 = (fcurr2 * (*pk)) + gnext1;
 574              	 .loc 1 343 0
 575 05b2 BB6D     	 ldr r3,[r7,#88]
 576 05b4 93ED007A 	 flds s14,[r3]
 577 05b8 D7ED137A 	 flds s15,[r7,#76]
 578 05bc 27EE277A 	 fmuls s14,s14,s15
 579 05c0 D7ED147A 	 flds s15,[r7,#80]
 580 05c4 77EE277A 	 fadds s15,s14,s15
 581 05c8 C7ED127A 	 fsts s15,[r7,#72]
 344:../Dave/Generated/CMSIS_DSP/FilteringFunctions/arm_fir_lattice_f32.c ****       gnext1 = (fcurr1 * (*pk++)) + gcurr1;
 582              	 .loc 1 344 0
 583 05cc BB6D     	 ldr r3,[r7,#88]
 584 05ce 1A1D     	 adds r2,r3,#4
 585 05d0 BA65     	 str r2,[r7,#88]
 586 05d2 93ED007A 	 flds s14,[r3]
 587 05d6 D7ED157A 	 flds s15,[r7,#84]
 588 05da 27EE277A 	 fmuls s14,s14,s15
 589 05de D7ED097A 	 flds s15,[r7,#36]
 590 05e2 77EE277A 	 fadds s15,s14,s15
 591 05e6 C7ED147A 	 fsts s15,[r7,#80]
 345:../Dave/Generated/CMSIS_DSP/FilteringFunctions/arm_fir_lattice_f32.c **** 
 346:../Dave/Generated/CMSIS_DSP/FilteringFunctions/arm_fir_lattice_f32.c ****       /* Update of f values for next coefficient set processing */
 347:../Dave/Generated/CMSIS_DSP/FilteringFunctions/arm_fir_lattice_f32.c ****       fcurr1 = fnext1;
 592              	 .loc 1 347 0
 593 05ea FB69     	 ldr r3,[r7,#28]
 594 05ec 7B65     	 str r3,[r7,#84]
 348:../Dave/Generated/CMSIS_DSP/FilteringFunctions/arm_fir_lattice_f32.c ****       fcurr2 = fnext2;
 595              	 .loc 1 348 0
 596 05ee BB69     	 ldr r3,[r7,#24]
 597 05f0 FB64     	 str r3,[r7,#76]
 349:../Dave/Generated/CMSIS_DSP/FilteringFunctions/arm_fir_lattice_f32.c ****       fcurr3 = fnext3;
 598              	 .loc 1 349 0
 599 05f2 7B69     	 ldr r3,[r7,#20]
 600 05f4 7B64     	 str r3,[r7,#68]
 350:../Dave/Generated/CMSIS_DSP/FilteringFunctions/arm_fir_lattice_f32.c ****       fcurr4 = fnext4;
 601              	 .loc 1 350 0
 602 05f6 3B69     	 ldr r3,[r7,#16]
 603 05f8 FB63     	 str r3,[r7,#60]
 351:../Dave/Generated/CMSIS_DSP/FilteringFunctions/arm_fir_lattice_f32.c **** 
 352:../Dave/Generated/CMSIS_DSP/FilteringFunctions/arm_fir_lattice_f32.c ****       stageCnt--;
 604              	 .loc 1 352 0
 605 05fa 3B6B     	 ldr r3,[r7,#48]
 606 05fc 013B     	 subs r3,r3,#1
 607 05fe 3B63     	 str r3,[r7,#48]
 608              	.L5:
 327:../Dave/Generated/CMSIS_DSP/FilteringFunctions/arm_fir_lattice_f32.c ****     {
 609              	 .loc 1 327 0
 610 0600 3B6B     	 ldr r3,[r7,#48]
 611 0602 002B     	 cmp r3,#0
 612 0604 7FF47FAF 	 bne .L6
 353:../Dave/Generated/CMSIS_DSP/FilteringFunctions/arm_fir_lattice_f32.c **** 
 354:../Dave/Generated/CMSIS_DSP/FilteringFunctions/arm_fir_lattice_f32.c ****     }
 355:../Dave/Generated/CMSIS_DSP/FilteringFunctions/arm_fir_lattice_f32.c **** 
 356:../Dave/Generated/CMSIS_DSP/FilteringFunctions/arm_fir_lattice_f32.c ****     /* The results in the 4 accumulators, store in the destination buffer. */
 357:../Dave/Generated/CMSIS_DSP/FilteringFunctions/arm_fir_lattice_f32.c ****     /* y(n) = fN(n) */
 358:../Dave/Generated/CMSIS_DSP/FilteringFunctions/arm_fir_lattice_f32.c ****     *pDst++ = fcurr1;
 613              	 .loc 1 358 0
 614 0608 7B68     	 ldr r3,[r7,#4]
 615 060a 1A1D     	 adds r2,r3,#4
 616 060c 7A60     	 str r2,[r7,#4]
 617 060e 7A6D     	 ldr r2,[r7,#84]
 618 0610 1A60     	 str r2,[r3]
 359:../Dave/Generated/CMSIS_DSP/FilteringFunctions/arm_fir_lattice_f32.c ****     *pDst++ = fcurr2;
 619              	 .loc 1 359 0
 620 0612 7B68     	 ldr r3,[r7,#4]
 621 0614 1A1D     	 adds r2,r3,#4
 622 0616 7A60     	 str r2,[r7,#4]
 623 0618 FA6C     	 ldr r2,[r7,#76]
 624 061a 1A60     	 str r2,[r3]
 360:../Dave/Generated/CMSIS_DSP/FilteringFunctions/arm_fir_lattice_f32.c ****     *pDst++ = fcurr3;
 625              	 .loc 1 360 0
 626 061c 7B68     	 ldr r3,[r7,#4]
 627 061e 1A1D     	 adds r2,r3,#4
 628 0620 7A60     	 str r2,[r7,#4]
 629 0622 7A6C     	 ldr r2,[r7,#68]
 630 0624 1A60     	 str r2,[r3]
 361:../Dave/Generated/CMSIS_DSP/FilteringFunctions/arm_fir_lattice_f32.c ****     *pDst++ = fcurr4;
 631              	 .loc 1 361 0
 632 0626 7B68     	 ldr r3,[r7,#4]
 633 0628 1A1D     	 adds r2,r3,#4
 634 062a 7A60     	 str r2,[r7,#4]
 635 062c FA6B     	 ldr r2,[r7,#60]
 636 062e 1A60     	 str r2,[r3]
 362:../Dave/Generated/CMSIS_DSP/FilteringFunctions/arm_fir_lattice_f32.c **** 
 363:../Dave/Generated/CMSIS_DSP/FilteringFunctions/arm_fir_lattice_f32.c ****     blkCnt--;
 637              	 .loc 1 363 0
 638 0630 7B6B     	 ldr r3,[r7,#52]
 639 0632 013B     	 subs r3,r3,#1
 640 0634 7B63     	 str r3,[r7,#52]
 641              	.L2:
 161:../Dave/Generated/CMSIS_DSP/FilteringFunctions/arm_fir_lattice_f32.c ****   {
 642              	 .loc 1 161 0
 643 0636 7B6B     	 ldr r3,[r7,#52]
 644 0638 002B     	 cmp r3,#0
 645 063a 7FF4F8AC 	 bne .L7
 364:../Dave/Generated/CMSIS_DSP/FilteringFunctions/arm_fir_lattice_f32.c ****   }
 365:../Dave/Generated/CMSIS_DSP/FilteringFunctions/arm_fir_lattice_f32.c **** 
 366:../Dave/Generated/CMSIS_DSP/FilteringFunctions/arm_fir_lattice_f32.c ****   /* If the blockSize is not a multiple of 4, compute any remaining output samples here.    
 367:../Dave/Generated/CMSIS_DSP/FilteringFunctions/arm_fir_lattice_f32.c ****    ** No loop unrolling is used. */
 368:../Dave/Generated/CMSIS_DSP/FilteringFunctions/arm_fir_lattice_f32.c ****   blkCnt = blockSize % 0x4u;
 646              	 .loc 1 368 0
 647 063e 3B68     	 ldr r3,[r7]
 648 0640 03F00303 	 and r3,r3,#3
 649 0644 7B63     	 str r3,[r7,#52]
 369:../Dave/Generated/CMSIS_DSP/FilteringFunctions/arm_fir_lattice_f32.c **** 
 370:../Dave/Generated/CMSIS_DSP/FilteringFunctions/arm_fir_lattice_f32.c ****   while(blkCnt > 0u)
 650              	 .loc 1 370 0
 651 0646 66E0     	 b .L8
 652              	.L11:
 371:../Dave/Generated/CMSIS_DSP/FilteringFunctions/arm_fir_lattice_f32.c ****   {
 372:../Dave/Generated/CMSIS_DSP/FilteringFunctions/arm_fir_lattice_f32.c ****     /* f0(n) = x(n) */
 373:../Dave/Generated/CMSIS_DSP/FilteringFunctions/arm_fir_lattice_f32.c ****     fcurr1 = *pSrc++;
 653              	 .loc 1 373 0
 654 0648 BB68     	 ldr r3,[r7,#8]
 655 064a 1A1D     	 adds r2,r3,#4
 656 064c BA60     	 str r2,[r7,#8]
 657 064e 1B68     	 ldr r3,[r3]
 658 0650 7B65     	 str r3,[r7,#84]
 374:../Dave/Generated/CMSIS_DSP/FilteringFunctions/arm_fir_lattice_f32.c **** 
 375:../Dave/Generated/CMSIS_DSP/FilteringFunctions/arm_fir_lattice_f32.c ****     /* Initialize coeff pointer */
 376:../Dave/Generated/CMSIS_DSP/FilteringFunctions/arm_fir_lattice_f32.c ****     pk = (pCoeffs);
 659              	 .loc 1 376 0
 660 0652 FB6A     	 ldr r3,[r7,#44]
 661 0654 BB65     	 str r3,[r7,#88]
 377:../Dave/Generated/CMSIS_DSP/FilteringFunctions/arm_fir_lattice_f32.c **** 
 378:../Dave/Generated/CMSIS_DSP/FilteringFunctions/arm_fir_lattice_f32.c ****     /* Initialize state pointer */
 379:../Dave/Generated/CMSIS_DSP/FilteringFunctions/arm_fir_lattice_f32.c ****     px = pState;
 662              	 .loc 1 379 0
 663 0656 3B6A     	 ldr r3,[r7,#32]
 664 0658 FB65     	 str r3,[r7,#92]
 380:../Dave/Generated/CMSIS_DSP/FilteringFunctions/arm_fir_lattice_f32.c **** 
 381:../Dave/Generated/CMSIS_DSP/FilteringFunctions/arm_fir_lattice_f32.c ****     /* read g2(n) from state buffer */
 382:../Dave/Generated/CMSIS_DSP/FilteringFunctions/arm_fir_lattice_f32.c ****     gcurr1 = *px;
 665              	 .loc 1 382 0
 666 065a FB6D     	 ldr r3,[r7,#92]
 667 065c 1B68     	 ldr r3,[r3]
 668 065e 7B62     	 str r3,[r7,#36]
 383:../Dave/Generated/CMSIS_DSP/FilteringFunctions/arm_fir_lattice_f32.c **** 
 384:../Dave/Generated/CMSIS_DSP/FilteringFunctions/arm_fir_lattice_f32.c ****     /* for sample 1 processing */
 385:../Dave/Generated/CMSIS_DSP/FilteringFunctions/arm_fir_lattice_f32.c ****     /* f1(n) = f0(n) +  K1 * g0(n-1) */
 386:../Dave/Generated/CMSIS_DSP/FilteringFunctions/arm_fir_lattice_f32.c ****     fnext1 = fcurr1 + ((*pk) * gcurr1);
 669              	 .loc 1 386 0
 670 0660 BB6D     	 ldr r3,[r7,#88]
 671 0662 93ED007A 	 flds s14,[r3]
 672 0666 D7ED097A 	 flds s15,[r7,#36]
 673 066a 27EE277A 	 fmuls s14,s14,s15
 674 066e D7ED157A 	 flds s15,[r7,#84]
 675 0672 77EE277A 	 fadds s15,s14,s15
 676 0676 C7ED077A 	 fsts s15,[r7,#28]
 387:../Dave/Generated/CMSIS_DSP/FilteringFunctions/arm_fir_lattice_f32.c ****     /* g1(n) = f0(n) * K1  +  g0(n-1) */
 388:../Dave/Generated/CMSIS_DSP/FilteringFunctions/arm_fir_lattice_f32.c ****     gnext1 = (fcurr1 * (*pk++)) + gcurr1;
 677              	 .loc 1 388 0
 678 067a BB6D     	 ldr r3,[r7,#88]
 679 067c 1A1D     	 adds r2,r3,#4
 680 067e BA65     	 str r2,[r7,#88]
 681 0680 93ED007A 	 flds s14,[r3]
 682 0684 D7ED157A 	 flds s15,[r7,#84]
 683 0688 27EE277A 	 fmuls s14,s14,s15
 684 068c D7ED097A 	 flds s15,[r7,#36]
 685 0690 77EE277A 	 fadds s15,s14,s15
 686 0694 C7ED147A 	 fsts s15,[r7,#80]
 389:../Dave/Generated/CMSIS_DSP/FilteringFunctions/arm_fir_lattice_f32.c **** 
 390:../Dave/Generated/CMSIS_DSP/FilteringFunctions/arm_fir_lattice_f32.c ****     /* save g1(n) in state buffer */
 391:../Dave/Generated/CMSIS_DSP/FilteringFunctions/arm_fir_lattice_f32.c ****     *px++ = fcurr1;
 687              	 .loc 1 391 0
 688 0698 FB6D     	 ldr r3,[r7,#92]
 689 069a 1A1D     	 adds r2,r3,#4
 690 069c FA65     	 str r2,[r7,#92]
 691 069e 7A6D     	 ldr r2,[r7,#84]
 692 06a0 1A60     	 str r2,[r3]
 392:../Dave/Generated/CMSIS_DSP/FilteringFunctions/arm_fir_lattice_f32.c **** 
 393:../Dave/Generated/CMSIS_DSP/FilteringFunctions/arm_fir_lattice_f32.c ****     /* f1(n) is saved in fcurr1    
 394:../Dave/Generated/CMSIS_DSP/FilteringFunctions/arm_fir_lattice_f32.c ****        for next stage processing */
 395:../Dave/Generated/CMSIS_DSP/FilteringFunctions/arm_fir_lattice_f32.c ****     fcurr1 = fnext1;
 693              	 .loc 1 395 0
 694 06a2 FB69     	 ldr r3,[r7,#28]
 695 06a4 7B65     	 str r3,[r7,#84]
 396:../Dave/Generated/CMSIS_DSP/FilteringFunctions/arm_fir_lattice_f32.c **** 
 397:../Dave/Generated/CMSIS_DSP/FilteringFunctions/arm_fir_lattice_f32.c ****     stageCnt = (numStages - 1u);
 696              	 .loc 1 397 0
 697 06a6 BB6A     	 ldr r3,[r7,#40]
 698 06a8 013B     	 subs r3,r3,#1
 699 06aa 3B63     	 str r3,[r7,#48]
 398:../Dave/Generated/CMSIS_DSP/FilteringFunctions/arm_fir_lattice_f32.c **** 
 399:../Dave/Generated/CMSIS_DSP/FilteringFunctions/arm_fir_lattice_f32.c ****     /* stage loop */
 400:../Dave/Generated/CMSIS_DSP/FilteringFunctions/arm_fir_lattice_f32.c ****     while(stageCnt > 0u)
 700              	 .loc 1 400 0
 701 06ac 28E0     	 b .L9
 702              	.L10:
 401:../Dave/Generated/CMSIS_DSP/FilteringFunctions/arm_fir_lattice_f32.c ****     {
 402:../Dave/Generated/CMSIS_DSP/FilteringFunctions/arm_fir_lattice_f32.c ****       /* read g2(n) from state buffer */
 403:../Dave/Generated/CMSIS_DSP/FilteringFunctions/arm_fir_lattice_f32.c ****       gcurr1 = *px;
 703              	 .loc 1 403 0
 704 06ae FB6D     	 ldr r3,[r7,#92]
 705 06b0 1B68     	 ldr r3,[r3]
 706 06b2 7B62     	 str r3,[r7,#36]
 404:../Dave/Generated/CMSIS_DSP/FilteringFunctions/arm_fir_lattice_f32.c **** 
 405:../Dave/Generated/CMSIS_DSP/FilteringFunctions/arm_fir_lattice_f32.c ****       /* save g1(n) in state buffer */
 406:../Dave/Generated/CMSIS_DSP/FilteringFunctions/arm_fir_lattice_f32.c ****       *px++ = gnext1;
 707              	 .loc 1 406 0
 708 06b4 FB6D     	 ldr r3,[r7,#92]
 709 06b6 1A1D     	 adds r2,r3,#4
 710 06b8 FA65     	 str r2,[r7,#92]
 711 06ba 3A6D     	 ldr r2,[r7,#80]
 712 06bc 1A60     	 str r2,[r3]
 407:../Dave/Generated/CMSIS_DSP/FilteringFunctions/arm_fir_lattice_f32.c **** 
 408:../Dave/Generated/CMSIS_DSP/FilteringFunctions/arm_fir_lattice_f32.c ****       /* Sample processing for K2, K3.... */
 409:../Dave/Generated/CMSIS_DSP/FilteringFunctions/arm_fir_lattice_f32.c ****       /* f2(n) = f1(n) +  K2 * g1(n-1) */
 410:../Dave/Generated/CMSIS_DSP/FilteringFunctions/arm_fir_lattice_f32.c ****       fnext1 = fcurr1 + ((*pk) * gcurr1);
 713              	 .loc 1 410 0
 714 06be BB6D     	 ldr r3,[r7,#88]
 715 06c0 93ED007A 	 flds s14,[r3]
 716 06c4 D7ED097A 	 flds s15,[r7,#36]
 717 06c8 27EE277A 	 fmuls s14,s14,s15
 718 06cc D7ED157A 	 flds s15,[r7,#84]
 719 06d0 77EE277A 	 fadds s15,s14,s15
 720 06d4 C7ED077A 	 fsts s15,[r7,#28]
 411:../Dave/Generated/CMSIS_DSP/FilteringFunctions/arm_fir_lattice_f32.c ****       /* g2(n) = f1(n) * K2  +  g1(n-1) */
 412:../Dave/Generated/CMSIS_DSP/FilteringFunctions/arm_fir_lattice_f32.c ****       gnext1 = (fcurr1 * (*pk++)) + gcurr1;
 721              	 .loc 1 412 0
 722 06d8 BB6D     	 ldr r3,[r7,#88]
 723 06da 1A1D     	 adds r2,r3,#4
 724 06dc BA65     	 str r2,[r7,#88]
 725 06de 93ED007A 	 flds s14,[r3]
 726 06e2 D7ED157A 	 flds s15,[r7,#84]
 727 06e6 27EE277A 	 fmuls s14,s14,s15
 728 06ea D7ED097A 	 flds s15,[r7,#36]
 729 06ee 77EE277A 	 fadds s15,s14,s15
 730 06f2 C7ED147A 	 fsts s15,[r7,#80]
 413:../Dave/Generated/CMSIS_DSP/FilteringFunctions/arm_fir_lattice_f32.c **** 
 414:../Dave/Generated/CMSIS_DSP/FilteringFunctions/arm_fir_lattice_f32.c ****       /* f1(n) is saved in fcurr1    
 415:../Dave/Generated/CMSIS_DSP/FilteringFunctions/arm_fir_lattice_f32.c ****          for next stage processing */
 416:../Dave/Generated/CMSIS_DSP/FilteringFunctions/arm_fir_lattice_f32.c ****       fcurr1 = fnext1;
 731              	 .loc 1 416 0
 732 06f6 FB69     	 ldr r3,[r7,#28]
 733 06f8 7B65     	 str r3,[r7,#84]
 417:../Dave/Generated/CMSIS_DSP/FilteringFunctions/arm_fir_lattice_f32.c **** 
 418:../Dave/Generated/CMSIS_DSP/FilteringFunctions/arm_fir_lattice_f32.c ****       stageCnt--;
 734              	 .loc 1 418 0
 735 06fa 3B6B     	 ldr r3,[r7,#48]
 736 06fc 013B     	 subs r3,r3,#1
 737 06fe 3B63     	 str r3,[r7,#48]
 738              	.L9:
 400:../Dave/Generated/CMSIS_DSP/FilteringFunctions/arm_fir_lattice_f32.c ****     {
 739              	 .loc 1 400 0
 740 0700 3B6B     	 ldr r3,[r7,#48]
 741 0702 002B     	 cmp r3,#0
 742 0704 D3D1     	 bne .L10
 419:../Dave/Generated/CMSIS_DSP/FilteringFunctions/arm_fir_lattice_f32.c **** 
 420:../Dave/Generated/CMSIS_DSP/FilteringFunctions/arm_fir_lattice_f32.c ****     }
 421:../Dave/Generated/CMSIS_DSP/FilteringFunctions/arm_fir_lattice_f32.c **** 
 422:../Dave/Generated/CMSIS_DSP/FilteringFunctions/arm_fir_lattice_f32.c ****     /* y(n) = fN(n) */
 423:../Dave/Generated/CMSIS_DSP/FilteringFunctions/arm_fir_lattice_f32.c ****     *pDst++ = fcurr1;
 743              	 .loc 1 423 0
 744 0706 7B68     	 ldr r3,[r7,#4]
 745 0708 1A1D     	 adds r2,r3,#4
 746 070a 7A60     	 str r2,[r7,#4]
 747 070c 7A6D     	 ldr r2,[r7,#84]
 748 070e 1A60     	 str r2,[r3]
 424:../Dave/Generated/CMSIS_DSP/FilteringFunctions/arm_fir_lattice_f32.c **** 
 425:../Dave/Generated/CMSIS_DSP/FilteringFunctions/arm_fir_lattice_f32.c ****     blkCnt--;
 749              	 .loc 1 425 0
 750 0710 7B6B     	 ldr r3,[r7,#52]
 751 0712 013B     	 subs r3,r3,#1
 752 0714 7B63     	 str r3,[r7,#52]
 753              	.L8:
 370:../Dave/Generated/CMSIS_DSP/FilteringFunctions/arm_fir_lattice_f32.c ****   {
 754              	 .loc 1 370 0
 755 0716 7B6B     	 ldr r3,[r7,#52]
 756 0718 002B     	 cmp r3,#0
 757 071a 95D1     	 bne .L11
 426:../Dave/Generated/CMSIS_DSP/FilteringFunctions/arm_fir_lattice_f32.c **** 
 427:../Dave/Generated/CMSIS_DSP/FilteringFunctions/arm_fir_lattice_f32.c ****   }
 428:../Dave/Generated/CMSIS_DSP/FilteringFunctions/arm_fir_lattice_f32.c **** 
 429:../Dave/Generated/CMSIS_DSP/FilteringFunctions/arm_fir_lattice_f32.c **** #else
 430:../Dave/Generated/CMSIS_DSP/FilteringFunctions/arm_fir_lattice_f32.c **** 
 431:../Dave/Generated/CMSIS_DSP/FilteringFunctions/arm_fir_lattice_f32.c ****   /* Run the below code for Cortex-M0 */
 432:../Dave/Generated/CMSIS_DSP/FilteringFunctions/arm_fir_lattice_f32.c **** 
 433:../Dave/Generated/CMSIS_DSP/FilteringFunctions/arm_fir_lattice_f32.c ****   float32_t fcurr, fnext, gcurr, gnext;          /* temporary variables */
 434:../Dave/Generated/CMSIS_DSP/FilteringFunctions/arm_fir_lattice_f32.c ****   uint32_t numStages = S->numStages;             /* Length of the filter */
 435:../Dave/Generated/CMSIS_DSP/FilteringFunctions/arm_fir_lattice_f32.c ****   uint32_t blkCnt, stageCnt;                     /* temporary variables for counts */
 436:../Dave/Generated/CMSIS_DSP/FilteringFunctions/arm_fir_lattice_f32.c **** 
 437:../Dave/Generated/CMSIS_DSP/FilteringFunctions/arm_fir_lattice_f32.c ****   pState = &S->pState[0];
 438:../Dave/Generated/CMSIS_DSP/FilteringFunctions/arm_fir_lattice_f32.c **** 
 439:../Dave/Generated/CMSIS_DSP/FilteringFunctions/arm_fir_lattice_f32.c ****   blkCnt = blockSize;
 440:../Dave/Generated/CMSIS_DSP/FilteringFunctions/arm_fir_lattice_f32.c **** 
 441:../Dave/Generated/CMSIS_DSP/FilteringFunctions/arm_fir_lattice_f32.c ****   while(blkCnt > 0u)
 442:../Dave/Generated/CMSIS_DSP/FilteringFunctions/arm_fir_lattice_f32.c ****   {
 443:../Dave/Generated/CMSIS_DSP/FilteringFunctions/arm_fir_lattice_f32.c ****     /* f0(n) = x(n) */
 444:../Dave/Generated/CMSIS_DSP/FilteringFunctions/arm_fir_lattice_f32.c ****     fcurr = *pSrc++;
 445:../Dave/Generated/CMSIS_DSP/FilteringFunctions/arm_fir_lattice_f32.c **** 
 446:../Dave/Generated/CMSIS_DSP/FilteringFunctions/arm_fir_lattice_f32.c ****     /* Initialize coeff pointer */
 447:../Dave/Generated/CMSIS_DSP/FilteringFunctions/arm_fir_lattice_f32.c ****     pk = pCoeffs;
 448:../Dave/Generated/CMSIS_DSP/FilteringFunctions/arm_fir_lattice_f32.c **** 
 449:../Dave/Generated/CMSIS_DSP/FilteringFunctions/arm_fir_lattice_f32.c ****     /* Initialize state pointer */
 450:../Dave/Generated/CMSIS_DSP/FilteringFunctions/arm_fir_lattice_f32.c ****     px = pState;
 451:../Dave/Generated/CMSIS_DSP/FilteringFunctions/arm_fir_lattice_f32.c **** 
 452:../Dave/Generated/CMSIS_DSP/FilteringFunctions/arm_fir_lattice_f32.c ****     /* read g0(n-1) from state buffer */
 453:../Dave/Generated/CMSIS_DSP/FilteringFunctions/arm_fir_lattice_f32.c ****     gcurr = *px;
 454:../Dave/Generated/CMSIS_DSP/FilteringFunctions/arm_fir_lattice_f32.c **** 
 455:../Dave/Generated/CMSIS_DSP/FilteringFunctions/arm_fir_lattice_f32.c ****     /* for sample 1 processing */
 456:../Dave/Generated/CMSIS_DSP/FilteringFunctions/arm_fir_lattice_f32.c ****     /* f1(n) = f0(n) +  K1 * g0(n-1) */
 457:../Dave/Generated/CMSIS_DSP/FilteringFunctions/arm_fir_lattice_f32.c ****     fnext = fcurr + ((*pk) * gcurr);
 458:../Dave/Generated/CMSIS_DSP/FilteringFunctions/arm_fir_lattice_f32.c ****     /* g1(n) = f0(n) * K1  +  g0(n-1) */
 459:../Dave/Generated/CMSIS_DSP/FilteringFunctions/arm_fir_lattice_f32.c ****     gnext = (fcurr * (*pk++)) + gcurr;
 460:../Dave/Generated/CMSIS_DSP/FilteringFunctions/arm_fir_lattice_f32.c **** 
 461:../Dave/Generated/CMSIS_DSP/FilteringFunctions/arm_fir_lattice_f32.c ****     /* save f0(n) in state buffer */
 462:../Dave/Generated/CMSIS_DSP/FilteringFunctions/arm_fir_lattice_f32.c ****     *px++ = fcurr;
 463:../Dave/Generated/CMSIS_DSP/FilteringFunctions/arm_fir_lattice_f32.c **** 
 464:../Dave/Generated/CMSIS_DSP/FilteringFunctions/arm_fir_lattice_f32.c ****     /* f1(n) is saved in fcurr            
 465:../Dave/Generated/CMSIS_DSP/FilteringFunctions/arm_fir_lattice_f32.c ****        for next stage processing */
 466:../Dave/Generated/CMSIS_DSP/FilteringFunctions/arm_fir_lattice_f32.c ****     fcurr = fnext;
 467:../Dave/Generated/CMSIS_DSP/FilteringFunctions/arm_fir_lattice_f32.c **** 
 468:../Dave/Generated/CMSIS_DSP/FilteringFunctions/arm_fir_lattice_f32.c ****     stageCnt = (numStages - 1u);
 469:../Dave/Generated/CMSIS_DSP/FilteringFunctions/arm_fir_lattice_f32.c **** 
 470:../Dave/Generated/CMSIS_DSP/FilteringFunctions/arm_fir_lattice_f32.c ****     /* stage loop */
 471:../Dave/Generated/CMSIS_DSP/FilteringFunctions/arm_fir_lattice_f32.c ****     while(stageCnt > 0u)
 472:../Dave/Generated/CMSIS_DSP/FilteringFunctions/arm_fir_lattice_f32.c ****     {
 473:../Dave/Generated/CMSIS_DSP/FilteringFunctions/arm_fir_lattice_f32.c ****       /* read g2(n) from state buffer */
 474:../Dave/Generated/CMSIS_DSP/FilteringFunctions/arm_fir_lattice_f32.c ****       gcurr = *px;
 475:../Dave/Generated/CMSIS_DSP/FilteringFunctions/arm_fir_lattice_f32.c **** 
 476:../Dave/Generated/CMSIS_DSP/FilteringFunctions/arm_fir_lattice_f32.c ****       /* save g1(n) in state buffer */
 477:../Dave/Generated/CMSIS_DSP/FilteringFunctions/arm_fir_lattice_f32.c ****       *px++ = gnext;
 478:../Dave/Generated/CMSIS_DSP/FilteringFunctions/arm_fir_lattice_f32.c **** 
 479:../Dave/Generated/CMSIS_DSP/FilteringFunctions/arm_fir_lattice_f32.c ****       /* Sample processing for K2, K3.... */
 480:../Dave/Generated/CMSIS_DSP/FilteringFunctions/arm_fir_lattice_f32.c ****       /* f2(n) = f1(n) +  K2 * g1(n-1) */
 481:../Dave/Generated/CMSIS_DSP/FilteringFunctions/arm_fir_lattice_f32.c ****       fnext = fcurr + ((*pk) * gcurr);
 482:../Dave/Generated/CMSIS_DSP/FilteringFunctions/arm_fir_lattice_f32.c ****       /* g2(n) = f1(n) * K2  +  g1(n-1) */
 483:../Dave/Generated/CMSIS_DSP/FilteringFunctions/arm_fir_lattice_f32.c ****       gnext = (fcurr * (*pk++)) + gcurr;
 484:../Dave/Generated/CMSIS_DSP/FilteringFunctions/arm_fir_lattice_f32.c **** 
 485:../Dave/Generated/CMSIS_DSP/FilteringFunctions/arm_fir_lattice_f32.c ****       /* f1(n) is saved in fcurr1            
 486:../Dave/Generated/CMSIS_DSP/FilteringFunctions/arm_fir_lattice_f32.c ****          for next stage processing */
 487:../Dave/Generated/CMSIS_DSP/FilteringFunctions/arm_fir_lattice_f32.c ****       fcurr = fnext;
 488:../Dave/Generated/CMSIS_DSP/FilteringFunctions/arm_fir_lattice_f32.c **** 
 489:../Dave/Generated/CMSIS_DSP/FilteringFunctions/arm_fir_lattice_f32.c ****       stageCnt--;
 490:../Dave/Generated/CMSIS_DSP/FilteringFunctions/arm_fir_lattice_f32.c **** 
 491:../Dave/Generated/CMSIS_DSP/FilteringFunctions/arm_fir_lattice_f32.c ****     }
 492:../Dave/Generated/CMSIS_DSP/FilteringFunctions/arm_fir_lattice_f32.c **** 
 493:../Dave/Generated/CMSIS_DSP/FilteringFunctions/arm_fir_lattice_f32.c ****     /* y(n) = fN(n) */
 494:../Dave/Generated/CMSIS_DSP/FilteringFunctions/arm_fir_lattice_f32.c ****     *pDst++ = fcurr;
 495:../Dave/Generated/CMSIS_DSP/FilteringFunctions/arm_fir_lattice_f32.c **** 
 496:../Dave/Generated/CMSIS_DSP/FilteringFunctions/arm_fir_lattice_f32.c ****     blkCnt--;
 497:../Dave/Generated/CMSIS_DSP/FilteringFunctions/arm_fir_lattice_f32.c **** 
 498:../Dave/Generated/CMSIS_DSP/FilteringFunctions/arm_fir_lattice_f32.c ****   }
 499:../Dave/Generated/CMSIS_DSP/FilteringFunctions/arm_fir_lattice_f32.c **** 
 500:../Dave/Generated/CMSIS_DSP/FilteringFunctions/arm_fir_lattice_f32.c **** #endif /*   #ifndef ARM_MATH_CM0_FAMILY */
 501:../Dave/Generated/CMSIS_DSP/FilteringFunctions/arm_fir_lattice_f32.c **** 
 502:../Dave/Generated/CMSIS_DSP/FilteringFunctions/arm_fir_lattice_f32.c **** }
 758              	 .loc 1 502 0
 759 071c 6437     	 adds r7,r7,#100
 760              	.LCFI3:
 761              	 .cfi_def_cfa_offset 4
 762 071e BD46     	 mov sp,r7
 763              	.LCFI4:
 764              	 .cfi_def_cfa_register 13
 765              	 
 766 0720 5DF8047B 	 ldr r7,[sp],#4
 767              	.LCFI5:
 768              	 .cfi_restore 7
 769              	 .cfi_def_cfa_offset 0
 770 0724 7047     	 bx lr
 771              	 .cfi_endproc
 772              	.LFE139:
 774 0726 00BF     	 .text
 775              	.Letext0:
 776              	 .file 2 "c:\\davev4\\dave-4.1.2\\eclipse\\arm-gcc-49\\arm-none-eabi\\include\\machine\\_default_types.h"
 777              	 .file 3 "c:\\davev4\\dave-4.1.2\\eclipse\\arm-gcc-49\\arm-none-eabi\\include\\stdint.h"
 778              	 .file 4 "C:\\Workspaces\\DAVE-4.1\\Flightcontroller_PWM_CopterRocks_Working\\Dave\\Generated/CMSIS_DSP/arm_math.h"
DEFINED SYMBOLS
                            *ABS*:00000000 arm_fir_lattice_f32.c
    {standard input}:20     .text.arm_fir_lattice_f32:00000000 $t
    {standard input}:25     .text.arm_fir_lattice_f32:00000000 arm_fir_lattice_f32
                     .debug_frame:00000010 $d

NO UNDEFINED SYMBOLS
