   1              	 .syntax unified
   2              	 .cpu cortex-m4
   3              	 .eabi_attribute 27,3
   4              	 .fpu fpv4-sp-d16
   5              	 .eabi_attribute 20,1
   6              	 .eabi_attribute 21,1
   7              	 .eabi_attribute 23,3
   8              	 .eabi_attribute 24,1
   9              	 .eabi_attribute 25,1
  10              	 .eabi_attribute 26,1
  11              	 .eabi_attribute 30,6
  12              	 .eabi_attribute 34,1
  13              	 .eabi_attribute 18,4
  14              	 .thumb
  15              	 .file "arm_fir_interpolate_init_q15.c"
  16              	 .text
  17              	.Ltext0:
  18              	 .cfi_sections .debug_frame
  19              	 .section .text.arm_fir_interpolate_init_q15,"ax",%progbits
  20              	 .align 2
  21              	 .global arm_fir_interpolate_init_q15
  22              	 .thumb
  23              	 .thumb_func
  25              	arm_fir_interpolate_init_q15:
  26              	.LFB139:
  27              	 .file 1 "../Dave/Generated/CMSIS_DSP/FilteringFunctions/arm_fir_interpolate_init_q15.c"
   1:../Dave/Generated/CMSIS_DSP/FilteringFunctions/arm_fir_interpolate_init_q15.c **** /*-----------------------------------------------------------------------------    
   2:../Dave/Generated/CMSIS_DSP/FilteringFunctions/arm_fir_interpolate_init_q15.c **** * Copyright (C) 2010-2014 ARM Limited. All rights reserved.    
   3:../Dave/Generated/CMSIS_DSP/FilteringFunctions/arm_fir_interpolate_init_q15.c **** *    
   4:../Dave/Generated/CMSIS_DSP/FilteringFunctions/arm_fir_interpolate_init_q15.c **** * $Date:        12. March 2014
   5:../Dave/Generated/CMSIS_DSP/FilteringFunctions/arm_fir_interpolate_init_q15.c **** * $Revision: 	V1.4.4
   6:../Dave/Generated/CMSIS_DSP/FilteringFunctions/arm_fir_interpolate_init_q15.c **** *    
   7:../Dave/Generated/CMSIS_DSP/FilteringFunctions/arm_fir_interpolate_init_q15.c **** * Project: 	    CMSIS DSP Library    
   8:../Dave/Generated/CMSIS_DSP/FilteringFunctions/arm_fir_interpolate_init_q15.c **** * Title:        arm_fir_interpolate_init_q15.c    
   9:../Dave/Generated/CMSIS_DSP/FilteringFunctions/arm_fir_interpolate_init_q15.c **** *    
  10:../Dave/Generated/CMSIS_DSP/FilteringFunctions/arm_fir_interpolate_init_q15.c **** * Description:  Q15 FIR interpolator initialization function    
  11:../Dave/Generated/CMSIS_DSP/FilteringFunctions/arm_fir_interpolate_init_q15.c **** *    
  12:../Dave/Generated/CMSIS_DSP/FilteringFunctions/arm_fir_interpolate_init_q15.c **** * Target Processor: Cortex-M4/Cortex-M3/Cortex-M0
  13:../Dave/Generated/CMSIS_DSP/FilteringFunctions/arm_fir_interpolate_init_q15.c **** *  
  14:../Dave/Generated/CMSIS_DSP/FilteringFunctions/arm_fir_interpolate_init_q15.c **** * Redistribution and use in source and binary forms, with or without 
  15:../Dave/Generated/CMSIS_DSP/FilteringFunctions/arm_fir_interpolate_init_q15.c **** * modification, are permitted provided that the following conditions
  16:../Dave/Generated/CMSIS_DSP/FilteringFunctions/arm_fir_interpolate_init_q15.c **** * are met:
  17:../Dave/Generated/CMSIS_DSP/FilteringFunctions/arm_fir_interpolate_init_q15.c **** *   - Redistributions of source code must retain the above copyright
  18:../Dave/Generated/CMSIS_DSP/FilteringFunctions/arm_fir_interpolate_init_q15.c **** *     notice, this list of conditions and the following disclaimer.
  19:../Dave/Generated/CMSIS_DSP/FilteringFunctions/arm_fir_interpolate_init_q15.c **** *   - Redistributions in binary form must reproduce the above copyright
  20:../Dave/Generated/CMSIS_DSP/FilteringFunctions/arm_fir_interpolate_init_q15.c **** *     notice, this list of conditions and the following disclaimer in
  21:../Dave/Generated/CMSIS_DSP/FilteringFunctions/arm_fir_interpolate_init_q15.c **** *     the documentation and/or other materials provided with the 
  22:../Dave/Generated/CMSIS_DSP/FilteringFunctions/arm_fir_interpolate_init_q15.c **** *     distribution.
  23:../Dave/Generated/CMSIS_DSP/FilteringFunctions/arm_fir_interpolate_init_q15.c **** *   - Neither the name of ARM LIMITED nor the names of its contributors
  24:../Dave/Generated/CMSIS_DSP/FilteringFunctions/arm_fir_interpolate_init_q15.c **** *     may be used to endorse or promote products derived from this
  25:../Dave/Generated/CMSIS_DSP/FilteringFunctions/arm_fir_interpolate_init_q15.c **** *     software without specific prior written permission.
  26:../Dave/Generated/CMSIS_DSP/FilteringFunctions/arm_fir_interpolate_init_q15.c **** *
  27:../Dave/Generated/CMSIS_DSP/FilteringFunctions/arm_fir_interpolate_init_q15.c **** * THIS SOFTWARE IS PROVIDED BY THE COPYRIGHT HOLDERS AND CONTRIBUTORS
  28:../Dave/Generated/CMSIS_DSP/FilteringFunctions/arm_fir_interpolate_init_q15.c **** * "AS IS" AND ANY EXPRESS OR IMPLIED WARRANTIES, INCLUDING, BUT NOT
  29:../Dave/Generated/CMSIS_DSP/FilteringFunctions/arm_fir_interpolate_init_q15.c **** * LIMITED TO, THE IMPLIED WARRANTIES OF MERCHANTABILITY AND FITNESS
  30:../Dave/Generated/CMSIS_DSP/FilteringFunctions/arm_fir_interpolate_init_q15.c **** * FOR A PARTICULAR PURPOSE ARE DISCLAIMED. IN NO EVENT SHALL THE 
  31:../Dave/Generated/CMSIS_DSP/FilteringFunctions/arm_fir_interpolate_init_q15.c **** * COPYRIGHT OWNER OR CONTRIBUTORS BE LIABLE FOR ANY DIRECT, INDIRECT,
  32:../Dave/Generated/CMSIS_DSP/FilteringFunctions/arm_fir_interpolate_init_q15.c **** * INCIDENTAL, SPECIAL, EXEMPLARY, OR CONSEQUENTIAL DAMAGES (INCLUDING,
  33:../Dave/Generated/CMSIS_DSP/FilteringFunctions/arm_fir_interpolate_init_q15.c **** * BUT NOT LIMITED TO, PROCUREMENT OF SUBSTITUTE GOODS OR SERVICES;
  34:../Dave/Generated/CMSIS_DSP/FilteringFunctions/arm_fir_interpolate_init_q15.c **** * LOSS OF USE, DATA, OR PROFITS; OR BUSINESS INTERRUPTION) HOWEVER
  35:../Dave/Generated/CMSIS_DSP/FilteringFunctions/arm_fir_interpolate_init_q15.c **** * CAUSED AND ON ANY THEORY OF LIABILITY, WHETHER IN CONTRACT, STRICT
  36:../Dave/Generated/CMSIS_DSP/FilteringFunctions/arm_fir_interpolate_init_q15.c **** * LIABILITY, OR TORT (INCLUDING NEGLIGENCE OR OTHERWISE) ARISING IN
  37:../Dave/Generated/CMSIS_DSP/FilteringFunctions/arm_fir_interpolate_init_q15.c **** * ANY WAY OUT OF THE USE OF THIS SOFTWARE, EVEN IF ADVISED OF THE
  38:../Dave/Generated/CMSIS_DSP/FilteringFunctions/arm_fir_interpolate_init_q15.c **** * POSSIBILITY OF SUCH DAMAGE.  
  39:../Dave/Generated/CMSIS_DSP/FilteringFunctions/arm_fir_interpolate_init_q15.c **** * ---------------------------------------------------------------------------*/
  40:../Dave/Generated/CMSIS_DSP/FilteringFunctions/arm_fir_interpolate_init_q15.c **** 
  41:../Dave/Generated/CMSIS_DSP/FilteringFunctions/arm_fir_interpolate_init_q15.c **** #include "CMSIS_DSP/cmsis_dsp.h"
  42:../Dave/Generated/CMSIS_DSP/FilteringFunctions/arm_fir_interpolate_init_q15.c **** 
  43:../Dave/Generated/CMSIS_DSP/FilteringFunctions/arm_fir_interpolate_init_q15.c **** /**    
  44:../Dave/Generated/CMSIS_DSP/FilteringFunctions/arm_fir_interpolate_init_q15.c ****  * @ingroup groupFilters    
  45:../Dave/Generated/CMSIS_DSP/FilteringFunctions/arm_fir_interpolate_init_q15.c ****  */
  46:../Dave/Generated/CMSIS_DSP/FilteringFunctions/arm_fir_interpolate_init_q15.c **** 
  47:../Dave/Generated/CMSIS_DSP/FilteringFunctions/arm_fir_interpolate_init_q15.c **** /**    
  48:../Dave/Generated/CMSIS_DSP/FilteringFunctions/arm_fir_interpolate_init_q15.c ****  * @addtogroup FIR_Interpolate    
  49:../Dave/Generated/CMSIS_DSP/FilteringFunctions/arm_fir_interpolate_init_q15.c ****  * @{    
  50:../Dave/Generated/CMSIS_DSP/FilteringFunctions/arm_fir_interpolate_init_q15.c ****  */
  51:../Dave/Generated/CMSIS_DSP/FilteringFunctions/arm_fir_interpolate_init_q15.c **** 
  52:../Dave/Generated/CMSIS_DSP/FilteringFunctions/arm_fir_interpolate_init_q15.c **** /**    
  53:../Dave/Generated/CMSIS_DSP/FilteringFunctions/arm_fir_interpolate_init_q15.c ****  * @brief  Initialization function for the Q15 FIR interpolator.    
  54:../Dave/Generated/CMSIS_DSP/FilteringFunctions/arm_fir_interpolate_init_q15.c ****  * @param[in,out] *S        points to an instance of the Q15 FIR interpolator structure.    
  55:../Dave/Generated/CMSIS_DSP/FilteringFunctions/arm_fir_interpolate_init_q15.c ****  * @param[in]     L         upsample factor.    
  56:../Dave/Generated/CMSIS_DSP/FilteringFunctions/arm_fir_interpolate_init_q15.c ****  * @param[in]     numTaps   number of filter coefficients in the filter.    
  57:../Dave/Generated/CMSIS_DSP/FilteringFunctions/arm_fir_interpolate_init_q15.c ****  * @param[in]     *pCoeffs  points to the filter coefficient buffer.    
  58:../Dave/Generated/CMSIS_DSP/FilteringFunctions/arm_fir_interpolate_init_q15.c ****  * @param[in]     *pState   points to the state buffer.    
  59:../Dave/Generated/CMSIS_DSP/FilteringFunctions/arm_fir_interpolate_init_q15.c ****  * @param[in]     blockSize number of input samples to process per call.    
  60:../Dave/Generated/CMSIS_DSP/FilteringFunctions/arm_fir_interpolate_init_q15.c ****  * @return        The function returns ARM_MATH_SUCCESS if initialization was successful or ARM_MAT
  61:../Dave/Generated/CMSIS_DSP/FilteringFunctions/arm_fir_interpolate_init_q15.c ****  * the filter length <code>numTaps</code> is not a multiple of the interpolation factor <code>L</co
  62:../Dave/Generated/CMSIS_DSP/FilteringFunctions/arm_fir_interpolate_init_q15.c ****  *    
  63:../Dave/Generated/CMSIS_DSP/FilteringFunctions/arm_fir_interpolate_init_q15.c ****  * <b>Description:</b>    
  64:../Dave/Generated/CMSIS_DSP/FilteringFunctions/arm_fir_interpolate_init_q15.c ****  * \par    
  65:../Dave/Generated/CMSIS_DSP/FilteringFunctions/arm_fir_interpolate_init_q15.c ****  * <code>pCoeffs</code> points to the array of filter coefficients stored in time reversed order:  
  66:../Dave/Generated/CMSIS_DSP/FilteringFunctions/arm_fir_interpolate_init_q15.c ****  * <pre>    
  67:../Dave/Generated/CMSIS_DSP/FilteringFunctions/arm_fir_interpolate_init_q15.c ****  *    {b[numTaps-1], b[numTaps-2], b[numTaps-2], ..., b[1], b[0]}    
  68:../Dave/Generated/CMSIS_DSP/FilteringFunctions/arm_fir_interpolate_init_q15.c ****  * </pre>    
  69:../Dave/Generated/CMSIS_DSP/FilteringFunctions/arm_fir_interpolate_init_q15.c ****  * The length of the filter <code>numTaps</code> must be a multiple of the interpolation factor <co
  70:../Dave/Generated/CMSIS_DSP/FilteringFunctions/arm_fir_interpolate_init_q15.c ****  * \par    
  71:../Dave/Generated/CMSIS_DSP/FilteringFunctions/arm_fir_interpolate_init_q15.c ****  * <code>pState</code> points to the array of state variables.    
  72:../Dave/Generated/CMSIS_DSP/FilteringFunctions/arm_fir_interpolate_init_q15.c ****  * <code>pState</code> is of length <code>(numTaps/L)+blockSize-1</code> words    
  73:../Dave/Generated/CMSIS_DSP/FilteringFunctions/arm_fir_interpolate_init_q15.c ****  * where <code>blockSize</code> is the number of input samples processed by each call to <code>arm_
  74:../Dave/Generated/CMSIS_DSP/FilteringFunctions/arm_fir_interpolate_init_q15.c ****  */
  75:../Dave/Generated/CMSIS_DSP/FilteringFunctions/arm_fir_interpolate_init_q15.c **** 
  76:../Dave/Generated/CMSIS_DSP/FilteringFunctions/arm_fir_interpolate_init_q15.c **** arm_status arm_fir_interpolate_init_q15(
  77:../Dave/Generated/CMSIS_DSP/FilteringFunctions/arm_fir_interpolate_init_q15.c ****   arm_fir_interpolate_instance_q15 * S,
  78:../Dave/Generated/CMSIS_DSP/FilteringFunctions/arm_fir_interpolate_init_q15.c ****   uint8_t L,
  79:../Dave/Generated/CMSIS_DSP/FilteringFunctions/arm_fir_interpolate_init_q15.c ****   uint16_t numTaps,
  80:../Dave/Generated/CMSIS_DSP/FilteringFunctions/arm_fir_interpolate_init_q15.c ****   q15_t * pCoeffs,
  81:../Dave/Generated/CMSIS_DSP/FilteringFunctions/arm_fir_interpolate_init_q15.c ****   q15_t * pState,
  82:../Dave/Generated/CMSIS_DSP/FilteringFunctions/arm_fir_interpolate_init_q15.c ****   uint32_t blockSize)
  83:../Dave/Generated/CMSIS_DSP/FilteringFunctions/arm_fir_interpolate_init_q15.c **** {
  28              	 .loc 1 83 0
  29              	 .cfi_startproc
  30              	 
  31              	 
  32 0000 80B5     	 push {r7,lr}
  33              	.LCFI0:
  34              	 .cfi_def_cfa_offset 8
  35              	 .cfi_offset 7,-8
  36              	 .cfi_offset 14,-4
  37 0002 86B0     	 sub sp,sp,#24
  38              	.LCFI1:
  39              	 .cfi_def_cfa_offset 32
  40 0004 00AF     	 add r7,sp,#0
  41              	.LCFI2:
  42              	 .cfi_def_cfa_register 7
  43 0006 F860     	 str r0,[r7,#12]
  44 0008 7B60     	 str r3,[r7,#4]
  45 000a 0B46     	 mov r3,r1
  46 000c FB72     	 strb r3,[r7,#11]
  47 000e 1346     	 mov r3,r2
  48 0010 3B81     	 strh r3,[r7,#8]
  84:../Dave/Generated/CMSIS_DSP/FilteringFunctions/arm_fir_interpolate_init_q15.c ****   arm_status status;
  85:../Dave/Generated/CMSIS_DSP/FilteringFunctions/arm_fir_interpolate_init_q15.c **** 
  86:../Dave/Generated/CMSIS_DSP/FilteringFunctions/arm_fir_interpolate_init_q15.c ****   /* The filter length must be a multiple of the interpolation factor */
  87:../Dave/Generated/CMSIS_DSP/FilteringFunctions/arm_fir_interpolate_init_q15.c ****   if((numTaps % L) != 0u)
  49              	 .loc 1 87 0
  50 0012 3B89     	 ldrh r3,[r7,#8]
  51 0014 FA7A     	 ldrb r2,[r7,#11]
  52 0016 93FBF2F1 	 sdiv r1,r3,r2
  53 001a 02FB01F2 	 mul r2,r2,r1
  54 001e 9B1A     	 subs r3,r3,r2
  55 0020 002B     	 cmp r3,#0
  56 0022 02D0     	 beq .L2
  88:../Dave/Generated/CMSIS_DSP/FilteringFunctions/arm_fir_interpolate_init_q15.c ****   {
  89:../Dave/Generated/CMSIS_DSP/FilteringFunctions/arm_fir_interpolate_init_q15.c ****     /* Set status as ARM_MATH_LENGTH_ERROR */
  90:../Dave/Generated/CMSIS_DSP/FilteringFunctions/arm_fir_interpolate_init_q15.c ****     status = ARM_MATH_LENGTH_ERROR;
  57              	 .loc 1 90 0
  58 0024 FE23     	 movs r3,#254
  59 0026 FB75     	 strb r3,[r7,#23]
  60 0028 1FE0     	 b .L3
  61              	.L2:
  91:../Dave/Generated/CMSIS_DSP/FilteringFunctions/arm_fir_interpolate_init_q15.c ****   }
  92:../Dave/Generated/CMSIS_DSP/FilteringFunctions/arm_fir_interpolate_init_q15.c ****   else
  93:../Dave/Generated/CMSIS_DSP/FilteringFunctions/arm_fir_interpolate_init_q15.c ****   {
  94:../Dave/Generated/CMSIS_DSP/FilteringFunctions/arm_fir_interpolate_init_q15.c **** 
  95:../Dave/Generated/CMSIS_DSP/FilteringFunctions/arm_fir_interpolate_init_q15.c ****     /* Assign coefficient pointer */
  96:../Dave/Generated/CMSIS_DSP/FilteringFunctions/arm_fir_interpolate_init_q15.c ****     S->pCoeffs = pCoeffs;
  62              	 .loc 1 96 0
  63 002a FB68     	 ldr r3,[r7,#12]
  64 002c 7A68     	 ldr r2,[r7,#4]
  65 002e 5A60     	 str r2,[r3,#4]
  97:../Dave/Generated/CMSIS_DSP/FilteringFunctions/arm_fir_interpolate_init_q15.c **** 
  98:../Dave/Generated/CMSIS_DSP/FilteringFunctions/arm_fir_interpolate_init_q15.c ****     /* Assign Interpolation factor */
  99:../Dave/Generated/CMSIS_DSP/FilteringFunctions/arm_fir_interpolate_init_q15.c ****     S->L = L;
  66              	 .loc 1 99 0
  67 0030 FB68     	 ldr r3,[r7,#12]
  68 0032 FA7A     	 ldrb r2,[r7,#11]
  69 0034 1A70     	 strb r2,[r3]
 100:../Dave/Generated/CMSIS_DSP/FilteringFunctions/arm_fir_interpolate_init_q15.c **** 
 101:../Dave/Generated/CMSIS_DSP/FilteringFunctions/arm_fir_interpolate_init_q15.c ****     /* Assign polyPhaseLength */
 102:../Dave/Generated/CMSIS_DSP/FilteringFunctions/arm_fir_interpolate_init_q15.c ****     S->phaseLength = numTaps / L;
  70              	 .loc 1 102 0
  71 0036 3A89     	 ldrh r2,[r7,#8]
  72 0038 FB7A     	 ldrb r3,[r7,#11]
  73 003a 92FBF3F3 	 sdiv r3,r2,r3
  74 003e 9AB2     	 uxth r2,r3
  75 0040 FB68     	 ldr r3,[r7,#12]
  76 0042 5A80     	 strh r2,[r3,#2]
 103:../Dave/Generated/CMSIS_DSP/FilteringFunctions/arm_fir_interpolate_init_q15.c **** 
 104:../Dave/Generated/CMSIS_DSP/FilteringFunctions/arm_fir_interpolate_init_q15.c ****     /* Clear state buffer and size of buffer is always phaseLength + blockSize - 1 */
 105:../Dave/Generated/CMSIS_DSP/FilteringFunctions/arm_fir_interpolate_init_q15.c ****     memset(pState, 0,
 106:../Dave/Generated/CMSIS_DSP/FilteringFunctions/arm_fir_interpolate_init_q15.c ****            (blockSize + ((uint32_t) S->phaseLength - 1u)) * sizeof(q15_t));
  77              	 .loc 1 106 0
  78 0044 FB68     	 ldr r3,[r7,#12]
  79 0046 5B88     	 ldrh r3,[r3,#2]
  80 0048 1A46     	 mov r2,r3
  81 004a 7B6A     	 ldr r3,[r7,#36]
  82 004c 1344     	 add r3,r3,r2
 105:../Dave/Generated/CMSIS_DSP/FilteringFunctions/arm_fir_interpolate_init_q15.c ****            (blockSize + ((uint32_t) S->phaseLength - 1u)) * sizeof(q15_t));
  83              	 .loc 1 105 0
  84 004e 03F10043 	 add r3,r3,#-2147483648
  85 0052 013B     	 subs r3,r3,#1
  86              	 .loc 1 106 0
  87 0054 5B00     	 lsls r3,r3,#1
 105:../Dave/Generated/CMSIS_DSP/FilteringFunctions/arm_fir_interpolate_init_q15.c ****            (blockSize + ((uint32_t) S->phaseLength - 1u)) * sizeof(q15_t));
  88              	 .loc 1 105 0
  89 0056 386A     	 ldr r0,[r7,#32]
  90 0058 0021     	 movs r1,#0
  91 005a 1A46     	 mov r2,r3
  92 005c FFF7FEFF 	 bl memset
 107:../Dave/Generated/CMSIS_DSP/FilteringFunctions/arm_fir_interpolate_init_q15.c **** 
 108:../Dave/Generated/CMSIS_DSP/FilteringFunctions/arm_fir_interpolate_init_q15.c ****     /* Assign state pointer */
 109:../Dave/Generated/CMSIS_DSP/FilteringFunctions/arm_fir_interpolate_init_q15.c ****     S->pState = pState;
  93              	 .loc 1 109 0
  94 0060 FB68     	 ldr r3,[r7,#12]
  95 0062 3A6A     	 ldr r2,[r7,#32]
  96 0064 9A60     	 str r2,[r3,#8]
 110:../Dave/Generated/CMSIS_DSP/FilteringFunctions/arm_fir_interpolate_init_q15.c **** 
 111:../Dave/Generated/CMSIS_DSP/FilteringFunctions/arm_fir_interpolate_init_q15.c ****     status = ARM_MATH_SUCCESS;
  97              	 .loc 1 111 0
  98 0066 0023     	 movs r3,#0
  99 0068 FB75     	 strb r3,[r7,#23]
 100              	.L3:
 112:../Dave/Generated/CMSIS_DSP/FilteringFunctions/arm_fir_interpolate_init_q15.c ****   }
 113:../Dave/Generated/CMSIS_DSP/FilteringFunctions/arm_fir_interpolate_init_q15.c **** 
 114:../Dave/Generated/CMSIS_DSP/FilteringFunctions/arm_fir_interpolate_init_q15.c ****   return (status);
 101              	 .loc 1 114 0
 102 006a FB7D     	 ldrb r3,[r7,#23]
 103 006c 5BB2     	 sxtb r3,r3
 115:../Dave/Generated/CMSIS_DSP/FilteringFunctions/arm_fir_interpolate_init_q15.c **** 
 116:../Dave/Generated/CMSIS_DSP/FilteringFunctions/arm_fir_interpolate_init_q15.c **** }
 104              	 .loc 1 116 0
 105 006e 1846     	 mov r0,r3
 106 0070 1837     	 adds r7,r7,#24
 107              	.LCFI3:
 108              	 .cfi_def_cfa_offset 8
 109 0072 BD46     	 mov sp,r7
 110              	.LCFI4:
 111              	 .cfi_def_cfa_register 13
 112              	 
 113 0074 80BD     	 pop {r7,pc}
 114              	 .cfi_endproc
 115              	.LFE139:
 117 0076 00BF     	 .text
 118              	.Letext0:
 119              	 .file 2 "c:\\davev4\\dave-4.1.2\\eclipse\\arm-gcc-49\\arm-none-eabi\\include\\machine\\_default_types.h"
 120              	 .file 3 "c:\\davev4\\dave-4.1.2\\eclipse\\arm-gcc-49\\arm-none-eabi\\include\\stdint.h"
 121              	 .file 4 "C:\\Workspaces\\DAVE-4.1\\Flightcontroller_PWM_CopterRocks_Working\\Dave\\Generated/CMSIS_DSP/arm_math.h"
DEFINED SYMBOLS
                            *ABS*:00000000 arm_fir_interpolate_init_q15.c
    {standard input}:20     .text.arm_fir_interpolate_init_q15:00000000 $t
    {standard input}:25     .text.arm_fir_interpolate_init_q15:00000000 arm_fir_interpolate_init_q15
                     .debug_frame:00000010 $d

UNDEFINED SYMBOLS
memset
