   1              	 .syntax unified
   2              	 .cpu cortex-m4
   3              	 .eabi_attribute 27,3
   4              	 .fpu fpv4-sp-d16
   5              	 .eabi_attribute 20,1
   6              	 .eabi_attribute 21,1
   7              	 .eabi_attribute 23,3
   8              	 .eabi_attribute 24,1
   9              	 .eabi_attribute 25,1
  10              	 .eabi_attribute 26,1
  11              	 .eabi_attribute 30,6
  12              	 .eabi_attribute 34,1
  13              	 .eabi_attribute 18,4
  14              	 .thumb
  15              	 .file "arm_fir_lattice_q31.c"
  16              	 .text
  17              	.Ltext0:
  18              	 .cfi_sections .debug_frame
  19              	 .section .text.arm_fir_lattice_q31,"ax",%progbits
  20              	 .align 2
  21              	 .global arm_fir_lattice_q31
  22              	 .thumb
  23              	 .thumb_func
  25              	arm_fir_lattice_q31:
  26              	.LFB139:
  27              	 .file 1 "../Dave/Generated/CMSIS_DSP/FilteringFunctions/arm_fir_lattice_q31.c"
   1:../Dave/Generated/CMSIS_DSP/FilteringFunctions/arm_fir_lattice_q31.c **** /* ----------------------------------------------------------------------    
   2:../Dave/Generated/CMSIS_DSP/FilteringFunctions/arm_fir_lattice_q31.c **** * Copyright (C) 2010-2014 ARM Limited. All rights reserved.    
   3:../Dave/Generated/CMSIS_DSP/FilteringFunctions/arm_fir_lattice_q31.c **** *    
   4:../Dave/Generated/CMSIS_DSP/FilteringFunctions/arm_fir_lattice_q31.c **** * $Date:        12. March 2014
   5:../Dave/Generated/CMSIS_DSP/FilteringFunctions/arm_fir_lattice_q31.c **** * $Revision: 	V1.4.4
   6:../Dave/Generated/CMSIS_DSP/FilteringFunctions/arm_fir_lattice_q31.c **** *    
   7:../Dave/Generated/CMSIS_DSP/FilteringFunctions/arm_fir_lattice_q31.c **** * Project: 	    CMSIS DSP Library    
   8:../Dave/Generated/CMSIS_DSP/FilteringFunctions/arm_fir_lattice_q31.c **** * Title:	    arm_fir_lattice_q31.c    
   9:../Dave/Generated/CMSIS_DSP/FilteringFunctions/arm_fir_lattice_q31.c **** *    
  10:../Dave/Generated/CMSIS_DSP/FilteringFunctions/arm_fir_lattice_q31.c **** * Description:	Q31 FIR lattice filter processing function.    
  11:../Dave/Generated/CMSIS_DSP/FilteringFunctions/arm_fir_lattice_q31.c **** *    
  12:../Dave/Generated/CMSIS_DSP/FilteringFunctions/arm_fir_lattice_q31.c **** * Target Processor: Cortex-M4/Cortex-M3/Cortex-M0
  13:../Dave/Generated/CMSIS_DSP/FilteringFunctions/arm_fir_lattice_q31.c **** *  
  14:../Dave/Generated/CMSIS_DSP/FilteringFunctions/arm_fir_lattice_q31.c **** * Redistribution and use in source and binary forms, with or without 
  15:../Dave/Generated/CMSIS_DSP/FilteringFunctions/arm_fir_lattice_q31.c **** * modification, are permitted provided that the following conditions
  16:../Dave/Generated/CMSIS_DSP/FilteringFunctions/arm_fir_lattice_q31.c **** * are met:
  17:../Dave/Generated/CMSIS_DSP/FilteringFunctions/arm_fir_lattice_q31.c **** *   - Redistributions of source code must retain the above copyright
  18:../Dave/Generated/CMSIS_DSP/FilteringFunctions/arm_fir_lattice_q31.c **** *     notice, this list of conditions and the following disclaimer.
  19:../Dave/Generated/CMSIS_DSP/FilteringFunctions/arm_fir_lattice_q31.c **** *   - Redistributions in binary form must reproduce the above copyright
  20:../Dave/Generated/CMSIS_DSP/FilteringFunctions/arm_fir_lattice_q31.c **** *     notice, this list of conditions and the following disclaimer in
  21:../Dave/Generated/CMSIS_DSP/FilteringFunctions/arm_fir_lattice_q31.c **** *     the documentation and/or other materials provided with the 
  22:../Dave/Generated/CMSIS_DSP/FilteringFunctions/arm_fir_lattice_q31.c **** *     distribution.
  23:../Dave/Generated/CMSIS_DSP/FilteringFunctions/arm_fir_lattice_q31.c **** *   - Neither the name of ARM LIMITED nor the names of its contributors
  24:../Dave/Generated/CMSIS_DSP/FilteringFunctions/arm_fir_lattice_q31.c **** *     may be used to endorse or promote products derived from this
  25:../Dave/Generated/CMSIS_DSP/FilteringFunctions/arm_fir_lattice_q31.c **** *     software without specific prior written permission.
  26:../Dave/Generated/CMSIS_DSP/FilteringFunctions/arm_fir_lattice_q31.c **** *
  27:../Dave/Generated/CMSIS_DSP/FilteringFunctions/arm_fir_lattice_q31.c **** * THIS SOFTWARE IS PROVIDED BY THE COPYRIGHT HOLDERS AND CONTRIBUTORS
  28:../Dave/Generated/CMSIS_DSP/FilteringFunctions/arm_fir_lattice_q31.c **** * "AS IS" AND ANY EXPRESS OR IMPLIED WARRANTIES, INCLUDING, BUT NOT
  29:../Dave/Generated/CMSIS_DSP/FilteringFunctions/arm_fir_lattice_q31.c **** * LIMITED TO, THE IMPLIED WARRANTIES OF MERCHANTABILITY AND FITNESS
  30:../Dave/Generated/CMSIS_DSP/FilteringFunctions/arm_fir_lattice_q31.c **** * FOR A PARTICULAR PURPOSE ARE DISCLAIMED. IN NO EVENT SHALL THE 
  31:../Dave/Generated/CMSIS_DSP/FilteringFunctions/arm_fir_lattice_q31.c **** * COPYRIGHT OWNER OR CONTRIBUTORS BE LIABLE FOR ANY DIRECT, INDIRECT,
  32:../Dave/Generated/CMSIS_DSP/FilteringFunctions/arm_fir_lattice_q31.c **** * INCIDENTAL, SPECIAL, EXEMPLARY, OR CONSEQUENTIAL DAMAGES (INCLUDING,
  33:../Dave/Generated/CMSIS_DSP/FilteringFunctions/arm_fir_lattice_q31.c **** * BUT NOT LIMITED TO, PROCUREMENT OF SUBSTITUTE GOODS OR SERVICES;
  34:../Dave/Generated/CMSIS_DSP/FilteringFunctions/arm_fir_lattice_q31.c **** * LOSS OF USE, DATA, OR PROFITS; OR BUSINESS INTERRUPTION) HOWEVER
  35:../Dave/Generated/CMSIS_DSP/FilteringFunctions/arm_fir_lattice_q31.c **** * CAUSED AND ON ANY THEORY OF LIABILITY, WHETHER IN CONTRACT, STRICT
  36:../Dave/Generated/CMSIS_DSP/FilteringFunctions/arm_fir_lattice_q31.c **** * LIABILITY, OR TORT (INCLUDING NEGLIGENCE OR OTHERWISE) ARISING IN
  37:../Dave/Generated/CMSIS_DSP/FilteringFunctions/arm_fir_lattice_q31.c **** * ANY WAY OUT OF THE USE OF THIS SOFTWARE, EVEN IF ADVISED OF THE
  38:../Dave/Generated/CMSIS_DSP/FilteringFunctions/arm_fir_lattice_q31.c **** * POSSIBILITY OF SUCH DAMAGE.  
  39:../Dave/Generated/CMSIS_DSP/FilteringFunctions/arm_fir_lattice_q31.c **** * -------------------------------------------------------------------- */
  40:../Dave/Generated/CMSIS_DSP/FilteringFunctions/arm_fir_lattice_q31.c **** 
  41:../Dave/Generated/CMSIS_DSP/FilteringFunctions/arm_fir_lattice_q31.c **** #include "CMSIS_DSP/cmsis_dsp.h"
  42:../Dave/Generated/CMSIS_DSP/FilteringFunctions/arm_fir_lattice_q31.c **** 
  43:../Dave/Generated/CMSIS_DSP/FilteringFunctions/arm_fir_lattice_q31.c **** /**    
  44:../Dave/Generated/CMSIS_DSP/FilteringFunctions/arm_fir_lattice_q31.c ****  * @ingroup groupFilters    
  45:../Dave/Generated/CMSIS_DSP/FilteringFunctions/arm_fir_lattice_q31.c ****  */
  46:../Dave/Generated/CMSIS_DSP/FilteringFunctions/arm_fir_lattice_q31.c **** 
  47:../Dave/Generated/CMSIS_DSP/FilteringFunctions/arm_fir_lattice_q31.c **** /**    
  48:../Dave/Generated/CMSIS_DSP/FilteringFunctions/arm_fir_lattice_q31.c ****  * @addtogroup FIR_Lattice    
  49:../Dave/Generated/CMSIS_DSP/FilteringFunctions/arm_fir_lattice_q31.c ****  * @{    
  50:../Dave/Generated/CMSIS_DSP/FilteringFunctions/arm_fir_lattice_q31.c ****  */
  51:../Dave/Generated/CMSIS_DSP/FilteringFunctions/arm_fir_lattice_q31.c **** 
  52:../Dave/Generated/CMSIS_DSP/FilteringFunctions/arm_fir_lattice_q31.c **** 
  53:../Dave/Generated/CMSIS_DSP/FilteringFunctions/arm_fir_lattice_q31.c **** /**    
  54:../Dave/Generated/CMSIS_DSP/FilteringFunctions/arm_fir_lattice_q31.c ****  * @brief Processing function for the Q31 FIR lattice filter.    
  55:../Dave/Generated/CMSIS_DSP/FilteringFunctions/arm_fir_lattice_q31.c ****  * @param[in]  *S        points to an instance of the Q31 FIR lattice structure.    
  56:../Dave/Generated/CMSIS_DSP/FilteringFunctions/arm_fir_lattice_q31.c ****  * @param[in]  *pSrc     points to the block of input data.    
  57:../Dave/Generated/CMSIS_DSP/FilteringFunctions/arm_fir_lattice_q31.c ****  * @param[out] *pDst     points to the block of output data    
  58:../Dave/Generated/CMSIS_DSP/FilteringFunctions/arm_fir_lattice_q31.c ****  * @param[in]  blockSize number of samples to process.    
  59:../Dave/Generated/CMSIS_DSP/FilteringFunctions/arm_fir_lattice_q31.c ****  * @return none.    
  60:../Dave/Generated/CMSIS_DSP/FilteringFunctions/arm_fir_lattice_q31.c ****  *    
  61:../Dave/Generated/CMSIS_DSP/FilteringFunctions/arm_fir_lattice_q31.c ****  * @details    
  62:../Dave/Generated/CMSIS_DSP/FilteringFunctions/arm_fir_lattice_q31.c ****  * <b>Scaling and Overflow Behavior:</b>    
  63:../Dave/Generated/CMSIS_DSP/FilteringFunctions/arm_fir_lattice_q31.c ****  * In order to avoid overflows the input signal must be scaled down by 2*log2(numStages) bits.    
  64:../Dave/Generated/CMSIS_DSP/FilteringFunctions/arm_fir_lattice_q31.c ****  */
  65:../Dave/Generated/CMSIS_DSP/FilteringFunctions/arm_fir_lattice_q31.c **** 
  66:../Dave/Generated/CMSIS_DSP/FilteringFunctions/arm_fir_lattice_q31.c **** #ifndef ARM_MATH_CM0_FAMILY
  67:../Dave/Generated/CMSIS_DSP/FilteringFunctions/arm_fir_lattice_q31.c **** 
  68:../Dave/Generated/CMSIS_DSP/FilteringFunctions/arm_fir_lattice_q31.c ****   /* Run the below code for Cortex-M4 and Cortex-M3 */
  69:../Dave/Generated/CMSIS_DSP/FilteringFunctions/arm_fir_lattice_q31.c **** 
  70:../Dave/Generated/CMSIS_DSP/FilteringFunctions/arm_fir_lattice_q31.c **** void arm_fir_lattice_q31(
  71:../Dave/Generated/CMSIS_DSP/FilteringFunctions/arm_fir_lattice_q31.c ****   const arm_fir_lattice_instance_q31 * S,
  72:../Dave/Generated/CMSIS_DSP/FilteringFunctions/arm_fir_lattice_q31.c ****   q31_t * pSrc,
  73:../Dave/Generated/CMSIS_DSP/FilteringFunctions/arm_fir_lattice_q31.c ****   q31_t * pDst,
  74:../Dave/Generated/CMSIS_DSP/FilteringFunctions/arm_fir_lattice_q31.c ****   uint32_t blockSize)
  75:../Dave/Generated/CMSIS_DSP/FilteringFunctions/arm_fir_lattice_q31.c **** {
  28              	 .loc 1 75 0
  29              	 .cfi_startproc
  30              	 
  31              	 
  32              	 
  33 0000 2DE9B00F 	 push {r4,r5,r7,r8,r9,r10,fp}
  34              	.LCFI0:
  35              	 .cfi_def_cfa_offset 28
  36              	 .cfi_offset 4,-28
  37              	 .cfi_offset 5,-24
  38              	 .cfi_offset 7,-20
  39              	 .cfi_offset 8,-16
  40              	 .cfi_offset 9,-12
  41              	 .cfi_offset 10,-8
  42              	 .cfi_offset 11,-4
  43 0004 A9B0     	 sub sp,sp,#164
  44              	.LCFI1:
  45              	 .cfi_def_cfa_offset 192
  46 0006 00AF     	 add r7,sp,#0
  47              	.LCFI2:
  48              	 .cfi_def_cfa_register 7
  49 0008 F865     	 str r0,[r7,#92]
  50 000a B965     	 str r1,[r7,#88]
  51 000c 7A65     	 str r2,[r7,#84]
  52 000e 3B65     	 str r3,[r7,#80]
  76:../Dave/Generated/CMSIS_DSP/FilteringFunctions/arm_fir_lattice_q31.c ****   q31_t *pState;                                 /* State pointer */
  77:../Dave/Generated/CMSIS_DSP/FilteringFunctions/arm_fir_lattice_q31.c ****   q31_t *pCoeffs = S->pCoeffs;                   /* Coefficient pointer */
  53              	 .loc 1 77 0
  54 0010 FB6D     	 ldr r3,[r7,#92]
  55 0012 9B68     	 ldr r3,[r3,#8]
  56 0014 FB67     	 str r3,[r7,#124]
  78:../Dave/Generated/CMSIS_DSP/FilteringFunctions/arm_fir_lattice_q31.c ****   q31_t *px;                                     /* temporary state pointer */
  79:../Dave/Generated/CMSIS_DSP/FilteringFunctions/arm_fir_lattice_q31.c ****   q31_t *pk;                                     /* temporary coefficient pointer */
  80:../Dave/Generated/CMSIS_DSP/FilteringFunctions/arm_fir_lattice_q31.c ****   q31_t fcurr1, fnext1, gcurr1 = 0, gnext1;      /* temporary variables for first sample in loop un
  57              	 .loc 1 80 0
  58 0016 0023     	 movs r3,#0
  59 0018 BB67     	 str r3,[r7,#120]
  81:../Dave/Generated/CMSIS_DSP/FilteringFunctions/arm_fir_lattice_q31.c ****   q31_t fcurr2, fnext2, gnext2;                  /* temporary variables for second sample in loop u
  82:../Dave/Generated/CMSIS_DSP/FilteringFunctions/arm_fir_lattice_q31.c ****   uint32_t numStages = S->numStages;             /* Length of the filter */
  60              	 .loc 1 82 0
  61 001a FB6D     	 ldr r3,[r7,#92]
  62 001c 1B88     	 ldrh r3,[r3]
  63 001e 7B67     	 str r3,[r7,#116]
  83:../Dave/Generated/CMSIS_DSP/FilteringFunctions/arm_fir_lattice_q31.c ****   uint32_t blkCnt, stageCnt;                     /* temporary variables for counts */
  84:../Dave/Generated/CMSIS_DSP/FilteringFunctions/arm_fir_lattice_q31.c ****   q31_t k;
  85:../Dave/Generated/CMSIS_DSP/FilteringFunctions/arm_fir_lattice_q31.c **** 
  86:../Dave/Generated/CMSIS_DSP/FilteringFunctions/arm_fir_lattice_q31.c ****   pState = &S->pState[0];
  64              	 .loc 1 86 0
  65 0020 FB6D     	 ldr r3,[r7,#92]
  66 0022 5B68     	 ldr r3,[r3,#4]
  67 0024 3B67     	 str r3,[r7,#112]
  87:../Dave/Generated/CMSIS_DSP/FilteringFunctions/arm_fir_lattice_q31.c **** 
  88:../Dave/Generated/CMSIS_DSP/FilteringFunctions/arm_fir_lattice_q31.c ****   blkCnt = blockSize >> 1u;
  68              	 .loc 1 88 0
  69 0026 3B6D     	 ldr r3,[r7,#80]
  70 0028 5B08     	 lsrs r3,r3,#1
  71 002a C7F88430 	 str r3,[r7,#132]
  89:../Dave/Generated/CMSIS_DSP/FilteringFunctions/arm_fir_lattice_q31.c **** 
  90:../Dave/Generated/CMSIS_DSP/FilteringFunctions/arm_fir_lattice_q31.c ****   /* First part of the processing with loop unrolling.  Compute 2 outputs at a time.        
  91:../Dave/Generated/CMSIS_DSP/FilteringFunctions/arm_fir_lattice_q31.c ****      a second loop below computes the remaining 1 sample. */
  92:../Dave/Generated/CMSIS_DSP/FilteringFunctions/arm_fir_lattice_q31.c ****   while(blkCnt > 0u)
  72              	 .loc 1 92 0
  73 002e 5BE1     	 b .L2
  74              	.L5:
  93:../Dave/Generated/CMSIS_DSP/FilteringFunctions/arm_fir_lattice_q31.c ****   {
  94:../Dave/Generated/CMSIS_DSP/FilteringFunctions/arm_fir_lattice_q31.c ****     /* f0(n) = x(n) */
  95:../Dave/Generated/CMSIS_DSP/FilteringFunctions/arm_fir_lattice_q31.c ****     fcurr1 = *pSrc++;
  75              	 .loc 1 95 0
  76 0030 BA6D     	 ldr r2,[r7,#88]
  77 0032 131D     	 adds r3,r2,#4
  78 0034 BB65     	 str r3,[r7,#88]
  79 0036 1368     	 ldr r3,[r2]
  80 0038 C7F89430 	 str r3,[r7,#148]
  96:../Dave/Generated/CMSIS_DSP/FilteringFunctions/arm_fir_lattice_q31.c **** 
  97:../Dave/Generated/CMSIS_DSP/FilteringFunctions/arm_fir_lattice_q31.c ****     /* f0(n) = x(n) */
  98:../Dave/Generated/CMSIS_DSP/FilteringFunctions/arm_fir_lattice_q31.c ****     fcurr2 = *pSrc++;
  81              	 .loc 1 98 0
  82 003c BA6D     	 ldr r2,[r7,#88]
  83 003e 131D     	 adds r3,r2,#4
  84 0040 BB65     	 str r3,[r7,#88]
  85 0042 1368     	 ldr r3,[r2]
  86 0044 C7F88C30 	 str r3,[r7,#140]
  99:../Dave/Generated/CMSIS_DSP/FilteringFunctions/arm_fir_lattice_q31.c **** 
 100:../Dave/Generated/CMSIS_DSP/FilteringFunctions/arm_fir_lattice_q31.c ****     /* Initialize coeff pointer */
 101:../Dave/Generated/CMSIS_DSP/FilteringFunctions/arm_fir_lattice_q31.c ****     pk = (pCoeffs);
  87              	 .loc 1 101 0
  88 0048 FB6F     	 ldr r3,[r7,#124]
  89 004a C7F89830 	 str r3,[r7,#152]
 102:../Dave/Generated/CMSIS_DSP/FilteringFunctions/arm_fir_lattice_q31.c **** 
 103:../Dave/Generated/CMSIS_DSP/FilteringFunctions/arm_fir_lattice_q31.c ****     /* Initialize state pointer */
 104:../Dave/Generated/CMSIS_DSP/FilteringFunctions/arm_fir_lattice_q31.c ****     px = pState;
  90              	 .loc 1 104 0
  91 004e 3B6F     	 ldr r3,[r7,#112]
  92 0050 C7F89C30 	 str r3,[r7,#156]
 105:../Dave/Generated/CMSIS_DSP/FilteringFunctions/arm_fir_lattice_q31.c **** 
 106:../Dave/Generated/CMSIS_DSP/FilteringFunctions/arm_fir_lattice_q31.c ****     /* read g0(n - 1) from state buffer */
 107:../Dave/Generated/CMSIS_DSP/FilteringFunctions/arm_fir_lattice_q31.c ****     gcurr1 = *px;
  93              	 .loc 1 107 0
  94 0054 D7F89C30 	 ldr r3,[r7,#156]
  95 0058 1B68     	 ldr r3,[r3]
  96 005a BB67     	 str r3,[r7,#120]
 108:../Dave/Generated/CMSIS_DSP/FilteringFunctions/arm_fir_lattice_q31.c **** 
 109:../Dave/Generated/CMSIS_DSP/FilteringFunctions/arm_fir_lattice_q31.c ****     /* Read the reflection coefficient */
 110:../Dave/Generated/CMSIS_DSP/FilteringFunctions/arm_fir_lattice_q31.c ****     k = *pk++;
  97              	 .loc 1 110 0
  98 005c D7F89820 	 ldr r2,[r7,#152]
  99 0060 131D     	 adds r3,r2,#4
 100 0062 C7F89830 	 str r3,[r7,#152]
 101 0066 1368     	 ldr r3,[r2]
 102 0068 FB66     	 str r3,[r7,#108]
 111:../Dave/Generated/CMSIS_DSP/FilteringFunctions/arm_fir_lattice_q31.c **** 
 112:../Dave/Generated/CMSIS_DSP/FilteringFunctions/arm_fir_lattice_q31.c ****     /* for sample 1 processing */
 113:../Dave/Generated/CMSIS_DSP/FilteringFunctions/arm_fir_lattice_q31.c ****     /* f1(n) = f0(n) +  K1 * g0(n-1) */
 114:../Dave/Generated/CMSIS_DSP/FilteringFunctions/arm_fir_lattice_q31.c ****     fnext1 = (q31_t) (((q63_t) gcurr1 * k) >> 32);
 103              	 .loc 1 114 0
 104 006a BB6F     	 ldr r3,[r7,#120]
 105 006c 1846     	 mov r0,r3
 106 006e 4FEAE071 	 asr r1,r0,#31
 107 0072 FB6E     	 ldr r3,[r7,#108]
 108 0074 1A46     	 mov r2,r3
 109 0076 4FEAE273 	 asr r3,r2,#31
 110 007a 02FB01F5 	 mul r5,r2,r1
 111 007e 00FB03F4 	 mul r4,r0,r3
 112 0082 2C44     	 add r4,r4,r5
 113 0084 A0FB0223 	 umull r2,r3,r0,r2
 114 0088 E118     	 adds r1,r4,r3
 115 008a 0B46     	 mov r3,r1
 116 008c 1900     	 movs r1,r3
 117 008e B964     	 str r1,[r7,#72]
 118 0090 DB17     	 asrs r3,r3,#31
 119 0092 FB64     	 str r3,[r7,#76]
 120 0094 BB6C     	 ldr r3,[r7,#72]
 121 0096 BB66     	 str r3,[r7,#104]
 115:../Dave/Generated/CMSIS_DSP/FilteringFunctions/arm_fir_lattice_q31.c **** 
 116:../Dave/Generated/CMSIS_DSP/FilteringFunctions/arm_fir_lattice_q31.c ****     /* g1(n) = f0(n) * K1  +  g0(n-1) */
 117:../Dave/Generated/CMSIS_DSP/FilteringFunctions/arm_fir_lattice_q31.c ****     gnext1 = (q31_t) (((q63_t) fcurr1 * (k)) >> 32);
 122              	 .loc 1 117 0
 123 0098 D7F89430 	 ldr r3,[r7,#148]
 124 009c 1846     	 mov r0,r3
 125 009e 4FEAE071 	 asr r1,r0,#31
 126 00a2 FB6E     	 ldr r3,[r7,#108]
 127 00a4 1A46     	 mov r2,r3
 128 00a6 4FEAE273 	 asr r3,r2,#31
 129 00aa 02FB01F5 	 mul r5,r2,r1
 130 00ae 00FB03F4 	 mul r4,r0,r3
 131 00b2 2C44     	 add r4,r4,r5
 132 00b4 A0FB0223 	 umull r2,r3,r0,r2
 133 00b8 E118     	 adds r1,r4,r3
 134 00ba 0B46     	 mov r3,r1
 135 00bc 1900     	 movs r1,r3
 136 00be 3964     	 str r1,[r7,#64]
 137 00c0 DB17     	 asrs r3,r3,#31
 138 00c2 7B64     	 str r3,[r7,#68]
 139 00c4 3B6C     	 ldr r3,[r7,#64]
 140 00c6 C7F89030 	 str r3,[r7,#144]
 118:../Dave/Generated/CMSIS_DSP/FilteringFunctions/arm_fir_lattice_q31.c ****     fnext1 = fcurr1 + (fnext1 << 1u);
 141              	 .loc 1 118 0
 142 00ca BB6E     	 ldr r3,[r7,#104]
 143 00cc 5A00     	 lsls r2,r3,#1
 144 00ce D7F89430 	 ldr r3,[r7,#148]
 145 00d2 1344     	 add r3,r3,r2
 146 00d4 BB66     	 str r3,[r7,#104]
 119:../Dave/Generated/CMSIS_DSP/FilteringFunctions/arm_fir_lattice_q31.c ****     gnext1 = gcurr1 + (gnext1 << 1u);
 147              	 .loc 1 119 0
 148 00d6 D7F89030 	 ldr r3,[r7,#144]
 149 00da 5A00     	 lsls r2,r3,#1
 150 00dc BB6F     	 ldr r3,[r7,#120]
 151 00de 1344     	 add r3,r3,r2
 152 00e0 C7F89030 	 str r3,[r7,#144]
 120:../Dave/Generated/CMSIS_DSP/FilteringFunctions/arm_fir_lattice_q31.c **** 
 121:../Dave/Generated/CMSIS_DSP/FilteringFunctions/arm_fir_lattice_q31.c ****     /* for sample 1 processing */
 122:../Dave/Generated/CMSIS_DSP/FilteringFunctions/arm_fir_lattice_q31.c ****     /* f1(n) = f0(n) +  K1 * g0(n-1) */
 123:../Dave/Generated/CMSIS_DSP/FilteringFunctions/arm_fir_lattice_q31.c ****     fnext2 = (q31_t) (((q63_t) fcurr1 * k) >> 32);
 153              	 .loc 1 123 0
 154 00e4 D7F89430 	 ldr r3,[r7,#148]
 155 00e8 1846     	 mov r0,r3
 156 00ea 4FEAE071 	 asr r1,r0,#31
 157 00ee FB6E     	 ldr r3,[r7,#108]
 158 00f0 1A46     	 mov r2,r3
 159 00f2 4FEAE273 	 asr r3,r2,#31
 160 00f6 02FB01F5 	 mul r5,r2,r1
 161 00fa 00FB03F4 	 mul r4,r0,r3
 162 00fe 2C44     	 add r4,r4,r5
 163 0100 A0FB0223 	 umull r2,r3,r0,r2
 164 0104 E118     	 adds r1,r4,r3
 165 0106 0B46     	 mov r3,r1
 166 0108 1900     	 movs r1,r3
 167 010a B963     	 str r1,[r7,#56]
 168 010c DB17     	 asrs r3,r3,#31
 169 010e FB63     	 str r3,[r7,#60]
 170 0110 BB6B     	 ldr r3,[r7,#56]
 171 0112 7B66     	 str r3,[r7,#100]
 124:../Dave/Generated/CMSIS_DSP/FilteringFunctions/arm_fir_lattice_q31.c **** 
 125:../Dave/Generated/CMSIS_DSP/FilteringFunctions/arm_fir_lattice_q31.c ****     /* g1(n) = f0(n) * K1  +  g0(n-1) */
 126:../Dave/Generated/CMSIS_DSP/FilteringFunctions/arm_fir_lattice_q31.c ****     gnext2 = (q31_t) (((q63_t) fcurr2 * (k)) >> 32);
 172              	 .loc 1 126 0
 173 0114 D7F88C30 	 ldr r3,[r7,#140]
 174 0118 1846     	 mov r0,r3
 175 011a 4FEAE071 	 asr r1,r0,#31
 176 011e FB6E     	 ldr r3,[r7,#108]
 177 0120 1A46     	 mov r2,r3
 178 0122 4FEAE273 	 asr r3,r2,#31
 179 0126 02FB01F5 	 mul r5,r2,r1
 180 012a 00FB03F4 	 mul r4,r0,r3
 181 012e 2C44     	 add r4,r4,r5
 182 0130 A0FB0223 	 umull r2,r3,r0,r2
 183 0134 E118     	 adds r1,r4,r3
 184 0136 0B46     	 mov r3,r1
 185 0138 1900     	 movs r1,r3
 186 013a 3963     	 str r1,[r7,#48]
 187 013c DB17     	 asrs r3,r3,#31
 188 013e 7B63     	 str r3,[r7,#52]
 189 0140 3B6B     	 ldr r3,[r7,#48]
 190 0142 C7F88830 	 str r3,[r7,#136]
 127:../Dave/Generated/CMSIS_DSP/FilteringFunctions/arm_fir_lattice_q31.c ****     fnext2 = fcurr2 + (fnext2 << 1u);
 191              	 .loc 1 127 0
 192 0146 7B6E     	 ldr r3,[r7,#100]
 193 0148 5A00     	 lsls r2,r3,#1
 194 014a D7F88C30 	 ldr r3,[r7,#140]
 195 014e 1344     	 add r3,r3,r2
 196 0150 7B66     	 str r3,[r7,#100]
 128:../Dave/Generated/CMSIS_DSP/FilteringFunctions/arm_fir_lattice_q31.c ****     gnext2 = fcurr1 + (gnext2 << 1u);
 197              	 .loc 1 128 0
 198 0152 D7F88830 	 ldr r3,[r7,#136]
 199 0156 5A00     	 lsls r2,r3,#1
 200 0158 D7F89430 	 ldr r3,[r7,#148]
 201 015c 1344     	 add r3,r3,r2
 202 015e C7F88830 	 str r3,[r7,#136]
 129:../Dave/Generated/CMSIS_DSP/FilteringFunctions/arm_fir_lattice_q31.c **** 
 130:../Dave/Generated/CMSIS_DSP/FilteringFunctions/arm_fir_lattice_q31.c ****     /* save g1(n) in state buffer */
 131:../Dave/Generated/CMSIS_DSP/FilteringFunctions/arm_fir_lattice_q31.c ****     *px++ = fcurr2;
 203              	 .loc 1 131 0
 204 0162 D7F89C20 	 ldr r2,[r7,#156]
 205 0166 131D     	 adds r3,r2,#4
 206 0168 C7F89C30 	 str r3,[r7,#156]
 207 016c D7F88C30 	 ldr r3,[r7,#140]
 208 0170 1360     	 str r3,[r2]
 132:../Dave/Generated/CMSIS_DSP/FilteringFunctions/arm_fir_lattice_q31.c **** 
 133:../Dave/Generated/CMSIS_DSP/FilteringFunctions/arm_fir_lattice_q31.c ****     /* f1(n) is saved in fcurr1        
 134:../Dave/Generated/CMSIS_DSP/FilteringFunctions/arm_fir_lattice_q31.c ****        for next stage processing */
 135:../Dave/Generated/CMSIS_DSP/FilteringFunctions/arm_fir_lattice_q31.c ****     fcurr1 = fnext1;
 209              	 .loc 1 135 0
 210 0172 BB6E     	 ldr r3,[r7,#104]
 211 0174 C7F89430 	 str r3,[r7,#148]
 136:../Dave/Generated/CMSIS_DSP/FilteringFunctions/arm_fir_lattice_q31.c ****     fcurr2 = fnext2;
 212              	 .loc 1 136 0
 213 0178 7B6E     	 ldr r3,[r7,#100]
 214 017a C7F88C30 	 str r3,[r7,#140]
 137:../Dave/Generated/CMSIS_DSP/FilteringFunctions/arm_fir_lattice_q31.c **** 
 138:../Dave/Generated/CMSIS_DSP/FilteringFunctions/arm_fir_lattice_q31.c ****     stageCnt = (numStages - 1u);
 215              	 .loc 1 138 0
 216 017e 7B6F     	 ldr r3,[r7,#116]
 217 0180 013B     	 subs r3,r3,#1
 218 0182 C7F88030 	 str r3,[r7,#128]
 139:../Dave/Generated/CMSIS_DSP/FilteringFunctions/arm_fir_lattice_q31.c **** 
 140:../Dave/Generated/CMSIS_DSP/FilteringFunctions/arm_fir_lattice_q31.c ****     /* stage loop */
 141:../Dave/Generated/CMSIS_DSP/FilteringFunctions/arm_fir_lattice_q31.c ****     while(stageCnt > 0u)
 219              	 .loc 1 141 0
 220 0186 99E0     	 b .L3
 221              	.L4:
 142:../Dave/Generated/CMSIS_DSP/FilteringFunctions/arm_fir_lattice_q31.c ****     {
 143:../Dave/Generated/CMSIS_DSP/FilteringFunctions/arm_fir_lattice_q31.c **** 
 144:../Dave/Generated/CMSIS_DSP/FilteringFunctions/arm_fir_lattice_q31.c ****       /* Read the reflection coefficient */
 145:../Dave/Generated/CMSIS_DSP/FilteringFunctions/arm_fir_lattice_q31.c ****       k = *pk++;
 222              	 .loc 1 145 0
 223 0188 D7F89820 	 ldr r2,[r7,#152]
 224 018c 131D     	 adds r3,r2,#4
 225 018e C7F89830 	 str r3,[r7,#152]
 226 0192 1368     	 ldr r3,[r2]
 227 0194 FB66     	 str r3,[r7,#108]
 146:../Dave/Generated/CMSIS_DSP/FilteringFunctions/arm_fir_lattice_q31.c **** 
 147:../Dave/Generated/CMSIS_DSP/FilteringFunctions/arm_fir_lattice_q31.c ****       /* read g2(n) from state buffer */
 148:../Dave/Generated/CMSIS_DSP/FilteringFunctions/arm_fir_lattice_q31.c ****       gcurr1 = *px;
 228              	 .loc 1 148 0
 229 0196 D7F89C30 	 ldr r3,[r7,#156]
 230 019a 1B68     	 ldr r3,[r3]
 231 019c BB67     	 str r3,[r7,#120]
 149:../Dave/Generated/CMSIS_DSP/FilteringFunctions/arm_fir_lattice_q31.c **** 
 150:../Dave/Generated/CMSIS_DSP/FilteringFunctions/arm_fir_lattice_q31.c ****       /* save g1(n) in state buffer */
 151:../Dave/Generated/CMSIS_DSP/FilteringFunctions/arm_fir_lattice_q31.c ****       *px++ = gnext2;
 232              	 .loc 1 151 0
 233 019e D7F89C20 	 ldr r2,[r7,#156]
 234 01a2 131D     	 adds r3,r2,#4
 235 01a4 C7F89C30 	 str r3,[r7,#156]
 236 01a8 D7F88830 	 ldr r3,[r7,#136]
 237 01ac 1360     	 str r3,[r2]
 152:../Dave/Generated/CMSIS_DSP/FilteringFunctions/arm_fir_lattice_q31.c **** 
 153:../Dave/Generated/CMSIS_DSP/FilteringFunctions/arm_fir_lattice_q31.c ****       /* Sample processing for K2, K3.... */
 154:../Dave/Generated/CMSIS_DSP/FilteringFunctions/arm_fir_lattice_q31.c ****       /* f2(n) = f1(n) +  K2 * g1(n-1) */
 155:../Dave/Generated/CMSIS_DSP/FilteringFunctions/arm_fir_lattice_q31.c ****       fnext1 = (q31_t) (((q63_t) gcurr1 * k) >> 32);
 238              	 .loc 1 155 0
 239 01ae BB6F     	 ldr r3,[r7,#120]
 240 01b0 1846     	 mov r0,r3
 241 01b2 4FEAE071 	 asr r1,r0,#31
 242 01b6 FB6E     	 ldr r3,[r7,#108]
 243 01b8 1A46     	 mov r2,r3
 244 01ba 4FEAE273 	 asr r3,r2,#31
 245 01be 02FB01F5 	 mul r5,r2,r1
 246 01c2 00FB03F4 	 mul r4,r0,r3
 247 01c6 2C44     	 add r4,r4,r5
 248 01c8 A0FB0223 	 umull r2,r3,r0,r2
 249 01cc E118     	 adds r1,r4,r3
 250 01ce 0B46     	 mov r3,r1
 251 01d0 1900     	 movs r1,r3
 252 01d2 B962     	 str r1,[r7,#40]
 253 01d4 DB17     	 asrs r3,r3,#31
 254 01d6 FB62     	 str r3,[r7,#44]
 255 01d8 BB6A     	 ldr r3,[r7,#40]
 256 01da BB66     	 str r3,[r7,#104]
 156:../Dave/Generated/CMSIS_DSP/FilteringFunctions/arm_fir_lattice_q31.c ****       fnext2 = (q31_t) (((q63_t) gnext1 * k) >> 32);
 257              	 .loc 1 156 0
 258 01dc D7F89030 	 ldr r3,[r7,#144]
 259 01e0 1846     	 mov r0,r3
 260 01e2 4FEAE071 	 asr r1,r0,#31
 261 01e6 FB6E     	 ldr r3,[r7,#108]
 262 01e8 1A46     	 mov r2,r3
 263 01ea 4FEAE273 	 asr r3,r2,#31
 264 01ee 02FB01F5 	 mul r5,r2,r1
 265 01f2 00FB03F4 	 mul r4,r0,r3
 266 01f6 2C44     	 add r4,r4,r5
 267 01f8 A0FB0223 	 umull r2,r3,r0,r2
 268 01fc E118     	 adds r1,r4,r3
 269 01fe 0B46     	 mov r3,r1
 270 0200 1900     	 movs r1,r3
 271 0202 3962     	 str r1,[r7,#32]
 272 0204 DB17     	 asrs r3,r3,#31
 273 0206 7B62     	 str r3,[r7,#36]
 274 0208 3B6A     	 ldr r3,[r7,#32]
 275 020a 7B66     	 str r3,[r7,#100]
 157:../Dave/Generated/CMSIS_DSP/FilteringFunctions/arm_fir_lattice_q31.c **** 
 158:../Dave/Generated/CMSIS_DSP/FilteringFunctions/arm_fir_lattice_q31.c ****       fnext1 = fcurr1 + (fnext1 << 1u);
 276              	 .loc 1 158 0
 277 020c BB6E     	 ldr r3,[r7,#104]
 278 020e 5A00     	 lsls r2,r3,#1
 279 0210 D7F89430 	 ldr r3,[r7,#148]
 280 0214 1344     	 add r3,r3,r2
 281 0216 BB66     	 str r3,[r7,#104]
 159:../Dave/Generated/CMSIS_DSP/FilteringFunctions/arm_fir_lattice_q31.c ****       fnext2 = fcurr2 + (fnext2 << 1u);
 282              	 .loc 1 159 0
 283 0218 7B6E     	 ldr r3,[r7,#100]
 284 021a 5A00     	 lsls r2,r3,#1
 285 021c D7F88C30 	 ldr r3,[r7,#140]
 286 0220 1344     	 add r3,r3,r2
 287 0222 7B66     	 str r3,[r7,#100]
 160:../Dave/Generated/CMSIS_DSP/FilteringFunctions/arm_fir_lattice_q31.c **** 
 161:../Dave/Generated/CMSIS_DSP/FilteringFunctions/arm_fir_lattice_q31.c ****       /* g2(n) = f1(n) * K2  +  g1(n-1) */
 162:../Dave/Generated/CMSIS_DSP/FilteringFunctions/arm_fir_lattice_q31.c ****       gnext2 = (q31_t) (((q63_t) fcurr2 * (k)) >> 32);
 288              	 .loc 1 162 0
 289 0224 D7F88C30 	 ldr r3,[r7,#140]
 290 0228 1846     	 mov r0,r3
 291 022a 4FEAE071 	 asr r1,r0,#31
 292 022e FB6E     	 ldr r3,[r7,#108]
 293 0230 1A46     	 mov r2,r3
 294 0232 4FEAE273 	 asr r3,r2,#31
 295 0236 02FB01F5 	 mul r5,r2,r1
 296 023a 00FB03F4 	 mul r4,r0,r3
 297 023e 2C44     	 add r4,r4,r5
 298 0240 A0FB0223 	 umull r2,r3,r0,r2
 299 0244 E118     	 adds r1,r4,r3
 300 0246 0B46     	 mov r3,r1
 301 0248 1900     	 movs r1,r3
 302 024a B961     	 str r1,[r7,#24]
 303 024c DB17     	 asrs r3,r3,#31
 304 024e FB61     	 str r3,[r7,#28]
 305 0250 BB69     	 ldr r3,[r7,#24]
 306 0252 C7F88830 	 str r3,[r7,#136]
 163:../Dave/Generated/CMSIS_DSP/FilteringFunctions/arm_fir_lattice_q31.c ****       gnext2 = gnext1 + (gnext2 << 1u);
 307              	 .loc 1 163 0
 308 0256 D7F88830 	 ldr r3,[r7,#136]
 309 025a 5A00     	 lsls r2,r3,#1
 310 025c D7F89030 	 ldr r3,[r7,#144]
 311 0260 1344     	 add r3,r3,r2
 312 0262 C7F88830 	 str r3,[r7,#136]
 164:../Dave/Generated/CMSIS_DSP/FilteringFunctions/arm_fir_lattice_q31.c **** 
 165:../Dave/Generated/CMSIS_DSP/FilteringFunctions/arm_fir_lattice_q31.c ****       /* g2(n) = f1(n) * K2  +  g1(n-1) */
 166:../Dave/Generated/CMSIS_DSP/FilteringFunctions/arm_fir_lattice_q31.c ****       gnext1 = (q31_t) (((q63_t) fcurr1 * (k)) >> 32);
 313              	 .loc 1 166 0
 314 0266 D7F89430 	 ldr r3,[r7,#148]
 315 026a 1846     	 mov r0,r3
 316 026c 4FEAE071 	 asr r1,r0,#31
 317 0270 FB6E     	 ldr r3,[r7,#108]
 318 0272 1A46     	 mov r2,r3
 319 0274 4FEAE273 	 asr r3,r2,#31
 320 0278 02FB01F5 	 mul r5,r2,r1
 321 027c 00FB03F4 	 mul r4,r0,r3
 322 0280 2C44     	 add r4,r4,r5
 323 0282 A0FB0223 	 umull r2,r3,r0,r2
 324 0286 E118     	 adds r1,r4,r3
 325 0288 0B46     	 mov r3,r1
 326 028a 1900     	 movs r1,r3
 327 028c 3961     	 str r1,[r7,#16]
 328 028e DB17     	 asrs r3,r3,#31
 329 0290 7B61     	 str r3,[r7,#20]
 330 0292 3B69     	 ldr r3,[r7,#16]
 331 0294 C7F89030 	 str r3,[r7,#144]
 167:../Dave/Generated/CMSIS_DSP/FilteringFunctions/arm_fir_lattice_q31.c ****       gnext1 = gcurr1 + (gnext1 << 1u);
 332              	 .loc 1 167 0
 333 0298 D7F89030 	 ldr r3,[r7,#144]
 334 029c 5A00     	 lsls r2,r3,#1
 335 029e BB6F     	 ldr r3,[r7,#120]
 336 02a0 1344     	 add r3,r3,r2
 337 02a2 C7F89030 	 str r3,[r7,#144]
 168:../Dave/Generated/CMSIS_DSP/FilteringFunctions/arm_fir_lattice_q31.c **** 
 169:../Dave/Generated/CMSIS_DSP/FilteringFunctions/arm_fir_lattice_q31.c ****       /* f1(n) is saved in fcurr1        
 170:../Dave/Generated/CMSIS_DSP/FilteringFunctions/arm_fir_lattice_q31.c ****          for next stage processing */
 171:../Dave/Generated/CMSIS_DSP/FilteringFunctions/arm_fir_lattice_q31.c ****       fcurr1 = fnext1;
 338              	 .loc 1 171 0
 339 02a6 BB6E     	 ldr r3,[r7,#104]
 340 02a8 C7F89430 	 str r3,[r7,#148]
 172:../Dave/Generated/CMSIS_DSP/FilteringFunctions/arm_fir_lattice_q31.c ****       fcurr2 = fnext2;
 341              	 .loc 1 172 0
 342 02ac 7B6E     	 ldr r3,[r7,#100]
 343 02ae C7F88C30 	 str r3,[r7,#140]
 173:../Dave/Generated/CMSIS_DSP/FilteringFunctions/arm_fir_lattice_q31.c **** 
 174:../Dave/Generated/CMSIS_DSP/FilteringFunctions/arm_fir_lattice_q31.c ****       stageCnt--;
 344              	 .loc 1 174 0
 345 02b2 D7F88030 	 ldr r3,[r7,#128]
 346 02b6 013B     	 subs r3,r3,#1
 347 02b8 C7F88030 	 str r3,[r7,#128]
 348              	.L3:
 141:../Dave/Generated/CMSIS_DSP/FilteringFunctions/arm_fir_lattice_q31.c ****     {
 349              	 .loc 1 141 0
 350 02bc D7F88030 	 ldr r3,[r7,#128]
 351 02c0 002B     	 cmp r3,#0
 352 02c2 7FF461AF 	 bne .L4
 175:../Dave/Generated/CMSIS_DSP/FilteringFunctions/arm_fir_lattice_q31.c **** 
 176:../Dave/Generated/CMSIS_DSP/FilteringFunctions/arm_fir_lattice_q31.c ****     }
 177:../Dave/Generated/CMSIS_DSP/FilteringFunctions/arm_fir_lattice_q31.c **** 
 178:../Dave/Generated/CMSIS_DSP/FilteringFunctions/arm_fir_lattice_q31.c ****     /* y(n) = fN(n) */
 179:../Dave/Generated/CMSIS_DSP/FilteringFunctions/arm_fir_lattice_q31.c ****     *pDst++ = fcurr1;
 353              	 .loc 1 179 0
 354 02c6 7A6D     	 ldr r2,[r7,#84]
 355 02c8 131D     	 adds r3,r2,#4
 356 02ca 7B65     	 str r3,[r7,#84]
 357 02cc D7F89430 	 ldr r3,[r7,#148]
 358 02d0 1360     	 str r3,[r2]
 180:../Dave/Generated/CMSIS_DSP/FilteringFunctions/arm_fir_lattice_q31.c ****     *pDst++ = fcurr2;
 359              	 .loc 1 180 0
 360 02d2 7A6D     	 ldr r2,[r7,#84]
 361 02d4 131D     	 adds r3,r2,#4
 362 02d6 7B65     	 str r3,[r7,#84]
 363 02d8 D7F88C30 	 ldr r3,[r7,#140]
 364 02dc 1360     	 str r3,[r2]
 181:../Dave/Generated/CMSIS_DSP/FilteringFunctions/arm_fir_lattice_q31.c **** 
 182:../Dave/Generated/CMSIS_DSP/FilteringFunctions/arm_fir_lattice_q31.c ****     blkCnt--;
 365              	 .loc 1 182 0
 366 02de D7F88430 	 ldr r3,[r7,#132]
 367 02e2 013B     	 subs r3,r3,#1
 368 02e4 C7F88430 	 str r3,[r7,#132]
 369              	.L2:
  92:../Dave/Generated/CMSIS_DSP/FilteringFunctions/arm_fir_lattice_q31.c ****   {
 370              	 .loc 1 92 0
 371 02e8 D7F88430 	 ldr r3,[r7,#132]
 372 02ec 002B     	 cmp r3,#0
 373 02ee 7FF49FAE 	 bne .L5
 183:../Dave/Generated/CMSIS_DSP/FilteringFunctions/arm_fir_lattice_q31.c **** 
 184:../Dave/Generated/CMSIS_DSP/FilteringFunctions/arm_fir_lattice_q31.c ****   }
 185:../Dave/Generated/CMSIS_DSP/FilteringFunctions/arm_fir_lattice_q31.c **** 
 186:../Dave/Generated/CMSIS_DSP/FilteringFunctions/arm_fir_lattice_q31.c ****   /* If the blockSize is not a multiple of 4, compute any remaining output samples here.        
 187:../Dave/Generated/CMSIS_DSP/FilteringFunctions/arm_fir_lattice_q31.c ****    ** No loop unrolling is used. */
 188:../Dave/Generated/CMSIS_DSP/FilteringFunctions/arm_fir_lattice_q31.c ****   blkCnt = blockSize % 0x2u;
 374              	 .loc 1 188 0
 375 02f2 3B6D     	 ldr r3,[r7,#80]
 376 02f4 03F00103 	 and r3,r3,#1
 377 02f8 C7F88430 	 str r3,[r7,#132]
 189:../Dave/Generated/CMSIS_DSP/FilteringFunctions/arm_fir_lattice_q31.c **** 
 190:../Dave/Generated/CMSIS_DSP/FilteringFunctions/arm_fir_lattice_q31.c ****   while(blkCnt > 0u)
 378              	 .loc 1 190 0
 379 02fc C8E0     	 b .L6
 380              	.L9:
 191:../Dave/Generated/CMSIS_DSP/FilteringFunctions/arm_fir_lattice_q31.c ****   {
 192:../Dave/Generated/CMSIS_DSP/FilteringFunctions/arm_fir_lattice_q31.c ****     /* f0(n) = x(n) */
 193:../Dave/Generated/CMSIS_DSP/FilteringFunctions/arm_fir_lattice_q31.c ****     fcurr1 = *pSrc++;
 381              	 .loc 1 193 0
 382 02fe BB6D     	 ldr r3,[r7,#88]
 383 0300 1A1D     	 adds r2,r3,#4
 384 0302 BA65     	 str r2,[r7,#88]
 385 0304 1B68     	 ldr r3,[r3]
 386 0306 C7F89430 	 str r3,[r7,#148]
 194:../Dave/Generated/CMSIS_DSP/FilteringFunctions/arm_fir_lattice_q31.c **** 
 195:../Dave/Generated/CMSIS_DSP/FilteringFunctions/arm_fir_lattice_q31.c ****     /* Initialize coeff pointer */
 196:../Dave/Generated/CMSIS_DSP/FilteringFunctions/arm_fir_lattice_q31.c ****     pk = (pCoeffs);
 387              	 .loc 1 196 0
 388 030a FB6F     	 ldr r3,[r7,#124]
 389 030c C7F89830 	 str r3,[r7,#152]
 197:../Dave/Generated/CMSIS_DSP/FilteringFunctions/arm_fir_lattice_q31.c **** 
 198:../Dave/Generated/CMSIS_DSP/FilteringFunctions/arm_fir_lattice_q31.c ****     /* Initialize state pointer */
 199:../Dave/Generated/CMSIS_DSP/FilteringFunctions/arm_fir_lattice_q31.c ****     px = pState;
 390              	 .loc 1 199 0
 391 0310 3B6F     	 ldr r3,[r7,#112]
 392 0312 C7F89C30 	 str r3,[r7,#156]
 200:../Dave/Generated/CMSIS_DSP/FilteringFunctions/arm_fir_lattice_q31.c **** 
 201:../Dave/Generated/CMSIS_DSP/FilteringFunctions/arm_fir_lattice_q31.c ****     /* read g0(n - 1) from state buffer */
 202:../Dave/Generated/CMSIS_DSP/FilteringFunctions/arm_fir_lattice_q31.c ****     gcurr1 = *px;
 393              	 .loc 1 202 0
 394 0316 D7F89C30 	 ldr r3,[r7,#156]
 395 031a 1B68     	 ldr r3,[r3]
 396 031c BB67     	 str r3,[r7,#120]
 203:../Dave/Generated/CMSIS_DSP/FilteringFunctions/arm_fir_lattice_q31.c **** 
 204:../Dave/Generated/CMSIS_DSP/FilteringFunctions/arm_fir_lattice_q31.c ****     /* Read the reflection coefficient */
 205:../Dave/Generated/CMSIS_DSP/FilteringFunctions/arm_fir_lattice_q31.c ****     k = *pk++;
 397              	 .loc 1 205 0
 398 031e D7F89830 	 ldr r3,[r7,#152]
 399 0322 1A1D     	 adds r2,r3,#4
 400 0324 C7F89820 	 str r2,[r7,#152]
 401 0328 1B68     	 ldr r3,[r3]
 402 032a FB66     	 str r3,[r7,#108]
 206:../Dave/Generated/CMSIS_DSP/FilteringFunctions/arm_fir_lattice_q31.c **** 
 207:../Dave/Generated/CMSIS_DSP/FilteringFunctions/arm_fir_lattice_q31.c ****     /* for sample 1 processing */
 208:../Dave/Generated/CMSIS_DSP/FilteringFunctions/arm_fir_lattice_q31.c ****     /* f1(n) = f0(n) +  K1 * g0(n-1) */
 209:../Dave/Generated/CMSIS_DSP/FilteringFunctions/arm_fir_lattice_q31.c ****     fnext1 = (q31_t) (((q63_t) gcurr1 * k) >> 32);
 403              	 .loc 1 209 0
 404 032c BB6F     	 ldr r3,[r7,#120]
 405 032e 1846     	 mov r0,r3
 406 0330 4FEAE071 	 asr r1,r0,#31
 407 0334 FB6E     	 ldr r3,[r7,#108]
 408 0336 1A46     	 mov r2,r3
 409 0338 4FEAE273 	 asr r3,r2,#31
 410 033c 02FB01F5 	 mul r5,r2,r1
 411 0340 00FB03F4 	 mul r4,r0,r3
 412 0344 2C44     	 add r4,r4,r5
 413 0346 A0FB0223 	 umull r2,r3,r0,r2
 414 034a E118     	 adds r1,r4,r3
 415 034c 0B46     	 mov r3,r1
 416 034e 9846     	 mov r8,r3
 417 0350 4FEAE379 	 asr r9,r3,#31
 418 0354 4346     	 mov r3,r8
 419 0356 BB66     	 str r3,[r7,#104]
 210:../Dave/Generated/CMSIS_DSP/FilteringFunctions/arm_fir_lattice_q31.c ****     fnext1 = fcurr1 + (fnext1 << 1u);
 420              	 .loc 1 210 0
 421 0358 BB6E     	 ldr r3,[r7,#104]
 422 035a 5A00     	 lsls r2,r3,#1
 423 035c D7F89430 	 ldr r3,[r7,#148]
 424 0360 1344     	 add r3,r3,r2
 425 0362 BB66     	 str r3,[r7,#104]
 211:../Dave/Generated/CMSIS_DSP/FilteringFunctions/arm_fir_lattice_q31.c **** 
 212:../Dave/Generated/CMSIS_DSP/FilteringFunctions/arm_fir_lattice_q31.c ****     /* g1(n) = f0(n) * K1  +  g0(n-1) */
 213:../Dave/Generated/CMSIS_DSP/FilteringFunctions/arm_fir_lattice_q31.c ****     gnext1 = (q31_t) (((q63_t) fcurr1 * (k)) >> 32);
 426              	 .loc 1 213 0
 427 0364 D7F89430 	 ldr r3,[r7,#148]
 428 0368 1846     	 mov r0,r3
 429 036a 4FEAE071 	 asr r1,r0,#31
 430 036e FB6E     	 ldr r3,[r7,#108]
 431 0370 1A46     	 mov r2,r3
 432 0372 4FEAE273 	 asr r3,r2,#31
 433 0376 02FB01F5 	 mul r5,r2,r1
 434 037a 00FB03F4 	 mul r4,r0,r3
 435 037e 2C44     	 add r4,r4,r5
 436 0380 A0FB0223 	 umull r2,r3,r0,r2
 437 0384 E118     	 adds r1,r4,r3
 438 0386 0B46     	 mov r3,r1
 439 0388 9A46     	 mov r10,r3
 440 038a 4FEAE37B 	 asr fp,r3,#31
 441 038e 5346     	 mov r3,r10
 442 0390 C7F89030 	 str r3,[r7,#144]
 214:../Dave/Generated/CMSIS_DSP/FilteringFunctions/arm_fir_lattice_q31.c ****     gnext1 = gcurr1 + (gnext1 << 1u);
 443              	 .loc 1 214 0
 444 0394 D7F89030 	 ldr r3,[r7,#144]
 445 0398 5A00     	 lsls r2,r3,#1
 446 039a BB6F     	 ldr r3,[r7,#120]
 447 039c 1344     	 add r3,r3,r2
 448 039e C7F89030 	 str r3,[r7,#144]
 215:../Dave/Generated/CMSIS_DSP/FilteringFunctions/arm_fir_lattice_q31.c **** 
 216:../Dave/Generated/CMSIS_DSP/FilteringFunctions/arm_fir_lattice_q31.c ****     /* save g1(n) in state buffer */
 217:../Dave/Generated/CMSIS_DSP/FilteringFunctions/arm_fir_lattice_q31.c ****     *px++ = fcurr1;
 449              	 .loc 1 217 0
 450 03a2 D7F89C30 	 ldr r3,[r7,#156]
 451 03a6 1A1D     	 adds r2,r3,#4
 452 03a8 C7F89C20 	 str r2,[r7,#156]
 453 03ac D7F89420 	 ldr r2,[r7,#148]
 454 03b0 1A60     	 str r2,[r3]
 218:../Dave/Generated/CMSIS_DSP/FilteringFunctions/arm_fir_lattice_q31.c **** 
 219:../Dave/Generated/CMSIS_DSP/FilteringFunctions/arm_fir_lattice_q31.c ****     /* f1(n) is saved in fcurr1        
 220:../Dave/Generated/CMSIS_DSP/FilteringFunctions/arm_fir_lattice_q31.c ****        for next stage processing */
 221:../Dave/Generated/CMSIS_DSP/FilteringFunctions/arm_fir_lattice_q31.c ****     fcurr1 = fnext1;
 455              	 .loc 1 221 0
 456 03b2 BB6E     	 ldr r3,[r7,#104]
 457 03b4 C7F89430 	 str r3,[r7,#148]
 222:../Dave/Generated/CMSIS_DSP/FilteringFunctions/arm_fir_lattice_q31.c **** 
 223:../Dave/Generated/CMSIS_DSP/FilteringFunctions/arm_fir_lattice_q31.c ****     stageCnt = (numStages - 1u);
 458              	 .loc 1 223 0
 459 03b8 7B6F     	 ldr r3,[r7,#116]
 460 03ba 013B     	 subs r3,r3,#1
 461 03bc C7F88030 	 str r3,[r7,#128]
 224:../Dave/Generated/CMSIS_DSP/FilteringFunctions/arm_fir_lattice_q31.c **** 
 225:../Dave/Generated/CMSIS_DSP/FilteringFunctions/arm_fir_lattice_q31.c ****     /* stage loop */
 226:../Dave/Generated/CMSIS_DSP/FilteringFunctions/arm_fir_lattice_q31.c ****     while(stageCnt > 0u)
 462              	 .loc 1 226 0
 463 03c0 57E0     	 b .L7
 464              	.L8:
 227:../Dave/Generated/CMSIS_DSP/FilteringFunctions/arm_fir_lattice_q31.c ****     {
 228:../Dave/Generated/CMSIS_DSP/FilteringFunctions/arm_fir_lattice_q31.c ****       /* Read the reflection coefficient */
 229:../Dave/Generated/CMSIS_DSP/FilteringFunctions/arm_fir_lattice_q31.c ****       k = *pk++;
 465              	 .loc 1 229 0
 466 03c2 D7F89830 	 ldr r3,[r7,#152]
 467 03c6 1A1D     	 adds r2,r3,#4
 468 03c8 C7F89820 	 str r2,[r7,#152]
 469 03cc 1B68     	 ldr r3,[r3]
 470 03ce FB66     	 str r3,[r7,#108]
 230:../Dave/Generated/CMSIS_DSP/FilteringFunctions/arm_fir_lattice_q31.c **** 
 231:../Dave/Generated/CMSIS_DSP/FilteringFunctions/arm_fir_lattice_q31.c ****       /* read g2(n) from state buffer */
 232:../Dave/Generated/CMSIS_DSP/FilteringFunctions/arm_fir_lattice_q31.c ****       gcurr1 = *px;
 471              	 .loc 1 232 0
 472 03d0 D7F89C30 	 ldr r3,[r7,#156]
 473 03d4 1B68     	 ldr r3,[r3]
 474 03d6 BB67     	 str r3,[r7,#120]
 233:../Dave/Generated/CMSIS_DSP/FilteringFunctions/arm_fir_lattice_q31.c **** 
 234:../Dave/Generated/CMSIS_DSP/FilteringFunctions/arm_fir_lattice_q31.c ****       /* save g1(n) in state buffer */
 235:../Dave/Generated/CMSIS_DSP/FilteringFunctions/arm_fir_lattice_q31.c ****       *px++ = gnext1;
 475              	 .loc 1 235 0
 476 03d8 D7F89C30 	 ldr r3,[r7,#156]
 477 03dc 1A1D     	 adds r2,r3,#4
 478 03de C7F89C20 	 str r2,[r7,#156]
 479 03e2 D7F89020 	 ldr r2,[r7,#144]
 480 03e6 1A60     	 str r2,[r3]
 236:../Dave/Generated/CMSIS_DSP/FilteringFunctions/arm_fir_lattice_q31.c **** 
 237:../Dave/Generated/CMSIS_DSP/FilteringFunctions/arm_fir_lattice_q31.c ****       /* Sample processing for K2, K3.... */
 238:../Dave/Generated/CMSIS_DSP/FilteringFunctions/arm_fir_lattice_q31.c ****       /* f2(n) = f1(n) +  K2 * g1(n-1) */
 239:../Dave/Generated/CMSIS_DSP/FilteringFunctions/arm_fir_lattice_q31.c ****       fnext1 = (q31_t) (((q63_t) gcurr1 * k) >> 32);
 481              	 .loc 1 239 0
 482 03e8 BB6F     	 ldr r3,[r7,#120]
 483 03ea 1846     	 mov r0,r3
 484 03ec 4FEAE071 	 asr r1,r0,#31
 485 03f0 FB6E     	 ldr r3,[r7,#108]
 486 03f2 1A46     	 mov r2,r3
 487 03f4 4FEAE273 	 asr r3,r2,#31
 488 03f8 02FB01F5 	 mul r5,r2,r1
 489 03fc 00FB03F4 	 mul r4,r0,r3
 490 0400 2C44     	 add r4,r4,r5
 491 0402 A0FB0223 	 umull r2,r3,r0,r2
 492 0406 E118     	 adds r1,r4,r3
 493 0408 0B46     	 mov r3,r1
 494 040a 1900     	 movs r1,r3
 495 040c B960     	 str r1,[r7,#8]
 496 040e DB17     	 asrs r3,r3,#31
 497 0410 FB60     	 str r3,[r7,#12]
 498 0412 BB68     	 ldr r3,[r7,#8]
 499 0414 BB66     	 str r3,[r7,#104]
 240:../Dave/Generated/CMSIS_DSP/FilteringFunctions/arm_fir_lattice_q31.c ****       fnext1 = fcurr1 + (fnext1 << 1u);
 500              	 .loc 1 240 0
 501 0416 BB6E     	 ldr r3,[r7,#104]
 502 0418 5A00     	 lsls r2,r3,#1
 503 041a D7F89430 	 ldr r3,[r7,#148]
 504 041e 1344     	 add r3,r3,r2
 505 0420 BB66     	 str r3,[r7,#104]
 241:../Dave/Generated/CMSIS_DSP/FilteringFunctions/arm_fir_lattice_q31.c **** 
 242:../Dave/Generated/CMSIS_DSP/FilteringFunctions/arm_fir_lattice_q31.c ****       /* g2(n) = f1(n) * K2  +  g1(n-1) */
 243:../Dave/Generated/CMSIS_DSP/FilteringFunctions/arm_fir_lattice_q31.c ****       gnext1 = (q31_t) (((q63_t) fcurr1 * (k)) >> 32);
 506              	 .loc 1 243 0
 507 0422 D7F89430 	 ldr r3,[r7,#148]
 508 0426 1846     	 mov r0,r3
 509 0428 4FEAE071 	 asr r1,r0,#31
 510 042c FB6E     	 ldr r3,[r7,#108]
 511 042e 1A46     	 mov r2,r3
 512 0430 4FEAE273 	 asr r3,r2,#31
 513 0434 02FB01F5 	 mul r5,r2,r1
 514 0438 00FB03F4 	 mul r4,r0,r3
 515 043c 2C44     	 add r4,r4,r5
 516 043e A0FB0223 	 umull r2,r3,r0,r2
 517 0442 E118     	 adds r1,r4,r3
 518 0444 0B46     	 mov r3,r1
 519 0446 1900     	 movs r1,r3
 520 0448 3960     	 str r1,[r7]
 521 044a DB17     	 asrs r3,r3,#31
 522 044c 7B60     	 str r3,[r7,#4]
 523 044e 3B68     	 ldr r3,[r7]
 524 0450 C7F89030 	 str r3,[r7,#144]
 244:../Dave/Generated/CMSIS_DSP/FilteringFunctions/arm_fir_lattice_q31.c ****       gnext1 = gcurr1 + (gnext1 << 1u);
 525              	 .loc 1 244 0
 526 0454 D7F89030 	 ldr r3,[r7,#144]
 527 0458 5A00     	 lsls r2,r3,#1
 528 045a BB6F     	 ldr r3,[r7,#120]
 529 045c 1344     	 add r3,r3,r2
 530 045e C7F89030 	 str r3,[r7,#144]
 245:../Dave/Generated/CMSIS_DSP/FilteringFunctions/arm_fir_lattice_q31.c **** 
 246:../Dave/Generated/CMSIS_DSP/FilteringFunctions/arm_fir_lattice_q31.c ****       /* f1(n) is saved in fcurr1        
 247:../Dave/Generated/CMSIS_DSP/FilteringFunctions/arm_fir_lattice_q31.c ****          for next stage processing */
 248:../Dave/Generated/CMSIS_DSP/FilteringFunctions/arm_fir_lattice_q31.c ****       fcurr1 = fnext1;
 531              	 .loc 1 248 0
 532 0462 BB6E     	 ldr r3,[r7,#104]
 533 0464 C7F89430 	 str r3,[r7,#148]
 249:../Dave/Generated/CMSIS_DSP/FilteringFunctions/arm_fir_lattice_q31.c **** 
 250:../Dave/Generated/CMSIS_DSP/FilteringFunctions/arm_fir_lattice_q31.c ****       stageCnt--;
 534              	 .loc 1 250 0
 535 0468 D7F88030 	 ldr r3,[r7,#128]
 536 046c 013B     	 subs r3,r3,#1
 537 046e C7F88030 	 str r3,[r7,#128]
 538              	.L7:
 226:../Dave/Generated/CMSIS_DSP/FilteringFunctions/arm_fir_lattice_q31.c ****     {
 539              	 .loc 1 226 0
 540 0472 D7F88030 	 ldr r3,[r7,#128]
 541 0476 002B     	 cmp r3,#0
 542 0478 A3D1     	 bne .L8
 251:../Dave/Generated/CMSIS_DSP/FilteringFunctions/arm_fir_lattice_q31.c **** 
 252:../Dave/Generated/CMSIS_DSP/FilteringFunctions/arm_fir_lattice_q31.c ****     }
 253:../Dave/Generated/CMSIS_DSP/FilteringFunctions/arm_fir_lattice_q31.c **** 
 254:../Dave/Generated/CMSIS_DSP/FilteringFunctions/arm_fir_lattice_q31.c **** 
 255:../Dave/Generated/CMSIS_DSP/FilteringFunctions/arm_fir_lattice_q31.c ****     /* y(n) = fN(n) */
 256:../Dave/Generated/CMSIS_DSP/FilteringFunctions/arm_fir_lattice_q31.c ****     *pDst++ = fcurr1;
 543              	 .loc 1 256 0
 544 047a 7B6D     	 ldr r3,[r7,#84]
 545 047c 1A1D     	 adds r2,r3,#4
 546 047e 7A65     	 str r2,[r7,#84]
 547 0480 D7F89420 	 ldr r2,[r7,#148]
 548 0484 1A60     	 str r2,[r3]
 257:../Dave/Generated/CMSIS_DSP/FilteringFunctions/arm_fir_lattice_q31.c **** 
 258:../Dave/Generated/CMSIS_DSP/FilteringFunctions/arm_fir_lattice_q31.c ****     blkCnt--;
 549              	 .loc 1 258 0
 550 0486 D7F88430 	 ldr r3,[r7,#132]
 551 048a 013B     	 subs r3,r3,#1
 552 048c C7F88430 	 str r3,[r7,#132]
 553              	.L6:
 190:../Dave/Generated/CMSIS_DSP/FilteringFunctions/arm_fir_lattice_q31.c ****   {
 554              	 .loc 1 190 0
 555 0490 D7F88430 	 ldr r3,[r7,#132]
 556 0494 002B     	 cmp r3,#0
 557 0496 7FF432AF 	 bne .L9
 259:../Dave/Generated/CMSIS_DSP/FilteringFunctions/arm_fir_lattice_q31.c **** 
 260:../Dave/Generated/CMSIS_DSP/FilteringFunctions/arm_fir_lattice_q31.c ****   }
 261:../Dave/Generated/CMSIS_DSP/FilteringFunctions/arm_fir_lattice_q31.c **** 
 262:../Dave/Generated/CMSIS_DSP/FilteringFunctions/arm_fir_lattice_q31.c **** 
 263:../Dave/Generated/CMSIS_DSP/FilteringFunctions/arm_fir_lattice_q31.c **** }
 558              	 .loc 1 263 0
 559 049a A437     	 adds r7,r7,#164
 560              	.LCFI3:
 561              	 .cfi_def_cfa_offset 28
 562 049c BD46     	 mov sp,r7
 563              	.LCFI4:
 564              	 .cfi_def_cfa_register 13
 565              	 
 566 049e BDE8B00F 	 pop {r4,r5,r7,r8,r9,r10,fp}
 567              	.LCFI5:
 568              	 .cfi_restore 11
 569              	 .cfi_restore 10
 570              	 .cfi_restore 9
 571              	 .cfi_restore 8
 572              	 .cfi_restore 7
 573              	 .cfi_restore 5
 574              	 .cfi_restore 4
 575              	 .cfi_def_cfa_offset 0
 576 04a2 7047     	 bx lr
 577              	 .cfi_endproc
 578              	.LFE139:
 580              	 .text
 581              	.Letext0:
 582              	 .file 2 "c:\\davev4\\dave-4.1.2\\eclipse\\arm-gcc-49\\arm-none-eabi\\include\\machine\\_default_types.h"
 583              	 .file 3 "c:\\davev4\\dave-4.1.2\\eclipse\\arm-gcc-49\\arm-none-eabi\\include\\stdint.h"
 584              	 .file 4 "C:\\Workspaces\\DAVE-4.1\\Flightcontroller_PWM_CopterRocks_Working\\Dave\\Generated/CMSIS_DSP/arm_math.h"
DEFINED SYMBOLS
                            *ABS*:00000000 arm_fir_lattice_q31.c
    {standard input}:20     .text.arm_fir_lattice_q31:00000000 $t
    {standard input}:25     .text.arm_fir_lattice_q31:00000000 arm_fir_lattice_q31
                     .debug_frame:00000010 $d

NO UNDEFINED SYMBOLS
