   1              	 .syntax unified
   2              	 .cpu cortex-m4
   3              	 .eabi_attribute 27,3
   4              	 .fpu fpv4-sp-d16
   5              	 .eabi_attribute 20,1
   6              	 .eabi_attribute 21,1
   7              	 .eabi_attribute 23,3
   8              	 .eabi_attribute 24,1
   9              	 .eabi_attribute 25,1
  10              	 .eabi_attribute 26,1
  11              	 .eabi_attribute 30,6
  12              	 .eabi_attribute 34,1
  13              	 .eabi_attribute 18,4
  14              	 .thumb
  15              	 .file "arm_fir_init_q7.c"
  16              	 .text
  17              	.Ltext0:
  18              	 .cfi_sections .debug_frame
  19              	 .section .text.arm_fir_init_q7,"ax",%progbits
  20              	 .align 2
  21              	 .global arm_fir_init_q7
  22              	 .thumb
  23              	 .thumb_func
  25              	arm_fir_init_q7:
  26              	.LFB139:
  27              	 .file 1 "../Dave/Generated/CMSIS_DSP/FilteringFunctions/arm_fir_init_q7.c"
   1:../Dave/Generated/CMSIS_DSP/FilteringFunctions/arm_fir_init_q7.c **** /* ----------------------------------------------------------------------    
   2:../Dave/Generated/CMSIS_DSP/FilteringFunctions/arm_fir_init_q7.c **** * Copyright (C) 2010-2014 ARM Limited. All rights reserved.    
   3:../Dave/Generated/CMSIS_DSP/FilteringFunctions/arm_fir_init_q7.c **** *    
   4:../Dave/Generated/CMSIS_DSP/FilteringFunctions/arm_fir_init_q7.c **** * $Date:        12. March 2014
   5:../Dave/Generated/CMSIS_DSP/FilteringFunctions/arm_fir_init_q7.c **** * $Revision: 	V1.4.4
   6:../Dave/Generated/CMSIS_DSP/FilteringFunctions/arm_fir_init_q7.c **** *    
   7:../Dave/Generated/CMSIS_DSP/FilteringFunctions/arm_fir_init_q7.c **** * Project: 	    CMSIS DSP Library    
   8:../Dave/Generated/CMSIS_DSP/FilteringFunctions/arm_fir_init_q7.c **** * Title:        arm_fir_init_q7.c    
   9:../Dave/Generated/CMSIS_DSP/FilteringFunctions/arm_fir_init_q7.c **** *    
  10:../Dave/Generated/CMSIS_DSP/FilteringFunctions/arm_fir_init_q7.c **** * Description:  Q7 FIR filter initialization function.    
  11:../Dave/Generated/CMSIS_DSP/FilteringFunctions/arm_fir_init_q7.c **** *    
  12:../Dave/Generated/CMSIS_DSP/FilteringFunctions/arm_fir_init_q7.c **** * Target Processor: Cortex-M4/Cortex-M3/Cortex-M0
  13:../Dave/Generated/CMSIS_DSP/FilteringFunctions/arm_fir_init_q7.c **** *  
  14:../Dave/Generated/CMSIS_DSP/FilteringFunctions/arm_fir_init_q7.c **** * Redistribution and use in source and binary forms, with or without 
  15:../Dave/Generated/CMSIS_DSP/FilteringFunctions/arm_fir_init_q7.c **** * modification, are permitted provided that the following conditions
  16:../Dave/Generated/CMSIS_DSP/FilteringFunctions/arm_fir_init_q7.c **** * are met:
  17:../Dave/Generated/CMSIS_DSP/FilteringFunctions/arm_fir_init_q7.c **** *   - Redistributions of source code must retain the above copyright
  18:../Dave/Generated/CMSIS_DSP/FilteringFunctions/arm_fir_init_q7.c **** *     notice, this list of conditions and the following disclaimer.
  19:../Dave/Generated/CMSIS_DSP/FilteringFunctions/arm_fir_init_q7.c **** *   - Redistributions in binary form must reproduce the above copyright
  20:../Dave/Generated/CMSIS_DSP/FilteringFunctions/arm_fir_init_q7.c **** *     notice, this list of conditions and the following disclaimer in
  21:../Dave/Generated/CMSIS_DSP/FilteringFunctions/arm_fir_init_q7.c **** *     the documentation and/or other materials provided with the 
  22:../Dave/Generated/CMSIS_DSP/FilteringFunctions/arm_fir_init_q7.c **** *     distribution.
  23:../Dave/Generated/CMSIS_DSP/FilteringFunctions/arm_fir_init_q7.c **** *   - Neither the name of ARM LIMITED nor the names of its contributors
  24:../Dave/Generated/CMSIS_DSP/FilteringFunctions/arm_fir_init_q7.c **** *     may be used to endorse or promote products derived from this
  25:../Dave/Generated/CMSIS_DSP/FilteringFunctions/arm_fir_init_q7.c **** *     software without specific prior written permission.
  26:../Dave/Generated/CMSIS_DSP/FilteringFunctions/arm_fir_init_q7.c **** *
  27:../Dave/Generated/CMSIS_DSP/FilteringFunctions/arm_fir_init_q7.c **** * THIS SOFTWARE IS PROVIDED BY THE COPYRIGHT HOLDERS AND CONTRIBUTORS
  28:../Dave/Generated/CMSIS_DSP/FilteringFunctions/arm_fir_init_q7.c **** * "AS IS" AND ANY EXPRESS OR IMPLIED WARRANTIES, INCLUDING, BUT NOT
  29:../Dave/Generated/CMSIS_DSP/FilteringFunctions/arm_fir_init_q7.c **** * LIMITED TO, THE IMPLIED WARRANTIES OF MERCHANTABILITY AND FITNESS
  30:../Dave/Generated/CMSIS_DSP/FilteringFunctions/arm_fir_init_q7.c **** * FOR A PARTICULAR PURPOSE ARE DISCLAIMED. IN NO EVENT SHALL THE 
  31:../Dave/Generated/CMSIS_DSP/FilteringFunctions/arm_fir_init_q7.c **** * COPYRIGHT OWNER OR CONTRIBUTORS BE LIABLE FOR ANY DIRECT, INDIRECT,
  32:../Dave/Generated/CMSIS_DSP/FilteringFunctions/arm_fir_init_q7.c **** * INCIDENTAL, SPECIAL, EXEMPLARY, OR CONSEQUENTIAL DAMAGES (INCLUDING,
  33:../Dave/Generated/CMSIS_DSP/FilteringFunctions/arm_fir_init_q7.c **** * BUT NOT LIMITED TO, PROCUREMENT OF SUBSTITUTE GOODS OR SERVICES;
  34:../Dave/Generated/CMSIS_DSP/FilteringFunctions/arm_fir_init_q7.c **** * LOSS OF USE, DATA, OR PROFITS; OR BUSINESS INTERRUPTION) HOWEVER
  35:../Dave/Generated/CMSIS_DSP/FilteringFunctions/arm_fir_init_q7.c **** * CAUSED AND ON ANY THEORY OF LIABILITY, WHETHER IN CONTRACT, STRICT
  36:../Dave/Generated/CMSIS_DSP/FilteringFunctions/arm_fir_init_q7.c **** * LIABILITY, OR TORT (INCLUDING NEGLIGENCE OR OTHERWISE) ARISING IN
  37:../Dave/Generated/CMSIS_DSP/FilteringFunctions/arm_fir_init_q7.c **** * ANY WAY OUT OF THE USE OF THIS SOFTWARE, EVEN IF ADVISED OF THE
  38:../Dave/Generated/CMSIS_DSP/FilteringFunctions/arm_fir_init_q7.c **** * POSSIBILITY OF SUCH DAMAGE.   
  39:../Dave/Generated/CMSIS_DSP/FilteringFunctions/arm_fir_init_q7.c **** * ------------------------------------------------------------------- */
  40:../Dave/Generated/CMSIS_DSP/FilteringFunctions/arm_fir_init_q7.c **** 
  41:../Dave/Generated/CMSIS_DSP/FilteringFunctions/arm_fir_init_q7.c **** #include "CMSIS_DSP/cmsis_dsp.h"
  42:../Dave/Generated/CMSIS_DSP/FilteringFunctions/arm_fir_init_q7.c **** 
  43:../Dave/Generated/CMSIS_DSP/FilteringFunctions/arm_fir_init_q7.c **** /**    
  44:../Dave/Generated/CMSIS_DSP/FilteringFunctions/arm_fir_init_q7.c ****  * @ingroup groupFilters    
  45:../Dave/Generated/CMSIS_DSP/FilteringFunctions/arm_fir_init_q7.c ****  */
  46:../Dave/Generated/CMSIS_DSP/FilteringFunctions/arm_fir_init_q7.c **** 
  47:../Dave/Generated/CMSIS_DSP/FilteringFunctions/arm_fir_init_q7.c **** /**    
  48:../Dave/Generated/CMSIS_DSP/FilteringFunctions/arm_fir_init_q7.c ****  * @addtogroup FIR    
  49:../Dave/Generated/CMSIS_DSP/FilteringFunctions/arm_fir_init_q7.c ****  * @{    
  50:../Dave/Generated/CMSIS_DSP/FilteringFunctions/arm_fir_init_q7.c ****  */
  51:../Dave/Generated/CMSIS_DSP/FilteringFunctions/arm_fir_init_q7.c **** /**    
  52:../Dave/Generated/CMSIS_DSP/FilteringFunctions/arm_fir_init_q7.c ****  * @param[in,out] *S points to an instance of the Q7 FIR filter structure.    
  53:../Dave/Generated/CMSIS_DSP/FilteringFunctions/arm_fir_init_q7.c ****  * @param[in] 	  numTaps  Number of filter coefficients in the filter.    
  54:../Dave/Generated/CMSIS_DSP/FilteringFunctions/arm_fir_init_q7.c ****  * @param[in] 	  *pCoeffs points to the filter coefficients buffer.    
  55:../Dave/Generated/CMSIS_DSP/FilteringFunctions/arm_fir_init_q7.c ****  * @param[in]     *pState points to the state buffer.    
  56:../Dave/Generated/CMSIS_DSP/FilteringFunctions/arm_fir_init_q7.c ****  * @param[in]     blockSize number of samples that are processed per call.    
  57:../Dave/Generated/CMSIS_DSP/FilteringFunctions/arm_fir_init_q7.c ****  * @return     	  none    
  58:../Dave/Generated/CMSIS_DSP/FilteringFunctions/arm_fir_init_q7.c ****  *    
  59:../Dave/Generated/CMSIS_DSP/FilteringFunctions/arm_fir_init_q7.c ****  * <b>Description:</b>    
  60:../Dave/Generated/CMSIS_DSP/FilteringFunctions/arm_fir_init_q7.c ****  * \par    
  61:../Dave/Generated/CMSIS_DSP/FilteringFunctions/arm_fir_init_q7.c ****  * <code>pCoeffs</code> points to the array of filter coefficients stored in time reversed order:  
  62:../Dave/Generated/CMSIS_DSP/FilteringFunctions/arm_fir_init_q7.c ****  * <pre>    
  63:../Dave/Generated/CMSIS_DSP/FilteringFunctions/arm_fir_init_q7.c ****  *    {b[numTaps-1], b[numTaps-2], b[N-2], ..., b[1], b[0]}    
  64:../Dave/Generated/CMSIS_DSP/FilteringFunctions/arm_fir_init_q7.c ****  * </pre>    
  65:../Dave/Generated/CMSIS_DSP/FilteringFunctions/arm_fir_init_q7.c ****  * \par    
  66:../Dave/Generated/CMSIS_DSP/FilteringFunctions/arm_fir_init_q7.c ****  * <code>pState</code> points to the array of state variables.    
  67:../Dave/Generated/CMSIS_DSP/FilteringFunctions/arm_fir_init_q7.c ****  * <code>pState</code> is of length <code>numTaps+blockSize-1</code> samples, where <code>blockSize
  68:../Dave/Generated/CMSIS_DSP/FilteringFunctions/arm_fir_init_q7.c ****  */
  69:../Dave/Generated/CMSIS_DSP/FilteringFunctions/arm_fir_init_q7.c **** 
  70:../Dave/Generated/CMSIS_DSP/FilteringFunctions/arm_fir_init_q7.c **** void arm_fir_init_q7(
  71:../Dave/Generated/CMSIS_DSP/FilteringFunctions/arm_fir_init_q7.c ****   arm_fir_instance_q7 * S,
  72:../Dave/Generated/CMSIS_DSP/FilteringFunctions/arm_fir_init_q7.c ****   uint16_t numTaps,
  73:../Dave/Generated/CMSIS_DSP/FilteringFunctions/arm_fir_init_q7.c ****   q7_t * pCoeffs,
  74:../Dave/Generated/CMSIS_DSP/FilteringFunctions/arm_fir_init_q7.c ****   q7_t * pState,
  75:../Dave/Generated/CMSIS_DSP/FilteringFunctions/arm_fir_init_q7.c ****   uint32_t blockSize)
  76:../Dave/Generated/CMSIS_DSP/FilteringFunctions/arm_fir_init_q7.c **** {
  28              	 .loc 1 76 0
  29              	 .cfi_startproc
  30              	 
  31              	 
  32 0000 80B5     	 push {r7,lr}
  33              	.LCFI0:
  34              	 .cfi_def_cfa_offset 8
  35              	 .cfi_offset 7,-8
  36              	 .cfi_offset 14,-4
  37 0002 84B0     	 sub sp,sp,#16
  38              	.LCFI1:
  39              	 .cfi_def_cfa_offset 24
  40 0004 00AF     	 add r7,sp,#0
  41              	.LCFI2:
  42              	 .cfi_def_cfa_register 7
  43 0006 F860     	 str r0,[r7,#12]
  44 0008 7A60     	 str r2,[r7,#4]
  45 000a 3B60     	 str r3,[r7]
  46 000c 0B46     	 mov r3,r1
  47 000e 7B81     	 strh r3,[r7,#10]
  77:../Dave/Generated/CMSIS_DSP/FilteringFunctions/arm_fir_init_q7.c **** 
  78:../Dave/Generated/CMSIS_DSP/FilteringFunctions/arm_fir_init_q7.c ****   /* Assign filter taps */
  79:../Dave/Generated/CMSIS_DSP/FilteringFunctions/arm_fir_init_q7.c ****   S->numTaps = numTaps;
  48              	 .loc 1 79 0
  49 0010 FB68     	 ldr r3,[r7,#12]
  50 0012 7A89     	 ldrh r2,[r7,#10]
  51 0014 1A80     	 strh r2,[r3]
  80:../Dave/Generated/CMSIS_DSP/FilteringFunctions/arm_fir_init_q7.c **** 
  81:../Dave/Generated/CMSIS_DSP/FilteringFunctions/arm_fir_init_q7.c ****   /* Assign coefficient pointer */
  82:../Dave/Generated/CMSIS_DSP/FilteringFunctions/arm_fir_init_q7.c ****   S->pCoeffs = pCoeffs;
  52              	 .loc 1 82 0
  53 0016 FB68     	 ldr r3,[r7,#12]
  54 0018 7A68     	 ldr r2,[r7,#4]
  55 001a 9A60     	 str r2,[r3,#8]
  83:../Dave/Generated/CMSIS_DSP/FilteringFunctions/arm_fir_init_q7.c **** 
  84:../Dave/Generated/CMSIS_DSP/FilteringFunctions/arm_fir_init_q7.c ****   /* Clear the state buffer.  The size is always (blockSize + numTaps - 1) */
  85:../Dave/Generated/CMSIS_DSP/FilteringFunctions/arm_fir_init_q7.c ****   memset(pState, 0, (numTaps + (blockSize - 1u)) * sizeof(q7_t));
  56              	 .loc 1 85 0
  57 001c 7A89     	 ldrh r2,[r7,#10]
  58 001e BB69     	 ldr r3,[r7,#24]
  59 0020 1344     	 add r3,r3,r2
  60 0022 013B     	 subs r3,r3,#1
  61 0024 3868     	 ldr r0,[r7]
  62 0026 0021     	 movs r1,#0
  63 0028 1A46     	 mov r2,r3
  64 002a FFF7FEFF 	 bl memset
  86:../Dave/Generated/CMSIS_DSP/FilteringFunctions/arm_fir_init_q7.c **** 
  87:../Dave/Generated/CMSIS_DSP/FilteringFunctions/arm_fir_init_q7.c ****   /* Assign state pointer */
  88:../Dave/Generated/CMSIS_DSP/FilteringFunctions/arm_fir_init_q7.c ****   S->pState = pState;
  65              	 .loc 1 88 0
  66 002e FB68     	 ldr r3,[r7,#12]
  67 0030 3A68     	 ldr r2,[r7]
  68 0032 5A60     	 str r2,[r3,#4]
  89:../Dave/Generated/CMSIS_DSP/FilteringFunctions/arm_fir_init_q7.c **** 
  90:../Dave/Generated/CMSIS_DSP/FilteringFunctions/arm_fir_init_q7.c **** }
  69              	 .loc 1 90 0
  70 0034 1037     	 adds r7,r7,#16
  71              	.LCFI3:
  72              	 .cfi_def_cfa_offset 8
  73 0036 BD46     	 mov sp,r7
  74              	.LCFI4:
  75              	 .cfi_def_cfa_register 13
  76              	 
  77 0038 80BD     	 pop {r7,pc}
  78              	 .cfi_endproc
  79              	.LFE139:
  81 003a 00BF     	 .text
  82              	.Letext0:
  83              	 .file 2 "c:\\davev4\\dave-4.3.2\\eclipse\\arm-gcc-49\\arm-none-eabi\\include\\machine\\_default_types.h"
  84              	 .file 3 "c:\\davev4\\dave-4.3.2\\eclipse\\arm-gcc-49\\arm-none-eabi\\include\\stdint.h"
  85              	 .file 4 "C:/Workspaces/DAVE-4.3/WS_2016_09_02/Flightcontroller_PWM_CopterRocks_Working/Dave/Generated/CMSIS_DSP/arm_math.h"
DEFINED SYMBOLS
                            *ABS*:00000000 arm_fir_init_q7.c
    {standard input}:20     .text.arm_fir_init_q7:00000000 $t
    {standard input}:25     .text.arm_fir_init_q7:00000000 arm_fir_init_q7
                     .debug_frame:00000010 $d

UNDEFINED SYMBOLS
memset
