   1              	 .syntax unified
   2              	 .cpu cortex-m4
   3              	 .eabi_attribute 27,3
   4              	 .fpu fpv4-sp-d16
   5              	 .eabi_attribute 20,1
   6              	 .eabi_attribute 21,1
   7              	 .eabi_attribute 23,3
   8              	 .eabi_attribute 24,1
   9              	 .eabi_attribute 25,1
  10              	 .eabi_attribute 26,1
  11              	 .eabi_attribute 30,6
  12              	 .eabi_attribute 34,1
  13              	 .eabi_attribute 18,4
  14              	 .thumb
  15              	 .file "timer_conf.c"
  16              	 .text
  17              	.Ltext0:
  18              	 .cfi_sections .debug_frame
  19              	 .global Util_Timer_config
  20              	 .section .data.Util_Timer_config,"aw",%progbits
  21              	 .align 2
  24              	Util_Timer_config:
  25 0000 00       	 .byte 0
  26 0001 00       	 .byte 0
  27 0002 00       	 .byte 0
  28 0003 00       	 .byte 0
  29 0004 01       	 .byte 1
  30 0005 00       	 .byte 0
  31 0006 0000     	 .space 2
  32              	 .global Util_Timer
  33              	 .section .data.Util_Timer,"aw",%progbits
  34              	 .align 2
  37              	Util_Timer:
  38 0000 A0860100 	 .word 100000
  39 0004 0040AA6A 	 .word 1789542400
  40 0008 0A000000 	 .word 10
  41 000c 50000000 	 .word 80
  42 0010 00000000 	 .word GLOBAL_CCU4_0
  43 0014 00420048 	 .word 1207976448
  44 0018 01       	 .byte 1
  45 0019 000000   	 .space 3
  46 001c 00000000 	 .word Util_Timer_config
  47 0020 00       	 .byte 0
  48 0021 00       	 .byte 0
  49 0022 5FEA     	 .short -5537
  50 0024 01       	 .byte 1
  51 0025 01       	 .byte 1
  52 0026 00       	 .byte 0
  53 0027 00       	 .space 1
  54              	 .global Control_Timer_config
  55              	 .section .data.Control_Timer_config,"aw",%progbits
  56              	 .align 2
  59              	Control_Timer_config:
  60 0000 00       	 .byte 0
  61 0001 00       	 .byte 0
  62 0002 00       	 .byte 0
  63 0003 00       	 .byte 0
  64 0004 05       	 .byte 5
  65 0005 00       	 .byte 0
  66 0006 0000     	 .space 2
  67              	 .global Control_Timer
  68              	 .section .data.Control_Timer,"aw",%progbits
  69              	 .align 2
  72              	Control_Timer:
  73 0000 40420F00 	 .word 1000000
  74 0004 0040AA6A 	 .word 1789542400
  75 0008 0A000000 	 .word 10
  76 000c 00050000 	 .word 1280
  77 0010 00000000 	 .word GLOBAL_CCU4_0
  78 0014 00430048 	 .word 1207976704
  79 0018 02       	 .byte 2
  80 0019 000000   	 .space 3
  81 001c 00000000 	 .word Control_Timer_config
  82 0020 01       	 .byte 1
  83 0021 00       	 .byte 0
  84 0022 7B92     	 .short -28037
  85 0024 00       	 .byte 0
  86 0025 01       	 .byte 1
  87 0026 00       	 .byte 0
  88 0027 00       	 .space 1
  89              	 .global MagnetometerCal_Timer_config
  90              	 .section .data.MagnetometerCal_Timer_config,"aw",%progbits
  91              	 .align 2
  94              	MagnetometerCal_Timer_config:
  95 0000 00       	 .byte 0
  96 0001 00       	 .byte 0
  97 0002 00       	 .byte 0
  98 0003 00       	 .byte 0
  99 0004 08       	 .byte 8
 100 0005 00       	 .byte 0
 101 0006 0000     	 .space 2
 102              	 .global MagnetometerCal_Timer
 103              	 .section .data.MagnetometerCal_Timer,"aw",%progbits
 104              	 .align 2
 107              	MagnetometerCal_Timer:
 108 0000 80969800 	 .word 10000000
 109 0004 0040AA6A 	 .word 1789542400
 110 0008 0A000000 	 .word 10
 111 000c 00500000 	 .word 20480
 112 0010 00000000 	 .word GLOBAL_CCU4_0
 113 0014 00440048 	 .word 1207976960
 114 0018 03       	 .byte 3
 115 0019 000000   	 .space 3
 116 001c 00000000 	 .word MagnetometerCal_Timer_config
 117 0020 03       	 .byte 3
 118 0021 00       	 .byte 0
 119 0022 1AB7     	 .short -18662
 120 0024 00       	 .byte 0
 121 0025 01       	 .byte 1
 122 0026 00       	 .byte 0
 123 0027 00       	 .space 1
 124              	 .global GeneralPurpose_Timer_config
 125              	 .section .data.GeneralPurpose_Timer_config,"aw",%progbits
 126              	 .align 2
 129              	GeneralPurpose_Timer_config:
 130 0000 00       	 .byte 0
 131 0001 00       	 .byte 0
 132 0002 00       	 .byte 0
 133 0003 00       	 .byte 0
 134 0004 0B       	 .byte 11
 135 0005 00       	 .byte 0
 136 0006 0000     	 .space 2
 137              	 .global GeneralPurpose_Timer
 138              	 .section .data.GeneralPurpose_Timer,"aw",%progbits
 139              	 .align 2
 142              	GeneralPurpose_Timer:
 143 0000 00E1F505 	 .word 100000000
 144 0004 0040AA6A 	 .word 1789542400
 145 0008 0A000000 	 .word 10
 146 000c 00500000 	 .word 20480
 147 0010 00000000 	 .word GLOBAL_CCU4_1
 148 0014 00040140 	 .word 1073808384
 149 0018 03       	 .byte 3
 150 0019 000000   	 .space 3
 151 001c 00000000 	 .word GeneralPurpose_Timer_config
 152 0020 02       	 .byte 2
 153 0021 00       	 .byte 0
 154 0022 E0E4     	 .short -6944
 155 0024 01       	 .byte 1
 156 0025 01       	 .byte 1
 157 0026 00       	 .byte 0
 158 0027 00       	 .space 1
 159              	 .text
 160              	.Letext0:
 161              	 .file 1 "c:\\davev4\\dave-4.3.2\\eclipse\\arm-gcc-49\\arm-none-eabi\\include\\machine\\_default_types.h"
 162              	 .file 2 "c:\\davev4\\dave-4.3.2\\eclipse\\arm-gcc-49\\arm-none-eabi\\include\\stdint.h"
 163              	 .file 3 "C:/Workspaces/DAVE-4.3/WS_2016_09_02/Flightcontroller_PWM_CopterRocks_Working/Libraries/CMSIS/Infineon/XMC4500_series/Include/XMC4500.h"
 164              	 .file 4 "C:/Workspaces/DAVE-4.3/WS_2016_09_02/Flightcontroller_PWM_CopterRocks_Working/Libraries/XMCLib/inc/xmc_ccu4.h"
 165              	 .file 5 "C:/Workspaces/DAVE-4.3/WS_2016_09_02/Flightcontroller_PWM_CopterRocks_Working/Libraries/XMCLib/inc/xmc4_scu.h"
 166              	 .file 6 "C:/Workspaces/DAVE-4.3/WS_2016_09_02/Flightcontroller_PWM_CopterRocks_Working/Dave/Generated/GLOBAL_CCU4/global_ccu4.h"
 167              	 .file 7 "../Dave/Generated/TIMER/timer.h"
 168              	 .file 8 "C:/Workspaces/DAVE-4.3/WS_2016_09_02/Flightcontroller_PWM_CopterRocks_Working/Libraries/CMSIS/Include/core_cm4.h"
 169              	 .file 9 "C:/Workspaces/DAVE-4.3/WS_2016_09_02/Flightcontroller_PWM_CopterRocks_Working/Libraries/CMSIS/Infineon/XMC4500_series/Include/system_XMC4500.h"
 170              	 .file 10 "C:/Workspaces/DAVE-4.3/WS_2016_09_02/Flightcontroller_PWM_CopterRocks_Working/Dave/Generated/GLOBAL_CCU4/global_ccu4_extern.h"
 171              	 .file 11 "../Dave/Generated/TIMER/timer_conf.c"
DEFINED SYMBOLS
                            *ABS*:00000000 timer_conf.c
    {standard input}:24     .data.Util_Timer_config:00000000 Util_Timer_config
    {standard input}:21     .data.Util_Timer_config:00000000 $d
    {standard input}:37     .data.Util_Timer:00000000 Util_Timer
    {standard input}:34     .data.Util_Timer:00000000 $d
    {standard input}:59     .data.Control_Timer_config:00000000 Control_Timer_config
    {standard input}:56     .data.Control_Timer_config:00000000 $d
    {standard input}:72     .data.Control_Timer:00000000 Control_Timer
    {standard input}:69     .data.Control_Timer:00000000 $d
    {standard input}:94     .data.MagnetometerCal_Timer_config:00000000 MagnetometerCal_Timer_config
    {standard input}:91     .data.MagnetometerCal_Timer_config:00000000 $d
    {standard input}:107    .data.MagnetometerCal_Timer:00000000 MagnetometerCal_Timer
    {standard input}:104    .data.MagnetometerCal_Timer:00000000 $d
    {standard input}:129    .data.GeneralPurpose_Timer_config:00000000 GeneralPurpose_Timer_config
    {standard input}:126    .data.GeneralPurpose_Timer_config:00000000 $d
    {standard input}:142    .data.GeneralPurpose_Timer:00000000 GeneralPurpose_Timer
    {standard input}:139    .data.GeneralPurpose_Timer:00000000 $d

UNDEFINED SYMBOLS
GLOBAL_CCU4_0
GLOBAL_CCU4_1
