   1              	 .syntax unified
   2              	 .cpu cortex-m4
   3              	 .eabi_attribute 27,3
   4              	 .fpu fpv4-sp-d16
   5              	 .eabi_attribute 20,1
   6              	 .eabi_attribute 21,1
   7              	 .eabi_attribute 23,3
   8              	 .eabi_attribute 24,1
   9              	 .eabi_attribute 25,1
  10              	 .eabi_attribute 26,1
  11              	 .eabi_attribute 30,6
  12              	 .eabi_attribute 34,1
  13              	 .eabi_attribute 18,4
  14              	 .thumb
  15              	 .file "usb_task.c"
  16              	 .text
  17              	.Ltext0:
  18              	 .cfi_sections .debug_frame
  19              	 .comm USB_IsInitialized,1,1
  20              	 .comm USB_ControlRequest,8,4
  21              	 .comm USB_DeviceState,1,1
  22              	.Letext0:
  23              	 .file 1 "c:\\davev4\\dave-4.1.2\\eclipse\\arm-gcc-49\\arm-none-eabi\\include\\machine\\_default_types.h"
  24              	 .file 2 "c:\\davev4\\dave-4.1.2\\eclipse\\arm-gcc-49\\arm-none-eabi\\include\\stdint.h"
  25              	 .file 3 "../Dave/Generated/USBD/usb/core/std_request_type.h"
  26              	 .file 4 "C:\\Workspaces\\DAVE-4.1\\Flightcontroller_PWM_CopterRocks_Working/Libraries/CMSIS/Infineon/XMC4500_series/Include/XMC4500.h"
  27              	 .file 5 "C:\\Workspaces\\DAVE-4.1\\Flightcontroller_PWM_CopterRocks_Working\\Libraries\\XMCLib\\inc/xmc_usbd_regs.h"
  28              	 .file 6 "C:\\Workspaces\\DAVE-4.1\\Flightcontroller_PWM_CopterRocks_Working\\Libraries\\XMCLib\\inc/xmc_usbd.h"
  29              	 .file 7 "../Dave/Generated/USBD/usb/core/./xmc4000/../../../usbd.h"
  30              	 .file 8 "C:\\Workspaces\\DAVE-4.1\\Flightcontroller_PWM_CopterRocks_Working/Libraries/CMSIS/Include/core_cm4.h"
  31              	 .file 9 "C:\\Workspaces\\DAVE-4.1\\Flightcontroller_PWM_CopterRocks_Working/Libraries/CMSIS/Infineon/XMC4500_series/Include/system_XMC4500.h"
  32              	 .file 10 "../Dave/Generated/USBD/usb/core/./xmc4000/../../../usbd_extern.h"
  33              	 .file 11 "../Dave/Generated/USBD/usb/core/usb_task.c"
DEFINED SYMBOLS
                            *ABS*:00000000 usb_task.c
                            *COM*:00000001 USB_IsInitialized
                            *COM*:00000008 USB_ControlRequest
                            *COM*:00000001 USB_DeviceState

NO UNDEFINED SYMBOLS
