   1              	 .syntax unified
   2              	 .cpu cortex-m4
   3              	 .eabi_attribute 27,3
   4              	 .fpu fpv4-sp-d16
   5              	 .eabi_attribute 20,1
   6              	 .eabi_attribute 21,1
   7              	 .eabi_attribute 23,3
   8              	 .eabi_attribute 24,1
   9              	 .eabi_attribute 25,1
  10              	 .eabi_attribute 26,1
  11              	 .eabi_attribute 30,6
  12              	 .eabi_attribute 34,1
  13              	 .eabi_attribute 18,4
  14              	 .thumb
  15              	 .file "arm_min_q15.c"
  16              	 .text
  17              	.Ltext0:
  18              	 .cfi_sections .debug_frame
  19              	 .section .text.arm_min_q15,"ax",%progbits
  20              	 .align 2
  21              	 .global arm_min_q15
  22              	 .thumb
  23              	 .thumb_func
  25              	arm_min_q15:
  26              	.LFB139:
  27              	 .file 1 "../Dave/Generated/CMSIS_DSP/StatisticsFunctions/arm_min_q15.c"
   1:../Dave/Generated/CMSIS_DSP/StatisticsFunctions/arm_min_q15.c **** /* ----------------------------------------------------------------------    
   2:../Dave/Generated/CMSIS_DSP/StatisticsFunctions/arm_min_q15.c **** * Copyright (C) 2010-2014 ARM Limited. All rights reserved.    
   3:../Dave/Generated/CMSIS_DSP/StatisticsFunctions/arm_min_q15.c **** *    
   4:../Dave/Generated/CMSIS_DSP/StatisticsFunctions/arm_min_q15.c **** * $Date:        12. March 2014
   5:../Dave/Generated/CMSIS_DSP/StatisticsFunctions/arm_min_q15.c **** * $Revision: 	V1.4.4  
   6:../Dave/Generated/CMSIS_DSP/StatisticsFunctions/arm_min_q15.c **** *    
   7:../Dave/Generated/CMSIS_DSP/StatisticsFunctions/arm_min_q15.c **** * Project: 	    CMSIS DSP Library    
   8:../Dave/Generated/CMSIS_DSP/StatisticsFunctions/arm_min_q15.c **** * Title:		arm_min_q15.c    
   9:../Dave/Generated/CMSIS_DSP/StatisticsFunctions/arm_min_q15.c **** *    
  10:../Dave/Generated/CMSIS_DSP/StatisticsFunctions/arm_min_q15.c **** * Description:	Minimum value of a Q15 vector.    
  11:../Dave/Generated/CMSIS_DSP/StatisticsFunctions/arm_min_q15.c **** *    
  12:../Dave/Generated/CMSIS_DSP/StatisticsFunctions/arm_min_q15.c **** * Target Processor: Cortex-M4/Cortex-M3/Cortex-M0
  13:../Dave/Generated/CMSIS_DSP/StatisticsFunctions/arm_min_q15.c **** *  
  14:../Dave/Generated/CMSIS_DSP/StatisticsFunctions/arm_min_q15.c **** * Redistribution and use in source and binary forms, with or without 
  15:../Dave/Generated/CMSIS_DSP/StatisticsFunctions/arm_min_q15.c **** * modification, are permitted provided that the following conditions
  16:../Dave/Generated/CMSIS_DSP/StatisticsFunctions/arm_min_q15.c **** * are met:
  17:../Dave/Generated/CMSIS_DSP/StatisticsFunctions/arm_min_q15.c **** *   - Redistributions of source code must retain the above copyright
  18:../Dave/Generated/CMSIS_DSP/StatisticsFunctions/arm_min_q15.c **** *     notice, this list of conditions and the following disclaimer.
  19:../Dave/Generated/CMSIS_DSP/StatisticsFunctions/arm_min_q15.c **** *   - Redistributions in binary form must reproduce the above copyright
  20:../Dave/Generated/CMSIS_DSP/StatisticsFunctions/arm_min_q15.c **** *     notice, this list of conditions and the following disclaimer in
  21:../Dave/Generated/CMSIS_DSP/StatisticsFunctions/arm_min_q15.c **** *     the documentation and/or other materials provided with the 
  22:../Dave/Generated/CMSIS_DSP/StatisticsFunctions/arm_min_q15.c **** *     distribution.
  23:../Dave/Generated/CMSIS_DSP/StatisticsFunctions/arm_min_q15.c **** *   - Neither the name of ARM LIMITED nor the names of its contributors
  24:../Dave/Generated/CMSIS_DSP/StatisticsFunctions/arm_min_q15.c **** *     may be used to endorse or promote products derived from this
  25:../Dave/Generated/CMSIS_DSP/StatisticsFunctions/arm_min_q15.c **** *     software without specific prior written permission.
  26:../Dave/Generated/CMSIS_DSP/StatisticsFunctions/arm_min_q15.c **** *
  27:../Dave/Generated/CMSIS_DSP/StatisticsFunctions/arm_min_q15.c **** * THIS SOFTWARE IS PROVIDED BY THE COPYRIGHT HOLDERS AND CONTRIBUTORS
  28:../Dave/Generated/CMSIS_DSP/StatisticsFunctions/arm_min_q15.c **** * "AS IS" AND ANY EXPRESS OR IMPLIED WARRANTIES, INCLUDING, BUT NOT
  29:../Dave/Generated/CMSIS_DSP/StatisticsFunctions/arm_min_q15.c **** * LIMITED TO, THE IMPLIED WARRANTIES OF MERCHANTABILITY AND FITNESS
  30:../Dave/Generated/CMSIS_DSP/StatisticsFunctions/arm_min_q15.c **** * FOR A PARTICULAR PURPOSE ARE DISCLAIMED. IN NO EVENT SHALL THE 
  31:../Dave/Generated/CMSIS_DSP/StatisticsFunctions/arm_min_q15.c **** * COPYRIGHT OWNER OR CONTRIBUTORS BE LIABLE FOR ANY DIRECT, INDIRECT,
  32:../Dave/Generated/CMSIS_DSP/StatisticsFunctions/arm_min_q15.c **** * INCIDENTAL, SPECIAL, EXEMPLARY, OR CONSEQUENTIAL DAMAGES (INCLUDING,
  33:../Dave/Generated/CMSIS_DSP/StatisticsFunctions/arm_min_q15.c **** * BUT NOT LIMITED TO, PROCUREMENT OF SUBSTITUTE GOODS OR SERVICES;
  34:../Dave/Generated/CMSIS_DSP/StatisticsFunctions/arm_min_q15.c **** * LOSS OF USE, DATA, OR PROFITS; OR BUSINESS INTERRUPTION) HOWEVER
  35:../Dave/Generated/CMSIS_DSP/StatisticsFunctions/arm_min_q15.c **** * CAUSED AND ON ANY THEORY OF LIABILITY, WHETHER IN CONTRACT, STRICT
  36:../Dave/Generated/CMSIS_DSP/StatisticsFunctions/arm_min_q15.c **** * LIABILITY, OR TORT (INCLUDING NEGLIGENCE OR OTHERWISE) ARISING IN
  37:../Dave/Generated/CMSIS_DSP/StatisticsFunctions/arm_min_q15.c **** * ANY WAY OUT OF THE USE OF THIS SOFTWARE, EVEN IF ADVISED OF THE
  38:../Dave/Generated/CMSIS_DSP/StatisticsFunctions/arm_min_q15.c **** * POSSIBILITY OF SUCH DAMAGE.    
  39:../Dave/Generated/CMSIS_DSP/StatisticsFunctions/arm_min_q15.c **** * ---------------------------------------------------------------------------- */
  40:../Dave/Generated/CMSIS_DSP/StatisticsFunctions/arm_min_q15.c **** 
  41:../Dave/Generated/CMSIS_DSP/StatisticsFunctions/arm_min_q15.c **** #include "CMSIS_DSP/cmsis_dsp.h"
  42:../Dave/Generated/CMSIS_DSP/StatisticsFunctions/arm_min_q15.c **** 
  43:../Dave/Generated/CMSIS_DSP/StatisticsFunctions/arm_min_q15.c **** /**    
  44:../Dave/Generated/CMSIS_DSP/StatisticsFunctions/arm_min_q15.c ****  * @ingroup groupStats    
  45:../Dave/Generated/CMSIS_DSP/StatisticsFunctions/arm_min_q15.c ****  */
  46:../Dave/Generated/CMSIS_DSP/StatisticsFunctions/arm_min_q15.c **** 
  47:../Dave/Generated/CMSIS_DSP/StatisticsFunctions/arm_min_q15.c **** 
  48:../Dave/Generated/CMSIS_DSP/StatisticsFunctions/arm_min_q15.c **** /**    
  49:../Dave/Generated/CMSIS_DSP/StatisticsFunctions/arm_min_q15.c ****  * @addtogroup Min    
  50:../Dave/Generated/CMSIS_DSP/StatisticsFunctions/arm_min_q15.c ****  * @{    
  51:../Dave/Generated/CMSIS_DSP/StatisticsFunctions/arm_min_q15.c ****  */
  52:../Dave/Generated/CMSIS_DSP/StatisticsFunctions/arm_min_q15.c **** 
  53:../Dave/Generated/CMSIS_DSP/StatisticsFunctions/arm_min_q15.c **** 
  54:../Dave/Generated/CMSIS_DSP/StatisticsFunctions/arm_min_q15.c **** /**    
  55:../Dave/Generated/CMSIS_DSP/StatisticsFunctions/arm_min_q15.c ****  * @brief Minimum value of a Q15 vector.    
  56:../Dave/Generated/CMSIS_DSP/StatisticsFunctions/arm_min_q15.c ****  * @param[in]       *pSrc points to the input vector    
  57:../Dave/Generated/CMSIS_DSP/StatisticsFunctions/arm_min_q15.c ****  * @param[in]       blockSize length of the input vector    
  58:../Dave/Generated/CMSIS_DSP/StatisticsFunctions/arm_min_q15.c ****  * @param[out]      *pResult minimum value returned here    
  59:../Dave/Generated/CMSIS_DSP/StatisticsFunctions/arm_min_q15.c ****  * @param[out]      *pIndex index of minimum value returned here    
  60:../Dave/Generated/CMSIS_DSP/StatisticsFunctions/arm_min_q15.c ****  * @return none.    
  61:../Dave/Generated/CMSIS_DSP/StatisticsFunctions/arm_min_q15.c ****  *    
  62:../Dave/Generated/CMSIS_DSP/StatisticsFunctions/arm_min_q15.c ****  */
  63:../Dave/Generated/CMSIS_DSP/StatisticsFunctions/arm_min_q15.c **** 
  64:../Dave/Generated/CMSIS_DSP/StatisticsFunctions/arm_min_q15.c **** void arm_min_q15(
  65:../Dave/Generated/CMSIS_DSP/StatisticsFunctions/arm_min_q15.c ****   q15_t * pSrc,
  66:../Dave/Generated/CMSIS_DSP/StatisticsFunctions/arm_min_q15.c ****   uint32_t blockSize,
  67:../Dave/Generated/CMSIS_DSP/StatisticsFunctions/arm_min_q15.c ****   q15_t * pResult,
  68:../Dave/Generated/CMSIS_DSP/StatisticsFunctions/arm_min_q15.c ****   uint32_t * pIndex)
  69:../Dave/Generated/CMSIS_DSP/StatisticsFunctions/arm_min_q15.c **** {
  28              	 .loc 1 69 0
  29              	 .cfi_startproc
  30              	 
  31              	 
  32              	 
  33 0000 80B4     	 push {r7}
  34              	.LCFI0:
  35              	 .cfi_def_cfa_offset 4
  36              	 .cfi_offset 7,-4
  37 0002 8BB0     	 sub sp,sp,#44
  38              	.LCFI1:
  39              	 .cfi_def_cfa_offset 48
  40 0004 00AF     	 add r7,sp,#0
  41              	.LCFI2:
  42              	 .cfi_def_cfa_register 7
  43 0006 F860     	 str r0,[r7,#12]
  44 0008 B960     	 str r1,[r7,#8]
  45 000a 7A60     	 str r2,[r7,#4]
  46 000c 3B60     	 str r3,[r7]
  70:../Dave/Generated/CMSIS_DSP/StatisticsFunctions/arm_min_q15.c **** #ifndef ARM_MATH_CM0_FAMILY
  71:../Dave/Generated/CMSIS_DSP/StatisticsFunctions/arm_min_q15.c **** 
  72:../Dave/Generated/CMSIS_DSP/StatisticsFunctions/arm_min_q15.c ****   /* Run the below code for Cortex-M4 and Cortex-M3 */
  73:../Dave/Generated/CMSIS_DSP/StatisticsFunctions/arm_min_q15.c ****   q15_t minVal1, minVal2, out;                   /* Temporary variables to store the output value. 
  74:../Dave/Generated/CMSIS_DSP/StatisticsFunctions/arm_min_q15.c ****   uint32_t blkCnt, outIndex, count;              /* loop counter */
  75:../Dave/Generated/CMSIS_DSP/StatisticsFunctions/arm_min_q15.c **** 
  76:../Dave/Generated/CMSIS_DSP/StatisticsFunctions/arm_min_q15.c ****   /* Initialise the count value. */
  77:../Dave/Generated/CMSIS_DSP/StatisticsFunctions/arm_min_q15.c ****   count = 0u;
  47              	 .loc 1 77 0
  48 000e 0023     	 movs r3,#0
  49 0010 BB61     	 str r3,[r7,#24]
  78:../Dave/Generated/CMSIS_DSP/StatisticsFunctions/arm_min_q15.c ****   /* Initialise the index value to zero. */
  79:../Dave/Generated/CMSIS_DSP/StatisticsFunctions/arm_min_q15.c ****   outIndex = 0u;
  50              	 .loc 1 79 0
  51 0012 0023     	 movs r3,#0
  52 0014 FB61     	 str r3,[r7,#28]
  80:../Dave/Generated/CMSIS_DSP/StatisticsFunctions/arm_min_q15.c ****   /* Load first input value that act as reference value for comparision */
  81:../Dave/Generated/CMSIS_DSP/StatisticsFunctions/arm_min_q15.c ****   out = *pSrc++;
  53              	 .loc 1 81 0
  54 0016 FB68     	 ldr r3,[r7,#12]
  55 0018 9A1C     	 adds r2,r3,#2
  56 001a FA60     	 str r2,[r7,#12]
  57 001c 1B88     	 ldrh r3,[r3]
  58 001e FB84     	 strh r3,[r7,#38]
  82:../Dave/Generated/CMSIS_DSP/StatisticsFunctions/arm_min_q15.c **** 
  83:../Dave/Generated/CMSIS_DSP/StatisticsFunctions/arm_min_q15.c ****   /* Loop unrolling */
  84:../Dave/Generated/CMSIS_DSP/StatisticsFunctions/arm_min_q15.c ****   blkCnt = (blockSize - 1u) >> 2u;
  59              	 .loc 1 84 0
  60 0020 BB68     	 ldr r3,[r7,#8]
  61 0022 013B     	 subs r3,r3,#1
  62 0024 9B08     	 lsrs r3,r3,#2
  63 0026 3B62     	 str r3,[r7,#32]
  85:../Dave/Generated/CMSIS_DSP/StatisticsFunctions/arm_min_q15.c **** 
  86:../Dave/Generated/CMSIS_DSP/StatisticsFunctions/arm_min_q15.c ****   while(blkCnt > 0)
  64              	 .loc 1 86 0
  65 0028 45E0     	 b .L2
  66              	.L7:
  87:../Dave/Generated/CMSIS_DSP/StatisticsFunctions/arm_min_q15.c ****   {
  88:../Dave/Generated/CMSIS_DSP/StatisticsFunctions/arm_min_q15.c ****     /* Initialize minVal to the next consecutive values one by one */
  89:../Dave/Generated/CMSIS_DSP/StatisticsFunctions/arm_min_q15.c ****     minVal1 = *pSrc++;
  67              	 .loc 1 89 0
  68 002a FB68     	 ldr r3,[r7,#12]
  69 002c 9A1C     	 adds r2,r3,#2
  70 002e FA60     	 str r2,[r7,#12]
  71 0030 1B88     	 ldrh r3,[r3]
  72 0032 FB82     	 strh r3,[r7,#22]
  90:../Dave/Generated/CMSIS_DSP/StatisticsFunctions/arm_min_q15.c ****     minVal2 = *pSrc++;
  73              	 .loc 1 90 0
  74 0034 FB68     	 ldr r3,[r7,#12]
  75 0036 9A1C     	 adds r2,r3,#2
  76 0038 FA60     	 str r2,[r7,#12]
  77 003a 1B88     	 ldrh r3,[r3]
  78 003c BB82     	 strh r3,[r7,#20]
  91:../Dave/Generated/CMSIS_DSP/StatisticsFunctions/arm_min_q15.c **** 
  92:../Dave/Generated/CMSIS_DSP/StatisticsFunctions/arm_min_q15.c ****     /* compare for the minimum value */
  93:../Dave/Generated/CMSIS_DSP/StatisticsFunctions/arm_min_q15.c ****     if(out > minVal1)
  79              	 .loc 1 93 0
  80 003e B7F92620 	 ldrsh r2,[r7,#38]
  81 0042 B7F91630 	 ldrsh r3,[r7,#22]
  82 0046 9A42     	 cmp r2,r3
  83 0048 04DD     	 ble .L3
  94:../Dave/Generated/CMSIS_DSP/StatisticsFunctions/arm_min_q15.c ****     {
  95:../Dave/Generated/CMSIS_DSP/StatisticsFunctions/arm_min_q15.c ****       /* Update the minimum value and its index */
  96:../Dave/Generated/CMSIS_DSP/StatisticsFunctions/arm_min_q15.c ****       out = minVal1;
  84              	 .loc 1 96 0
  85 004a FB8A     	 ldrh r3,[r7,#22]
  86 004c FB84     	 strh r3,[r7,#38]
  97:../Dave/Generated/CMSIS_DSP/StatisticsFunctions/arm_min_q15.c ****       outIndex = count + 1u;
  87              	 .loc 1 97 0
  88 004e BB69     	 ldr r3,[r7,#24]
  89 0050 0133     	 adds r3,r3,#1
  90 0052 FB61     	 str r3,[r7,#28]
  91              	.L3:
  98:../Dave/Generated/CMSIS_DSP/StatisticsFunctions/arm_min_q15.c ****     }
  99:../Dave/Generated/CMSIS_DSP/StatisticsFunctions/arm_min_q15.c **** 
 100:../Dave/Generated/CMSIS_DSP/StatisticsFunctions/arm_min_q15.c ****     minVal1 = *pSrc++;
  92              	 .loc 1 100 0
  93 0054 FB68     	 ldr r3,[r7,#12]
  94 0056 9A1C     	 adds r2,r3,#2
  95 0058 FA60     	 str r2,[r7,#12]
  96 005a 1B88     	 ldrh r3,[r3]
  97 005c FB82     	 strh r3,[r7,#22]
 101:../Dave/Generated/CMSIS_DSP/StatisticsFunctions/arm_min_q15.c **** 
 102:../Dave/Generated/CMSIS_DSP/StatisticsFunctions/arm_min_q15.c ****     /* compare for the minimum value */
 103:../Dave/Generated/CMSIS_DSP/StatisticsFunctions/arm_min_q15.c ****     if(out > minVal2)
  98              	 .loc 1 103 0
  99 005e B7F92620 	 ldrsh r2,[r7,#38]
 100 0062 B7F91430 	 ldrsh r3,[r7,#20]
 101 0066 9A42     	 cmp r2,r3
 102 0068 04DD     	 ble .L4
 104:../Dave/Generated/CMSIS_DSP/StatisticsFunctions/arm_min_q15.c ****     {
 105:../Dave/Generated/CMSIS_DSP/StatisticsFunctions/arm_min_q15.c ****       /* Update the minimum value and its index */
 106:../Dave/Generated/CMSIS_DSP/StatisticsFunctions/arm_min_q15.c ****       out = minVal2;
 103              	 .loc 1 106 0
 104 006a BB8A     	 ldrh r3,[r7,#20]
 105 006c FB84     	 strh r3,[r7,#38]
 107:../Dave/Generated/CMSIS_DSP/StatisticsFunctions/arm_min_q15.c ****       outIndex = count + 2u;
 106              	 .loc 1 107 0
 107 006e BB69     	 ldr r3,[r7,#24]
 108 0070 0233     	 adds r3,r3,#2
 109 0072 FB61     	 str r3,[r7,#28]
 110              	.L4:
 108:../Dave/Generated/CMSIS_DSP/StatisticsFunctions/arm_min_q15.c ****     }
 109:../Dave/Generated/CMSIS_DSP/StatisticsFunctions/arm_min_q15.c **** 
 110:../Dave/Generated/CMSIS_DSP/StatisticsFunctions/arm_min_q15.c ****     minVal2 = *pSrc++;
 111              	 .loc 1 110 0
 112 0074 FB68     	 ldr r3,[r7,#12]
 113 0076 9A1C     	 adds r2,r3,#2
 114 0078 FA60     	 str r2,[r7,#12]
 115 007a 1B88     	 ldrh r3,[r3]
 116 007c BB82     	 strh r3,[r7,#20]
 111:../Dave/Generated/CMSIS_DSP/StatisticsFunctions/arm_min_q15.c **** 
 112:../Dave/Generated/CMSIS_DSP/StatisticsFunctions/arm_min_q15.c ****     /* compare for the minimum value */
 113:../Dave/Generated/CMSIS_DSP/StatisticsFunctions/arm_min_q15.c ****     if(out > minVal1)
 117              	 .loc 1 113 0
 118 007e B7F92620 	 ldrsh r2,[r7,#38]
 119 0082 B7F91630 	 ldrsh r3,[r7,#22]
 120 0086 9A42     	 cmp r2,r3
 121 0088 04DD     	 ble .L5
 114:../Dave/Generated/CMSIS_DSP/StatisticsFunctions/arm_min_q15.c ****     {
 115:../Dave/Generated/CMSIS_DSP/StatisticsFunctions/arm_min_q15.c ****       /* Update the minimum value and its index */
 116:../Dave/Generated/CMSIS_DSP/StatisticsFunctions/arm_min_q15.c ****       out = minVal1;
 122              	 .loc 1 116 0
 123 008a FB8A     	 ldrh r3,[r7,#22]
 124 008c FB84     	 strh r3,[r7,#38]
 117:../Dave/Generated/CMSIS_DSP/StatisticsFunctions/arm_min_q15.c ****       outIndex = count + 3u;
 125              	 .loc 1 117 0
 126 008e BB69     	 ldr r3,[r7,#24]
 127 0090 0333     	 adds r3,r3,#3
 128 0092 FB61     	 str r3,[r7,#28]
 129              	.L5:
 118:../Dave/Generated/CMSIS_DSP/StatisticsFunctions/arm_min_q15.c ****     }
 119:../Dave/Generated/CMSIS_DSP/StatisticsFunctions/arm_min_q15.c **** 
 120:../Dave/Generated/CMSIS_DSP/StatisticsFunctions/arm_min_q15.c ****     /* compare for the minimum value */
 121:../Dave/Generated/CMSIS_DSP/StatisticsFunctions/arm_min_q15.c ****     if(out > minVal2)
 130              	 .loc 1 121 0
 131 0094 B7F92620 	 ldrsh r2,[r7,#38]
 132 0098 B7F91430 	 ldrsh r3,[r7,#20]
 133 009c 9A42     	 cmp r2,r3
 134 009e 04DD     	 ble .L6
 122:../Dave/Generated/CMSIS_DSP/StatisticsFunctions/arm_min_q15.c ****     {
 123:../Dave/Generated/CMSIS_DSP/StatisticsFunctions/arm_min_q15.c ****       /* Update the minimum value and its index */
 124:../Dave/Generated/CMSIS_DSP/StatisticsFunctions/arm_min_q15.c ****       out = minVal2;
 135              	 .loc 1 124 0
 136 00a0 BB8A     	 ldrh r3,[r7,#20]
 137 00a2 FB84     	 strh r3,[r7,#38]
 125:../Dave/Generated/CMSIS_DSP/StatisticsFunctions/arm_min_q15.c ****       outIndex = count + 4u;
 138              	 .loc 1 125 0
 139 00a4 BB69     	 ldr r3,[r7,#24]
 140 00a6 0433     	 adds r3,r3,#4
 141 00a8 FB61     	 str r3,[r7,#28]
 142              	.L6:
 126:../Dave/Generated/CMSIS_DSP/StatisticsFunctions/arm_min_q15.c ****     }
 127:../Dave/Generated/CMSIS_DSP/StatisticsFunctions/arm_min_q15.c **** 
 128:../Dave/Generated/CMSIS_DSP/StatisticsFunctions/arm_min_q15.c ****     count += 4u;
 143              	 .loc 1 128 0
 144 00aa BB69     	 ldr r3,[r7,#24]
 145 00ac 0433     	 adds r3,r3,#4
 146 00ae BB61     	 str r3,[r7,#24]
 129:../Dave/Generated/CMSIS_DSP/StatisticsFunctions/arm_min_q15.c **** 
 130:../Dave/Generated/CMSIS_DSP/StatisticsFunctions/arm_min_q15.c ****     blkCnt--;
 147              	 .loc 1 130 0
 148 00b0 3B6A     	 ldr r3,[r7,#32]
 149 00b2 013B     	 subs r3,r3,#1
 150 00b4 3B62     	 str r3,[r7,#32]
 151              	.L2:
  86:../Dave/Generated/CMSIS_DSP/StatisticsFunctions/arm_min_q15.c ****   {
 152              	 .loc 1 86 0
 153 00b6 3B6A     	 ldr r3,[r7,#32]
 154 00b8 002B     	 cmp r3,#0
 155 00ba B6D1     	 bne .L7
 131:../Dave/Generated/CMSIS_DSP/StatisticsFunctions/arm_min_q15.c ****   }
 132:../Dave/Generated/CMSIS_DSP/StatisticsFunctions/arm_min_q15.c **** 
 133:../Dave/Generated/CMSIS_DSP/StatisticsFunctions/arm_min_q15.c ****   /* if (blockSize - 1u ) is not multiple of 4 */
 134:../Dave/Generated/CMSIS_DSP/StatisticsFunctions/arm_min_q15.c ****   blkCnt = (blockSize - 1u) % 4u;
 156              	 .loc 1 134 0
 157 00bc BB68     	 ldr r3,[r7,#8]
 158 00be 013B     	 subs r3,r3,#1
 159 00c0 03F00303 	 and r3,r3,#3
 160 00c4 3B62     	 str r3,[r7,#32]
 135:../Dave/Generated/CMSIS_DSP/StatisticsFunctions/arm_min_q15.c **** 
 136:../Dave/Generated/CMSIS_DSP/StatisticsFunctions/arm_min_q15.c **** #else
 137:../Dave/Generated/CMSIS_DSP/StatisticsFunctions/arm_min_q15.c **** 
 138:../Dave/Generated/CMSIS_DSP/StatisticsFunctions/arm_min_q15.c ****   /* Run the below code for Cortex-M0 */
 139:../Dave/Generated/CMSIS_DSP/StatisticsFunctions/arm_min_q15.c ****   q15_t minVal1, out;                            /* Temporary variables to store the output value. 
 140:../Dave/Generated/CMSIS_DSP/StatisticsFunctions/arm_min_q15.c ****   uint32_t blkCnt, outIndex;                     /* loop counter */
 141:../Dave/Generated/CMSIS_DSP/StatisticsFunctions/arm_min_q15.c **** 
 142:../Dave/Generated/CMSIS_DSP/StatisticsFunctions/arm_min_q15.c ****   blkCnt = (blockSize - 1u);
 143:../Dave/Generated/CMSIS_DSP/StatisticsFunctions/arm_min_q15.c **** 
 144:../Dave/Generated/CMSIS_DSP/StatisticsFunctions/arm_min_q15.c ****   /* Initialise the index value to zero. */
 145:../Dave/Generated/CMSIS_DSP/StatisticsFunctions/arm_min_q15.c ****   outIndex = 0u;
 146:../Dave/Generated/CMSIS_DSP/StatisticsFunctions/arm_min_q15.c ****   /* Load first input value that act as reference value for comparision */
 147:../Dave/Generated/CMSIS_DSP/StatisticsFunctions/arm_min_q15.c ****   out = *pSrc++;
 148:../Dave/Generated/CMSIS_DSP/StatisticsFunctions/arm_min_q15.c **** 
 149:../Dave/Generated/CMSIS_DSP/StatisticsFunctions/arm_min_q15.c **** #endif //      #ifndef ARM_MATH_CM0_FAMILY
 150:../Dave/Generated/CMSIS_DSP/StatisticsFunctions/arm_min_q15.c **** 
 151:../Dave/Generated/CMSIS_DSP/StatisticsFunctions/arm_min_q15.c ****   while(blkCnt > 0)
 161              	 .loc 1 151 0
 162 00c6 13E0     	 b .L8
 163              	.L10:
 152:../Dave/Generated/CMSIS_DSP/StatisticsFunctions/arm_min_q15.c ****   {
 153:../Dave/Generated/CMSIS_DSP/StatisticsFunctions/arm_min_q15.c ****     /* Initialize minVal to the next consecutive values one by one */
 154:../Dave/Generated/CMSIS_DSP/StatisticsFunctions/arm_min_q15.c ****     minVal1 = *pSrc++;
 164              	 .loc 1 154 0
 165 00c8 FB68     	 ldr r3,[r7,#12]
 166 00ca 9A1C     	 adds r2,r3,#2
 167 00cc FA60     	 str r2,[r7,#12]
 168 00ce 1B88     	 ldrh r3,[r3]
 169 00d0 FB82     	 strh r3,[r7,#22]
 155:../Dave/Generated/CMSIS_DSP/StatisticsFunctions/arm_min_q15.c **** 
 156:../Dave/Generated/CMSIS_DSP/StatisticsFunctions/arm_min_q15.c ****     /* compare for the minimum value */
 157:../Dave/Generated/CMSIS_DSP/StatisticsFunctions/arm_min_q15.c ****     if(out > minVal1)
 170              	 .loc 1 157 0
 171 00d2 B7F92620 	 ldrsh r2,[r7,#38]
 172 00d6 B7F91630 	 ldrsh r3,[r7,#22]
 173 00da 9A42     	 cmp r2,r3
 174 00dc 05DD     	 ble .L9
 158:../Dave/Generated/CMSIS_DSP/StatisticsFunctions/arm_min_q15.c ****     {
 159:../Dave/Generated/CMSIS_DSP/StatisticsFunctions/arm_min_q15.c ****       /* Update the minimum value and it's index */
 160:../Dave/Generated/CMSIS_DSP/StatisticsFunctions/arm_min_q15.c ****       out = minVal1;
 175              	 .loc 1 160 0
 176 00de FB8A     	 ldrh r3,[r7,#22]
 177 00e0 FB84     	 strh r3,[r7,#38]
 161:../Dave/Generated/CMSIS_DSP/StatisticsFunctions/arm_min_q15.c ****       outIndex = blockSize - blkCnt;
 178              	 .loc 1 161 0
 179 00e2 BA68     	 ldr r2,[r7,#8]
 180 00e4 3B6A     	 ldr r3,[r7,#32]
 181 00e6 D31A     	 subs r3,r2,r3
 182 00e8 FB61     	 str r3,[r7,#28]
 183              	.L9:
 162:../Dave/Generated/CMSIS_DSP/StatisticsFunctions/arm_min_q15.c ****     }
 163:../Dave/Generated/CMSIS_DSP/StatisticsFunctions/arm_min_q15.c **** 
 164:../Dave/Generated/CMSIS_DSP/StatisticsFunctions/arm_min_q15.c ****     blkCnt--;
 184              	 .loc 1 164 0
 185 00ea 3B6A     	 ldr r3,[r7,#32]
 186 00ec 013B     	 subs r3,r3,#1
 187 00ee 3B62     	 str r3,[r7,#32]
 188              	.L8:
 151:../Dave/Generated/CMSIS_DSP/StatisticsFunctions/arm_min_q15.c ****   {
 189              	 .loc 1 151 0
 190 00f0 3B6A     	 ldr r3,[r7,#32]
 191 00f2 002B     	 cmp r3,#0
 192 00f4 E8D1     	 bne .L10
 165:../Dave/Generated/CMSIS_DSP/StatisticsFunctions/arm_min_q15.c **** 
 166:../Dave/Generated/CMSIS_DSP/StatisticsFunctions/arm_min_q15.c ****   }
 167:../Dave/Generated/CMSIS_DSP/StatisticsFunctions/arm_min_q15.c **** 
 168:../Dave/Generated/CMSIS_DSP/StatisticsFunctions/arm_min_q15.c **** 
 169:../Dave/Generated/CMSIS_DSP/StatisticsFunctions/arm_min_q15.c **** 
 170:../Dave/Generated/CMSIS_DSP/StatisticsFunctions/arm_min_q15.c ****   /* Store the minimum value and its index into destination pointers */
 171:../Dave/Generated/CMSIS_DSP/StatisticsFunctions/arm_min_q15.c ****   *pResult = out;
 193              	 .loc 1 171 0
 194 00f6 7B68     	 ldr r3,[r7,#4]
 195 00f8 FA8C     	 ldrh r2,[r7,#38]
 196 00fa 1A80     	 strh r2,[r3]
 172:../Dave/Generated/CMSIS_DSP/StatisticsFunctions/arm_min_q15.c ****   *pIndex = outIndex;
 197              	 .loc 1 172 0
 198 00fc 3B68     	 ldr r3,[r7]
 199 00fe FA69     	 ldr r2,[r7,#28]
 200 0100 1A60     	 str r2,[r3]
 173:../Dave/Generated/CMSIS_DSP/StatisticsFunctions/arm_min_q15.c **** }
 201              	 .loc 1 173 0
 202 0102 2C37     	 adds r7,r7,#44
 203              	.LCFI3:
 204              	 .cfi_def_cfa_offset 4
 205 0104 BD46     	 mov sp,r7
 206              	.LCFI4:
 207              	 .cfi_def_cfa_register 13
 208              	 
 209 0106 5DF8047B 	 ldr r7,[sp],#4
 210              	.LCFI5:
 211              	 .cfi_restore 7
 212              	 .cfi_def_cfa_offset 0
 213 010a 7047     	 bx lr
 214              	 .cfi_endproc
 215              	.LFE139:
 217              	 .text
 218              	.Letext0:
 219              	 .file 2 "c:\\davev4\\dave-4.3.2\\eclipse\\arm-gcc-49\\arm-none-eabi\\include\\machine\\_default_types.h"
 220              	 .file 3 "c:\\davev4\\dave-4.3.2\\eclipse\\arm-gcc-49\\arm-none-eabi\\include\\stdint.h"
 221              	 .file 4 "C:/Workspaces/DAVE-4.3/WS_2016_09_02/Flightcontroller_PWM_CopterRocks_Working/Dave/Generated/CMSIS_DSP/arm_math.h"
DEFINED SYMBOLS
                            *ABS*:00000000 arm_min_q15.c
    {standard input}:20     .text.arm_min_q15:00000000 $t
    {standard input}:25     .text.arm_min_q15:00000000 arm_min_q15
                     .debug_frame:00000010 $d

NO UNDEFINED SYMBOLS
