   1              	 .syntax unified
   2              	 .cpu cortex-m4
   3              	 .eabi_attribute 27,3
   4              	 .fpu fpv4-sp-d16
   5              	 .eabi_attribute 20,1
   6              	 .eabi_attribute 21,1
   7              	 .eabi_attribute 23,3
   8              	 .eabi_attribute 24,1
   9              	 .eabi_attribute 25,1
  10              	 .eabi_attribute 26,1
  11              	 .eabi_attribute 30,6
  12              	 .eabi_attribute 34,1
  13              	 .eabi_attribute 18,4
  14              	 .thumb
  15              	 .file "arm_rms_q31.c"
  16              	 .text
  17              	.Ltext0:
  18              	 .cfi_sections .debug_frame
  19              	 .section .text.clip_q63_to_q31,"ax",%progbits
  20              	 .align 2
  21              	 .thumb
  22              	 .thumb_func
  24              	clip_q63_to_q31:
  25              	.LFB106:
  26              	 .file 1 "C:\\Workspaces\\DAVE-4.1\\Flightcontroller_PWM_CopterRocks_Working\\Dave\\Generated/CMSIS_DSP/arm_math.h"
   1:C:\Workspaces\DAVE-4.1\Flightcontroller_PWM_CopterRocks_Working\Dave\Generated/CMSIS_DSP\arm_math.h **** /* ----------------------------------------------------------------------
   2:C:\Workspaces\DAVE-4.1\Flightcontroller_PWM_CopterRocks_Working\Dave\Generated/CMSIS_DSP\arm_math.h **** * Copyright (C) 2010-2015 ARM Limited. All rights reserved.
   3:C:\Workspaces\DAVE-4.1\Flightcontroller_PWM_CopterRocks_Working\Dave\Generated/CMSIS_DSP\arm_math.h **** *
   4:C:\Workspaces\DAVE-4.1\Flightcontroller_PWM_CopterRocks_Working\Dave\Generated/CMSIS_DSP\arm_math.h **** * $Date:        20. October 2015
   5:C:\Workspaces\DAVE-4.1\Flightcontroller_PWM_CopterRocks_Working\Dave\Generated/CMSIS_DSP\arm_math.h **** * $Revision:    V1.4.5 b
   6:C:\Workspaces\DAVE-4.1\Flightcontroller_PWM_CopterRocks_Working\Dave\Generated/CMSIS_DSP\arm_math.h **** *
   7:C:\Workspaces\DAVE-4.1\Flightcontroller_PWM_CopterRocks_Working\Dave\Generated/CMSIS_DSP\arm_math.h **** * Project:      CMSIS DSP Library
   8:C:\Workspaces\DAVE-4.1\Flightcontroller_PWM_CopterRocks_Working\Dave\Generated/CMSIS_DSP\arm_math.h **** * Title:        arm_math.h
   9:C:\Workspaces\DAVE-4.1\Flightcontroller_PWM_CopterRocks_Working\Dave\Generated/CMSIS_DSP\arm_math.h **** *
  10:C:\Workspaces\DAVE-4.1\Flightcontroller_PWM_CopterRocks_Working\Dave\Generated/CMSIS_DSP\arm_math.h **** * Description:  Public header file for CMSIS DSP Library
  11:C:\Workspaces\DAVE-4.1\Flightcontroller_PWM_CopterRocks_Working\Dave\Generated/CMSIS_DSP\arm_math.h **** *
  12:C:\Workspaces\DAVE-4.1\Flightcontroller_PWM_CopterRocks_Working\Dave\Generated/CMSIS_DSP\arm_math.h **** * Target Processor: Cortex-M7/Cortex-M4/Cortex-M3/Cortex-M0
  13:C:\Workspaces\DAVE-4.1\Flightcontroller_PWM_CopterRocks_Working\Dave\Generated/CMSIS_DSP\arm_math.h **** *
  14:C:\Workspaces\DAVE-4.1\Flightcontroller_PWM_CopterRocks_Working\Dave\Generated/CMSIS_DSP\arm_math.h **** * Redistribution and use in source and binary forms, with or without
  15:C:\Workspaces\DAVE-4.1\Flightcontroller_PWM_CopterRocks_Working\Dave\Generated/CMSIS_DSP\arm_math.h **** * modification, are permitted provided that the following conditions
  16:C:\Workspaces\DAVE-4.1\Flightcontroller_PWM_CopterRocks_Working\Dave\Generated/CMSIS_DSP\arm_math.h **** * are met:
  17:C:\Workspaces\DAVE-4.1\Flightcontroller_PWM_CopterRocks_Working\Dave\Generated/CMSIS_DSP\arm_math.h **** *   - Redistributions of source code must retain the above copyright
  18:C:\Workspaces\DAVE-4.1\Flightcontroller_PWM_CopterRocks_Working\Dave\Generated/CMSIS_DSP\arm_math.h **** *     notice, this list of conditions and the following disclaimer.
  19:C:\Workspaces\DAVE-4.1\Flightcontroller_PWM_CopterRocks_Working\Dave\Generated/CMSIS_DSP\arm_math.h **** *   - Redistributions in binary form must reproduce the above copyright
  20:C:\Workspaces\DAVE-4.1\Flightcontroller_PWM_CopterRocks_Working\Dave\Generated/CMSIS_DSP\arm_math.h **** *     notice, this list of conditions and the following disclaimer in
  21:C:\Workspaces\DAVE-4.1\Flightcontroller_PWM_CopterRocks_Working\Dave\Generated/CMSIS_DSP\arm_math.h **** *     the documentation and/or other materials provided with the
  22:C:\Workspaces\DAVE-4.1\Flightcontroller_PWM_CopterRocks_Working\Dave\Generated/CMSIS_DSP\arm_math.h **** *     distribution.
  23:C:\Workspaces\DAVE-4.1\Flightcontroller_PWM_CopterRocks_Working\Dave\Generated/CMSIS_DSP\arm_math.h **** *   - Neither the name of ARM LIMITED nor the names of its contributors
  24:C:\Workspaces\DAVE-4.1\Flightcontroller_PWM_CopterRocks_Working\Dave\Generated/CMSIS_DSP\arm_math.h **** *     may be used to endorse or promote products derived from this
  25:C:\Workspaces\DAVE-4.1\Flightcontroller_PWM_CopterRocks_Working\Dave\Generated/CMSIS_DSP\arm_math.h **** *     software without specific prior written permission.
  26:C:\Workspaces\DAVE-4.1\Flightcontroller_PWM_CopterRocks_Working\Dave\Generated/CMSIS_DSP\arm_math.h **** *
  27:C:\Workspaces\DAVE-4.1\Flightcontroller_PWM_CopterRocks_Working\Dave\Generated/CMSIS_DSP\arm_math.h **** * THIS SOFTWARE IS PROVIDED BY THE COPYRIGHT HOLDERS AND CONTRIBUTORS
  28:C:\Workspaces\DAVE-4.1\Flightcontroller_PWM_CopterRocks_Working\Dave\Generated/CMSIS_DSP\arm_math.h **** * "AS IS" AND ANY EXPRESS OR IMPLIED WARRANTIES, INCLUDING, BUT NOT
  29:C:\Workspaces\DAVE-4.1\Flightcontroller_PWM_CopterRocks_Working\Dave\Generated/CMSIS_DSP\arm_math.h **** * LIMITED TO, THE IMPLIED WARRANTIES OF MERCHANTABILITY AND FITNESS
  30:C:\Workspaces\DAVE-4.1\Flightcontroller_PWM_CopterRocks_Working\Dave\Generated/CMSIS_DSP\arm_math.h **** * FOR A PARTICULAR PURPOSE ARE DISCLAIMED. IN NO EVENT SHALL THE
  31:C:\Workspaces\DAVE-4.1\Flightcontroller_PWM_CopterRocks_Working\Dave\Generated/CMSIS_DSP\arm_math.h **** * COPYRIGHT OWNER OR CONTRIBUTORS BE LIABLE FOR ANY DIRECT, INDIRECT,
  32:C:\Workspaces\DAVE-4.1\Flightcontroller_PWM_CopterRocks_Working\Dave\Generated/CMSIS_DSP\arm_math.h **** * INCIDENTAL, SPECIAL, EXEMPLARY, OR CONSEQUENTIAL DAMAGES (INCLUDING,
  33:C:\Workspaces\DAVE-4.1\Flightcontroller_PWM_CopterRocks_Working\Dave\Generated/CMSIS_DSP\arm_math.h **** * BUT NOT LIMITED TO, PROCUREMENT OF SUBSTITUTE GOODS OR SERVICES;
  34:C:\Workspaces\DAVE-4.1\Flightcontroller_PWM_CopterRocks_Working\Dave\Generated/CMSIS_DSP\arm_math.h **** * LOSS OF USE, DATA, OR PROFITS; OR BUSINESS INTERRUPTION) HOWEVER
  35:C:\Workspaces\DAVE-4.1\Flightcontroller_PWM_CopterRocks_Working\Dave\Generated/CMSIS_DSP\arm_math.h **** * CAUSED AND ON ANY THEORY OF LIABILITY, WHETHER IN CONTRACT, STRICT
  36:C:\Workspaces\DAVE-4.1\Flightcontroller_PWM_CopterRocks_Working\Dave\Generated/CMSIS_DSP\arm_math.h **** * LIABILITY, OR TORT (INCLUDING NEGLIGENCE OR OTHERWISE) ARISING IN
  37:C:\Workspaces\DAVE-4.1\Flightcontroller_PWM_CopterRocks_Working\Dave\Generated/CMSIS_DSP\arm_math.h **** * ANY WAY OUT OF THE USE OF THIS SOFTWARE, EVEN IF ADVISED OF THE
  38:C:\Workspaces\DAVE-4.1\Flightcontroller_PWM_CopterRocks_Working\Dave\Generated/CMSIS_DSP\arm_math.h **** * POSSIBILITY OF SUCH DAMAGE.
  39:C:\Workspaces\DAVE-4.1\Flightcontroller_PWM_CopterRocks_Working\Dave\Generated/CMSIS_DSP\arm_math.h ****  * -------------------------------------------------------------------- */
  40:C:\Workspaces\DAVE-4.1\Flightcontroller_PWM_CopterRocks_Working\Dave\Generated/CMSIS_DSP\arm_math.h **** 
  41:C:\Workspaces\DAVE-4.1\Flightcontroller_PWM_CopterRocks_Working\Dave\Generated/CMSIS_DSP\arm_math.h **** /**
  42:C:\Workspaces\DAVE-4.1\Flightcontroller_PWM_CopterRocks_Working\Dave\Generated/CMSIS_DSP\arm_math.h ****    \mainpage CMSIS DSP Software Library
  43:C:\Workspaces\DAVE-4.1\Flightcontroller_PWM_CopterRocks_Working\Dave\Generated/CMSIS_DSP\arm_math.h ****    *
  44:C:\Workspaces\DAVE-4.1\Flightcontroller_PWM_CopterRocks_Working\Dave\Generated/CMSIS_DSP\arm_math.h ****    * Introduction
  45:C:\Workspaces\DAVE-4.1\Flightcontroller_PWM_CopterRocks_Working\Dave\Generated/CMSIS_DSP\arm_math.h ****    * ------------
  46:C:\Workspaces\DAVE-4.1\Flightcontroller_PWM_CopterRocks_Working\Dave\Generated/CMSIS_DSP\arm_math.h ****    *
  47:C:\Workspaces\DAVE-4.1\Flightcontroller_PWM_CopterRocks_Working\Dave\Generated/CMSIS_DSP\arm_math.h ****    * This user manual describes the CMSIS DSP software library,
  48:C:\Workspaces\DAVE-4.1\Flightcontroller_PWM_CopterRocks_Working\Dave\Generated/CMSIS_DSP\arm_math.h ****    * a suite of common signal processing functions for use on Cortex-M processor based devices.
  49:C:\Workspaces\DAVE-4.1\Flightcontroller_PWM_CopterRocks_Working\Dave\Generated/CMSIS_DSP\arm_math.h ****    *
  50:C:\Workspaces\DAVE-4.1\Flightcontroller_PWM_CopterRocks_Working\Dave\Generated/CMSIS_DSP\arm_math.h ****    * The library is divided into a number of functions each covering a specific category:
  51:C:\Workspaces\DAVE-4.1\Flightcontroller_PWM_CopterRocks_Working\Dave\Generated/CMSIS_DSP\arm_math.h ****    * - Basic math functions
  52:C:\Workspaces\DAVE-4.1\Flightcontroller_PWM_CopterRocks_Working\Dave\Generated/CMSIS_DSP\arm_math.h ****    * - Fast math functions
  53:C:\Workspaces\DAVE-4.1\Flightcontroller_PWM_CopterRocks_Working\Dave\Generated/CMSIS_DSP\arm_math.h ****    * - Complex math functions
  54:C:\Workspaces\DAVE-4.1\Flightcontroller_PWM_CopterRocks_Working\Dave\Generated/CMSIS_DSP\arm_math.h ****    * - Filters
  55:C:\Workspaces\DAVE-4.1\Flightcontroller_PWM_CopterRocks_Working\Dave\Generated/CMSIS_DSP\arm_math.h ****    * - Matrix functions
  56:C:\Workspaces\DAVE-4.1\Flightcontroller_PWM_CopterRocks_Working\Dave\Generated/CMSIS_DSP\arm_math.h ****    * - Transforms
  57:C:\Workspaces\DAVE-4.1\Flightcontroller_PWM_CopterRocks_Working\Dave\Generated/CMSIS_DSP\arm_math.h ****    * - Motor control functions
  58:C:\Workspaces\DAVE-4.1\Flightcontroller_PWM_CopterRocks_Working\Dave\Generated/CMSIS_DSP\arm_math.h ****    * - Statistical functions
  59:C:\Workspaces\DAVE-4.1\Flightcontroller_PWM_CopterRocks_Working\Dave\Generated/CMSIS_DSP\arm_math.h ****    * - Support functions
  60:C:\Workspaces\DAVE-4.1\Flightcontroller_PWM_CopterRocks_Working\Dave\Generated/CMSIS_DSP\arm_math.h ****    * - Interpolation functions
  61:C:\Workspaces\DAVE-4.1\Flightcontroller_PWM_CopterRocks_Working\Dave\Generated/CMSIS_DSP\arm_math.h ****    *
  62:C:\Workspaces\DAVE-4.1\Flightcontroller_PWM_CopterRocks_Working\Dave\Generated/CMSIS_DSP\arm_math.h ****    * The library has separate functions for operating on 8-bit integers, 16-bit integers,
  63:C:\Workspaces\DAVE-4.1\Flightcontroller_PWM_CopterRocks_Working\Dave\Generated/CMSIS_DSP\arm_math.h ****    * 32-bit integer and 32-bit floating-point values.
  64:C:\Workspaces\DAVE-4.1\Flightcontroller_PWM_CopterRocks_Working\Dave\Generated/CMSIS_DSP\arm_math.h ****    *
  65:C:\Workspaces\DAVE-4.1\Flightcontroller_PWM_CopterRocks_Working\Dave\Generated/CMSIS_DSP\arm_math.h ****    * Using the Library
  66:C:\Workspaces\DAVE-4.1\Flightcontroller_PWM_CopterRocks_Working\Dave\Generated/CMSIS_DSP\arm_math.h ****    * ------------
  67:C:\Workspaces\DAVE-4.1\Flightcontroller_PWM_CopterRocks_Working\Dave\Generated/CMSIS_DSP\arm_math.h ****    *
  68:C:\Workspaces\DAVE-4.1\Flightcontroller_PWM_CopterRocks_Working\Dave\Generated/CMSIS_DSP\arm_math.h ****    * The library installer contains prebuilt versions of the libraries in the <code>Lib</code> fold
  69:C:\Workspaces\DAVE-4.1\Flightcontroller_PWM_CopterRocks_Working\Dave\Generated/CMSIS_DSP\arm_math.h ****    * - arm_cortexM7lfdp_math.lib (Little endian and Double Precision Floating Point Unit on Cortex-
  70:C:\Workspaces\DAVE-4.1\Flightcontroller_PWM_CopterRocks_Working\Dave\Generated/CMSIS_DSP\arm_math.h ****    * - arm_cortexM7bfdp_math.lib (Big endian and Double Precision Floating Point Unit on Cortex-M7)
  71:C:\Workspaces\DAVE-4.1\Flightcontroller_PWM_CopterRocks_Working\Dave\Generated/CMSIS_DSP\arm_math.h ****    * - arm_cortexM7lfsp_math.lib (Little endian and Single Precision Floating Point Unit on Cortex-
  72:C:\Workspaces\DAVE-4.1\Flightcontroller_PWM_CopterRocks_Working\Dave\Generated/CMSIS_DSP\arm_math.h ****    * - arm_cortexM7bfsp_math.lib (Big endian and Single Precision Floating Point Unit on Cortex-M7)
  73:C:\Workspaces\DAVE-4.1\Flightcontroller_PWM_CopterRocks_Working\Dave\Generated/CMSIS_DSP\arm_math.h ****    * - arm_cortexM7l_math.lib (Little endian on Cortex-M7)
  74:C:\Workspaces\DAVE-4.1\Flightcontroller_PWM_CopterRocks_Working\Dave\Generated/CMSIS_DSP\arm_math.h ****    * - arm_cortexM7b_math.lib (Big endian on Cortex-M7)
  75:C:\Workspaces\DAVE-4.1\Flightcontroller_PWM_CopterRocks_Working\Dave\Generated/CMSIS_DSP\arm_math.h ****    * - arm_cortexM4lf_math.lib (Little endian and Floating Point Unit on Cortex-M4)
  76:C:\Workspaces\DAVE-4.1\Flightcontroller_PWM_CopterRocks_Working\Dave\Generated/CMSIS_DSP\arm_math.h ****    * - arm_cortexM4bf_math.lib (Big endian and Floating Point Unit on Cortex-M4)
  77:C:\Workspaces\DAVE-4.1\Flightcontroller_PWM_CopterRocks_Working\Dave\Generated/CMSIS_DSP\arm_math.h ****    * - arm_cortexM4l_math.lib (Little endian on Cortex-M4)
  78:C:\Workspaces\DAVE-4.1\Flightcontroller_PWM_CopterRocks_Working\Dave\Generated/CMSIS_DSP\arm_math.h ****    * - arm_cortexM4b_math.lib (Big endian on Cortex-M4)
  79:C:\Workspaces\DAVE-4.1\Flightcontroller_PWM_CopterRocks_Working\Dave\Generated/CMSIS_DSP\arm_math.h ****    * - arm_cortexM3l_math.lib (Little endian on Cortex-M3)
  80:C:\Workspaces\DAVE-4.1\Flightcontroller_PWM_CopterRocks_Working\Dave\Generated/CMSIS_DSP\arm_math.h ****    * - arm_cortexM3b_math.lib (Big endian on Cortex-M3)
  81:C:\Workspaces\DAVE-4.1\Flightcontroller_PWM_CopterRocks_Working\Dave\Generated/CMSIS_DSP\arm_math.h ****    * - arm_cortexM0l_math.lib (Little endian on Cortex-M0 / CortexM0+)
  82:C:\Workspaces\DAVE-4.1\Flightcontroller_PWM_CopterRocks_Working\Dave\Generated/CMSIS_DSP\arm_math.h ****    * - arm_cortexM0b_math.lib (Big endian on Cortex-M0 / CortexM0+)
  83:C:\Workspaces\DAVE-4.1\Flightcontroller_PWM_CopterRocks_Working\Dave\Generated/CMSIS_DSP\arm_math.h ****    *
  84:C:\Workspaces\DAVE-4.1\Flightcontroller_PWM_CopterRocks_Working\Dave\Generated/CMSIS_DSP\arm_math.h ****    * The library functions are declared in the public file <code>arm_math.h</code> which is placed 
  85:C:\Workspaces\DAVE-4.1\Flightcontroller_PWM_CopterRocks_Working\Dave\Generated/CMSIS_DSP\arm_math.h ****    * Simply include this file and link the appropriate library in the application and begin calling
  86:C:\Workspaces\DAVE-4.1\Flightcontroller_PWM_CopterRocks_Working\Dave\Generated/CMSIS_DSP\arm_math.h ****    * public header file <code> arm_math.h</code> for Cortex-M7/M4/M3/M0/M0+ with little endian and 
  87:C:\Workspaces\DAVE-4.1\Flightcontroller_PWM_CopterRocks_Working\Dave\Generated/CMSIS_DSP\arm_math.h ****    * Define the appropriate pre processor MACRO ARM_MATH_CM7 or ARM_MATH_CM4 or  ARM_MATH_CM3 or
  88:C:\Workspaces\DAVE-4.1\Flightcontroller_PWM_CopterRocks_Working\Dave\Generated/CMSIS_DSP\arm_math.h ****    * ARM_MATH_CM0 or ARM_MATH_CM0PLUS depending on the target processor in the application.
  89:C:\Workspaces\DAVE-4.1\Flightcontroller_PWM_CopterRocks_Working\Dave\Generated/CMSIS_DSP\arm_math.h ****    *
  90:C:\Workspaces\DAVE-4.1\Flightcontroller_PWM_CopterRocks_Working\Dave\Generated/CMSIS_DSP\arm_math.h ****    * Examples
  91:C:\Workspaces\DAVE-4.1\Flightcontroller_PWM_CopterRocks_Working\Dave\Generated/CMSIS_DSP\arm_math.h ****    * --------
  92:C:\Workspaces\DAVE-4.1\Flightcontroller_PWM_CopterRocks_Working\Dave\Generated/CMSIS_DSP\arm_math.h ****    *
  93:C:\Workspaces\DAVE-4.1\Flightcontroller_PWM_CopterRocks_Working\Dave\Generated/CMSIS_DSP\arm_math.h ****    * The library ships with a number of examples which demonstrate how to use the library functions
  94:C:\Workspaces\DAVE-4.1\Flightcontroller_PWM_CopterRocks_Working\Dave\Generated/CMSIS_DSP\arm_math.h ****    *
  95:C:\Workspaces\DAVE-4.1\Flightcontroller_PWM_CopterRocks_Working\Dave\Generated/CMSIS_DSP\arm_math.h ****    * Toolchain Support
  96:C:\Workspaces\DAVE-4.1\Flightcontroller_PWM_CopterRocks_Working\Dave\Generated/CMSIS_DSP\arm_math.h ****    * ------------
  97:C:\Workspaces\DAVE-4.1\Flightcontroller_PWM_CopterRocks_Working\Dave\Generated/CMSIS_DSP\arm_math.h ****    *
  98:C:\Workspaces\DAVE-4.1\Flightcontroller_PWM_CopterRocks_Working\Dave\Generated/CMSIS_DSP\arm_math.h ****    * The library has been developed and tested with MDK-ARM version 5.14.0.0
  99:C:\Workspaces\DAVE-4.1\Flightcontroller_PWM_CopterRocks_Working\Dave\Generated/CMSIS_DSP\arm_math.h ****    * The library is being tested in GCC and IAR toolchains and updates on this activity will be mad
 100:C:\Workspaces\DAVE-4.1\Flightcontroller_PWM_CopterRocks_Working\Dave\Generated/CMSIS_DSP\arm_math.h ****    *
 101:C:\Workspaces\DAVE-4.1\Flightcontroller_PWM_CopterRocks_Working\Dave\Generated/CMSIS_DSP\arm_math.h ****    * Building the Library
 102:C:\Workspaces\DAVE-4.1\Flightcontroller_PWM_CopterRocks_Working\Dave\Generated/CMSIS_DSP\arm_math.h ****    * ------------
 103:C:\Workspaces\DAVE-4.1\Flightcontroller_PWM_CopterRocks_Working\Dave\Generated/CMSIS_DSP\arm_math.h ****    *
 104:C:\Workspaces\DAVE-4.1\Flightcontroller_PWM_CopterRocks_Working\Dave\Generated/CMSIS_DSP\arm_math.h ****    * The library installer contains a project file to re build libraries on MDK-ARM Tool chain in t
 105:C:\Workspaces\DAVE-4.1\Flightcontroller_PWM_CopterRocks_Working\Dave\Generated/CMSIS_DSP\arm_math.h ****    * - arm_cortexM_math.uvprojx
 106:C:\Workspaces\DAVE-4.1\Flightcontroller_PWM_CopterRocks_Working\Dave\Generated/CMSIS_DSP\arm_math.h ****    *
 107:C:\Workspaces\DAVE-4.1\Flightcontroller_PWM_CopterRocks_Working\Dave\Generated/CMSIS_DSP\arm_math.h ****    *
 108:C:\Workspaces\DAVE-4.1\Flightcontroller_PWM_CopterRocks_Working\Dave\Generated/CMSIS_DSP\arm_math.h ****    * The libraries can be built by opening the arm_cortexM_math.uvprojx project in MDK-ARM, selecti
 109:C:\Workspaces\DAVE-4.1\Flightcontroller_PWM_CopterRocks_Working\Dave\Generated/CMSIS_DSP\arm_math.h ****    *
 110:C:\Workspaces\DAVE-4.1\Flightcontroller_PWM_CopterRocks_Working\Dave\Generated/CMSIS_DSP\arm_math.h ****    * Pre-processor Macros
 111:C:\Workspaces\DAVE-4.1\Flightcontroller_PWM_CopterRocks_Working\Dave\Generated/CMSIS_DSP\arm_math.h ****    * ------------
 112:C:\Workspaces\DAVE-4.1\Flightcontroller_PWM_CopterRocks_Working\Dave\Generated/CMSIS_DSP\arm_math.h ****    *
 113:C:\Workspaces\DAVE-4.1\Flightcontroller_PWM_CopterRocks_Working\Dave\Generated/CMSIS_DSP\arm_math.h ****    * Each library project have differant pre-processor macros.
 114:C:\Workspaces\DAVE-4.1\Flightcontroller_PWM_CopterRocks_Working\Dave\Generated/CMSIS_DSP\arm_math.h ****    *
 115:C:\Workspaces\DAVE-4.1\Flightcontroller_PWM_CopterRocks_Working\Dave\Generated/CMSIS_DSP\arm_math.h ****    * - UNALIGNED_SUPPORT_DISABLE:
 116:C:\Workspaces\DAVE-4.1\Flightcontroller_PWM_CopterRocks_Working\Dave\Generated/CMSIS_DSP\arm_math.h ****    *
 117:C:\Workspaces\DAVE-4.1\Flightcontroller_PWM_CopterRocks_Working\Dave\Generated/CMSIS_DSP\arm_math.h ****    * Define macro UNALIGNED_SUPPORT_DISABLE, If the silicon does not support unaligned memory acces
 118:C:\Workspaces\DAVE-4.1\Flightcontroller_PWM_CopterRocks_Working\Dave\Generated/CMSIS_DSP\arm_math.h ****    *
 119:C:\Workspaces\DAVE-4.1\Flightcontroller_PWM_CopterRocks_Working\Dave\Generated/CMSIS_DSP\arm_math.h ****    * - ARM_MATH_BIG_ENDIAN:
 120:C:\Workspaces\DAVE-4.1\Flightcontroller_PWM_CopterRocks_Working\Dave\Generated/CMSIS_DSP\arm_math.h ****    *
 121:C:\Workspaces\DAVE-4.1\Flightcontroller_PWM_CopterRocks_Working\Dave\Generated/CMSIS_DSP\arm_math.h ****    * Define macro ARM_MATH_BIG_ENDIAN to build the library for big endian targets. By default libra
 122:C:\Workspaces\DAVE-4.1\Flightcontroller_PWM_CopterRocks_Working\Dave\Generated/CMSIS_DSP\arm_math.h ****    *
 123:C:\Workspaces\DAVE-4.1\Flightcontroller_PWM_CopterRocks_Working\Dave\Generated/CMSIS_DSP\arm_math.h ****    * - ARM_MATH_MATRIX_CHECK:
 124:C:\Workspaces\DAVE-4.1\Flightcontroller_PWM_CopterRocks_Working\Dave\Generated/CMSIS_DSP\arm_math.h ****    *
 125:C:\Workspaces\DAVE-4.1\Flightcontroller_PWM_CopterRocks_Working\Dave\Generated/CMSIS_DSP\arm_math.h ****    * Define macro ARM_MATH_MATRIX_CHECK for checking on the input and output sizes of matrices
 126:C:\Workspaces\DAVE-4.1\Flightcontroller_PWM_CopterRocks_Working\Dave\Generated/CMSIS_DSP\arm_math.h ****    *
 127:C:\Workspaces\DAVE-4.1\Flightcontroller_PWM_CopterRocks_Working\Dave\Generated/CMSIS_DSP\arm_math.h ****    * - ARM_MATH_ROUNDING:
 128:C:\Workspaces\DAVE-4.1\Flightcontroller_PWM_CopterRocks_Working\Dave\Generated/CMSIS_DSP\arm_math.h ****    *
 129:C:\Workspaces\DAVE-4.1\Flightcontroller_PWM_CopterRocks_Working\Dave\Generated/CMSIS_DSP\arm_math.h ****    * Define macro ARM_MATH_ROUNDING for rounding on support functions
 130:C:\Workspaces\DAVE-4.1\Flightcontroller_PWM_CopterRocks_Working\Dave\Generated/CMSIS_DSP\arm_math.h ****    *
 131:C:\Workspaces\DAVE-4.1\Flightcontroller_PWM_CopterRocks_Working\Dave\Generated/CMSIS_DSP\arm_math.h ****    * - ARM_MATH_CMx:
 132:C:\Workspaces\DAVE-4.1\Flightcontroller_PWM_CopterRocks_Working\Dave\Generated/CMSIS_DSP\arm_math.h ****    *
 133:C:\Workspaces\DAVE-4.1\Flightcontroller_PWM_CopterRocks_Working\Dave\Generated/CMSIS_DSP\arm_math.h ****    * Define macro ARM_MATH_CM4 for building the library on Cortex-M4 target, ARM_MATH_CM3 for build
 134:C:\Workspaces\DAVE-4.1\Flightcontroller_PWM_CopterRocks_Working\Dave\Generated/CMSIS_DSP\arm_math.h ****    * and ARM_MATH_CM0 for building library on Cortex-M0 target, ARM_MATH_CM0PLUS for building libra
 135:C:\Workspaces\DAVE-4.1\Flightcontroller_PWM_CopterRocks_Working\Dave\Generated/CMSIS_DSP\arm_math.h ****    * ARM_MATH_CM7 for building the library on cortex-M7.
 136:C:\Workspaces\DAVE-4.1\Flightcontroller_PWM_CopterRocks_Working\Dave\Generated/CMSIS_DSP\arm_math.h ****    *
 137:C:\Workspaces\DAVE-4.1\Flightcontroller_PWM_CopterRocks_Working\Dave\Generated/CMSIS_DSP\arm_math.h ****    * - __FPU_PRESENT:
 138:C:\Workspaces\DAVE-4.1\Flightcontroller_PWM_CopterRocks_Working\Dave\Generated/CMSIS_DSP\arm_math.h ****    *
 139:C:\Workspaces\DAVE-4.1\Flightcontroller_PWM_CopterRocks_Working\Dave\Generated/CMSIS_DSP\arm_math.h ****    * Initialize macro __FPU_PRESENT = 1 when building on FPU supported Targets. Enable this macro f
 140:C:\Workspaces\DAVE-4.1\Flightcontroller_PWM_CopterRocks_Working\Dave\Generated/CMSIS_DSP\arm_math.h ****    *
 141:C:\Workspaces\DAVE-4.1\Flightcontroller_PWM_CopterRocks_Working\Dave\Generated/CMSIS_DSP\arm_math.h ****    * <hr>
 142:C:\Workspaces\DAVE-4.1\Flightcontroller_PWM_CopterRocks_Working\Dave\Generated/CMSIS_DSP\arm_math.h ****    * CMSIS-DSP in ARM::CMSIS Pack
 143:C:\Workspaces\DAVE-4.1\Flightcontroller_PWM_CopterRocks_Working\Dave\Generated/CMSIS_DSP\arm_math.h ****    * -----------------------------
 144:C:\Workspaces\DAVE-4.1\Flightcontroller_PWM_CopterRocks_Working\Dave\Generated/CMSIS_DSP\arm_math.h ****    *
 145:C:\Workspaces\DAVE-4.1\Flightcontroller_PWM_CopterRocks_Working\Dave\Generated/CMSIS_DSP\arm_math.h ****    * The following files relevant to CMSIS-DSP are present in the <b>ARM::CMSIS</b> Pack directorie
 146:C:\Workspaces\DAVE-4.1\Flightcontroller_PWM_CopterRocks_Working\Dave\Generated/CMSIS_DSP\arm_math.h ****    * |File/Folder                   |Content                                                       
 147:C:\Workspaces\DAVE-4.1\Flightcontroller_PWM_CopterRocks_Working\Dave\Generated/CMSIS_DSP\arm_math.h ****    * |------------------------------|--------------------------------------------------------------
 148:C:\Workspaces\DAVE-4.1\Flightcontroller_PWM_CopterRocks_Working\Dave\Generated/CMSIS_DSP\arm_math.h ****    * |\b CMSIS\\Documentation\\DSP  | This documentation                                           
 149:C:\Workspaces\DAVE-4.1\Flightcontroller_PWM_CopterRocks_Working\Dave\Generated/CMSIS_DSP\arm_math.h ****    * |\b CMSIS\\DSP_Lib             | Software license agreement (license.txt)                     
 150:C:\Workspaces\DAVE-4.1\Flightcontroller_PWM_CopterRocks_Working\Dave\Generated/CMSIS_DSP\arm_math.h ****    * |\b CMSIS\\DSP_Lib\\Examples   | Example projects demonstrating the usage of the library funct
 151:C:\Workspaces\DAVE-4.1\Flightcontroller_PWM_CopterRocks_Working\Dave\Generated/CMSIS_DSP\arm_math.h ****    * |\b CMSIS\\DSP_Lib\\Source     | Source files for rebuilding the library                      
 152:C:\Workspaces\DAVE-4.1\Flightcontroller_PWM_CopterRocks_Working\Dave\Generated/CMSIS_DSP\arm_math.h ****    *
 153:C:\Workspaces\DAVE-4.1\Flightcontroller_PWM_CopterRocks_Working\Dave\Generated/CMSIS_DSP\arm_math.h ****    * <hr>
 154:C:\Workspaces\DAVE-4.1\Flightcontroller_PWM_CopterRocks_Working\Dave\Generated/CMSIS_DSP\arm_math.h ****    * Revision History of CMSIS-DSP
 155:C:\Workspaces\DAVE-4.1\Flightcontroller_PWM_CopterRocks_Working\Dave\Generated/CMSIS_DSP\arm_math.h ****    * ------------
 156:C:\Workspaces\DAVE-4.1\Flightcontroller_PWM_CopterRocks_Working\Dave\Generated/CMSIS_DSP\arm_math.h ****    * Please refer to \ref ChangeLog_pg.
 157:C:\Workspaces\DAVE-4.1\Flightcontroller_PWM_CopterRocks_Working\Dave\Generated/CMSIS_DSP\arm_math.h ****    *
 158:C:\Workspaces\DAVE-4.1\Flightcontroller_PWM_CopterRocks_Working\Dave\Generated/CMSIS_DSP\arm_math.h ****    * Copyright Notice
 159:C:\Workspaces\DAVE-4.1\Flightcontroller_PWM_CopterRocks_Working\Dave\Generated/CMSIS_DSP\arm_math.h ****    * ------------
 160:C:\Workspaces\DAVE-4.1\Flightcontroller_PWM_CopterRocks_Working\Dave\Generated/CMSIS_DSP\arm_math.h ****    *
 161:C:\Workspaces\DAVE-4.1\Flightcontroller_PWM_CopterRocks_Working\Dave\Generated/CMSIS_DSP\arm_math.h ****    * Copyright (C) 2010-2015 ARM Limited. All rights reserved.
 162:C:\Workspaces\DAVE-4.1\Flightcontroller_PWM_CopterRocks_Working\Dave\Generated/CMSIS_DSP\arm_math.h ****    */
 163:C:\Workspaces\DAVE-4.1\Flightcontroller_PWM_CopterRocks_Working\Dave\Generated/CMSIS_DSP\arm_math.h **** 
 164:C:\Workspaces\DAVE-4.1\Flightcontroller_PWM_CopterRocks_Working\Dave\Generated/CMSIS_DSP\arm_math.h **** 
 165:C:\Workspaces\DAVE-4.1\Flightcontroller_PWM_CopterRocks_Working\Dave\Generated/CMSIS_DSP\arm_math.h **** /**
 166:C:\Workspaces\DAVE-4.1\Flightcontroller_PWM_CopterRocks_Working\Dave\Generated/CMSIS_DSP\arm_math.h ****  * @defgroup groupMath Basic Math Functions
 167:C:\Workspaces\DAVE-4.1\Flightcontroller_PWM_CopterRocks_Working\Dave\Generated/CMSIS_DSP\arm_math.h ****  */
 168:C:\Workspaces\DAVE-4.1\Flightcontroller_PWM_CopterRocks_Working\Dave\Generated/CMSIS_DSP\arm_math.h **** 
 169:C:\Workspaces\DAVE-4.1\Flightcontroller_PWM_CopterRocks_Working\Dave\Generated/CMSIS_DSP\arm_math.h **** /**
 170:C:\Workspaces\DAVE-4.1\Flightcontroller_PWM_CopterRocks_Working\Dave\Generated/CMSIS_DSP\arm_math.h ****  * @defgroup groupFastMath Fast Math Functions
 171:C:\Workspaces\DAVE-4.1\Flightcontroller_PWM_CopterRocks_Working\Dave\Generated/CMSIS_DSP\arm_math.h ****  * This set of functions provides a fast approximation to sine, cosine, and square root.
 172:C:\Workspaces\DAVE-4.1\Flightcontroller_PWM_CopterRocks_Working\Dave\Generated/CMSIS_DSP\arm_math.h ****  * As compared to most of the other functions in the CMSIS math library, the fast math functions
 173:C:\Workspaces\DAVE-4.1\Flightcontroller_PWM_CopterRocks_Working\Dave\Generated/CMSIS_DSP\arm_math.h ****  * operate on individual values and not arrays.
 174:C:\Workspaces\DAVE-4.1\Flightcontroller_PWM_CopterRocks_Working\Dave\Generated/CMSIS_DSP\arm_math.h ****  * There are separate functions for Q15, Q31, and floating-point data.
 175:C:\Workspaces\DAVE-4.1\Flightcontroller_PWM_CopterRocks_Working\Dave\Generated/CMSIS_DSP\arm_math.h ****  *
 176:C:\Workspaces\DAVE-4.1\Flightcontroller_PWM_CopterRocks_Working\Dave\Generated/CMSIS_DSP\arm_math.h ****  */
 177:C:\Workspaces\DAVE-4.1\Flightcontroller_PWM_CopterRocks_Working\Dave\Generated/CMSIS_DSP\arm_math.h **** 
 178:C:\Workspaces\DAVE-4.1\Flightcontroller_PWM_CopterRocks_Working\Dave\Generated/CMSIS_DSP\arm_math.h **** /**
 179:C:\Workspaces\DAVE-4.1\Flightcontroller_PWM_CopterRocks_Working\Dave\Generated/CMSIS_DSP\arm_math.h ****  * @defgroup groupCmplxMath Complex Math Functions
 180:C:\Workspaces\DAVE-4.1\Flightcontroller_PWM_CopterRocks_Working\Dave\Generated/CMSIS_DSP\arm_math.h ****  * This set of functions operates on complex data vectors.
 181:C:\Workspaces\DAVE-4.1\Flightcontroller_PWM_CopterRocks_Working\Dave\Generated/CMSIS_DSP\arm_math.h ****  * The data in the complex arrays is stored in an interleaved fashion
 182:C:\Workspaces\DAVE-4.1\Flightcontroller_PWM_CopterRocks_Working\Dave\Generated/CMSIS_DSP\arm_math.h ****  * (real, imag, real, imag, ...).
 183:C:\Workspaces\DAVE-4.1\Flightcontroller_PWM_CopterRocks_Working\Dave\Generated/CMSIS_DSP\arm_math.h ****  * In the API functions, the number of samples in a complex array refers
 184:C:\Workspaces\DAVE-4.1\Flightcontroller_PWM_CopterRocks_Working\Dave\Generated/CMSIS_DSP\arm_math.h ****  * to the number of complex values; the array contains twice this number of
 185:C:\Workspaces\DAVE-4.1\Flightcontroller_PWM_CopterRocks_Working\Dave\Generated/CMSIS_DSP\arm_math.h ****  * real values.
 186:C:\Workspaces\DAVE-4.1\Flightcontroller_PWM_CopterRocks_Working\Dave\Generated/CMSIS_DSP\arm_math.h ****  */
 187:C:\Workspaces\DAVE-4.1\Flightcontroller_PWM_CopterRocks_Working\Dave\Generated/CMSIS_DSP\arm_math.h **** 
 188:C:\Workspaces\DAVE-4.1\Flightcontroller_PWM_CopterRocks_Working\Dave\Generated/CMSIS_DSP\arm_math.h **** /**
 189:C:\Workspaces\DAVE-4.1\Flightcontroller_PWM_CopterRocks_Working\Dave\Generated/CMSIS_DSP\arm_math.h ****  * @defgroup groupFilters Filtering Functions
 190:C:\Workspaces\DAVE-4.1\Flightcontroller_PWM_CopterRocks_Working\Dave\Generated/CMSIS_DSP\arm_math.h ****  */
 191:C:\Workspaces\DAVE-4.1\Flightcontroller_PWM_CopterRocks_Working\Dave\Generated/CMSIS_DSP\arm_math.h **** 
 192:C:\Workspaces\DAVE-4.1\Flightcontroller_PWM_CopterRocks_Working\Dave\Generated/CMSIS_DSP\arm_math.h **** /**
 193:C:\Workspaces\DAVE-4.1\Flightcontroller_PWM_CopterRocks_Working\Dave\Generated/CMSIS_DSP\arm_math.h ****  * @defgroup groupMatrix Matrix Functions
 194:C:\Workspaces\DAVE-4.1\Flightcontroller_PWM_CopterRocks_Working\Dave\Generated/CMSIS_DSP\arm_math.h ****  *
 195:C:\Workspaces\DAVE-4.1\Flightcontroller_PWM_CopterRocks_Working\Dave\Generated/CMSIS_DSP\arm_math.h ****  * This set of functions provides basic matrix math operations.
 196:C:\Workspaces\DAVE-4.1\Flightcontroller_PWM_CopterRocks_Working\Dave\Generated/CMSIS_DSP\arm_math.h ****  * The functions operate on matrix data structures.  For example,
 197:C:\Workspaces\DAVE-4.1\Flightcontroller_PWM_CopterRocks_Working\Dave\Generated/CMSIS_DSP\arm_math.h ****  * the type
 198:C:\Workspaces\DAVE-4.1\Flightcontroller_PWM_CopterRocks_Working\Dave\Generated/CMSIS_DSP\arm_math.h ****  * definition for the floating-point matrix structure is shown
 199:C:\Workspaces\DAVE-4.1\Flightcontroller_PWM_CopterRocks_Working\Dave\Generated/CMSIS_DSP\arm_math.h ****  * below:
 200:C:\Workspaces\DAVE-4.1\Flightcontroller_PWM_CopterRocks_Working\Dave\Generated/CMSIS_DSP\arm_math.h ****  * <pre>
 201:C:\Workspaces\DAVE-4.1\Flightcontroller_PWM_CopterRocks_Working\Dave\Generated/CMSIS_DSP\arm_math.h ****  *     typedef struct
 202:C:\Workspaces\DAVE-4.1\Flightcontroller_PWM_CopterRocks_Working\Dave\Generated/CMSIS_DSP\arm_math.h ****  *     {
 203:C:\Workspaces\DAVE-4.1\Flightcontroller_PWM_CopterRocks_Working\Dave\Generated/CMSIS_DSP\arm_math.h ****  *       uint16_t numRows;     // number of rows of the matrix.
 204:C:\Workspaces\DAVE-4.1\Flightcontroller_PWM_CopterRocks_Working\Dave\Generated/CMSIS_DSP\arm_math.h ****  *       uint16_t numCols;     // number of columns of the matrix.
 205:C:\Workspaces\DAVE-4.1\Flightcontroller_PWM_CopterRocks_Working\Dave\Generated/CMSIS_DSP\arm_math.h ****  *       float32_t *pData;     // points to the data of the matrix.
 206:C:\Workspaces\DAVE-4.1\Flightcontroller_PWM_CopterRocks_Working\Dave\Generated/CMSIS_DSP\arm_math.h ****  *     } arm_matrix_instance_f32;
 207:C:\Workspaces\DAVE-4.1\Flightcontroller_PWM_CopterRocks_Working\Dave\Generated/CMSIS_DSP\arm_math.h ****  * </pre>
 208:C:\Workspaces\DAVE-4.1\Flightcontroller_PWM_CopterRocks_Working\Dave\Generated/CMSIS_DSP\arm_math.h ****  * There are similar definitions for Q15 and Q31 data types.
 209:C:\Workspaces\DAVE-4.1\Flightcontroller_PWM_CopterRocks_Working\Dave\Generated/CMSIS_DSP\arm_math.h ****  *
 210:C:\Workspaces\DAVE-4.1\Flightcontroller_PWM_CopterRocks_Working\Dave\Generated/CMSIS_DSP\arm_math.h ****  * The structure specifies the size of the matrix and then points to
 211:C:\Workspaces\DAVE-4.1\Flightcontroller_PWM_CopterRocks_Working\Dave\Generated/CMSIS_DSP\arm_math.h ****  * an array of data.  The array is of size <code>numRows X numCols</code>
 212:C:\Workspaces\DAVE-4.1\Flightcontroller_PWM_CopterRocks_Working\Dave\Generated/CMSIS_DSP\arm_math.h ****  * and the values are arranged in row order.  That is, the
 213:C:\Workspaces\DAVE-4.1\Flightcontroller_PWM_CopterRocks_Working\Dave\Generated/CMSIS_DSP\arm_math.h ****  * matrix element (i, j) is stored at:
 214:C:\Workspaces\DAVE-4.1\Flightcontroller_PWM_CopterRocks_Working\Dave\Generated/CMSIS_DSP\arm_math.h ****  * <pre>
 215:C:\Workspaces\DAVE-4.1\Flightcontroller_PWM_CopterRocks_Working\Dave\Generated/CMSIS_DSP\arm_math.h ****  *     pData[i*numCols + j]
 216:C:\Workspaces\DAVE-4.1\Flightcontroller_PWM_CopterRocks_Working\Dave\Generated/CMSIS_DSP\arm_math.h ****  * </pre>
 217:C:\Workspaces\DAVE-4.1\Flightcontroller_PWM_CopterRocks_Working\Dave\Generated/CMSIS_DSP\arm_math.h ****  *
 218:C:\Workspaces\DAVE-4.1\Flightcontroller_PWM_CopterRocks_Working\Dave\Generated/CMSIS_DSP\arm_math.h ****  * \par Init Functions
 219:C:\Workspaces\DAVE-4.1\Flightcontroller_PWM_CopterRocks_Working\Dave\Generated/CMSIS_DSP\arm_math.h ****  * There is an associated initialization function for each type of matrix
 220:C:\Workspaces\DAVE-4.1\Flightcontroller_PWM_CopterRocks_Working\Dave\Generated/CMSIS_DSP\arm_math.h ****  * data structure.
 221:C:\Workspaces\DAVE-4.1\Flightcontroller_PWM_CopterRocks_Working\Dave\Generated/CMSIS_DSP\arm_math.h ****  * The initialization function sets the values of the internal structure fields.
 222:C:\Workspaces\DAVE-4.1\Flightcontroller_PWM_CopterRocks_Working\Dave\Generated/CMSIS_DSP\arm_math.h ****  * Refer to the function <code>arm_mat_init_f32()</code>, <code>arm_mat_init_q31()</code>
 223:C:\Workspaces\DAVE-4.1\Flightcontroller_PWM_CopterRocks_Working\Dave\Generated/CMSIS_DSP\arm_math.h ****  * and <code>arm_mat_init_q15()</code> for floating-point, Q31 and Q15 types,  respectively.
 224:C:\Workspaces\DAVE-4.1\Flightcontroller_PWM_CopterRocks_Working\Dave\Generated/CMSIS_DSP\arm_math.h ****  *
 225:C:\Workspaces\DAVE-4.1\Flightcontroller_PWM_CopterRocks_Working\Dave\Generated/CMSIS_DSP\arm_math.h ****  * \par
 226:C:\Workspaces\DAVE-4.1\Flightcontroller_PWM_CopterRocks_Working\Dave\Generated/CMSIS_DSP\arm_math.h ****  * Use of the initialization function is optional. However, if initialization function is used
 227:C:\Workspaces\DAVE-4.1\Flightcontroller_PWM_CopterRocks_Working\Dave\Generated/CMSIS_DSP\arm_math.h ****  * then the instance structure cannot be placed into a const data section.
 228:C:\Workspaces\DAVE-4.1\Flightcontroller_PWM_CopterRocks_Working\Dave\Generated/CMSIS_DSP\arm_math.h ****  * To place the instance structure in a const data
 229:C:\Workspaces\DAVE-4.1\Flightcontroller_PWM_CopterRocks_Working\Dave\Generated/CMSIS_DSP\arm_math.h ****  * section, manually initialize the data structure.  For example:
 230:C:\Workspaces\DAVE-4.1\Flightcontroller_PWM_CopterRocks_Working\Dave\Generated/CMSIS_DSP\arm_math.h ****  * <pre>
 231:C:\Workspaces\DAVE-4.1\Flightcontroller_PWM_CopterRocks_Working\Dave\Generated/CMSIS_DSP\arm_math.h ****  * <code>arm_matrix_instance_f32 S = {nRows, nColumns, pData};</code>
 232:C:\Workspaces\DAVE-4.1\Flightcontroller_PWM_CopterRocks_Working\Dave\Generated/CMSIS_DSP\arm_math.h ****  * <code>arm_matrix_instance_q31 S = {nRows, nColumns, pData};</code>
 233:C:\Workspaces\DAVE-4.1\Flightcontroller_PWM_CopterRocks_Working\Dave\Generated/CMSIS_DSP\arm_math.h ****  * <code>arm_matrix_instance_q15 S = {nRows, nColumns, pData};</code>
 234:C:\Workspaces\DAVE-4.1\Flightcontroller_PWM_CopterRocks_Working\Dave\Generated/CMSIS_DSP\arm_math.h ****  * </pre>
 235:C:\Workspaces\DAVE-4.1\Flightcontroller_PWM_CopterRocks_Working\Dave\Generated/CMSIS_DSP\arm_math.h ****  * where <code>nRows</code> specifies the number of rows, <code>nColumns</code>
 236:C:\Workspaces\DAVE-4.1\Flightcontroller_PWM_CopterRocks_Working\Dave\Generated/CMSIS_DSP\arm_math.h ****  * specifies the number of columns, and <code>pData</code> points to the
 237:C:\Workspaces\DAVE-4.1\Flightcontroller_PWM_CopterRocks_Working\Dave\Generated/CMSIS_DSP\arm_math.h ****  * data array.
 238:C:\Workspaces\DAVE-4.1\Flightcontroller_PWM_CopterRocks_Working\Dave\Generated/CMSIS_DSP\arm_math.h ****  *
 239:C:\Workspaces\DAVE-4.1\Flightcontroller_PWM_CopterRocks_Working\Dave\Generated/CMSIS_DSP\arm_math.h ****  * \par Size Checking
 240:C:\Workspaces\DAVE-4.1\Flightcontroller_PWM_CopterRocks_Working\Dave\Generated/CMSIS_DSP\arm_math.h ****  * By default all of the matrix functions perform size checking on the input and
 241:C:\Workspaces\DAVE-4.1\Flightcontroller_PWM_CopterRocks_Working\Dave\Generated/CMSIS_DSP\arm_math.h ****  * output matrices.  For example, the matrix addition function verifies that the
 242:C:\Workspaces\DAVE-4.1\Flightcontroller_PWM_CopterRocks_Working\Dave\Generated/CMSIS_DSP\arm_math.h ****  * two input matrices and the output matrix all have the same number of rows and
 243:C:\Workspaces\DAVE-4.1\Flightcontroller_PWM_CopterRocks_Working\Dave\Generated/CMSIS_DSP\arm_math.h ****  * columns.  If the size check fails the functions return:
 244:C:\Workspaces\DAVE-4.1\Flightcontroller_PWM_CopterRocks_Working\Dave\Generated/CMSIS_DSP\arm_math.h ****  * <pre>
 245:C:\Workspaces\DAVE-4.1\Flightcontroller_PWM_CopterRocks_Working\Dave\Generated/CMSIS_DSP\arm_math.h ****  *     ARM_MATH_SIZE_MISMATCH
 246:C:\Workspaces\DAVE-4.1\Flightcontroller_PWM_CopterRocks_Working\Dave\Generated/CMSIS_DSP\arm_math.h ****  * </pre>
 247:C:\Workspaces\DAVE-4.1\Flightcontroller_PWM_CopterRocks_Working\Dave\Generated/CMSIS_DSP\arm_math.h ****  * Otherwise the functions return
 248:C:\Workspaces\DAVE-4.1\Flightcontroller_PWM_CopterRocks_Working\Dave\Generated/CMSIS_DSP\arm_math.h ****  * <pre>
 249:C:\Workspaces\DAVE-4.1\Flightcontroller_PWM_CopterRocks_Working\Dave\Generated/CMSIS_DSP\arm_math.h ****  *     ARM_MATH_SUCCESS
 250:C:\Workspaces\DAVE-4.1\Flightcontroller_PWM_CopterRocks_Working\Dave\Generated/CMSIS_DSP\arm_math.h ****  * </pre>
 251:C:\Workspaces\DAVE-4.1\Flightcontroller_PWM_CopterRocks_Working\Dave\Generated/CMSIS_DSP\arm_math.h ****  * There is some overhead associated with this matrix size checking.
 252:C:\Workspaces\DAVE-4.1\Flightcontroller_PWM_CopterRocks_Working\Dave\Generated/CMSIS_DSP\arm_math.h ****  * The matrix size checking is enabled via the \#define
 253:C:\Workspaces\DAVE-4.1\Flightcontroller_PWM_CopterRocks_Working\Dave\Generated/CMSIS_DSP\arm_math.h ****  * <pre>
 254:C:\Workspaces\DAVE-4.1\Flightcontroller_PWM_CopterRocks_Working\Dave\Generated/CMSIS_DSP\arm_math.h ****  *     ARM_MATH_MATRIX_CHECK
 255:C:\Workspaces\DAVE-4.1\Flightcontroller_PWM_CopterRocks_Working\Dave\Generated/CMSIS_DSP\arm_math.h ****  * </pre>
 256:C:\Workspaces\DAVE-4.1\Flightcontroller_PWM_CopterRocks_Working\Dave\Generated/CMSIS_DSP\arm_math.h ****  * within the library project settings.  By default this macro is defined
 257:C:\Workspaces\DAVE-4.1\Flightcontroller_PWM_CopterRocks_Working\Dave\Generated/CMSIS_DSP\arm_math.h ****  * and size checking is enabled.  By changing the project settings and
 258:C:\Workspaces\DAVE-4.1\Flightcontroller_PWM_CopterRocks_Working\Dave\Generated/CMSIS_DSP\arm_math.h ****  * undefining this macro size checking is eliminated and the functions
 259:C:\Workspaces\DAVE-4.1\Flightcontroller_PWM_CopterRocks_Working\Dave\Generated/CMSIS_DSP\arm_math.h ****  * run a bit faster.  With size checking disabled the functions always
 260:C:\Workspaces\DAVE-4.1\Flightcontroller_PWM_CopterRocks_Working\Dave\Generated/CMSIS_DSP\arm_math.h ****  * return <code>ARM_MATH_SUCCESS</code>.
 261:C:\Workspaces\DAVE-4.1\Flightcontroller_PWM_CopterRocks_Working\Dave\Generated/CMSIS_DSP\arm_math.h ****  */
 262:C:\Workspaces\DAVE-4.1\Flightcontroller_PWM_CopterRocks_Working\Dave\Generated/CMSIS_DSP\arm_math.h **** 
 263:C:\Workspaces\DAVE-4.1\Flightcontroller_PWM_CopterRocks_Working\Dave\Generated/CMSIS_DSP\arm_math.h **** /**
 264:C:\Workspaces\DAVE-4.1\Flightcontroller_PWM_CopterRocks_Working\Dave\Generated/CMSIS_DSP\arm_math.h ****  * @defgroup groupTransforms Transform Functions
 265:C:\Workspaces\DAVE-4.1\Flightcontroller_PWM_CopterRocks_Working\Dave\Generated/CMSIS_DSP\arm_math.h ****  */
 266:C:\Workspaces\DAVE-4.1\Flightcontroller_PWM_CopterRocks_Working\Dave\Generated/CMSIS_DSP\arm_math.h **** 
 267:C:\Workspaces\DAVE-4.1\Flightcontroller_PWM_CopterRocks_Working\Dave\Generated/CMSIS_DSP\arm_math.h **** /**
 268:C:\Workspaces\DAVE-4.1\Flightcontroller_PWM_CopterRocks_Working\Dave\Generated/CMSIS_DSP\arm_math.h ****  * @defgroup groupController Controller Functions
 269:C:\Workspaces\DAVE-4.1\Flightcontroller_PWM_CopterRocks_Working\Dave\Generated/CMSIS_DSP\arm_math.h ****  */
 270:C:\Workspaces\DAVE-4.1\Flightcontroller_PWM_CopterRocks_Working\Dave\Generated/CMSIS_DSP\arm_math.h **** 
 271:C:\Workspaces\DAVE-4.1\Flightcontroller_PWM_CopterRocks_Working\Dave\Generated/CMSIS_DSP\arm_math.h **** /**
 272:C:\Workspaces\DAVE-4.1\Flightcontroller_PWM_CopterRocks_Working\Dave\Generated/CMSIS_DSP\arm_math.h ****  * @defgroup groupStats Statistics Functions
 273:C:\Workspaces\DAVE-4.1\Flightcontroller_PWM_CopterRocks_Working\Dave\Generated/CMSIS_DSP\arm_math.h ****  */
 274:C:\Workspaces\DAVE-4.1\Flightcontroller_PWM_CopterRocks_Working\Dave\Generated/CMSIS_DSP\arm_math.h **** /**
 275:C:\Workspaces\DAVE-4.1\Flightcontroller_PWM_CopterRocks_Working\Dave\Generated/CMSIS_DSP\arm_math.h ****  * @defgroup groupSupport Support Functions
 276:C:\Workspaces\DAVE-4.1\Flightcontroller_PWM_CopterRocks_Working\Dave\Generated/CMSIS_DSP\arm_math.h ****  */
 277:C:\Workspaces\DAVE-4.1\Flightcontroller_PWM_CopterRocks_Working\Dave\Generated/CMSIS_DSP\arm_math.h **** 
 278:C:\Workspaces\DAVE-4.1\Flightcontroller_PWM_CopterRocks_Working\Dave\Generated/CMSIS_DSP\arm_math.h **** /**
 279:C:\Workspaces\DAVE-4.1\Flightcontroller_PWM_CopterRocks_Working\Dave\Generated/CMSIS_DSP\arm_math.h ****  * @defgroup groupInterpolation Interpolation Functions
 280:C:\Workspaces\DAVE-4.1\Flightcontroller_PWM_CopterRocks_Working\Dave\Generated/CMSIS_DSP\arm_math.h ****  * These functions perform 1- and 2-dimensional interpolation of data.
 281:C:\Workspaces\DAVE-4.1\Flightcontroller_PWM_CopterRocks_Working\Dave\Generated/CMSIS_DSP\arm_math.h ****  * Linear interpolation is used for 1-dimensional data and
 282:C:\Workspaces\DAVE-4.1\Flightcontroller_PWM_CopterRocks_Working\Dave\Generated/CMSIS_DSP\arm_math.h ****  * bilinear interpolation is used for 2-dimensional data.
 283:C:\Workspaces\DAVE-4.1\Flightcontroller_PWM_CopterRocks_Working\Dave\Generated/CMSIS_DSP\arm_math.h ****  */
 284:C:\Workspaces\DAVE-4.1\Flightcontroller_PWM_CopterRocks_Working\Dave\Generated/CMSIS_DSP\arm_math.h **** 
 285:C:\Workspaces\DAVE-4.1\Flightcontroller_PWM_CopterRocks_Working\Dave\Generated/CMSIS_DSP\arm_math.h **** /**
 286:C:\Workspaces\DAVE-4.1\Flightcontroller_PWM_CopterRocks_Working\Dave\Generated/CMSIS_DSP\arm_math.h ****  * @defgroup groupExamples Examples
 287:C:\Workspaces\DAVE-4.1\Flightcontroller_PWM_CopterRocks_Working\Dave\Generated/CMSIS_DSP\arm_math.h ****  */
 288:C:\Workspaces\DAVE-4.1\Flightcontroller_PWM_CopterRocks_Working\Dave\Generated/CMSIS_DSP\arm_math.h **** #ifndef _ARM_MATH_H
 289:C:\Workspaces\DAVE-4.1\Flightcontroller_PWM_CopterRocks_Working\Dave\Generated/CMSIS_DSP\arm_math.h **** #define _ARM_MATH_H
 290:C:\Workspaces\DAVE-4.1\Flightcontroller_PWM_CopterRocks_Working\Dave\Generated/CMSIS_DSP\arm_math.h **** 
 291:C:\Workspaces\DAVE-4.1\Flightcontroller_PWM_CopterRocks_Working\Dave\Generated/CMSIS_DSP\arm_math.h **** /* ignore some GCC warnings */
 292:C:\Workspaces\DAVE-4.1\Flightcontroller_PWM_CopterRocks_Working\Dave\Generated/CMSIS_DSP\arm_math.h **** #if defined ( __GNUC__ )
 293:C:\Workspaces\DAVE-4.1\Flightcontroller_PWM_CopterRocks_Working\Dave\Generated/CMSIS_DSP\arm_math.h **** #pragma GCC diagnostic push
 294:C:\Workspaces\DAVE-4.1\Flightcontroller_PWM_CopterRocks_Working\Dave\Generated/CMSIS_DSP\arm_math.h **** #pragma GCC diagnostic ignored "-Wsign-conversion"
 295:C:\Workspaces\DAVE-4.1\Flightcontroller_PWM_CopterRocks_Working\Dave\Generated/CMSIS_DSP\arm_math.h **** #pragma GCC diagnostic ignored "-Wconversion"
 296:C:\Workspaces\DAVE-4.1\Flightcontroller_PWM_CopterRocks_Working\Dave\Generated/CMSIS_DSP\arm_math.h **** #pragma GCC diagnostic ignored "-Wunused-parameter"
 297:C:\Workspaces\DAVE-4.1\Flightcontroller_PWM_CopterRocks_Working\Dave\Generated/CMSIS_DSP\arm_math.h **** #endif
 298:C:\Workspaces\DAVE-4.1\Flightcontroller_PWM_CopterRocks_Working\Dave\Generated/CMSIS_DSP\arm_math.h **** 
 299:C:\Workspaces\DAVE-4.1\Flightcontroller_PWM_CopterRocks_Working\Dave\Generated/CMSIS_DSP\arm_math.h **** #define __CMSIS_GENERIC         /* disable NVIC and Systick functions */
 300:C:\Workspaces\DAVE-4.1\Flightcontroller_PWM_CopterRocks_Working\Dave\Generated/CMSIS_DSP\arm_math.h **** 
 301:C:\Workspaces\DAVE-4.1\Flightcontroller_PWM_CopterRocks_Working\Dave\Generated/CMSIS_DSP\arm_math.h **** #if defined(ARM_MATH_CM7)
 302:C:\Workspaces\DAVE-4.1\Flightcontroller_PWM_CopterRocks_Working\Dave\Generated/CMSIS_DSP\arm_math.h ****   #include "core_cm7.h"
 303:C:\Workspaces\DAVE-4.1\Flightcontroller_PWM_CopterRocks_Working\Dave\Generated/CMSIS_DSP\arm_math.h **** #elif defined (ARM_MATH_CM4)
 304:C:\Workspaces\DAVE-4.1\Flightcontroller_PWM_CopterRocks_Working\Dave\Generated/CMSIS_DSP\arm_math.h ****   #include "core_cm4.h"
 305:C:\Workspaces\DAVE-4.1\Flightcontroller_PWM_CopterRocks_Working\Dave\Generated/CMSIS_DSP\arm_math.h **** #elif defined (ARM_MATH_CM3)
 306:C:\Workspaces\DAVE-4.1\Flightcontroller_PWM_CopterRocks_Working\Dave\Generated/CMSIS_DSP\arm_math.h ****   #include "core_cm3.h"
 307:C:\Workspaces\DAVE-4.1\Flightcontroller_PWM_CopterRocks_Working\Dave\Generated/CMSIS_DSP\arm_math.h **** #elif defined (ARM_MATH_CM0)
 308:C:\Workspaces\DAVE-4.1\Flightcontroller_PWM_CopterRocks_Working\Dave\Generated/CMSIS_DSP\arm_math.h ****   #include "core_cm0.h"
 309:C:\Workspaces\DAVE-4.1\Flightcontroller_PWM_CopterRocks_Working\Dave\Generated/CMSIS_DSP\arm_math.h ****   #define ARM_MATH_CM0_FAMILY
 310:C:\Workspaces\DAVE-4.1\Flightcontroller_PWM_CopterRocks_Working\Dave\Generated/CMSIS_DSP\arm_math.h **** #elif defined (ARM_MATH_CM0PLUS)
 311:C:\Workspaces\DAVE-4.1\Flightcontroller_PWM_CopterRocks_Working\Dave\Generated/CMSIS_DSP\arm_math.h ****   #include "core_cm0plus.h"
 312:C:\Workspaces\DAVE-4.1\Flightcontroller_PWM_CopterRocks_Working\Dave\Generated/CMSIS_DSP\arm_math.h ****   #define ARM_MATH_CM0_FAMILY
 313:C:\Workspaces\DAVE-4.1\Flightcontroller_PWM_CopterRocks_Working\Dave\Generated/CMSIS_DSP\arm_math.h **** #else
 314:C:\Workspaces\DAVE-4.1\Flightcontroller_PWM_CopterRocks_Working\Dave\Generated/CMSIS_DSP\arm_math.h ****   #error "Define according the used Cortex core ARM_MATH_CM7, ARM_MATH_CM4, ARM_MATH_CM3, ARM_MATH_
 315:C:\Workspaces\DAVE-4.1\Flightcontroller_PWM_CopterRocks_Working\Dave\Generated/CMSIS_DSP\arm_math.h **** #endif
 316:C:\Workspaces\DAVE-4.1\Flightcontroller_PWM_CopterRocks_Working\Dave\Generated/CMSIS_DSP\arm_math.h **** 
 317:C:\Workspaces\DAVE-4.1\Flightcontroller_PWM_CopterRocks_Working\Dave\Generated/CMSIS_DSP\arm_math.h **** #undef  __CMSIS_GENERIC         /* enable NVIC and Systick functions */
 318:C:\Workspaces\DAVE-4.1\Flightcontroller_PWM_CopterRocks_Working\Dave\Generated/CMSIS_DSP\arm_math.h **** #include "string.h"
 319:C:\Workspaces\DAVE-4.1\Flightcontroller_PWM_CopterRocks_Working\Dave\Generated/CMSIS_DSP\arm_math.h **** #include "math.h"
 320:C:\Workspaces\DAVE-4.1\Flightcontroller_PWM_CopterRocks_Working\Dave\Generated/CMSIS_DSP\arm_math.h **** #ifdef   __cplusplus
 321:C:\Workspaces\DAVE-4.1\Flightcontroller_PWM_CopterRocks_Working\Dave\Generated/CMSIS_DSP\arm_math.h **** extern "C"
 322:C:\Workspaces\DAVE-4.1\Flightcontroller_PWM_CopterRocks_Working\Dave\Generated/CMSIS_DSP\arm_math.h **** {
 323:C:\Workspaces\DAVE-4.1\Flightcontroller_PWM_CopterRocks_Working\Dave\Generated/CMSIS_DSP\arm_math.h **** #endif
 324:C:\Workspaces\DAVE-4.1\Flightcontroller_PWM_CopterRocks_Working\Dave\Generated/CMSIS_DSP\arm_math.h **** 
 325:C:\Workspaces\DAVE-4.1\Flightcontroller_PWM_CopterRocks_Working\Dave\Generated/CMSIS_DSP\arm_math.h **** 
 326:C:\Workspaces\DAVE-4.1\Flightcontroller_PWM_CopterRocks_Working\Dave\Generated/CMSIS_DSP\arm_math.h ****   /**
 327:C:\Workspaces\DAVE-4.1\Flightcontroller_PWM_CopterRocks_Working\Dave\Generated/CMSIS_DSP\arm_math.h ****    * @brief Macros required for reciprocal calculation in Normalized LMS
 328:C:\Workspaces\DAVE-4.1\Flightcontroller_PWM_CopterRocks_Working\Dave\Generated/CMSIS_DSP\arm_math.h ****    */
 329:C:\Workspaces\DAVE-4.1\Flightcontroller_PWM_CopterRocks_Working\Dave\Generated/CMSIS_DSP\arm_math.h **** 
 330:C:\Workspaces\DAVE-4.1\Flightcontroller_PWM_CopterRocks_Working\Dave\Generated/CMSIS_DSP\arm_math.h **** #define DELTA_Q31          (0x100)
 331:C:\Workspaces\DAVE-4.1\Flightcontroller_PWM_CopterRocks_Working\Dave\Generated/CMSIS_DSP\arm_math.h **** #define DELTA_Q15          0x5
 332:C:\Workspaces\DAVE-4.1\Flightcontroller_PWM_CopterRocks_Working\Dave\Generated/CMSIS_DSP\arm_math.h **** #define INDEX_MASK         0x0000003F
 333:C:\Workspaces\DAVE-4.1\Flightcontroller_PWM_CopterRocks_Working\Dave\Generated/CMSIS_DSP\arm_math.h **** #ifndef PI
 334:C:\Workspaces\DAVE-4.1\Flightcontroller_PWM_CopterRocks_Working\Dave\Generated/CMSIS_DSP\arm_math.h **** #define PI                 3.14159265358979f
 335:C:\Workspaces\DAVE-4.1\Flightcontroller_PWM_CopterRocks_Working\Dave\Generated/CMSIS_DSP\arm_math.h **** #endif
 336:C:\Workspaces\DAVE-4.1\Flightcontroller_PWM_CopterRocks_Working\Dave\Generated/CMSIS_DSP\arm_math.h **** 
 337:C:\Workspaces\DAVE-4.1\Flightcontroller_PWM_CopterRocks_Working\Dave\Generated/CMSIS_DSP\arm_math.h ****   /**
 338:C:\Workspaces\DAVE-4.1\Flightcontroller_PWM_CopterRocks_Working\Dave\Generated/CMSIS_DSP\arm_math.h ****    * @brief Macros required for SINE and COSINE Fast math approximations
 339:C:\Workspaces\DAVE-4.1\Flightcontroller_PWM_CopterRocks_Working\Dave\Generated/CMSIS_DSP\arm_math.h ****    */
 340:C:\Workspaces\DAVE-4.1\Flightcontroller_PWM_CopterRocks_Working\Dave\Generated/CMSIS_DSP\arm_math.h **** 
 341:C:\Workspaces\DAVE-4.1\Flightcontroller_PWM_CopterRocks_Working\Dave\Generated/CMSIS_DSP\arm_math.h **** #define FAST_MATH_TABLE_SIZE  512
 342:C:\Workspaces\DAVE-4.1\Flightcontroller_PWM_CopterRocks_Working\Dave\Generated/CMSIS_DSP\arm_math.h **** #define FAST_MATH_Q31_SHIFT   (32 - 10)
 343:C:\Workspaces\DAVE-4.1\Flightcontroller_PWM_CopterRocks_Working\Dave\Generated/CMSIS_DSP\arm_math.h **** #define FAST_MATH_Q15_SHIFT   (16 - 10)
 344:C:\Workspaces\DAVE-4.1\Flightcontroller_PWM_CopterRocks_Working\Dave\Generated/CMSIS_DSP\arm_math.h **** #define CONTROLLER_Q31_SHIFT  (32 - 9)
 345:C:\Workspaces\DAVE-4.1\Flightcontroller_PWM_CopterRocks_Working\Dave\Generated/CMSIS_DSP\arm_math.h **** #define TABLE_SIZE  256
 346:C:\Workspaces\DAVE-4.1\Flightcontroller_PWM_CopterRocks_Working\Dave\Generated/CMSIS_DSP\arm_math.h **** #define TABLE_SPACING_Q31     0x400000
 347:C:\Workspaces\DAVE-4.1\Flightcontroller_PWM_CopterRocks_Working\Dave\Generated/CMSIS_DSP\arm_math.h **** #define TABLE_SPACING_Q15     0x80
 348:C:\Workspaces\DAVE-4.1\Flightcontroller_PWM_CopterRocks_Working\Dave\Generated/CMSIS_DSP\arm_math.h **** 
 349:C:\Workspaces\DAVE-4.1\Flightcontroller_PWM_CopterRocks_Working\Dave\Generated/CMSIS_DSP\arm_math.h ****   /**
 350:C:\Workspaces\DAVE-4.1\Flightcontroller_PWM_CopterRocks_Working\Dave\Generated/CMSIS_DSP\arm_math.h ****    * @brief Macros required for SINE and COSINE Controller functions
 351:C:\Workspaces\DAVE-4.1\Flightcontroller_PWM_CopterRocks_Working\Dave\Generated/CMSIS_DSP\arm_math.h ****    */
 352:C:\Workspaces\DAVE-4.1\Flightcontroller_PWM_CopterRocks_Working\Dave\Generated/CMSIS_DSP\arm_math.h ****   /* 1.31(q31) Fixed value of 2/360 */
 353:C:\Workspaces\DAVE-4.1\Flightcontroller_PWM_CopterRocks_Working\Dave\Generated/CMSIS_DSP\arm_math.h ****   /* -1 to +1 is divided into 360 values so total spacing is (2/360) */
 354:C:\Workspaces\DAVE-4.1\Flightcontroller_PWM_CopterRocks_Working\Dave\Generated/CMSIS_DSP\arm_math.h **** #define INPUT_SPACING         0xB60B61
 355:C:\Workspaces\DAVE-4.1\Flightcontroller_PWM_CopterRocks_Working\Dave\Generated/CMSIS_DSP\arm_math.h **** 
 356:C:\Workspaces\DAVE-4.1\Flightcontroller_PWM_CopterRocks_Working\Dave\Generated/CMSIS_DSP\arm_math.h ****   /**
 357:C:\Workspaces\DAVE-4.1\Flightcontroller_PWM_CopterRocks_Working\Dave\Generated/CMSIS_DSP\arm_math.h ****    * @brief Macro for Unaligned Support
 358:C:\Workspaces\DAVE-4.1\Flightcontroller_PWM_CopterRocks_Working\Dave\Generated/CMSIS_DSP\arm_math.h ****    */
 359:C:\Workspaces\DAVE-4.1\Flightcontroller_PWM_CopterRocks_Working\Dave\Generated/CMSIS_DSP\arm_math.h **** #ifndef UNALIGNED_SUPPORT_DISABLE
 360:C:\Workspaces\DAVE-4.1\Flightcontroller_PWM_CopterRocks_Working\Dave\Generated/CMSIS_DSP\arm_math.h ****     #define ALIGN4
 361:C:\Workspaces\DAVE-4.1\Flightcontroller_PWM_CopterRocks_Working\Dave\Generated/CMSIS_DSP\arm_math.h **** #else
 362:C:\Workspaces\DAVE-4.1\Flightcontroller_PWM_CopterRocks_Working\Dave\Generated/CMSIS_DSP\arm_math.h ****   #if defined  (__GNUC__)
 363:C:\Workspaces\DAVE-4.1\Flightcontroller_PWM_CopterRocks_Working\Dave\Generated/CMSIS_DSP\arm_math.h ****     #define ALIGN4 __attribute__((aligned(4)))
 364:C:\Workspaces\DAVE-4.1\Flightcontroller_PWM_CopterRocks_Working\Dave\Generated/CMSIS_DSP\arm_math.h ****   #else
 365:C:\Workspaces\DAVE-4.1\Flightcontroller_PWM_CopterRocks_Working\Dave\Generated/CMSIS_DSP\arm_math.h ****     #define ALIGN4 __align(4)
 366:C:\Workspaces\DAVE-4.1\Flightcontroller_PWM_CopterRocks_Working\Dave\Generated/CMSIS_DSP\arm_math.h ****   #endif
 367:C:\Workspaces\DAVE-4.1\Flightcontroller_PWM_CopterRocks_Working\Dave\Generated/CMSIS_DSP\arm_math.h **** #endif   /* #ifndef UNALIGNED_SUPPORT_DISABLE */
 368:C:\Workspaces\DAVE-4.1\Flightcontroller_PWM_CopterRocks_Working\Dave\Generated/CMSIS_DSP\arm_math.h **** 
 369:C:\Workspaces\DAVE-4.1\Flightcontroller_PWM_CopterRocks_Working\Dave\Generated/CMSIS_DSP\arm_math.h ****   /**
 370:C:\Workspaces\DAVE-4.1\Flightcontroller_PWM_CopterRocks_Working\Dave\Generated/CMSIS_DSP\arm_math.h ****    * @brief Error status returned by some functions in the library.
 371:C:\Workspaces\DAVE-4.1\Flightcontroller_PWM_CopterRocks_Working\Dave\Generated/CMSIS_DSP\arm_math.h ****    */
 372:C:\Workspaces\DAVE-4.1\Flightcontroller_PWM_CopterRocks_Working\Dave\Generated/CMSIS_DSP\arm_math.h **** 
 373:C:\Workspaces\DAVE-4.1\Flightcontroller_PWM_CopterRocks_Working\Dave\Generated/CMSIS_DSP\arm_math.h ****   typedef enum
 374:C:\Workspaces\DAVE-4.1\Flightcontroller_PWM_CopterRocks_Working\Dave\Generated/CMSIS_DSP\arm_math.h ****   {
 375:C:\Workspaces\DAVE-4.1\Flightcontroller_PWM_CopterRocks_Working\Dave\Generated/CMSIS_DSP\arm_math.h ****     ARM_MATH_SUCCESS = 0,                /**< No error */
 376:C:\Workspaces\DAVE-4.1\Flightcontroller_PWM_CopterRocks_Working\Dave\Generated/CMSIS_DSP\arm_math.h ****     ARM_MATH_ARGUMENT_ERROR = -1,        /**< One or more arguments are incorrect */
 377:C:\Workspaces\DAVE-4.1\Flightcontroller_PWM_CopterRocks_Working\Dave\Generated/CMSIS_DSP\arm_math.h ****     ARM_MATH_LENGTH_ERROR = -2,          /**< Length of data buffer is incorrect */
 378:C:\Workspaces\DAVE-4.1\Flightcontroller_PWM_CopterRocks_Working\Dave\Generated/CMSIS_DSP\arm_math.h ****     ARM_MATH_SIZE_MISMATCH = -3,         /**< Size of matrices is not compatible with the operation
 379:C:\Workspaces\DAVE-4.1\Flightcontroller_PWM_CopterRocks_Working\Dave\Generated/CMSIS_DSP\arm_math.h ****     ARM_MATH_NANINF = -4,                /**< Not-a-number (NaN) or infinity is generated */
 380:C:\Workspaces\DAVE-4.1\Flightcontroller_PWM_CopterRocks_Working\Dave\Generated/CMSIS_DSP\arm_math.h ****     ARM_MATH_SINGULAR = -5,              /**< Generated by matrix inversion if the input matrix is 
 381:C:\Workspaces\DAVE-4.1\Flightcontroller_PWM_CopterRocks_Working\Dave\Generated/CMSIS_DSP\arm_math.h ****     ARM_MATH_TEST_FAILURE = -6           /**< Test Failed  */
 382:C:\Workspaces\DAVE-4.1\Flightcontroller_PWM_CopterRocks_Working\Dave\Generated/CMSIS_DSP\arm_math.h ****   } arm_status;
 383:C:\Workspaces\DAVE-4.1\Flightcontroller_PWM_CopterRocks_Working\Dave\Generated/CMSIS_DSP\arm_math.h **** 
 384:C:\Workspaces\DAVE-4.1\Flightcontroller_PWM_CopterRocks_Working\Dave\Generated/CMSIS_DSP\arm_math.h ****   /**
 385:C:\Workspaces\DAVE-4.1\Flightcontroller_PWM_CopterRocks_Working\Dave\Generated/CMSIS_DSP\arm_math.h ****    * @brief 8-bit fractional data type in 1.7 format.
 386:C:\Workspaces\DAVE-4.1\Flightcontroller_PWM_CopterRocks_Working\Dave\Generated/CMSIS_DSP\arm_math.h ****    */
 387:C:\Workspaces\DAVE-4.1\Flightcontroller_PWM_CopterRocks_Working\Dave\Generated/CMSIS_DSP\arm_math.h ****   typedef int8_t q7_t;
 388:C:\Workspaces\DAVE-4.1\Flightcontroller_PWM_CopterRocks_Working\Dave\Generated/CMSIS_DSP\arm_math.h **** 
 389:C:\Workspaces\DAVE-4.1\Flightcontroller_PWM_CopterRocks_Working\Dave\Generated/CMSIS_DSP\arm_math.h ****   /**
 390:C:\Workspaces\DAVE-4.1\Flightcontroller_PWM_CopterRocks_Working\Dave\Generated/CMSIS_DSP\arm_math.h ****    * @brief 16-bit fractional data type in 1.15 format.
 391:C:\Workspaces\DAVE-4.1\Flightcontroller_PWM_CopterRocks_Working\Dave\Generated/CMSIS_DSP\arm_math.h ****    */
 392:C:\Workspaces\DAVE-4.1\Flightcontroller_PWM_CopterRocks_Working\Dave\Generated/CMSIS_DSP\arm_math.h ****   typedef int16_t q15_t;
 393:C:\Workspaces\DAVE-4.1\Flightcontroller_PWM_CopterRocks_Working\Dave\Generated/CMSIS_DSP\arm_math.h **** 
 394:C:\Workspaces\DAVE-4.1\Flightcontroller_PWM_CopterRocks_Working\Dave\Generated/CMSIS_DSP\arm_math.h ****   /**
 395:C:\Workspaces\DAVE-4.1\Flightcontroller_PWM_CopterRocks_Working\Dave\Generated/CMSIS_DSP\arm_math.h ****    * @brief 32-bit fractional data type in 1.31 format.
 396:C:\Workspaces\DAVE-4.1\Flightcontroller_PWM_CopterRocks_Working\Dave\Generated/CMSIS_DSP\arm_math.h ****    */
 397:C:\Workspaces\DAVE-4.1\Flightcontroller_PWM_CopterRocks_Working\Dave\Generated/CMSIS_DSP\arm_math.h ****   typedef int32_t q31_t;
 398:C:\Workspaces\DAVE-4.1\Flightcontroller_PWM_CopterRocks_Working\Dave\Generated/CMSIS_DSP\arm_math.h **** 
 399:C:\Workspaces\DAVE-4.1\Flightcontroller_PWM_CopterRocks_Working\Dave\Generated/CMSIS_DSP\arm_math.h ****   /**
 400:C:\Workspaces\DAVE-4.1\Flightcontroller_PWM_CopterRocks_Working\Dave\Generated/CMSIS_DSP\arm_math.h ****    * @brief 64-bit fractional data type in 1.63 format.
 401:C:\Workspaces\DAVE-4.1\Flightcontroller_PWM_CopterRocks_Working\Dave\Generated/CMSIS_DSP\arm_math.h ****    */
 402:C:\Workspaces\DAVE-4.1\Flightcontroller_PWM_CopterRocks_Working\Dave\Generated/CMSIS_DSP\arm_math.h ****   typedef int64_t q63_t;
 403:C:\Workspaces\DAVE-4.1\Flightcontroller_PWM_CopterRocks_Working\Dave\Generated/CMSIS_DSP\arm_math.h **** 
 404:C:\Workspaces\DAVE-4.1\Flightcontroller_PWM_CopterRocks_Working\Dave\Generated/CMSIS_DSP\arm_math.h ****   /**
 405:C:\Workspaces\DAVE-4.1\Flightcontroller_PWM_CopterRocks_Working\Dave\Generated/CMSIS_DSP\arm_math.h ****    * @brief 32-bit floating-point type definition.
 406:C:\Workspaces\DAVE-4.1\Flightcontroller_PWM_CopterRocks_Working\Dave\Generated/CMSIS_DSP\arm_math.h ****    */
 407:C:\Workspaces\DAVE-4.1\Flightcontroller_PWM_CopterRocks_Working\Dave\Generated/CMSIS_DSP\arm_math.h ****   typedef float float32_t;
 408:C:\Workspaces\DAVE-4.1\Flightcontroller_PWM_CopterRocks_Working\Dave\Generated/CMSIS_DSP\arm_math.h **** 
 409:C:\Workspaces\DAVE-4.1\Flightcontroller_PWM_CopterRocks_Working\Dave\Generated/CMSIS_DSP\arm_math.h ****   /**
 410:C:\Workspaces\DAVE-4.1\Flightcontroller_PWM_CopterRocks_Working\Dave\Generated/CMSIS_DSP\arm_math.h ****    * @brief 64-bit floating-point type definition.
 411:C:\Workspaces\DAVE-4.1\Flightcontroller_PWM_CopterRocks_Working\Dave\Generated/CMSIS_DSP\arm_math.h ****    */
 412:C:\Workspaces\DAVE-4.1\Flightcontroller_PWM_CopterRocks_Working\Dave\Generated/CMSIS_DSP\arm_math.h ****   typedef double float64_t;
 413:C:\Workspaces\DAVE-4.1\Flightcontroller_PWM_CopterRocks_Working\Dave\Generated/CMSIS_DSP\arm_math.h **** 
 414:C:\Workspaces\DAVE-4.1\Flightcontroller_PWM_CopterRocks_Working\Dave\Generated/CMSIS_DSP\arm_math.h ****   /**
 415:C:\Workspaces\DAVE-4.1\Flightcontroller_PWM_CopterRocks_Working\Dave\Generated/CMSIS_DSP\arm_math.h ****    * @brief definition to read/write two 16 bit values.
 416:C:\Workspaces\DAVE-4.1\Flightcontroller_PWM_CopterRocks_Working\Dave\Generated/CMSIS_DSP\arm_math.h ****    */
 417:C:\Workspaces\DAVE-4.1\Flightcontroller_PWM_CopterRocks_Working\Dave\Generated/CMSIS_DSP\arm_math.h **** #if defined __CC_ARM
 418:C:\Workspaces\DAVE-4.1\Flightcontroller_PWM_CopterRocks_Working\Dave\Generated/CMSIS_DSP\arm_math.h ****   #define __SIMD32_TYPE int32_t __packed
 419:C:\Workspaces\DAVE-4.1\Flightcontroller_PWM_CopterRocks_Working\Dave\Generated/CMSIS_DSP\arm_math.h ****   #define CMSIS_UNUSED __attribute__((unused))
 420:C:\Workspaces\DAVE-4.1\Flightcontroller_PWM_CopterRocks_Working\Dave\Generated/CMSIS_DSP\arm_math.h **** 
 421:C:\Workspaces\DAVE-4.1\Flightcontroller_PWM_CopterRocks_Working\Dave\Generated/CMSIS_DSP\arm_math.h **** #elif defined(__ARMCC_VERSION) && (__ARMCC_VERSION >= 6010050)
 422:C:\Workspaces\DAVE-4.1\Flightcontroller_PWM_CopterRocks_Working\Dave\Generated/CMSIS_DSP\arm_math.h ****   #define __SIMD32_TYPE int32_t
 423:C:\Workspaces\DAVE-4.1\Flightcontroller_PWM_CopterRocks_Working\Dave\Generated/CMSIS_DSP\arm_math.h ****   #define CMSIS_UNUSED __attribute__((unused))
 424:C:\Workspaces\DAVE-4.1\Flightcontroller_PWM_CopterRocks_Working\Dave\Generated/CMSIS_DSP\arm_math.h **** 
 425:C:\Workspaces\DAVE-4.1\Flightcontroller_PWM_CopterRocks_Working\Dave\Generated/CMSIS_DSP\arm_math.h **** #elif defined __GNUC__
 426:C:\Workspaces\DAVE-4.1\Flightcontroller_PWM_CopterRocks_Working\Dave\Generated/CMSIS_DSP\arm_math.h ****   #define __SIMD32_TYPE int32_t
 427:C:\Workspaces\DAVE-4.1\Flightcontroller_PWM_CopterRocks_Working\Dave\Generated/CMSIS_DSP\arm_math.h ****   #define CMSIS_UNUSED __attribute__((unused))
 428:C:\Workspaces\DAVE-4.1\Flightcontroller_PWM_CopterRocks_Working\Dave\Generated/CMSIS_DSP\arm_math.h **** 
 429:C:\Workspaces\DAVE-4.1\Flightcontroller_PWM_CopterRocks_Working\Dave\Generated/CMSIS_DSP\arm_math.h **** #elif defined __ICCARM__
 430:C:\Workspaces\DAVE-4.1\Flightcontroller_PWM_CopterRocks_Working\Dave\Generated/CMSIS_DSP\arm_math.h ****   #define __SIMD32_TYPE int32_t __packed
 431:C:\Workspaces\DAVE-4.1\Flightcontroller_PWM_CopterRocks_Working\Dave\Generated/CMSIS_DSP\arm_math.h ****   #define CMSIS_UNUSED
 432:C:\Workspaces\DAVE-4.1\Flightcontroller_PWM_CopterRocks_Working\Dave\Generated/CMSIS_DSP\arm_math.h **** 
 433:C:\Workspaces\DAVE-4.1\Flightcontroller_PWM_CopterRocks_Working\Dave\Generated/CMSIS_DSP\arm_math.h **** #elif defined __CSMC__
 434:C:\Workspaces\DAVE-4.1\Flightcontroller_PWM_CopterRocks_Working\Dave\Generated/CMSIS_DSP\arm_math.h ****   #define __SIMD32_TYPE int32_t
 435:C:\Workspaces\DAVE-4.1\Flightcontroller_PWM_CopterRocks_Working\Dave\Generated/CMSIS_DSP\arm_math.h ****   #define CMSIS_UNUSED
 436:C:\Workspaces\DAVE-4.1\Flightcontroller_PWM_CopterRocks_Working\Dave\Generated/CMSIS_DSP\arm_math.h **** 
 437:C:\Workspaces\DAVE-4.1\Flightcontroller_PWM_CopterRocks_Working\Dave\Generated/CMSIS_DSP\arm_math.h **** #elif defined __TASKING__
 438:C:\Workspaces\DAVE-4.1\Flightcontroller_PWM_CopterRocks_Working\Dave\Generated/CMSIS_DSP\arm_math.h ****   #define __SIMD32_TYPE __unaligned int32_t
 439:C:\Workspaces\DAVE-4.1\Flightcontroller_PWM_CopterRocks_Working\Dave\Generated/CMSIS_DSP\arm_math.h ****   #define CMSIS_UNUSED
 440:C:\Workspaces\DAVE-4.1\Flightcontroller_PWM_CopterRocks_Working\Dave\Generated/CMSIS_DSP\arm_math.h **** 
 441:C:\Workspaces\DAVE-4.1\Flightcontroller_PWM_CopterRocks_Working\Dave\Generated/CMSIS_DSP\arm_math.h **** #else
 442:C:\Workspaces\DAVE-4.1\Flightcontroller_PWM_CopterRocks_Working\Dave\Generated/CMSIS_DSP\arm_math.h ****   #error Unknown compiler
 443:C:\Workspaces\DAVE-4.1\Flightcontroller_PWM_CopterRocks_Working\Dave\Generated/CMSIS_DSP\arm_math.h **** #endif
 444:C:\Workspaces\DAVE-4.1\Flightcontroller_PWM_CopterRocks_Working\Dave\Generated/CMSIS_DSP\arm_math.h **** 
 445:C:\Workspaces\DAVE-4.1\Flightcontroller_PWM_CopterRocks_Working\Dave\Generated/CMSIS_DSP\arm_math.h **** #define __SIMD32(addr)        (*(__SIMD32_TYPE **) & (addr))
 446:C:\Workspaces\DAVE-4.1\Flightcontroller_PWM_CopterRocks_Working\Dave\Generated/CMSIS_DSP\arm_math.h **** #define __SIMD32_CONST(addr)  ((__SIMD32_TYPE *)(addr))
 447:C:\Workspaces\DAVE-4.1\Flightcontroller_PWM_CopterRocks_Working\Dave\Generated/CMSIS_DSP\arm_math.h **** #define _SIMD32_OFFSET(addr)  (*(__SIMD32_TYPE *)  (addr))
 448:C:\Workspaces\DAVE-4.1\Flightcontroller_PWM_CopterRocks_Working\Dave\Generated/CMSIS_DSP\arm_math.h **** #define __SIMD64(addr)        (*(int64_t **) & (addr))
 449:C:\Workspaces\DAVE-4.1\Flightcontroller_PWM_CopterRocks_Working\Dave\Generated/CMSIS_DSP\arm_math.h **** 
 450:C:\Workspaces\DAVE-4.1\Flightcontroller_PWM_CopterRocks_Working\Dave\Generated/CMSIS_DSP\arm_math.h **** #if defined (ARM_MATH_CM3) || defined (ARM_MATH_CM0_FAMILY)
 451:C:\Workspaces\DAVE-4.1\Flightcontroller_PWM_CopterRocks_Working\Dave\Generated/CMSIS_DSP\arm_math.h ****   /**
 452:C:\Workspaces\DAVE-4.1\Flightcontroller_PWM_CopterRocks_Working\Dave\Generated/CMSIS_DSP\arm_math.h ****    * @brief definition to pack two 16 bit values.
 453:C:\Workspaces\DAVE-4.1\Flightcontroller_PWM_CopterRocks_Working\Dave\Generated/CMSIS_DSP\arm_math.h ****    */
 454:C:\Workspaces\DAVE-4.1\Flightcontroller_PWM_CopterRocks_Working\Dave\Generated/CMSIS_DSP\arm_math.h **** #define __PKHBT(ARG1, ARG2, ARG3)      ( (((int32_t)(ARG1) <<  0) & (int32_t)0x0000FFFF) | \
 455:C:\Workspaces\DAVE-4.1\Flightcontroller_PWM_CopterRocks_Working\Dave\Generated/CMSIS_DSP\arm_math.h ****                                          (((int32_t)(ARG2) << ARG3) & (int32_t)0xFFFF0000)  )
 456:C:\Workspaces\DAVE-4.1\Flightcontroller_PWM_CopterRocks_Working\Dave\Generated/CMSIS_DSP\arm_math.h **** #define __PKHTB(ARG1, ARG2, ARG3)      ( (((int32_t)(ARG1) <<  0) & (int32_t)0xFFFF0000) | \
 457:C:\Workspaces\DAVE-4.1\Flightcontroller_PWM_CopterRocks_Working\Dave\Generated/CMSIS_DSP\arm_math.h ****                                          (((int32_t)(ARG2) >> ARG3) & (int32_t)0x0000FFFF)  )
 458:C:\Workspaces\DAVE-4.1\Flightcontroller_PWM_CopterRocks_Working\Dave\Generated/CMSIS_DSP\arm_math.h **** 
 459:C:\Workspaces\DAVE-4.1\Flightcontroller_PWM_CopterRocks_Working\Dave\Generated/CMSIS_DSP\arm_math.h **** #endif
 460:C:\Workspaces\DAVE-4.1\Flightcontroller_PWM_CopterRocks_Working\Dave\Generated/CMSIS_DSP\arm_math.h **** 
 461:C:\Workspaces\DAVE-4.1\Flightcontroller_PWM_CopterRocks_Working\Dave\Generated/CMSIS_DSP\arm_math.h **** 
 462:C:\Workspaces\DAVE-4.1\Flightcontroller_PWM_CopterRocks_Working\Dave\Generated/CMSIS_DSP\arm_math.h ****    /**
 463:C:\Workspaces\DAVE-4.1\Flightcontroller_PWM_CopterRocks_Working\Dave\Generated/CMSIS_DSP\arm_math.h ****    * @brief definition to pack four 8 bit values.
 464:C:\Workspaces\DAVE-4.1\Flightcontroller_PWM_CopterRocks_Working\Dave\Generated/CMSIS_DSP\arm_math.h ****    */
 465:C:\Workspaces\DAVE-4.1\Flightcontroller_PWM_CopterRocks_Working\Dave\Generated/CMSIS_DSP\arm_math.h **** #ifndef ARM_MATH_BIG_ENDIAN
 466:C:\Workspaces\DAVE-4.1\Flightcontroller_PWM_CopterRocks_Working\Dave\Generated/CMSIS_DSP\arm_math.h **** 
 467:C:\Workspaces\DAVE-4.1\Flightcontroller_PWM_CopterRocks_Working\Dave\Generated/CMSIS_DSP\arm_math.h **** #define __PACKq7(v0,v1,v2,v3) ( (((int32_t)(v0) <<  0) & (int32_t)0x000000FF) | \
 468:C:\Workspaces\DAVE-4.1\Flightcontroller_PWM_CopterRocks_Working\Dave\Generated/CMSIS_DSP\arm_math.h ****                                 (((int32_t)(v1) <<  8) & (int32_t)0x0000FF00) | \
 469:C:\Workspaces\DAVE-4.1\Flightcontroller_PWM_CopterRocks_Working\Dave\Generated/CMSIS_DSP\arm_math.h ****                                 (((int32_t)(v2) << 16) & (int32_t)0x00FF0000) | \
 470:C:\Workspaces\DAVE-4.1\Flightcontroller_PWM_CopterRocks_Working\Dave\Generated/CMSIS_DSP\arm_math.h ****                                 (((int32_t)(v3) << 24) & (int32_t)0xFF000000)  )
 471:C:\Workspaces\DAVE-4.1\Flightcontroller_PWM_CopterRocks_Working\Dave\Generated/CMSIS_DSP\arm_math.h **** #else
 472:C:\Workspaces\DAVE-4.1\Flightcontroller_PWM_CopterRocks_Working\Dave\Generated/CMSIS_DSP\arm_math.h **** 
 473:C:\Workspaces\DAVE-4.1\Flightcontroller_PWM_CopterRocks_Working\Dave\Generated/CMSIS_DSP\arm_math.h **** #define __PACKq7(v0,v1,v2,v3) ( (((int32_t)(v3) <<  0) & (int32_t)0x000000FF) | \
 474:C:\Workspaces\DAVE-4.1\Flightcontroller_PWM_CopterRocks_Working\Dave\Generated/CMSIS_DSP\arm_math.h ****                                 (((int32_t)(v2) <<  8) & (int32_t)0x0000FF00) | \
 475:C:\Workspaces\DAVE-4.1\Flightcontroller_PWM_CopterRocks_Working\Dave\Generated/CMSIS_DSP\arm_math.h ****                                 (((int32_t)(v1) << 16) & (int32_t)0x00FF0000) | \
 476:C:\Workspaces\DAVE-4.1\Flightcontroller_PWM_CopterRocks_Working\Dave\Generated/CMSIS_DSP\arm_math.h ****                                 (((int32_t)(v0) << 24) & (int32_t)0xFF000000)  )
 477:C:\Workspaces\DAVE-4.1\Flightcontroller_PWM_CopterRocks_Working\Dave\Generated/CMSIS_DSP\arm_math.h **** 
 478:C:\Workspaces\DAVE-4.1\Flightcontroller_PWM_CopterRocks_Working\Dave\Generated/CMSIS_DSP\arm_math.h **** #endif
 479:C:\Workspaces\DAVE-4.1\Flightcontroller_PWM_CopterRocks_Working\Dave\Generated/CMSIS_DSP\arm_math.h **** 
 480:C:\Workspaces\DAVE-4.1\Flightcontroller_PWM_CopterRocks_Working\Dave\Generated/CMSIS_DSP\arm_math.h **** 
 481:C:\Workspaces\DAVE-4.1\Flightcontroller_PWM_CopterRocks_Working\Dave\Generated/CMSIS_DSP\arm_math.h ****   /**
 482:C:\Workspaces\DAVE-4.1\Flightcontroller_PWM_CopterRocks_Working\Dave\Generated/CMSIS_DSP\arm_math.h ****    * @brief Clips Q63 to Q31 values.
 483:C:\Workspaces\DAVE-4.1\Flightcontroller_PWM_CopterRocks_Working\Dave\Generated/CMSIS_DSP\arm_math.h ****    */
 484:C:\Workspaces\DAVE-4.1\Flightcontroller_PWM_CopterRocks_Working\Dave\Generated/CMSIS_DSP\arm_math.h ****   static __INLINE q31_t clip_q63_to_q31(
 485:C:\Workspaces\DAVE-4.1\Flightcontroller_PWM_CopterRocks_Working\Dave\Generated/CMSIS_DSP\arm_math.h ****   q63_t x)
 486:C:\Workspaces\DAVE-4.1\Flightcontroller_PWM_CopterRocks_Working\Dave\Generated/CMSIS_DSP\arm_math.h ****   {
  27              	 .loc 1 486 0
  28              	 .cfi_startproc
  29              	 
  30              	 
  31              	 
  32 0000 2DE9B003 	 push {r4,r5,r7,r8,r9}
  33              	.LCFI0:
  34              	 .cfi_def_cfa_offset 20
  35              	 .cfi_offset 4,-20
  36              	 .cfi_offset 5,-16
  37              	 .cfi_offset 7,-12
  38              	 .cfi_offset 8,-8
  39              	 .cfi_offset 9,-4
  40 0004 83B0     	 sub sp,sp,#12
  41              	.LCFI1:
  42              	 .cfi_def_cfa_offset 32
  43 0006 00AF     	 add r7,sp,#0
  44              	.LCFI2:
  45              	 .cfi_def_cfa_register 7
  46 0008 C7E90001 	 strd r0,[r7]
 487:C:\Workspaces\DAVE-4.1\Flightcontroller_PWM_CopterRocks_Working\Dave\Generated/CMSIS_DSP\arm_math.h ****     return ((q31_t) (x >> 32) != ((q31_t) x >> 31)) ?
  47              	 .loc 1 487 0
  48 000c D7E90023 	 ldrd r2,[r7]
  49 0010 9846     	 mov r8,r3
  50 0012 4FEAE379 	 asr r9,r3,#31
  51 0016 4246     	 mov r2,r8
  52 0018 3B68     	 ldr r3,[r7]
  53 001a DB17     	 asrs r3,r3,#31
 488:C:\Workspaces\DAVE-4.1\Flightcontroller_PWM_CopterRocks_Working\Dave\Generated/CMSIS_DSP\arm_math.h ****       ((0x7FFFFFFF ^ ((q31_t) (x >> 63)))) : (q31_t) x;
  54              	 .loc 1 488 0
  55 001c 9A42     	 cmp r2,r3
  56 001e 08D0     	 beq .L2
  57              	 .loc 1 488 0 is_stmt 0 discriminator 1
  58 0020 D7E90023 	 ldrd r2,[r7]
  59 0024 DC17     	 asrs r4,r3,#31
  60 0026 DD17     	 asrs r5,r3,#31
  61 0028 2346     	 mov r3,r4
  62 002a 83F00043 	 eor r3,r3,#-2147483648
  63 002e DB43     	 mvns r3,r3
  64 0030 00E0     	 b .L3
  65              	.L2:
  66              	 .loc 1 488 0 discriminator 2
  67 0032 3B68     	 ldr r3,[r7]
  68              	.L3:
 489:C:\Workspaces\DAVE-4.1\Flightcontroller_PWM_CopterRocks_Working\Dave\Generated/CMSIS_DSP\arm_math.h ****   }
  69              	 .loc 1 489 0 is_stmt 1
  70 0034 1846     	 mov r0,r3
  71 0036 0C37     	 adds r7,r7,#12
  72              	.LCFI3:
  73              	 .cfi_def_cfa_offset 20
  74 0038 BD46     	 mov sp,r7
  75              	.LCFI4:
  76              	 .cfi_def_cfa_register 13
  77              	 
  78 003a BDE8B003 	 pop {r4,r5,r7,r8,r9}
  79              	.LCFI5:
  80              	 .cfi_restore 9
  81              	 .cfi_restore 8
  82              	 .cfi_restore 7
  83              	 .cfi_restore 5
  84              	 .cfi_restore 4
  85              	 .cfi_def_cfa_offset 0
  86 003e 7047     	 bx lr
  87              	 .cfi_endproc
  88              	.LFE106:
  90              	 .global __aeabi_ldivmod
  91              	 .section .text.arm_rms_q31,"ax",%progbits
  92              	 .align 2
  93              	 .global arm_rms_q31
  94              	 .thumb
  95              	 .thumb_func
  97              	arm_rms_q31:
  98              	.LFB139:
  99              	 .file 2 "../Dave/Generated/CMSIS_DSP/StatisticsFunctions/arm_rms_q31.c"
   1:../Dave/Generated/CMSIS_DSP/StatisticsFunctions/arm_rms_q31.c **** /* ----------------------------------------------------------------------    
   2:../Dave/Generated/CMSIS_DSP/StatisticsFunctions/arm_rms_q31.c **** * Copyright (C) 2010-2014 ARM Limited. All rights reserved.    
   3:../Dave/Generated/CMSIS_DSP/StatisticsFunctions/arm_rms_q31.c **** *    
   4:../Dave/Generated/CMSIS_DSP/StatisticsFunctions/arm_rms_q31.c **** * $Date:        12. March 2014
   5:../Dave/Generated/CMSIS_DSP/StatisticsFunctions/arm_rms_q31.c **** * $Revision: 	V1.4.4  
   6:../Dave/Generated/CMSIS_DSP/StatisticsFunctions/arm_rms_q31.c **** *    
   7:../Dave/Generated/CMSIS_DSP/StatisticsFunctions/arm_rms_q31.c **** * Project: 	    CMSIS DSP Library    
   8:../Dave/Generated/CMSIS_DSP/StatisticsFunctions/arm_rms_q31.c **** * Title:		arm_rms_q31.c    
   9:../Dave/Generated/CMSIS_DSP/StatisticsFunctions/arm_rms_q31.c **** *    
  10:../Dave/Generated/CMSIS_DSP/StatisticsFunctions/arm_rms_q31.c **** * Description:	Root Mean Square of the elements of a Q31 vector.    
  11:../Dave/Generated/CMSIS_DSP/StatisticsFunctions/arm_rms_q31.c **** *    
  12:../Dave/Generated/CMSIS_DSP/StatisticsFunctions/arm_rms_q31.c **** * Target Processor: Cortex-M4/Cortex-M3/Cortex-M0
  13:../Dave/Generated/CMSIS_DSP/StatisticsFunctions/arm_rms_q31.c **** *  
  14:../Dave/Generated/CMSIS_DSP/StatisticsFunctions/arm_rms_q31.c **** * Redistribution and use in source and binary forms, with or without 
  15:../Dave/Generated/CMSIS_DSP/StatisticsFunctions/arm_rms_q31.c **** * modification, are permitted provided that the following conditions
  16:../Dave/Generated/CMSIS_DSP/StatisticsFunctions/arm_rms_q31.c **** * are met:
  17:../Dave/Generated/CMSIS_DSP/StatisticsFunctions/arm_rms_q31.c **** *   - Redistributions of source code must retain the above copyright
  18:../Dave/Generated/CMSIS_DSP/StatisticsFunctions/arm_rms_q31.c **** *     notice, this list of conditions and the following disclaimer.
  19:../Dave/Generated/CMSIS_DSP/StatisticsFunctions/arm_rms_q31.c **** *   - Redistributions in binary form must reproduce the above copyright
  20:../Dave/Generated/CMSIS_DSP/StatisticsFunctions/arm_rms_q31.c **** *     notice, this list of conditions and the following disclaimer in
  21:../Dave/Generated/CMSIS_DSP/StatisticsFunctions/arm_rms_q31.c **** *     the documentation and/or other materials provided with the 
  22:../Dave/Generated/CMSIS_DSP/StatisticsFunctions/arm_rms_q31.c **** *     distribution.
  23:../Dave/Generated/CMSIS_DSP/StatisticsFunctions/arm_rms_q31.c **** *   - Neither the name of ARM LIMITED nor the names of its contributors
  24:../Dave/Generated/CMSIS_DSP/StatisticsFunctions/arm_rms_q31.c **** *     may be used to endorse or promote products derived from this
  25:../Dave/Generated/CMSIS_DSP/StatisticsFunctions/arm_rms_q31.c **** *     software without specific prior written permission.
  26:../Dave/Generated/CMSIS_DSP/StatisticsFunctions/arm_rms_q31.c **** *
  27:../Dave/Generated/CMSIS_DSP/StatisticsFunctions/arm_rms_q31.c **** * THIS SOFTWARE IS PROVIDED BY THE COPYRIGHT HOLDERS AND CONTRIBUTORS
  28:../Dave/Generated/CMSIS_DSP/StatisticsFunctions/arm_rms_q31.c **** * "AS IS" AND ANY EXPRESS OR IMPLIED WARRANTIES, INCLUDING, BUT NOT
  29:../Dave/Generated/CMSIS_DSP/StatisticsFunctions/arm_rms_q31.c **** * LIMITED TO, THE IMPLIED WARRANTIES OF MERCHANTABILITY AND FITNESS
  30:../Dave/Generated/CMSIS_DSP/StatisticsFunctions/arm_rms_q31.c **** * FOR A PARTICULAR PURPOSE ARE DISCLAIMED. IN NO EVENT SHALL THE 
  31:../Dave/Generated/CMSIS_DSP/StatisticsFunctions/arm_rms_q31.c **** * COPYRIGHT OWNER OR CONTRIBUTORS BE LIABLE FOR ANY DIRECT, INDIRECT,
  32:../Dave/Generated/CMSIS_DSP/StatisticsFunctions/arm_rms_q31.c **** * INCIDENTAL, SPECIAL, EXEMPLARY, OR CONSEQUENTIAL DAMAGES (INCLUDING,
  33:../Dave/Generated/CMSIS_DSP/StatisticsFunctions/arm_rms_q31.c **** * BUT NOT LIMITED TO, PROCUREMENT OF SUBSTITUTE GOODS OR SERVICES;
  34:../Dave/Generated/CMSIS_DSP/StatisticsFunctions/arm_rms_q31.c **** * LOSS OF USE, DATA, OR PROFITS; OR BUSINESS INTERRUPTION) HOWEVER
  35:../Dave/Generated/CMSIS_DSP/StatisticsFunctions/arm_rms_q31.c **** * CAUSED AND ON ANY THEORY OF LIABILITY, WHETHER IN CONTRACT, STRICT
  36:../Dave/Generated/CMSIS_DSP/StatisticsFunctions/arm_rms_q31.c **** * LIABILITY, OR TORT (INCLUDING NEGLIGENCE OR OTHERWISE) ARISING IN
  37:../Dave/Generated/CMSIS_DSP/StatisticsFunctions/arm_rms_q31.c **** * ANY WAY OUT OF THE USE OF THIS SOFTWARE, EVEN IF ADVISED OF THE
  38:../Dave/Generated/CMSIS_DSP/StatisticsFunctions/arm_rms_q31.c **** * POSSIBILITY OF SUCH DAMAGE.    
  39:../Dave/Generated/CMSIS_DSP/StatisticsFunctions/arm_rms_q31.c **** * ---------------------------------------------------------------------------- */
  40:../Dave/Generated/CMSIS_DSP/StatisticsFunctions/arm_rms_q31.c **** 
  41:../Dave/Generated/CMSIS_DSP/StatisticsFunctions/arm_rms_q31.c **** #include "CMSIS_DSP/cmsis_dsp.h"
  42:../Dave/Generated/CMSIS_DSP/StatisticsFunctions/arm_rms_q31.c **** 
  43:../Dave/Generated/CMSIS_DSP/StatisticsFunctions/arm_rms_q31.c **** /**        
  44:../Dave/Generated/CMSIS_DSP/StatisticsFunctions/arm_rms_q31.c ****  * @addtogroup RMS        
  45:../Dave/Generated/CMSIS_DSP/StatisticsFunctions/arm_rms_q31.c ****  * @{        
  46:../Dave/Generated/CMSIS_DSP/StatisticsFunctions/arm_rms_q31.c ****  */
  47:../Dave/Generated/CMSIS_DSP/StatisticsFunctions/arm_rms_q31.c **** 
  48:../Dave/Generated/CMSIS_DSP/StatisticsFunctions/arm_rms_q31.c **** 
  49:../Dave/Generated/CMSIS_DSP/StatisticsFunctions/arm_rms_q31.c **** /**        
  50:../Dave/Generated/CMSIS_DSP/StatisticsFunctions/arm_rms_q31.c ****  * @brief Root Mean Square of the elements of a Q31 vector.        
  51:../Dave/Generated/CMSIS_DSP/StatisticsFunctions/arm_rms_q31.c ****  * @param[in]       *pSrc points to the input vector        
  52:../Dave/Generated/CMSIS_DSP/StatisticsFunctions/arm_rms_q31.c ****  * @param[in]       blockSize length of the input vector        
  53:../Dave/Generated/CMSIS_DSP/StatisticsFunctions/arm_rms_q31.c ****  * @param[out]      *pResult rms value returned here        
  54:../Dave/Generated/CMSIS_DSP/StatisticsFunctions/arm_rms_q31.c ****  * @return none.        
  55:../Dave/Generated/CMSIS_DSP/StatisticsFunctions/arm_rms_q31.c ****  *        
  56:../Dave/Generated/CMSIS_DSP/StatisticsFunctions/arm_rms_q31.c ****  * @details        
  57:../Dave/Generated/CMSIS_DSP/StatisticsFunctions/arm_rms_q31.c ****  * <b>Scaling and Overflow Behavior:</b>        
  58:../Dave/Generated/CMSIS_DSP/StatisticsFunctions/arm_rms_q31.c ****  *        
  59:../Dave/Generated/CMSIS_DSP/StatisticsFunctions/arm_rms_q31.c ****  *\par        
  60:../Dave/Generated/CMSIS_DSP/StatisticsFunctions/arm_rms_q31.c ****  * The function is implemented using an internal 64-bit accumulator.        
  61:../Dave/Generated/CMSIS_DSP/StatisticsFunctions/arm_rms_q31.c ****  * The input is represented in 1.31 format, and intermediate multiplication        
  62:../Dave/Generated/CMSIS_DSP/StatisticsFunctions/arm_rms_q31.c ****  * yields a 2.62 format.        
  63:../Dave/Generated/CMSIS_DSP/StatisticsFunctions/arm_rms_q31.c ****  * The accumulator maintains full precision of the intermediate multiplication results,         
  64:../Dave/Generated/CMSIS_DSP/StatisticsFunctions/arm_rms_q31.c ****  * but provides only a single guard bit.        
  65:../Dave/Generated/CMSIS_DSP/StatisticsFunctions/arm_rms_q31.c ****  * There is no saturation on intermediate additions.        
  66:../Dave/Generated/CMSIS_DSP/StatisticsFunctions/arm_rms_q31.c ****  * If the accumulator overflows, it wraps around and distorts the result.         
  67:../Dave/Generated/CMSIS_DSP/StatisticsFunctions/arm_rms_q31.c ****  * In order to avoid overflows completely, the input signal must be scaled down by         
  68:../Dave/Generated/CMSIS_DSP/StatisticsFunctions/arm_rms_q31.c ****  * log2(blockSize) bits, as a total of blockSize additions are performed internally.         
  69:../Dave/Generated/CMSIS_DSP/StatisticsFunctions/arm_rms_q31.c ****  * Finally, the 2.62 accumulator is right shifted by 31 bits to yield a 1.31 format value.        
  70:../Dave/Generated/CMSIS_DSP/StatisticsFunctions/arm_rms_q31.c ****  *        
  71:../Dave/Generated/CMSIS_DSP/StatisticsFunctions/arm_rms_q31.c ****  */
  72:../Dave/Generated/CMSIS_DSP/StatisticsFunctions/arm_rms_q31.c **** 
  73:../Dave/Generated/CMSIS_DSP/StatisticsFunctions/arm_rms_q31.c **** void arm_rms_q31(
  74:../Dave/Generated/CMSIS_DSP/StatisticsFunctions/arm_rms_q31.c ****   q31_t * pSrc,
  75:../Dave/Generated/CMSIS_DSP/StatisticsFunctions/arm_rms_q31.c ****   uint32_t blockSize,
  76:../Dave/Generated/CMSIS_DSP/StatisticsFunctions/arm_rms_q31.c ****   q31_t * pResult)
  77:../Dave/Generated/CMSIS_DSP/StatisticsFunctions/arm_rms_q31.c **** {
 100              	 .loc 2 77 0
 101              	 .cfi_startproc
 102              	 
 103              	 
 104 0000 F0B5     	 push {r4,r5,r6,r7,lr}
 105              	.LCFI6:
 106              	 .cfi_def_cfa_offset 20
 107              	 .cfi_offset 4,-20
 108              	 .cfi_offset 5,-16
 109              	 .cfi_offset 6,-12
 110              	 .cfi_offset 7,-8
 111              	 .cfi_offset 14,-4
 112 0002 8DB0     	 sub sp,sp,#52
 113              	.LCFI7:
 114              	 .cfi_def_cfa_offset 72
 115 0004 00AF     	 add r7,sp,#0
 116              	.LCFI8:
 117              	 .cfi_def_cfa_register 7
 118 0006 F860     	 str r0,[r7,#12]
 119 0008 B960     	 str r1,[r7,#8]
 120 000a 7A60     	 str r2,[r7,#4]
  78:../Dave/Generated/CMSIS_DSP/StatisticsFunctions/arm_rms_q31.c ****   q63_t sum = 0;                                 /* accumulator */
 121              	 .loc 2 78 0
 122 000c 4FF00002 	 mov r2,#0
 123 0010 4FF00003 	 mov r3,#0
 124 0014 C7E90A23 	 strd r2,[r7,#40]
  79:../Dave/Generated/CMSIS_DSP/StatisticsFunctions/arm_rms_q31.c ****   q31_t in;                                      /* Temporary variable to store the input */
  80:../Dave/Generated/CMSIS_DSP/StatisticsFunctions/arm_rms_q31.c ****   uint32_t blkCnt;                               /* loop counter */
  81:../Dave/Generated/CMSIS_DSP/StatisticsFunctions/arm_rms_q31.c **** 
  82:../Dave/Generated/CMSIS_DSP/StatisticsFunctions/arm_rms_q31.c **** #ifndef ARM_MATH_CM0_FAMILY
  83:../Dave/Generated/CMSIS_DSP/StatisticsFunctions/arm_rms_q31.c **** 
  84:../Dave/Generated/CMSIS_DSP/StatisticsFunctions/arm_rms_q31.c ****   /* Run the below code for Cortex-M4 and Cortex-M3 */
  85:../Dave/Generated/CMSIS_DSP/StatisticsFunctions/arm_rms_q31.c **** 
  86:../Dave/Generated/CMSIS_DSP/StatisticsFunctions/arm_rms_q31.c ****   q31_t in1, in2, in3, in4;                      /* Temporary input variables */
  87:../Dave/Generated/CMSIS_DSP/StatisticsFunctions/arm_rms_q31.c **** 
  88:../Dave/Generated/CMSIS_DSP/StatisticsFunctions/arm_rms_q31.c ****   /*loop Unrolling */
  89:../Dave/Generated/CMSIS_DSP/StatisticsFunctions/arm_rms_q31.c ****   blkCnt = blockSize >> 2u;
 125              	 .loc 2 89 0
 126 0018 BB68     	 ldr r3,[r7,#8]
 127 001a 9B08     	 lsrs r3,r3,#2
 128 001c 7B62     	 str r3,[r7,#36]
  90:../Dave/Generated/CMSIS_DSP/StatisticsFunctions/arm_rms_q31.c **** 
  91:../Dave/Generated/CMSIS_DSP/StatisticsFunctions/arm_rms_q31.c ****   /* First part of the processing with loop unrolling.  Compute 8 outputs at a time.        
  92:../Dave/Generated/CMSIS_DSP/StatisticsFunctions/arm_rms_q31.c ****    ** a second loop below computes the remaining 1 to 7 samples. */
  93:../Dave/Generated/CMSIS_DSP/StatisticsFunctions/arm_rms_q31.c ****   while(blkCnt > 0u)
 129              	 .loc 2 93 0
 130 001e 71E0     	 b .L6
 131              	.L7:
  94:../Dave/Generated/CMSIS_DSP/StatisticsFunctions/arm_rms_q31.c ****   {
  95:../Dave/Generated/CMSIS_DSP/StatisticsFunctions/arm_rms_q31.c ****     /* C = A[0] * A[0] + A[1] * A[1] + A[2] * A[2] + ... + A[blockSize-1] * A[blockSize-1] */
  96:../Dave/Generated/CMSIS_DSP/StatisticsFunctions/arm_rms_q31.c ****     /* Compute sum of the squares and then store the result in a temporary variable, sum */
  97:../Dave/Generated/CMSIS_DSP/StatisticsFunctions/arm_rms_q31.c ****     /* read two samples from source buffer */
  98:../Dave/Generated/CMSIS_DSP/StatisticsFunctions/arm_rms_q31.c ****     in1 = pSrc[0];
 132              	 .loc 2 98 0
 133 0020 FB68     	 ldr r3,[r7,#12]
 134 0022 1B68     	 ldr r3,[r3]
 135 0024 3B62     	 str r3,[r7,#32]
  99:../Dave/Generated/CMSIS_DSP/StatisticsFunctions/arm_rms_q31.c ****     in2 = pSrc[1];
 136              	 .loc 2 99 0
 137 0026 FB68     	 ldr r3,[r7,#12]
 138 0028 5B68     	 ldr r3,[r3,#4]
 139 002a FB61     	 str r3,[r7,#28]
 100:../Dave/Generated/CMSIS_DSP/StatisticsFunctions/arm_rms_q31.c **** 
 101:../Dave/Generated/CMSIS_DSP/StatisticsFunctions/arm_rms_q31.c ****     /* calculate power and accumulate to accumulator */
 102:../Dave/Generated/CMSIS_DSP/StatisticsFunctions/arm_rms_q31.c ****     sum += (q63_t) in1 *in1;
 140              	 .loc 2 102 0
 141 002c 3B6A     	 ldr r3,[r7,#32]
 142 002e 1846     	 mov r0,r3
 143 0030 4FEAE071 	 asr r1,r0,#31
 144 0034 3B6A     	 ldr r3,[r7,#32]
 145 0036 1A46     	 mov r2,r3
 146 0038 4FEAE273 	 asr r3,r2,#31
 147 003c 02FB01FE 	 mul lr,r2,r1
 148 0040 00FB03F6 	 mul r6,r0,r3
 149 0044 7644     	 add r6,r6,lr
 150 0046 A0FB0223 	 umull r2,r3,r0,r2
 151 004a F118     	 adds r1,r6,r3
 152 004c 0B46     	 mov r3,r1
 153 004e D7E90A01 	 ldrd r0,[r7,#40]
 154 0052 1218     	 adds r2,r2,r0
 155 0054 43EB0103 	 adc r3,r3,r1
 156 0058 C7E90A23 	 strd r2,[r7,#40]
 103:../Dave/Generated/CMSIS_DSP/StatisticsFunctions/arm_rms_q31.c ****     sum += (q63_t) in2 *in2;
 157              	 .loc 2 103 0
 158 005c FB69     	 ldr r3,[r7,#28]
 159 005e 1846     	 mov r0,r3
 160 0060 4FEAE071 	 asr r1,r0,#31
 161 0064 FB69     	 ldr r3,[r7,#28]
 162 0066 1A46     	 mov r2,r3
 163 0068 4FEAE273 	 asr r3,r2,#31
 164 006c 02FB01FE 	 mul lr,r2,r1
 165 0070 00FB03F6 	 mul r6,r0,r3
 166 0074 7644     	 add r6,r6,lr
 167 0076 A0FB0223 	 umull r2,r3,r0,r2
 168 007a F118     	 adds r1,r6,r3
 169 007c 0B46     	 mov r3,r1
 170 007e D7E90A01 	 ldrd r0,[r7,#40]
 171 0082 1218     	 adds r2,r2,r0
 172 0084 43EB0103 	 adc r3,r3,r1
 173 0088 C7E90A23 	 strd r2,[r7,#40]
 104:../Dave/Generated/CMSIS_DSP/StatisticsFunctions/arm_rms_q31.c **** 
 105:../Dave/Generated/CMSIS_DSP/StatisticsFunctions/arm_rms_q31.c ****     /* read two samples from source buffer */
 106:../Dave/Generated/CMSIS_DSP/StatisticsFunctions/arm_rms_q31.c ****     in3 = pSrc[2];
 174              	 .loc 2 106 0
 175 008c FB68     	 ldr r3,[r7,#12]
 176 008e 9B68     	 ldr r3,[r3,#8]
 177 0090 BB61     	 str r3,[r7,#24]
 107:../Dave/Generated/CMSIS_DSP/StatisticsFunctions/arm_rms_q31.c ****     in4 = pSrc[3];
 178              	 .loc 2 107 0
 179 0092 FB68     	 ldr r3,[r7,#12]
 180 0094 DB68     	 ldr r3,[r3,#12]
 181 0096 7B61     	 str r3,[r7,#20]
 108:../Dave/Generated/CMSIS_DSP/StatisticsFunctions/arm_rms_q31.c **** 
 109:../Dave/Generated/CMSIS_DSP/StatisticsFunctions/arm_rms_q31.c ****     /* calculate power and accumulate to accumulator */
 110:../Dave/Generated/CMSIS_DSP/StatisticsFunctions/arm_rms_q31.c ****     sum += (q63_t) in3 *in3;
 182              	 .loc 2 110 0
 183 0098 BB69     	 ldr r3,[r7,#24]
 184 009a 1846     	 mov r0,r3
 185 009c 4FEAE071 	 asr r1,r0,#31
 186 00a0 BB69     	 ldr r3,[r7,#24]
 187 00a2 1A46     	 mov r2,r3
 188 00a4 4FEAE273 	 asr r3,r2,#31
 189 00a8 02FB01FE 	 mul lr,r2,r1
 190 00ac 00FB03F6 	 mul r6,r0,r3
 191 00b0 7644     	 add r6,r6,lr
 192 00b2 A0FB0223 	 umull r2,r3,r0,r2
 193 00b6 F118     	 adds r1,r6,r3
 194 00b8 0B46     	 mov r3,r1
 195 00ba D7E90A01 	 ldrd r0,[r7,#40]
 196 00be 1218     	 adds r2,r2,r0
 197 00c0 43EB0103 	 adc r3,r3,r1
 198 00c4 C7E90A23 	 strd r2,[r7,#40]
 111:../Dave/Generated/CMSIS_DSP/StatisticsFunctions/arm_rms_q31.c ****     sum += (q63_t) in4 *in4;
 199              	 .loc 2 111 0
 200 00c8 7B69     	 ldr r3,[r7,#20]
 201 00ca 1846     	 mov r0,r3
 202 00cc 4FEAE071 	 asr r1,r0,#31
 203 00d0 7B69     	 ldr r3,[r7,#20]
 204 00d2 1A46     	 mov r2,r3
 205 00d4 4FEAE273 	 asr r3,r2,#31
 206 00d8 02FB01FE 	 mul lr,r2,r1
 207 00dc 00FB03F6 	 mul r6,r0,r3
 208 00e0 7644     	 add r6,r6,lr
 209 00e2 A0FB0223 	 umull r2,r3,r0,r2
 210 00e6 F118     	 adds r1,r6,r3
 211 00e8 0B46     	 mov r3,r1
 212 00ea D7E90A01 	 ldrd r0,[r7,#40]
 213 00ee 1218     	 adds r2,r2,r0
 214 00f0 43EB0103 	 adc r3,r3,r1
 215 00f4 C7E90A23 	 strd r2,[r7,#40]
 112:../Dave/Generated/CMSIS_DSP/StatisticsFunctions/arm_rms_q31.c **** 
 113:../Dave/Generated/CMSIS_DSP/StatisticsFunctions/arm_rms_q31.c **** 
 114:../Dave/Generated/CMSIS_DSP/StatisticsFunctions/arm_rms_q31.c ****     /* update source buffer to process next samples */
 115:../Dave/Generated/CMSIS_DSP/StatisticsFunctions/arm_rms_q31.c ****     pSrc += 4u;
 216              	 .loc 2 115 0
 217 00f8 FB68     	 ldr r3,[r7,#12]
 218 00fa 1033     	 adds r3,r3,#16
 219 00fc FB60     	 str r3,[r7,#12]
 116:../Dave/Generated/CMSIS_DSP/StatisticsFunctions/arm_rms_q31.c **** 
 117:../Dave/Generated/CMSIS_DSP/StatisticsFunctions/arm_rms_q31.c ****     /* Decrement the loop counter */
 118:../Dave/Generated/CMSIS_DSP/StatisticsFunctions/arm_rms_q31.c ****     blkCnt--;
 220              	 .loc 2 118 0
 221 00fe 7B6A     	 ldr r3,[r7,#36]
 222 0100 013B     	 subs r3,r3,#1
 223 0102 7B62     	 str r3,[r7,#36]
 224              	.L6:
  93:../Dave/Generated/CMSIS_DSP/StatisticsFunctions/arm_rms_q31.c ****   {
 225              	 .loc 2 93 0
 226 0104 7B6A     	 ldr r3,[r7,#36]
 227 0106 002B     	 cmp r3,#0
 228 0108 8AD1     	 bne .L7
 119:../Dave/Generated/CMSIS_DSP/StatisticsFunctions/arm_rms_q31.c ****   }
 120:../Dave/Generated/CMSIS_DSP/StatisticsFunctions/arm_rms_q31.c **** 
 121:../Dave/Generated/CMSIS_DSP/StatisticsFunctions/arm_rms_q31.c ****   /* If the blockSize is not a multiple of 8, compute any remaining output samples here.        
 122:../Dave/Generated/CMSIS_DSP/StatisticsFunctions/arm_rms_q31.c ****    ** No loop unrolling is used. */
 123:../Dave/Generated/CMSIS_DSP/StatisticsFunctions/arm_rms_q31.c ****   blkCnt = blockSize % 0x4u;
 229              	 .loc 2 123 0
 230 010a BB68     	 ldr r3,[r7,#8]
 231 010c 03F00303 	 and r3,r3,#3
 232 0110 7B62     	 str r3,[r7,#36]
 124:../Dave/Generated/CMSIS_DSP/StatisticsFunctions/arm_rms_q31.c **** 
 125:../Dave/Generated/CMSIS_DSP/StatisticsFunctions/arm_rms_q31.c **** #else
 126:../Dave/Generated/CMSIS_DSP/StatisticsFunctions/arm_rms_q31.c **** 
 127:../Dave/Generated/CMSIS_DSP/StatisticsFunctions/arm_rms_q31.c ****   /* Run the below code for Cortex-M0 */
 128:../Dave/Generated/CMSIS_DSP/StatisticsFunctions/arm_rms_q31.c ****   blkCnt = blockSize;
 129:../Dave/Generated/CMSIS_DSP/StatisticsFunctions/arm_rms_q31.c **** 
 130:../Dave/Generated/CMSIS_DSP/StatisticsFunctions/arm_rms_q31.c **** #endif /* #ifndef ARM_MATH_CM0_FAMILY */
 131:../Dave/Generated/CMSIS_DSP/StatisticsFunctions/arm_rms_q31.c **** 
 132:../Dave/Generated/CMSIS_DSP/StatisticsFunctions/arm_rms_q31.c ****   while(blkCnt > 0u)
 233              	 .loc 2 132 0
 234 0112 1FE0     	 b .L8
 235              	.L9:
 133:../Dave/Generated/CMSIS_DSP/StatisticsFunctions/arm_rms_q31.c ****   {
 134:../Dave/Generated/CMSIS_DSP/StatisticsFunctions/arm_rms_q31.c ****     /* C = A[0] * A[0] + A[1] * A[1] + A[2] * A[2] + ... + A[blockSize-1] * A[blockSize-1] */
 135:../Dave/Generated/CMSIS_DSP/StatisticsFunctions/arm_rms_q31.c ****     /* Compute sum of the squares and then store the results in a temporary variable, sum */
 136:../Dave/Generated/CMSIS_DSP/StatisticsFunctions/arm_rms_q31.c ****     in = *pSrc++;
 236              	 .loc 2 136 0
 237 0114 FB68     	 ldr r3,[r7,#12]
 238 0116 1A1D     	 adds r2,r3,#4
 239 0118 FA60     	 str r2,[r7,#12]
 240 011a 1B68     	 ldr r3,[r3]
 241 011c 3B61     	 str r3,[r7,#16]
 137:../Dave/Generated/CMSIS_DSP/StatisticsFunctions/arm_rms_q31.c ****     sum += (q63_t) in *in;
 242              	 .loc 2 137 0
 243 011e 3B69     	 ldr r3,[r7,#16]
 244 0120 1846     	 mov r0,r3
 245 0122 4FEAE071 	 asr r1,r0,#31
 246 0126 3B69     	 ldr r3,[r7,#16]
 247 0128 1A46     	 mov r2,r3
 248 012a 4FEAE273 	 asr r3,r2,#31
 249 012e 02FB01FE 	 mul lr,r2,r1
 250 0132 00FB03F6 	 mul r6,r0,r3
 251 0136 7644     	 add r6,r6,lr
 252 0138 A0FB0223 	 umull r2,r3,r0,r2
 253 013c F118     	 adds r1,r6,r3
 254 013e 0B46     	 mov r3,r1
 255 0140 D7E90A01 	 ldrd r0,[r7,#40]
 256 0144 1218     	 adds r2,r2,r0
 257 0146 43EB0103 	 adc r3,r3,r1
 258 014a C7E90A23 	 strd r2,[r7,#40]
 138:../Dave/Generated/CMSIS_DSP/StatisticsFunctions/arm_rms_q31.c **** 
 139:../Dave/Generated/CMSIS_DSP/StatisticsFunctions/arm_rms_q31.c ****     /* Decrement the loop counter */
 140:../Dave/Generated/CMSIS_DSP/StatisticsFunctions/arm_rms_q31.c ****     blkCnt--;
 259              	 .loc 2 140 0
 260 014e 7B6A     	 ldr r3,[r7,#36]
 261 0150 013B     	 subs r3,r3,#1
 262 0152 7B62     	 str r3,[r7,#36]
 263              	.L8:
 132:../Dave/Generated/CMSIS_DSP/StatisticsFunctions/arm_rms_q31.c ****   {
 264              	 .loc 2 132 0
 265 0154 7B6A     	 ldr r3,[r7,#36]
 266 0156 002B     	 cmp r3,#0
 267 0158 DCD1     	 bne .L9
 141:../Dave/Generated/CMSIS_DSP/StatisticsFunctions/arm_rms_q31.c ****   }
 142:../Dave/Generated/CMSIS_DSP/StatisticsFunctions/arm_rms_q31.c **** 
 143:../Dave/Generated/CMSIS_DSP/StatisticsFunctions/arm_rms_q31.c ****   /* Convert data in 2.62 to 1.31 by 31 right shifts and saturate */
 144:../Dave/Generated/CMSIS_DSP/StatisticsFunctions/arm_rms_q31.c ****   /* Compute Rms and store the result in the destination vector */
 145:../Dave/Generated/CMSIS_DSP/StatisticsFunctions/arm_rms_q31.c ****   arm_sqrt_q31(clip_q63_to_q31((sum / (q63_t) blockSize) >> 31), pResult);
 268              	 .loc 2 145 0
 269 015a BB68     	 ldr r3,[r7,#8]
 270 015c 1A46     	 mov r2,r3
 271 015e 4FF00003 	 mov r3,#0
 272 0162 D7E90A01 	 ldrd r0,[r7,#40]
 273 0166 FFF7FEFF 	 bl __aeabi_ldivmod
 274 016a 0246     	 mov r2,r0
 275 016c 0B46     	 mov r3,r1
 276 016e D40F     	 lsrs r4,r2,#31
 277 0170 44EA4304 	 orr r4,r4,r3,lsl#1
 278 0174 DD17     	 asrs r5,r3,#31
 279 0176 2046     	 mov r0,r4
 280 0178 2946     	 mov r1,r5
 281 017a FFF7FEFF 	 bl clip_q63_to_q31
 282 017e 0346     	 mov r3,r0
 283 0180 1846     	 mov r0,r3
 284 0182 7968     	 ldr r1,[r7,#4]
 285 0184 FFF7FEFF 	 bl arm_sqrt_q31
 146:../Dave/Generated/CMSIS_DSP/StatisticsFunctions/arm_rms_q31.c **** }
 286              	 .loc 2 146 0
 287 0188 3437     	 adds r7,r7,#52
 288              	.LCFI9:
 289              	 .cfi_def_cfa_offset 20
 290 018a BD46     	 mov sp,r7
 291              	.LCFI10:
 292              	 .cfi_def_cfa_register 13
 293              	 
 294 018c F0BD     	 pop {r4,r5,r6,r7,pc}
 295              	 .cfi_endproc
 296              	.LFE139:
 298 018e 00BF     	 .text
 299              	.Letext0:
 300              	 .file 3 "c:\\davev4\\dave-4.1.2\\eclipse\\arm-gcc-49\\arm-none-eabi\\include\\machine\\_default_types.h"
 301              	 .file 4 "c:\\davev4\\dave-4.1.2\\eclipse\\arm-gcc-49\\arm-none-eabi\\include\\stdint.h"
DEFINED SYMBOLS
                            *ABS*:00000000 arm_rms_q31.c
    {standard input}:20     .text.clip_q63_to_q31:00000000 $t
    {standard input}:24     .text.clip_q63_to_q31:00000000 clip_q63_to_q31
    {standard input}:92     .text.arm_rms_q31:00000000 $t
    {standard input}:97     .text.arm_rms_q31:00000000 arm_rms_q31
                     .debug_frame:00000010 $d

UNDEFINED SYMBOLS
__aeabi_ldivmod
arm_sqrt_q31
