   1              	 .syntax unified
   2              	 .cpu cortex-m4
   3              	 .eabi_attribute 27,3
   4              	 .fpu fpv4-sp-d16
   5              	 .eabi_attribute 20,1
   6              	 .eabi_attribute 21,1
   7              	 .eabi_attribute 23,3
   8              	 .eabi_attribute 24,1
   9              	 .eabi_attribute 25,1
  10              	 .eabi_attribute 26,1
  11              	 .eabi_attribute 30,6
  12              	 .eabi_attribute 34,1
  13              	 .eabi_attribute 18,4
  14              	 .thumb
  15              	 .file "arm_power_f32.c"
  16              	 .text
  17              	.Ltext0:
  18              	 .cfi_sections .debug_frame
  19              	 .section .text.arm_power_f32,"ax",%progbits
  20              	 .align 2
  21              	 .global arm_power_f32
  22              	 .thumb
  23              	 .thumb_func
  25              	arm_power_f32:
  26              	.LFB139:
  27              	 .file 1 "../Dave/Generated/CMSIS_DSP/StatisticsFunctions/arm_power_f32.c"
   1:../Dave/Generated/CMSIS_DSP/StatisticsFunctions/arm_power_f32.c **** /* ----------------------------------------------------------------------    
   2:../Dave/Generated/CMSIS_DSP/StatisticsFunctions/arm_power_f32.c **** * Copyright (C) 2010-2014 ARM Limited. All rights reserved.    
   3:../Dave/Generated/CMSIS_DSP/StatisticsFunctions/arm_power_f32.c **** *    
   4:../Dave/Generated/CMSIS_DSP/StatisticsFunctions/arm_power_f32.c **** * $Date:        12. March 2014
   5:../Dave/Generated/CMSIS_DSP/StatisticsFunctions/arm_power_f32.c **** * $Revision: 	V1.4.4  
   6:../Dave/Generated/CMSIS_DSP/StatisticsFunctions/arm_power_f32.c **** *    
   7:../Dave/Generated/CMSIS_DSP/StatisticsFunctions/arm_power_f32.c **** * Project: 	    CMSIS DSP Library    
   8:../Dave/Generated/CMSIS_DSP/StatisticsFunctions/arm_power_f32.c **** * Title:		arm_power_f32.c    
   9:../Dave/Generated/CMSIS_DSP/StatisticsFunctions/arm_power_f32.c **** *    
  10:../Dave/Generated/CMSIS_DSP/StatisticsFunctions/arm_power_f32.c **** * Description:	Sum of the squares of the elements of a floating-point vector.    
  11:../Dave/Generated/CMSIS_DSP/StatisticsFunctions/arm_power_f32.c **** *    
  12:../Dave/Generated/CMSIS_DSP/StatisticsFunctions/arm_power_f32.c **** * Target Processor: Cortex-M4/Cortex-M3/Cortex-M0
  13:../Dave/Generated/CMSIS_DSP/StatisticsFunctions/arm_power_f32.c **** *  
  14:../Dave/Generated/CMSIS_DSP/StatisticsFunctions/arm_power_f32.c **** * Redistribution and use in source and binary forms, with or without 
  15:../Dave/Generated/CMSIS_DSP/StatisticsFunctions/arm_power_f32.c **** * modification, are permitted provided that the following conditions
  16:../Dave/Generated/CMSIS_DSP/StatisticsFunctions/arm_power_f32.c **** * are met:
  17:../Dave/Generated/CMSIS_DSP/StatisticsFunctions/arm_power_f32.c **** *   - Redistributions of source code must retain the above copyright
  18:../Dave/Generated/CMSIS_DSP/StatisticsFunctions/arm_power_f32.c **** *     notice, this list of conditions and the following disclaimer.
  19:../Dave/Generated/CMSIS_DSP/StatisticsFunctions/arm_power_f32.c **** *   - Redistributions in binary form must reproduce the above copyright
  20:../Dave/Generated/CMSIS_DSP/StatisticsFunctions/arm_power_f32.c **** *     notice, this list of conditions and the following disclaimer in
  21:../Dave/Generated/CMSIS_DSP/StatisticsFunctions/arm_power_f32.c **** *     the documentation and/or other materials provided with the 
  22:../Dave/Generated/CMSIS_DSP/StatisticsFunctions/arm_power_f32.c **** *     distribution.
  23:../Dave/Generated/CMSIS_DSP/StatisticsFunctions/arm_power_f32.c **** *   - Neither the name of ARM LIMITED nor the names of its contributors
  24:../Dave/Generated/CMSIS_DSP/StatisticsFunctions/arm_power_f32.c **** *     may be used to endorse or promote products derived from this
  25:../Dave/Generated/CMSIS_DSP/StatisticsFunctions/arm_power_f32.c **** *     software without specific prior written permission.
  26:../Dave/Generated/CMSIS_DSP/StatisticsFunctions/arm_power_f32.c **** *
  27:../Dave/Generated/CMSIS_DSP/StatisticsFunctions/arm_power_f32.c **** * THIS SOFTWARE IS PROVIDED BY THE COPYRIGHT HOLDERS AND CONTRIBUTORS
  28:../Dave/Generated/CMSIS_DSP/StatisticsFunctions/arm_power_f32.c **** * "AS IS" AND ANY EXPRESS OR IMPLIED WARRANTIES, INCLUDING, BUT NOT
  29:../Dave/Generated/CMSIS_DSP/StatisticsFunctions/arm_power_f32.c **** * LIMITED TO, THE IMPLIED WARRANTIES OF MERCHANTABILITY AND FITNESS
  30:../Dave/Generated/CMSIS_DSP/StatisticsFunctions/arm_power_f32.c **** * FOR A PARTICULAR PURPOSE ARE DISCLAIMED. IN NO EVENT SHALL THE 
  31:../Dave/Generated/CMSIS_DSP/StatisticsFunctions/arm_power_f32.c **** * COPYRIGHT OWNER OR CONTRIBUTORS BE LIABLE FOR ANY DIRECT, INDIRECT,
  32:../Dave/Generated/CMSIS_DSP/StatisticsFunctions/arm_power_f32.c **** * INCIDENTAL, SPECIAL, EXEMPLARY, OR CONSEQUENTIAL DAMAGES (INCLUDING,
  33:../Dave/Generated/CMSIS_DSP/StatisticsFunctions/arm_power_f32.c **** * BUT NOT LIMITED TO, PROCUREMENT OF SUBSTITUTE GOODS OR SERVICES;
  34:../Dave/Generated/CMSIS_DSP/StatisticsFunctions/arm_power_f32.c **** * LOSS OF USE, DATA, OR PROFITS; OR BUSINESS INTERRUPTION) HOWEVER
  35:../Dave/Generated/CMSIS_DSP/StatisticsFunctions/arm_power_f32.c **** * CAUSED AND ON ANY THEORY OF LIABILITY, WHETHER IN CONTRACT, STRICT
  36:../Dave/Generated/CMSIS_DSP/StatisticsFunctions/arm_power_f32.c **** * LIABILITY, OR TORT (INCLUDING NEGLIGENCE OR OTHERWISE) ARISING IN
  37:../Dave/Generated/CMSIS_DSP/StatisticsFunctions/arm_power_f32.c **** * ANY WAY OUT OF THE USE OF THIS SOFTWARE, EVEN IF ADVISED OF THE
  38:../Dave/Generated/CMSIS_DSP/StatisticsFunctions/arm_power_f32.c **** * POSSIBILITY OF SUCH DAMAGE.     
  39:../Dave/Generated/CMSIS_DSP/StatisticsFunctions/arm_power_f32.c **** * ---------------------------------------------------------------------------- */
  40:../Dave/Generated/CMSIS_DSP/StatisticsFunctions/arm_power_f32.c **** 
  41:../Dave/Generated/CMSIS_DSP/StatisticsFunctions/arm_power_f32.c **** #include "CMSIS_DSP/cmsis_dsp.h"
  42:../Dave/Generated/CMSIS_DSP/StatisticsFunctions/arm_power_f32.c **** 
  43:../Dave/Generated/CMSIS_DSP/StatisticsFunctions/arm_power_f32.c **** /**    
  44:../Dave/Generated/CMSIS_DSP/StatisticsFunctions/arm_power_f32.c ****  * @ingroup groupStats    
  45:../Dave/Generated/CMSIS_DSP/StatisticsFunctions/arm_power_f32.c ****  */
  46:../Dave/Generated/CMSIS_DSP/StatisticsFunctions/arm_power_f32.c **** 
  47:../Dave/Generated/CMSIS_DSP/StatisticsFunctions/arm_power_f32.c **** /**    
  48:../Dave/Generated/CMSIS_DSP/StatisticsFunctions/arm_power_f32.c ****  * @defgroup power Power    
  49:../Dave/Generated/CMSIS_DSP/StatisticsFunctions/arm_power_f32.c ****  *    
  50:../Dave/Generated/CMSIS_DSP/StatisticsFunctions/arm_power_f32.c ****  * Calculates the sum of the squares of the elements in the input vector.    
  51:../Dave/Generated/CMSIS_DSP/StatisticsFunctions/arm_power_f32.c ****  * The underlying algorithm is used:    
  52:../Dave/Generated/CMSIS_DSP/StatisticsFunctions/arm_power_f32.c ****  *    
  53:../Dave/Generated/CMSIS_DSP/StatisticsFunctions/arm_power_f32.c ****  * <pre>    
  54:../Dave/Generated/CMSIS_DSP/StatisticsFunctions/arm_power_f32.c ****  * 	Result = pSrc[0] * pSrc[0] + pSrc[1] * pSrc[1] + pSrc[2] * pSrc[2] + ... + pSrc[blockSize-1] * 
  55:../Dave/Generated/CMSIS_DSP/StatisticsFunctions/arm_power_f32.c ****  * </pre>    
  56:../Dave/Generated/CMSIS_DSP/StatisticsFunctions/arm_power_f32.c ****  *   
  57:../Dave/Generated/CMSIS_DSP/StatisticsFunctions/arm_power_f32.c ****  * There are separate functions for floating point, Q31, Q15, and Q7 data types.     
  58:../Dave/Generated/CMSIS_DSP/StatisticsFunctions/arm_power_f32.c ****  */
  59:../Dave/Generated/CMSIS_DSP/StatisticsFunctions/arm_power_f32.c **** 
  60:../Dave/Generated/CMSIS_DSP/StatisticsFunctions/arm_power_f32.c **** /**    
  61:../Dave/Generated/CMSIS_DSP/StatisticsFunctions/arm_power_f32.c ****  * @addtogroup power    
  62:../Dave/Generated/CMSIS_DSP/StatisticsFunctions/arm_power_f32.c ****  * @{    
  63:../Dave/Generated/CMSIS_DSP/StatisticsFunctions/arm_power_f32.c ****  */
  64:../Dave/Generated/CMSIS_DSP/StatisticsFunctions/arm_power_f32.c **** 
  65:../Dave/Generated/CMSIS_DSP/StatisticsFunctions/arm_power_f32.c **** 
  66:../Dave/Generated/CMSIS_DSP/StatisticsFunctions/arm_power_f32.c **** /**    
  67:../Dave/Generated/CMSIS_DSP/StatisticsFunctions/arm_power_f32.c ****  * @brief Sum of the squares of the elements of a floating-point vector.    
  68:../Dave/Generated/CMSIS_DSP/StatisticsFunctions/arm_power_f32.c ****  * @param[in]       *pSrc points to the input vector    
  69:../Dave/Generated/CMSIS_DSP/StatisticsFunctions/arm_power_f32.c ****  * @param[in]       blockSize length of the input vector    
  70:../Dave/Generated/CMSIS_DSP/StatisticsFunctions/arm_power_f32.c ****  * @param[out]      *pResult sum of the squares value returned here    
  71:../Dave/Generated/CMSIS_DSP/StatisticsFunctions/arm_power_f32.c ****  * @return none.    
  72:../Dave/Generated/CMSIS_DSP/StatisticsFunctions/arm_power_f32.c ****  *    
  73:../Dave/Generated/CMSIS_DSP/StatisticsFunctions/arm_power_f32.c ****  */
  74:../Dave/Generated/CMSIS_DSP/StatisticsFunctions/arm_power_f32.c **** 
  75:../Dave/Generated/CMSIS_DSP/StatisticsFunctions/arm_power_f32.c **** 
  76:../Dave/Generated/CMSIS_DSP/StatisticsFunctions/arm_power_f32.c **** void arm_power_f32(
  77:../Dave/Generated/CMSIS_DSP/StatisticsFunctions/arm_power_f32.c ****   float32_t * pSrc,
  78:../Dave/Generated/CMSIS_DSP/StatisticsFunctions/arm_power_f32.c ****   uint32_t blockSize,
  79:../Dave/Generated/CMSIS_DSP/StatisticsFunctions/arm_power_f32.c ****   float32_t * pResult)
  80:../Dave/Generated/CMSIS_DSP/StatisticsFunctions/arm_power_f32.c **** {
  28              	 .loc 1 80 0
  29              	 .cfi_startproc
  30              	 
  31              	 
  32              	 
  33 0000 80B4     	 push {r7}
  34              	.LCFI0:
  35              	 .cfi_def_cfa_offset 4
  36              	 .cfi_offset 7,-4
  37 0002 89B0     	 sub sp,sp,#36
  38              	.LCFI1:
  39              	 .cfi_def_cfa_offset 40
  40 0004 00AF     	 add r7,sp,#0
  41              	.LCFI2:
  42              	 .cfi_def_cfa_register 7
  43 0006 F860     	 str r0,[r7,#12]
  44 0008 B960     	 str r1,[r7,#8]
  45 000a 7A60     	 str r2,[r7,#4]
  81:../Dave/Generated/CMSIS_DSP/StatisticsFunctions/arm_power_f32.c ****   float32_t sum = 0.0f;                          /* accumulator */
  46              	 .loc 1 81 0
  47 000c 4FF00003 	 mov r3,#0
  48 0010 FB61     	 str r3,[r7,#28]
  82:../Dave/Generated/CMSIS_DSP/StatisticsFunctions/arm_power_f32.c ****   float32_t in;                                  /* Temporary variable to store input value */
  83:../Dave/Generated/CMSIS_DSP/StatisticsFunctions/arm_power_f32.c ****   uint32_t blkCnt;                               /* loop counter */
  84:../Dave/Generated/CMSIS_DSP/StatisticsFunctions/arm_power_f32.c **** 
  85:../Dave/Generated/CMSIS_DSP/StatisticsFunctions/arm_power_f32.c **** #ifndef ARM_MATH_CM0_FAMILY
  86:../Dave/Generated/CMSIS_DSP/StatisticsFunctions/arm_power_f32.c **** 
  87:../Dave/Generated/CMSIS_DSP/StatisticsFunctions/arm_power_f32.c ****   /* Run the below code for Cortex-M4 and Cortex-M3 */
  88:../Dave/Generated/CMSIS_DSP/StatisticsFunctions/arm_power_f32.c **** 
  89:../Dave/Generated/CMSIS_DSP/StatisticsFunctions/arm_power_f32.c ****   /*loop Unrolling */
  90:../Dave/Generated/CMSIS_DSP/StatisticsFunctions/arm_power_f32.c ****   blkCnt = blockSize >> 2u;
  49              	 .loc 1 90 0
  50 0012 BB68     	 ldr r3,[r7,#8]
  51 0014 9B08     	 lsrs r3,r3,#2
  52 0016 BB61     	 str r3,[r7,#24]
  91:../Dave/Generated/CMSIS_DSP/StatisticsFunctions/arm_power_f32.c **** 
  92:../Dave/Generated/CMSIS_DSP/StatisticsFunctions/arm_power_f32.c ****   /* First part of the processing with loop unrolling.  Compute 4 outputs at a time.    
  93:../Dave/Generated/CMSIS_DSP/StatisticsFunctions/arm_power_f32.c ****    ** a second loop below computes the remaining 1 to 3 samples. */
  94:../Dave/Generated/CMSIS_DSP/StatisticsFunctions/arm_power_f32.c ****   while(blkCnt > 0u)
  53              	 .loc 1 94 0
  54 0018 46E0     	 b .L2
  55              	.L3:
  95:../Dave/Generated/CMSIS_DSP/StatisticsFunctions/arm_power_f32.c ****   {
  96:../Dave/Generated/CMSIS_DSP/StatisticsFunctions/arm_power_f32.c ****     /* C = A[0] * A[0] + A[1] * A[1] + A[2] * A[2] + ... + A[blockSize-1] * A[blockSize-1] */
  97:../Dave/Generated/CMSIS_DSP/StatisticsFunctions/arm_power_f32.c ****     /* Compute Power and then store the result in a temporary variable, sum. */
  98:../Dave/Generated/CMSIS_DSP/StatisticsFunctions/arm_power_f32.c ****     in = *pSrc++;
  56              	 .loc 1 98 0
  57 001a FB68     	 ldr r3,[r7,#12]
  58 001c 1A1D     	 adds r2,r3,#4
  59 001e FA60     	 str r2,[r7,#12]
  60 0020 1B68     	 ldr r3,[r3]
  61 0022 7B61     	 str r3,[r7,#20]
  99:../Dave/Generated/CMSIS_DSP/StatisticsFunctions/arm_power_f32.c ****     sum += in * in;
  62              	 .loc 1 99 0
  63 0024 97ED057A 	 flds s14,[r7,#20]
  64 0028 D7ED057A 	 flds s15,[r7,#20]
  65 002c 67EE277A 	 fmuls s15,s14,s15
  66 0030 97ED077A 	 flds s14,[r7,#28]
  67 0034 77EE277A 	 fadds s15,s14,s15
  68 0038 C7ED077A 	 fsts s15,[r7,#28]
 100:../Dave/Generated/CMSIS_DSP/StatisticsFunctions/arm_power_f32.c ****     in = *pSrc++;
  69              	 .loc 1 100 0
  70 003c FB68     	 ldr r3,[r7,#12]
  71 003e 1A1D     	 adds r2,r3,#4
  72 0040 FA60     	 str r2,[r7,#12]
  73 0042 1B68     	 ldr r3,[r3]
  74 0044 7B61     	 str r3,[r7,#20]
 101:../Dave/Generated/CMSIS_DSP/StatisticsFunctions/arm_power_f32.c ****     sum += in * in;
  75              	 .loc 1 101 0
  76 0046 97ED057A 	 flds s14,[r7,#20]
  77 004a D7ED057A 	 flds s15,[r7,#20]
  78 004e 67EE277A 	 fmuls s15,s14,s15
  79 0052 97ED077A 	 flds s14,[r7,#28]
  80 0056 77EE277A 	 fadds s15,s14,s15
  81 005a C7ED077A 	 fsts s15,[r7,#28]
 102:../Dave/Generated/CMSIS_DSP/StatisticsFunctions/arm_power_f32.c ****     in = *pSrc++;
  82              	 .loc 1 102 0
  83 005e FB68     	 ldr r3,[r7,#12]
  84 0060 1A1D     	 adds r2,r3,#4
  85 0062 FA60     	 str r2,[r7,#12]
  86 0064 1B68     	 ldr r3,[r3]
  87 0066 7B61     	 str r3,[r7,#20]
 103:../Dave/Generated/CMSIS_DSP/StatisticsFunctions/arm_power_f32.c ****     sum += in * in;
  88              	 .loc 1 103 0
  89 0068 97ED057A 	 flds s14,[r7,#20]
  90 006c D7ED057A 	 flds s15,[r7,#20]
  91 0070 67EE277A 	 fmuls s15,s14,s15
  92 0074 97ED077A 	 flds s14,[r7,#28]
  93 0078 77EE277A 	 fadds s15,s14,s15
  94 007c C7ED077A 	 fsts s15,[r7,#28]
 104:../Dave/Generated/CMSIS_DSP/StatisticsFunctions/arm_power_f32.c ****     in = *pSrc++;
  95              	 .loc 1 104 0
  96 0080 FB68     	 ldr r3,[r7,#12]
  97 0082 1A1D     	 adds r2,r3,#4
  98 0084 FA60     	 str r2,[r7,#12]
  99 0086 1B68     	 ldr r3,[r3]
 100 0088 7B61     	 str r3,[r7,#20]
 105:../Dave/Generated/CMSIS_DSP/StatisticsFunctions/arm_power_f32.c ****     sum += in * in;
 101              	 .loc 1 105 0
 102 008a 97ED057A 	 flds s14,[r7,#20]
 103 008e D7ED057A 	 flds s15,[r7,#20]
 104 0092 67EE277A 	 fmuls s15,s14,s15
 105 0096 97ED077A 	 flds s14,[r7,#28]
 106 009a 77EE277A 	 fadds s15,s14,s15
 107 009e C7ED077A 	 fsts s15,[r7,#28]
 106:../Dave/Generated/CMSIS_DSP/StatisticsFunctions/arm_power_f32.c **** 
 107:../Dave/Generated/CMSIS_DSP/StatisticsFunctions/arm_power_f32.c ****     /* Decrement the loop counter */
 108:../Dave/Generated/CMSIS_DSP/StatisticsFunctions/arm_power_f32.c ****     blkCnt--;
 108              	 .loc 1 108 0
 109 00a2 BB69     	 ldr r3,[r7,#24]
 110 00a4 013B     	 subs r3,r3,#1
 111 00a6 BB61     	 str r3,[r7,#24]
 112              	.L2:
  94:../Dave/Generated/CMSIS_DSP/StatisticsFunctions/arm_power_f32.c ****   {
 113              	 .loc 1 94 0
 114 00a8 BB69     	 ldr r3,[r7,#24]
 115 00aa 002B     	 cmp r3,#0
 116 00ac B5D1     	 bne .L3
 109:../Dave/Generated/CMSIS_DSP/StatisticsFunctions/arm_power_f32.c ****   }
 110:../Dave/Generated/CMSIS_DSP/StatisticsFunctions/arm_power_f32.c **** 
 111:../Dave/Generated/CMSIS_DSP/StatisticsFunctions/arm_power_f32.c ****   /* If the blockSize is not a multiple of 4, compute any remaining output samples here.    
 112:../Dave/Generated/CMSIS_DSP/StatisticsFunctions/arm_power_f32.c ****    ** No loop unrolling is used. */
 113:../Dave/Generated/CMSIS_DSP/StatisticsFunctions/arm_power_f32.c ****   blkCnt = blockSize % 0x4u;
 117              	 .loc 1 113 0
 118 00ae BB68     	 ldr r3,[r7,#8]
 119 00b0 03F00303 	 and r3,r3,#3
 120 00b4 BB61     	 str r3,[r7,#24]
 114:../Dave/Generated/CMSIS_DSP/StatisticsFunctions/arm_power_f32.c **** 
 115:../Dave/Generated/CMSIS_DSP/StatisticsFunctions/arm_power_f32.c **** 
 116:../Dave/Generated/CMSIS_DSP/StatisticsFunctions/arm_power_f32.c **** #else
 117:../Dave/Generated/CMSIS_DSP/StatisticsFunctions/arm_power_f32.c **** 
 118:../Dave/Generated/CMSIS_DSP/StatisticsFunctions/arm_power_f32.c ****   /* Run the below code for Cortex-M0 */
 119:../Dave/Generated/CMSIS_DSP/StatisticsFunctions/arm_power_f32.c **** 
 120:../Dave/Generated/CMSIS_DSP/StatisticsFunctions/arm_power_f32.c ****   /* Loop over blockSize number of values */
 121:../Dave/Generated/CMSIS_DSP/StatisticsFunctions/arm_power_f32.c ****   blkCnt = blockSize;
 122:../Dave/Generated/CMSIS_DSP/StatisticsFunctions/arm_power_f32.c **** 
 123:../Dave/Generated/CMSIS_DSP/StatisticsFunctions/arm_power_f32.c **** #endif /* #ifndef ARM_MATH_CM0_FAMILY */
 124:../Dave/Generated/CMSIS_DSP/StatisticsFunctions/arm_power_f32.c **** 
 125:../Dave/Generated/CMSIS_DSP/StatisticsFunctions/arm_power_f32.c **** 
 126:../Dave/Generated/CMSIS_DSP/StatisticsFunctions/arm_power_f32.c ****   while(blkCnt > 0u)
 121              	 .loc 1 126 0
 122 00b6 13E0     	 b .L4
 123              	.L5:
 127:../Dave/Generated/CMSIS_DSP/StatisticsFunctions/arm_power_f32.c ****   {
 128:../Dave/Generated/CMSIS_DSP/StatisticsFunctions/arm_power_f32.c ****     /* C = A[0] * A[0] + A[1] * A[1] + A[2] * A[2] + ... + A[blockSize-1] * A[blockSize-1] */
 129:../Dave/Generated/CMSIS_DSP/StatisticsFunctions/arm_power_f32.c ****     /* compute power and then store the result in a temporary variable, sum. */
 130:../Dave/Generated/CMSIS_DSP/StatisticsFunctions/arm_power_f32.c ****     in = *pSrc++;
 124              	 .loc 1 130 0
 125 00b8 FB68     	 ldr r3,[r7,#12]
 126 00ba 1A1D     	 adds r2,r3,#4
 127 00bc FA60     	 str r2,[r7,#12]
 128 00be 1B68     	 ldr r3,[r3]
 129 00c0 7B61     	 str r3,[r7,#20]
 131:../Dave/Generated/CMSIS_DSP/StatisticsFunctions/arm_power_f32.c ****     sum += in * in;
 130              	 .loc 1 131 0
 131 00c2 97ED057A 	 flds s14,[r7,#20]
 132 00c6 D7ED057A 	 flds s15,[r7,#20]
 133 00ca 67EE277A 	 fmuls s15,s14,s15
 134 00ce 97ED077A 	 flds s14,[r7,#28]
 135 00d2 77EE277A 	 fadds s15,s14,s15
 136 00d6 C7ED077A 	 fsts s15,[r7,#28]
 132:../Dave/Generated/CMSIS_DSP/StatisticsFunctions/arm_power_f32.c **** 
 133:../Dave/Generated/CMSIS_DSP/StatisticsFunctions/arm_power_f32.c ****     /* Decrement the loop counter */
 134:../Dave/Generated/CMSIS_DSP/StatisticsFunctions/arm_power_f32.c ****     blkCnt--;
 137              	 .loc 1 134 0
 138 00da BB69     	 ldr r3,[r7,#24]
 139 00dc 013B     	 subs r3,r3,#1
 140 00de BB61     	 str r3,[r7,#24]
 141              	.L4:
 126:../Dave/Generated/CMSIS_DSP/StatisticsFunctions/arm_power_f32.c ****   {
 142              	 .loc 1 126 0
 143 00e0 BB69     	 ldr r3,[r7,#24]
 144 00e2 002B     	 cmp r3,#0
 145 00e4 E8D1     	 bne .L5
 135:../Dave/Generated/CMSIS_DSP/StatisticsFunctions/arm_power_f32.c ****   }
 136:../Dave/Generated/CMSIS_DSP/StatisticsFunctions/arm_power_f32.c **** 
 137:../Dave/Generated/CMSIS_DSP/StatisticsFunctions/arm_power_f32.c ****   /* Store the result to the destination */
 138:../Dave/Generated/CMSIS_DSP/StatisticsFunctions/arm_power_f32.c ****   *pResult = sum;
 146              	 .loc 1 138 0
 147 00e6 7B68     	 ldr r3,[r7,#4]
 148 00e8 FA69     	 ldr r2,[r7,#28]
 149 00ea 1A60     	 str r2,[r3]
 139:../Dave/Generated/CMSIS_DSP/StatisticsFunctions/arm_power_f32.c **** }
 150              	 .loc 1 139 0
 151 00ec 2437     	 adds r7,r7,#36
 152              	.LCFI3:
 153              	 .cfi_def_cfa_offset 4
 154 00ee BD46     	 mov sp,r7
 155              	.LCFI4:
 156              	 .cfi_def_cfa_register 13
 157              	 
 158 00f0 5DF8047B 	 ldr r7,[sp],#4
 159              	.LCFI5:
 160              	 .cfi_restore 7
 161              	 .cfi_def_cfa_offset 0
 162 00f4 7047     	 bx lr
 163              	 .cfi_endproc
 164              	.LFE139:
 166 00f6 00BF     	 .text
 167              	.Letext0:
 168              	 .file 2 "c:\\davev4\\dave-4.3.2\\eclipse\\arm-gcc-49\\arm-none-eabi\\include\\machine\\_default_types.h"
 169              	 .file 3 "c:\\davev4\\dave-4.3.2\\eclipse\\arm-gcc-49\\arm-none-eabi\\include\\stdint.h"
 170              	 .file 4 "C:/Workspaces/DAVE-4.3/WS_2016_09_02/Flightcontroller_PWM_CopterRocks_Working/Dave/Generated/CMSIS_DSP/arm_math.h"
DEFINED SYMBOLS
                            *ABS*:00000000 arm_power_f32.c
    {standard input}:20     .text.arm_power_f32:00000000 $t
    {standard input}:25     .text.arm_power_f32:00000000 arm_power_f32
                     .debug_frame:00000010 $d

NO UNDEFINED SYMBOLS
