   1              	 .syntax unified
   2              	 .cpu cortex-m4
   3              	 .eabi_attribute 27,3
   4              	 .fpu fpv4-sp-d16
   5              	 .eabi_attribute 20,1
   6              	 .eabi_attribute 21,1
   7              	 .eabi_attribute 23,3
   8              	 .eabi_attribute 24,1
   9              	 .eabi_attribute 25,1
  10              	 .eabi_attribute 26,1
  11              	 .eabi_attribute 30,6
  12              	 .eabi_attribute 34,1
  13              	 .eabi_attribute 18,4
  14              	 .thumb
  15              	 .file "main.c"
  16              	 .text
  17              	.Ltext0:
  18              	 .cfi_sections .debug_frame
  19              	 .section .text.main,"ax",%progbits
  20              	 .align 2
  21              	 .global main
  22              	 .thumb
  23              	 .thumb_func
  25              	main:
  26              	.LFB451:
  27              	 .file 1 "../main.c"
   1:../main.c     **** /*******************************************************************************
   2:../main.c     **** **                      Author(s) Identity                                    **
   3:../main.c     **** ********************************************************************************
   4:../main.c     **** **                                                                            **
   5:../main.c     **** ** Initials     Name                                                          **
   6:../main.c     **** ** ---------------------------------------------------------------------------**
   7:../main.c     **** ** AM           Andreas Mark                                                  **
   8:../main.c     **** ** DW           Dominik Wieland                                               **
   9:../main.c     **** ** ES           Elias Steurer                                                 **
  10:../main.c     **** **                                                                            **
  11:../main.c     **** **                                                                            **
  12:../main.c     **** *******************************************************************************/
  13:../main.c     **** 
  14:../main.c     **** /*******************************************************************************
  15:../main.c     **** **                      Revision Control History                              **
  16:../main.c     **** *******************************************************************************/
  17:../main.c     **** /*
  18:../main.c     ****  * V0.0 : 25-12-2014, AM:  Initial Version
  19:../main.c     ****  * V0.0*: 15-08-2015, ES:  Minor Code-Changes
  20:../main.c     ****  * V0.1 : 21-07-2016, DW:  Port of SW from DAVE3 to DAVE4
  21:../main.c     ****  */
  22:../main.c     **** /*******************************************************************************
  23:../main.c     **** **                      Includes                                              **
  24:../main.c     **** *******************************************************************************/
  25:../main.c     **** #include <DAVE.h>	//Declarations from DAVE Code Generation (includes SFR declaration)
  26:../main.c     **** #include "_Quadrocopter/Attitude_Control/AttitudeController.h"
  27:../main.c     **** 
  28:../main.c     **** /*******************************************************************************
  29:../main.c     **** **                      Private Constant Definitions to be changed            **
  30:../main.c     **** *******************************************************************************/
  31:../main.c     **** 
  32:../main.c     **** /*******************************************************************************
  33:../main.c     **** **                      Private Macro Definitions                             **
  34:../main.c     **** *******************************************************************************/
  35:../main.c     **** 
  36:../main.c     **** /*******************************************************************************
  37:../main.c     **** **                      Global Type Definitions                               **
  38:../main.c     **** *******************************************************************************/
  39:../main.c     **** 
  40:../main.c     **** /*******************************************************************************
  41:../main.c     **** **                      Private Type Definitions                              **
  42:../main.c     **** *******************************************************************************/
  43:../main.c     **** 
  44:../main.c     **** /*******************************************************************************
  45:../main.c     **** **                      Global Function Declarations                          **
  46:../main.c     **** *******************************************************************************/
  47:../main.c     **** 
  48:../main.c     **** /*******************************************************************************
  49:../main.c     **** **                      Private Function Declarations                         **
  50:../main.c     **** *******************************************************************************/
  51:../main.c     **** void USB_Debug_Task(void);
  52:../main.c     **** /*******************************************************************************
  53:../main.c     **** **                      Global Constant Definitions                           **
  54:../main.c     **** *******************************************************************************/
  55:../main.c     **** 
  56:../main.c     **** /*******************************************************************************
  57:../main.c     **** **                      Private Constant Definitions                          **
  58:../main.c     **** *******************************************************************************/
  59:../main.c     **** 
  60:../main.c     **** /*******************************************************************************
  61:../main.c     **** **                      Global Variable Definitions                           **
  62:../main.c     **** *******************************************************************************/
  63:../main.c     **** 
  64:../main.c     **** 
  65:../main.c     **** /*******************************************************************************
  66:../main.c     **** **                      Private Variable Definitions                          **
  67:../main.c     **** *******************************************************************************/
  68:../main.c     **** 
  69:../main.c     **** 
  70:../main.c     **** /*******************************************************************************
  71:../main.c     **** **                      Global Function Definitions                           **
  72:../main.c     **** *******************************************************************************/
  73:../main.c     **** 
  74:../main.c     **** /*******************************************************************************
  75:../main.c     **** **                      Private Function Definitions                          **
  76:../main.c     **** *******************************************************************************/
  77:../main.c     **** 
  78:../main.c     **** 
  79:../main.c     **** /**
  80:../main.c     **** 
  81:../main.c     ****  * @brief main() - Application entry point
  82:../main.c     ****  *
  83:../main.c     ****  * <b>Details of function</b><br>
  84:../main.c     ****  * This routine is the application entry point. It is invoked by the device startup code. It is res
  85:../main.c     ****  * invoking the APP initialization dispatcher routine - DAVE_Init() and the setup of the Quadrocopt
  86:../main.c     ****  */
  87:../main.c     **** int main(void)
  88:../main.c     **** {
  28              	 .loc 1 88 0
  29              	 .cfi_startproc
  30              	 
  31              	 
  32 0000 80B5     	 push {r7,lr}
  33              	.LCFI0:
  34              	 .cfi_def_cfa_offset 8
  35              	 .cfi_offset 7,-8
  36              	 .cfi_offset 14,-4
  37 0002 00AF     	 add r7,sp,#0
  38              	.LCFI1:
  39              	 .cfi_def_cfa_register 7
  89:../main.c     **** 	setup();
  40              	 .loc 1 89 0
  41 0004 FFF7FEFF 	 bl setup
  42              	.L2:
  90:../main.c     **** 	while(1U)
  91:../main.c     **** 	{
  92:../main.c     **** 	}
  43              	 .loc 1 92 0 discriminator 1
  44 0008 FEE7     	 b .L2
  45              	 .cfi_endproc
  46              	.LFE451:
  48 000a 00BF     	 .section .text.USB_Debug_Task,"ax",%progbits
  49              	 .align 2
  50              	 .global USB_Debug_Task
  51              	 .thumb
  52              	 .thumb_func
  54              	USB_Debug_Task:
  55              	.LFB452:
  93:../main.c     **** }
  94:../main.c     **** /**
  95:../main.c     ****  *  \brief Debug-Function using USB(experimental)
  96:../main.c     ****  *
  97:../main.c     ****  *
  98:../main.c     ****  *  \details Should be placed in while-loop of main function due to CDC_Device_USBTask(see USBD_VCO
  99:../main.c     ****  */
 100:../main.c     **** void USB_Debug_Task(void)
 101:../main.c     **** {
  56              	 .loc 1 101 0
  57              	 .cfi_startproc
  58              	 
  59              	 
  60 0000 80B5     	 push {r7,lr}
  61              	.LCFI2:
  62              	 .cfi_def_cfa_offset 8
  63              	 .cfi_offset 7,-8
  64              	 .cfi_offset 14,-4
  65 0002 82B0     	 sub sp,sp,#8
  66              	.LCFI3:
  67              	 .cfi_def_cfa_offset 16
  68 0004 00AF     	 add r7,sp,#0
  69              	.LCFI4:
  70              	 .cfi_def_cfa_register 7
 102:../main.c     **** 	//------------------------------------------------------------------------------------------------
 103:../main.c     **** 	//		for serial communication (USB)
 104:../main.c     **** 	// Check number of bytes received
 105:../main.c     **** 	static uint8_t USB_RX_Buffer[20];
 106:../main.c     **** 	static uint8_t USB_TX_Buffer[20];
 107:../main.c     **** 
 108:../main.c     **** 	uint32_t USB_Bytes_rec = USBD_VCOM_BytesReceived();
  71              	 .loc 1 108 0
  72 0006 FFF7FEFF 	 bl USBD_VCOM_BytesReceived
  73 000a 0346     	 mov r3,r0
  74 000c 3B60     	 str r3,[r7]
 109:../main.c     **** 
 110:../main.c     **** 	if (USB_Bytes_rec != 0)
  75              	 .loc 1 110 0
  76 000e 3B68     	 ldr r3,[r7]
  77 0010 002B     	 cmp r3,#0
  78 0012 2AD0     	 beq .L4
  79              	.LBB2:
 111:../main.c     **** 	{
 112:../main.c     **** 		for (uint32_t USB_nByte = 0; USB_nByte < USB_Bytes_rec; USB_nByte++)
  80              	 .loc 1 112 0
  81 0014 0023     	 movs r3,#0
  82 0016 7B60     	 str r3,[r7,#4]
  83 0018 05E0     	 b .L5
  84              	.L6:
 113:../main.c     **** 		{
 114:../main.c     **** 			// Receive Byte
 115:../main.c     **** 			if (USBD_VCOM_ReceiveByte((int8_t*)&USB_RX_Buffer[0]) != USBD_VCOM_STATUS_SUCCESS)
  85              	 .loc 1 115 0
  86 001a 1748     	 ldr r0,.L18
  87 001c FFF7FEFF 	 bl USBD_VCOM_ReceiveByte
 112:../main.c     **** 		{
  88              	 .loc 1 112 0
  89 0020 7B68     	 ldr r3,[r7,#4]
  90 0022 0133     	 adds r3,r3,#1
  91 0024 7B60     	 str r3,[r7,#4]
  92              	.L5:
 112:../main.c     **** 		{
  93              	 .loc 1 112 0 is_stmt 0 discriminator 1
  94 0026 7A68     	 ldr r2,[r7,#4]
  95 0028 3B68     	 ldr r3,[r7]
  96 002a 9A42     	 cmp r2,r3
  97 002c F5D3     	 bcc .L6
  98              	.LBE2:
 116:../main.c     **** 			{
 117:../main.c     **** 				//Error
 118:../main.c     **** 			}
 119:../main.c     **** 		}
 120:../main.c     **** 		switch (USB_RX_Buffer[0])
  99              	 .loc 1 120 0 is_stmt 1
 100 002e 124B     	 ldr r3,.L18
 101 0030 1B78     	 ldrb r3,[r3]
 102 0032 313B     	 subs r3,r3,#49
 103 0034 082B     	 cmp r3,#8
 104 0036 15D8     	 bhi .L7
 105 0038 01A2     	 adr r2,.L9
 106 003a 52F823F0 	 ldr pc,[r2,r3,lsl#2]
 107 003e 00BF     	 .p2align 2
 108              	.L9:
 109 0040 65000000 	 .word .L7+1
 110 0044 65000000 	 .word .L7+1
 111 0048 65000000 	 .word .L7+1
 112 004c 65000000 	 .word .L7+1
 113 0050 65000000 	 .word .L7+1
 114 0054 65000000 	 .word .L7+1
 115 0058 65000000 	 .word .L7+1
 116 005c 65000000 	 .word .L7+1
 117 0060 65000000 	 .word .L7+1
 118              	 .p2align 1
 119              	.L7:
 121:../main.c     **** 		{
 122:../main.c     **** 		case '1':
 123:../main.c     **** 			break;
 124:../main.c     **** 		case '2':
 125:../main.c     **** 			break;
 126:../main.c     **** 		case '3':
 127:../main.c     **** 			break;
 128:../main.c     **** 		case '4':
 129:../main.c     **** 			break;
 130:../main.c     **** 		case '5':
 131:../main.c     **** 			break;
 132:../main.c     **** 		case '6':
 133:../main.c     **** 			break;
 134:../main.c     **** 		case '7':
 135:../main.c     **** 			break;
 136:../main.c     **** 		case '8':
 137:../main.c     **** 			break;
 138:../main.c     **** 		case '9':
 139:../main.c     **** 			break;
 140:../main.c     **** 		}
 141:../main.c     **** 		USBD_VCOM_SendString((const int8_t *) USB_TX_Buffer);
 120              	 .loc 1 141 0
 121 0064 0548     	 ldr r0,.L18+4
 122 0066 FFF7FEFF 	 bl USBD_VCOM_SendString
 123              	.L4:
 142:../main.c     **** 	}
 143:../main.c     **** 
 144:../main.c     **** 	CDC_Device_USBTask(&USBD_VCOM_cdc_interface);
 124              	 .loc 1 144 0
 125 006a 0548     	 ldr r0,.L18+8
 126 006c FFF7FEFF 	 bl CDC_Device_USBTask
 145:../main.c     **** 	//------------------------------------------------------------------------------------------------
 146:../main.c     **** }
 127              	 .loc 1 146 0
 128 0070 0837     	 adds r7,r7,#8
 129              	.LCFI5:
 130              	 .cfi_def_cfa_offset 8
 131 0072 BD46     	 mov sp,r7
 132              	.LCFI6:
 133              	 .cfi_def_cfa_register 13
 134              	 
 135 0074 80BD     	 pop {r7,pc}
 136              	.L19:
 137 0076 00BF     	 .align 2
 138              	.L18:
 139 0078 00000000 	 .word USB_RX_Buffer.16469
 140 007c 00000000 	 .word USB_TX_Buffer.16470
 141 0080 00000000 	 .word USBD_VCOM_cdc_interface
 142              	 .cfi_endproc
 143              	.LFE452:
 145              	 .section .bss.USB_RX_Buffer.16469,"aw",%nobits
 146              	 .align 2
 149              	USB_RX_Buffer.16469:
 150 0000 00000000 	 .space 20
 150      00000000 
 150      00000000 
 150      00000000 
 150      00000000 
 151              	 .section .bss.USB_TX_Buffer.16470,"aw",%nobits
 152              	 .align 2
 155              	USB_TX_Buffer.16470:
 156 0000 00000000 	 .space 20
 156      00000000 
 156      00000000 
 156      00000000 
 156      00000000 
 157              	 .text
 158              	.Letext0:
 159              	 .file 2 "c:\\davev4\\dave-4.1.2\\eclipse\\arm-gcc-49\\arm-none-eabi\\include\\machine\\_default_types.h"
 160              	 .file 3 "c:\\davev4\\dave-4.1.2\\eclipse\\arm-gcc-49\\arm-none-eabi\\include\\stdint.h"
 161              	 .file 4 "C:\\Workspaces\\DAVE-4.1\\Flightcontroller_PWM_CopterRocks_Working/Libraries/CMSIS/Infineon/XMC4500_series/Include/XMC4500.h"
 162              	 .file 5 "C:\\Workspaces\\DAVE-4.1\\Flightcontroller_PWM_CopterRocks_Working\\Libraries\\XMCLib\\inc/xmc_usbd_regs.h"
 163              	 .file 6 "C:\\Workspaces\\DAVE-4.1\\Flightcontroller_PWM_CopterRocks_Working\\Libraries\\XMCLib\\inc/xmc_usbd.h"
 164              	 .file 7 "C:\\Workspaces\\DAVE-4.1\\Flightcontroller_PWM_CopterRocks_Working\\Dave\\Generated/USBD/usbd.h"
 165              	 .file 8 "c:\\workspaces\\dave-4.1\\flightcontroller_pwm_copterrocks_working\\dave\\generated\\usbd\\usb\\core\\endpoint.h"
 166              	 .file 9 "c:\\workspaces\\dave-4.1\\flightcontroller_pwm_copterrocks_working\\dave\\generated\\usbd_vcom\\class_driver\\common\\cdc_class_common.h"
 167              	 .file 10 "c:\\workspaces\\dave-4.1\\flightcontroller_pwm_copterrocks_working\\dave\\generated\\usbd_vcom\\class_driver\\device/cdc_class_device.h"
 168              	 .file 11 "C:\\Workspaces\\DAVE-4.1\\Flightcontroller_PWM_CopterRocks_Working\\Dave\\Generated/USBD_VCOM/usbd_vcom.h"
 169              	 .file 12 "C:\\Workspaces\\DAVE-4.1\\Flightcontroller_PWM_CopterRocks_Working/Libraries/CMSIS/Include/core_cm4.h"
 170              	 .file 13 "C:\\Workspaces\\DAVE-4.1\\Flightcontroller_PWM_CopterRocks_Working/Libraries/CMSIS/Infineon/XMC4500_series/Include/system_XMC4500.h"
 171              	 .file 14 "C:\\Workspaces\\DAVE-4.1\\Flightcontroller_PWM_CopterRocks_Working\\Dave\\Generated/USBD/usbd_extern.h"
 172              	 .file 15 "C:\\Workspaces\\DAVE-4.1\\Flightcontroller_PWM_CopterRocks_Working\\Dave\\Generated/USBD_VCOM/usbd_vcom_extern.h"
DEFINED SYMBOLS
                            *ABS*:00000000 main.c
    {standard input}:20     .text.main:00000000 $t
    {standard input}:25     .text.main:00000000 main
    {standard input}:49     .text.USB_Debug_Task:00000000 $t
    {standard input}:54     .text.USB_Debug_Task:00000000 USB_Debug_Task
    {standard input}:109    .text.USB_Debug_Task:00000040 $d
    {standard input}:118    .text.USB_Debug_Task:00000064 $t
    {standard input}:139    .text.USB_Debug_Task:00000078 $d
    {standard input}:149    .bss.USB_RX_Buffer.16469:00000000 USB_RX_Buffer.16469
    {standard input}:155    .bss.USB_TX_Buffer.16470:00000000 USB_TX_Buffer.16470
    {standard input}:146    .bss.USB_RX_Buffer.16469:00000000 $d
    {standard input}:152    .bss.USB_TX_Buffer.16470:00000000 $d
                     .debug_frame:00000010 $d

UNDEFINED SYMBOLS
setup
USBD_VCOM_BytesReceived
USBD_VCOM_ReceiveByte
USBD_VCOM_SendString
CDC_Device_USBTask
USBD_VCOM_cdc_interface
