Aug 31, 2016 3:33:01 PM java.util.logging.LogManager$RootLogger log
INFO: Start of solver :getSolution() : Wed Aug 31 15:33:01 CEST 2016


Aug 31, 2016 3:33:01 PM java.util.logging.LogManager$RootLogger log
INFO: 
timeout(solve_mapping_problem([ 
reserved([ccu4,3,global],'global_ccu4$595667498$0'),
reserved([scu,0,gcu,ccu4_global_enable,3],'global_ccu4$507149432$0'),
reserved([scu,0,clkctrl,0,pll],'clock_xmc4$1031540557$0'),
reserved([scu,0,clkctrl,0,sys],'clock_xmc4$1031543850$0'),
reserved([scu,0,clkctrl,0,cpu],'clock_xmc4$1031528197$0'),
reserved([scu,0,clkctrl,0,perbridge],'clock_xmc4$01423675773$0'),
reserved([scu,0,clkctrl,0,ebu],'clock_xmc4$1031529685$0'),
reserved([scu,0,clkctrl,0,ccu],'clock_xmc4$1031527794$0'),
reserved([scu,0,clkctrl,0,wdt],'clock_xmc4$1031547044$0'),
reserved([scu,0,clkctrl,0,usb],'clock_xmc4$1031545569$0'),
reserved([scu,0,clkctrl,0,sdmmc],'clock_xmc4$1031537696$0'),
reserved([scu,0,pwrctrl,0,hibernate],'clock_xmc4$1598209007$0'),
reserved([scu,0,rtcclksel],'clock_xmc4$0775757514$0'),
reserved([scu,0,trap,0,sysoscwd],'clock_xmc4$044824278$0'),
reserved([scu,0,trap,0,sysvcolock],'clock_xmc4$778993097$0'),
reserved([scu,0,trap,0,usbvcolock],'clock_xmc4$01069602304$0'),
reserved([scu,0,trap,0,ulpwdg],'clock_xmc4$2129330472$0'),
reserved([ccu4,3,cc4,1],'timer$01581095229$0'),
reserved([cpu,0,exception,nmi],'cpu_ctrl_xmc4$1386348121$0'),
reserved([cpu,0,exception,hardfault],'cpu_ctrl_xmc4$487936166$0'),
reserved([cpu,0,exception,memmanage],'cpu_ctrl_xmc4$01467233271$0'),
reserved([cpu,0,exception,busfault],'cpu_ctrl_xmc4$273383731$0'),
reserved([cpu,0,exception,usagefault],'cpu_ctrl_xmc4$291942002$0'),
reserved([cpu,0,debug],'cpu_ctrl_xmc4$106579907$0'),
reserved([debug_port,0,pad,1],'cpu_ctrl_xmc4$312582226$0'),
reserved([debug_port,0,pad,0],'cpu_ctrl_xmc4$312581908$0'),
reserved([cpu,0,nvic,interrupt,56],'interrupt$01547455786$0'),
reserved([usic,0,channel,0],'uart$1872376985$1'),
reserved([p,1,pad,5],'uart$01830863936$1'),
reserved([p,5,pad,1],'uart$01830863874$1'),
reserved([devicepackage,0,74],'uart$01526747702$1'),
reserved([devicepackage,0,57],'uart$01526747640$1'),
reserved([cpu,0,nvic,interrupt,89],'interrupt$02057989963$1'),
reserved([usic,1,channel,0],'uart$0915038502$2'),
reserved([p,0,pad,4],'uart$01897870689$2'),
reserved([p,2,pad,14],'uart$01897870627$2'),
reserved([devicepackage,0,98],'uart$01515431575$2'),
reserved([devicepackage,0,41],'uart$01515431513$2'),
reserved([cpu,0,nvic,interrupt,90],'interrupt$1215908979$3'),
reserved([eru,1,ers_etl,1],'event_detector$574235127$0'),
reserved([eru,1,ogu,3],'event_generator$0195751183$0'),
reserved([scu,0,gcu,interrupt,erunmi,7],'event_generator$303447155$0'),
reserved([cpu,0,nvic,interrupt,8],'interrupt$705374802$4'),
reserved([p,1,pad,15],'digital_io$01238362304$0'),
reserved([devicepackage,0,68],'digital_io$0567432502$0'),
reserved([eru,1,ers_etl,3],'event_detector$0270236744$1'),
reserved([p,0,pad,5],'digital_io$01748896481$1'),
reserved([devicepackage,0,97],'digital_io$1689478505$1'),
reserved([eru,1,ogu,0],'event_generator$1311800626$1'),
reserved([scu,0,gcu,interrupt,erunmi,4],'event_generator$01706656686$1'),
reserved([cpu,0,nvic,interrupt,5],'interrupt$194840625$5'),
reserved([vadc,0,global_limits],'global_adc$01442101884$0'),
reserved([vadc,0,global],'global_adc$1461179624$0'),
reserved([vadc,0,group,0,config],'global_adc$1466739414$0'),
reserved([vadc,0,group,1,config],'global_adc$1466739415$0'),
reserved([vadc,0,group,2,config],'global_adc$1466739416$0'),
reserved([vadc,0,group,3,config],'global_adc$1466739417$0'),
reserved([vadc,0,backgnd],'adc_measurement$01001152133$0'),
reserved([vadc,0,class,0],'adc_measurement$0718019746$0'),
reserved([p,14,pad,5],'adc_measurement$51162140$0'),
reserved([devicepackage,0,26],'adc_measurement$0804129492$0'),
reserved([vadc,0,group,2,ch,0],'adc_measurement$101658313$0'),
reserved([vadc,0,group,2,result_adv,0],'adc_measurement$0497087189$0'),
reserved([cpu,0,nvic,interrupt,16],'adc_measurement$073544691$0'),
reserved([ccu4,3,cc4,2],'timer$02091629406$1'),
reserved([cpu,0,nvic,interrupt,57],'interrupt$0315693552$6'),
reserved([ccu4,1,global],'global_ccu4$606983625$1'),
reserved([scu,0,gcu,ccu4_global_enable,1],'global_ccu4$01193591047$1'),
reserved([cpu,0,nvic,interrupt,107],'usbd$0706094638$0'),
reserved([usb,0,usb],'usbd$267056142$0'),
reserved([ccu4,3,cc4,3],'timer$1692803713$2'),
reserved([ccu4,1,cc4,3],'timer$1182269536$3'),
reserved([cpu,0,nvic,interrupt,59],'interrupt$01336761906$8'),
reserved([cpu,0,nvic,interrupt,50],'interrupt$01847296083$9'),
reserved([cpu,0,systick],'systimer$01611859742$0'),
reserved([ccu4,0,global],'global_ccu4$618299752$2'),
reserved([scu,0,gcu,ccu4_global_enable,0],'global_ccu4$1400635770$2'),
reserved([ccu4,0,cc4,3],'pwm_ccu4$1504824584$0'),
reserved([p,1,pad,0],'pwm_ccu4$833362997$0'),
reserved([devicepackage,0,79],'pwm_ccu4$01394144321$0'),
reserved([ccu4,0,cc4,2],'pwm_ccu4$0533231705$1'),
reserved([p,1,pad,1],'pwm_ccu4$766356244$1'),
reserved([devicepackage,0,78],'pwm_ccu4$01382828194$1'),
reserved([ccu4,0,cc4,1],'pwm_ccu4$1723679302$2'),
reserved([p,1,pad,2],'pwm_ccu4$699349491$2'),
reserved([devicepackage,0,77],'pwm_ccu4$01371512067$2'),
reserved([ccu4,0,cc4,0],'pwm_ccu4$0314376987$3'),
reserved([p,1,pad,3],'pwm_ccu4$632342738$3'),
reserved([devicepackage,0,76],'pwm_ccu4$01360195940$3')
 ],Vars,Regs,Appslocalvars),15,writeln(timeout),all_solution, Timer, Due, Remainder).


Aug 31, 2016 3:33:01 PM java.util.logging.LogManager$RootLogger log
INFO: 
End of solver : getSolution() :  Difference in ms 687


Sep 01, 2016 12:12:03 PM java.util.logging.LogManager$RootLogger log
INFO: Start of solver :getSolution() : Thu Sep 01 12:12:03 CEST 2016


Sep 01, 2016 12:12:03 PM java.util.logging.LogManager$RootLogger log
INFO: 
timeout(solve_mapping_problem([ 
reserved([ccu4,3,global],'global_ccu4$595667498$0'),
reserved([scu,0,gcu,ccu4_global_enable,3],'global_ccu4$507149432$0'),
reserved([scu,0,clkctrl,0,pll],'clock_xmc4$1031540557$0'),
reserved([scu,0,clkctrl,0,sys],'clock_xmc4$1031543850$0'),
reserved([scu,0,clkctrl,0,cpu],'clock_xmc4$1031528197$0'),
reserved([scu,0,clkctrl,0,perbridge],'clock_xmc4$01423675773$0'),
reserved([scu,0,clkctrl,0,ebu],'clock_xmc4$1031529685$0'),
reserved([scu,0,clkctrl,0,ccu],'clock_xmc4$1031527794$0'),
reserved([scu,0,clkctrl,0,wdt],'clock_xmc4$1031547044$0'),
reserved([scu,0,clkctrl,0,usb],'clock_xmc4$1031545569$0'),
reserved([scu,0,clkctrl,0,sdmmc],'clock_xmc4$1031537696$0'),
reserved([scu,0,pwrctrl,0,hibernate],'clock_xmc4$1598209007$0'),
reserved([scu,0,rtcclksel],'clock_xmc4$0775757514$0'),
reserved([scu,0,trap,0,sysoscwd],'clock_xmc4$044824278$0'),
reserved([scu,0,trap,0,sysvcolock],'clock_xmc4$778993097$0'),
reserved([scu,0,trap,0,usbvcolock],'clock_xmc4$01069602304$0'),
reserved([scu,0,trap,0,ulpwdg],'clock_xmc4$2129330472$0'),
reserved([ccu4,3,cc4,1],'timer$01581095229$0'),
reserved([cpu,0,exception,nmi],'cpu_ctrl_xmc4$1386348121$0'),
reserved([cpu,0,exception,hardfault],'cpu_ctrl_xmc4$487936166$0'),
reserved([cpu,0,exception,memmanage],'cpu_ctrl_xmc4$01467233271$0'),
reserved([cpu,0,exception,busfault],'cpu_ctrl_xmc4$273383731$0'),
reserved([cpu,0,exception,usagefault],'cpu_ctrl_xmc4$291942002$0'),
reserved([cpu,0,debug],'cpu_ctrl_xmc4$106579907$0'),
reserved([debug_port,0,pad,1],'cpu_ctrl_xmc4$312582226$0'),
reserved([debug_port,0,pad,0],'cpu_ctrl_xmc4$312581908$0'),
reserved([cpu,0,nvic,interrupt,56],'interrupt$01547455786$0'),
reserved([usic,0,channel,0],'uart$1872376985$1'),
reserved([p,1,pad,5],'uart$01830863936$1'),
reserved([p,5,pad,1],'uart$01830863874$1'),
reserved([devicepackage,0,74],'uart$01526747702$1'),
reserved([devicepackage,0,57],'uart$01526747640$1'),
reserved([cpu,0,nvic,interrupt,89],'interrupt$02057989963$1'),
reserved([usic,1,channel,0],'uart$0915038502$2'),
reserved([p,0,pad,4],'uart$01897870689$2'),
reserved([p,2,pad,14],'uart$01897870627$2'),
reserved([devicepackage,0,98],'uart$01515431575$2'),
reserved([devicepackage,0,41],'uart$01515431513$2'),
reserved([cpu,0,nvic,interrupt,90],'interrupt$1215908979$3'),
reserved([eru,1,ers_etl,1],'event_detector$574235127$0'),
reserved([eru,1,ogu,3],'event_generator$0195751183$0'),
reserved([scu,0,gcu,interrupt,erunmi,7],'event_generator$303447155$0'),
reserved([cpu,0,nvic,interrupt,8],'interrupt$705374802$4'),
reserved([p,1,pad,15],'digital_io$01238362304$0'),
reserved([devicepackage,0,68],'digital_io$0567432502$0'),
reserved([eru,1,ers_etl,3],'event_detector$0270236744$1'),
reserved([p,0,pad,5],'digital_io$01748896481$1'),
reserved([devicepackage,0,97],'digital_io$1689478505$1'),
reserved([eru,1,ogu,0],'event_generator$1311800626$1'),
reserved([scu,0,gcu,interrupt,erunmi,4],'event_generator$01706656686$1'),
reserved([cpu,0,nvic,interrupt,5],'interrupt$194840625$5'),
reserved([vadc,0,global_limits],'global_adc$01442101884$0'),
reserved([vadc,0,global],'global_adc$1461179624$0'),
reserved([vadc,0,group,0,config],'global_adc$1466739414$0'),
reserved([vadc,0,group,1,config],'global_adc$1466739415$0'),
reserved([vadc,0,group,2,config],'global_adc$1466739416$0'),
reserved([vadc,0,group,3,config],'global_adc$1466739417$0'),
reserved([vadc,0,backgnd],'adc_measurement$01001152133$0'),
reserved([vadc,0,class,0],'adc_measurement$0718019746$0'),
reserved([p,14,pad,5],'adc_measurement$51162140$0'),
reserved([devicepackage,0,26],'adc_measurement$0804129492$0'),
reserved([vadc,0,group,2,ch,0],'adc_measurement$101658313$0'),
reserved([vadc,0,group,2,result_adv,0],'adc_measurement$0497087189$0'),
reserved([cpu,0,nvic,interrupt,16],'adc_measurement$073544691$0'),
reserved([ccu4,3,cc4,2],'timer$02091629406$1'),
reserved([cpu,0,nvic,interrupt,57],'interrupt$0315693552$6'),
reserved([ccu4,1,global],'global_ccu4$606983625$1'),
reserved([scu,0,gcu,ccu4_global_enable,1],'global_ccu4$01193591047$1'),
reserved([cpu,0,nvic,interrupt,107],'usbd$0706094638$0'),
reserved([usb,0,usb],'usbd$267056142$0'),
reserved([ccu4,3,cc4,3],'timer$1692803713$2'),
reserved([ccu4,1,cc4,3],'timer$1182269536$3'),
reserved([cpu,0,nvic,interrupt,59],'interrupt$01336761906$8'),
reserved([cpu,0,nvic,interrupt,50],'interrupt$01847296083$9'),
reserved([cpu,0,systick],'systimer$01611859742$0'),
reserved([ccu4,0,global],'global_ccu4$618299752$2'),
reserved([scu,0,gcu,ccu4_global_enable,0],'global_ccu4$1400635770$2'),
reserved([ccu4,0,cc4,3],'pwm_ccu4$1504824584$0'),
reserved([p,1,pad,0],'pwm_ccu4$833362997$0'),
reserved([devicepackage,0,79],'pwm_ccu4$01394144321$0'),
reserved([ccu4,0,cc4,2],'pwm_ccu4$0533231705$1'),
reserved([p,1,pad,1],'pwm_ccu4$766356244$1'),
reserved([devicepackage,0,78],'pwm_ccu4$01382828194$1'),
reserved([ccu4,0,cc4,1],'pwm_ccu4$1723679302$2'),
reserved([p,1,pad,2],'pwm_ccu4$699349491$2'),
reserved([devicepackage,0,77],'pwm_ccu4$01371512067$2'),
reserved([ccu4,0,cc4,0],'pwm_ccu4$0314376987$3'),
reserved([p,1,pad,3],'pwm_ccu4$632342738$3'),
reserved([devicepackage,0,76],'pwm_ccu4$01360195940$3')
 ],Vars,Regs,Appslocalvars),15,writeln(timeout),all_solution, Timer, Due, Remainder).


Sep 01, 2016 12:12:04 PM java.util.logging.LogManager$RootLogger log
INFO: 
End of solver : getSolution() :  Difference in ms 773


Sep 01, 2016 1:23:09 PM java.util.logging.LogManager$RootLogger log
INFO: Start of solver :getSolution() : Thu Sep 01 13:23:09 CEST 2016


Sep 01, 2016 1:23:09 PM java.util.logging.LogManager$RootLogger log
INFO: 
timeout(solve_mapping_problem([ 
reserved([ccu4,3,global],'global_ccu4$595667498$0'),
reserved([scu,0,gcu,ccu4_global_enable,3],'global_ccu4$507149432$0'),
reserved([scu,0,clkctrl,0,pll],'clock_xmc4$1031540557$0'),
reserved([scu,0,clkctrl,0,sys],'clock_xmc4$1031543850$0'),
reserved([scu,0,clkctrl,0,cpu],'clock_xmc4$1031528197$0'),
reserved([scu,0,clkctrl,0,perbridge],'clock_xmc4$01423675773$0'),
reserved([scu,0,clkctrl,0,ebu],'clock_xmc4$1031529685$0'),
reserved([scu,0,clkctrl,0,ccu],'clock_xmc4$1031527794$0'),
reserved([scu,0,clkctrl,0,wdt],'clock_xmc4$1031547044$0'),
reserved([scu,0,clkctrl,0,usb],'clock_xmc4$1031545569$0'),
reserved([scu,0,clkctrl,0,sdmmc],'clock_xmc4$1031537696$0'),
reserved([scu,0,pwrctrl,0,hibernate],'clock_xmc4$1598209007$0'),
reserved([scu,0,rtcclksel],'clock_xmc4$0775757514$0'),
reserved([scu,0,trap,0,sysoscwd],'clock_xmc4$044824278$0'),
reserved([scu,0,trap,0,sysvcolock],'clock_xmc4$778993097$0'),
reserved([scu,0,trap,0,usbvcolock],'clock_xmc4$01069602304$0'),
reserved([scu,0,trap,0,ulpwdg],'clock_xmc4$2129330472$0'),
reserved([ccu4,3,cc4,1],'timer$01581095229$0'),
reserved([cpu,0,exception,nmi],'cpu_ctrl_xmc4$1386348121$0'),
reserved([cpu,0,exception,hardfault],'cpu_ctrl_xmc4$487936166$0'),
reserved([cpu,0,exception,memmanage],'cpu_ctrl_xmc4$01467233271$0'),
reserved([cpu,0,exception,busfault],'cpu_ctrl_xmc4$273383731$0'),
reserved([cpu,0,exception,usagefault],'cpu_ctrl_xmc4$291942002$0'),
reserved([cpu,0,debug],'cpu_ctrl_xmc4$106579907$0'),
reserved([debug_port,0,pad,1],'cpu_ctrl_xmc4$312582226$0'),
reserved([debug_port,0,pad,0],'cpu_ctrl_xmc4$312581908$0'),
reserved([cpu,0,nvic,interrupt,56],'interrupt$01547455786$0'),
reserved([usic,0,channel,0],'uart$1872376985$1'),
reserved([p,1,pad,5],'uart$01830863936$1'),
reserved([p,5,pad,1],'uart$01830863874$1'),
reserved([devicepackage,0,74],'uart$01526747702$1'),
reserved([devicepackage,0,57],'uart$01526747640$1'),
reserved([cpu,0,nvic,interrupt,89],'interrupt$02057989963$1'),
reserved([usic,1,channel,0],'uart$0915038502$2'),
reserved([p,0,pad,4],'uart$01897870689$2'),
reserved([p,2,pad,14],'uart$01897870627$2'),
reserved([devicepackage,0,98],'uart$01515431575$2'),
reserved([devicepackage,0,41],'uart$01515431513$2'),
reserved([cpu,0,nvic,interrupt,90],'interrupt$1215908979$3'),
reserved([eru,1,ers_etl,1],'event_detector$574235127$0'),
reserved([eru,1,ogu,3],'event_generator$0195751183$0'),
reserved([scu,0,gcu,interrupt,erunmi,7],'event_generator$303447155$0'),
reserved([cpu,0,nvic,interrupt,8],'interrupt$705374802$4'),
reserved([p,1,pad,15],'digital_io$01238362304$0'),
reserved([devicepackage,0,68],'digital_io$0567432502$0'),
reserved([eru,1,ers_etl,3],'event_detector$0270236744$1'),
reserved([p,0,pad,5],'digital_io$01748896481$1'),
reserved([devicepackage,0,97],'digital_io$1689478505$1'),
reserved([eru,1,ogu,0],'event_generator$1311800626$1'),
reserved([scu,0,gcu,interrupt,erunmi,4],'event_generator$01706656686$1'),
reserved([cpu,0,nvic,interrupt,5],'interrupt$194840625$5'),
reserved([vadc,0,global_limits],'global_adc$01442101884$0'),
reserved([vadc,0,global],'global_adc$1461179624$0'),
reserved([vadc,0,group,0,config],'global_adc$1466739414$0'),
reserved([vadc,0,group,1,config],'global_adc$1466739415$0'),
reserved([vadc,0,group,2,config],'global_adc$1466739416$0'),
reserved([vadc,0,group,3,config],'global_adc$1466739417$0'),
reserved([vadc,0,backgnd],'adc_measurement$01001152133$0'),
reserved([vadc,0,class,0],'adc_measurement$0718019746$0'),
reserved([p,14,pad,5],'adc_measurement$51162140$0'),
reserved([devicepackage,0,26],'adc_measurement$0804129492$0'),
reserved([vadc,0,group,2,ch,0],'adc_measurement$101658313$0'),
reserved([vadc,0,group,2,result_adv,0],'adc_measurement$0497087189$0'),
reserved([cpu,0,nvic,interrupt,16],'adc_measurement$073544691$0'),
reserved([ccu4,3,cc4,2],'timer$02091629406$1'),
reserved([cpu,0,nvic,interrupt,57],'interrupt$0315693552$6'),
reserved([ccu4,1,global],'global_ccu4$606983625$1'),
reserved([scu,0,gcu,ccu4_global_enable,1],'global_ccu4$01193591047$1'),
reserved([cpu,0,nvic,interrupt,107],'usbd$0706094638$0'),
reserved([usb,0,usb],'usbd$267056142$0'),
reserved([ccu4,3,cc4,3],'timer$1692803713$2'),
reserved([ccu4,1,cc4,3],'timer$1182269536$3'),
reserved([cpu,0,nvic,interrupt,59],'interrupt$01336761906$8'),
reserved([cpu,0,nvic,interrupt,50],'interrupt$01847296083$9'),
reserved([cpu,0,systick],'systimer$01611859742$0'),
reserved([ccu4,0,global],'global_ccu4$618299752$2'),
reserved([scu,0,gcu,ccu4_global_enable,0],'global_ccu4$1400635770$2'),
reserved([ccu4,0,cc4,3],'pwm_ccu4$1504824584$0'),
reserved([p,1,pad,0],'pwm_ccu4$833362997$0'),
reserved([devicepackage,0,79],'pwm_ccu4$01394144321$0'),
reserved([ccu4,0,cc4,2],'pwm_ccu4$0533231705$1'),
reserved([p,1,pad,1],'pwm_ccu4$766356244$1'),
reserved([devicepackage,0,78],'pwm_ccu4$01382828194$1'),
reserved([ccu4,0,cc4,1],'pwm_ccu4$1723679302$2'),
reserved([p,1,pad,2],'pwm_ccu4$699349491$2'),
reserved([devicepackage,0,77],'pwm_ccu4$01371512067$2'),
reserved([ccu4,0,cc4,0],'pwm_ccu4$0314376987$3'),
reserved([p,1,pad,3],'pwm_ccu4$632342738$3'),
reserved([devicepackage,0,76],'pwm_ccu4$01360195940$3')
 ],Vars,Regs,Appslocalvars),15,writeln(timeout),all_solution, Timer, Due, Remainder).


Sep 01, 2016 1:23:10 PM java.util.logging.LogManager$RootLogger log
INFO: 
End of solver : getSolution() :  Difference in ms 1721


Sep 01, 2016 1:44:01 PM java.util.logging.LogManager$RootLogger log
INFO: Start of solver :getSolution() : Thu Sep 01 13:44:01 CEST 2016


Sep 01, 2016 1:44:01 PM java.util.logging.LogManager$RootLogger log
INFO: 
timeout(solve_mapping_problem([ 
reserved([ccu4,3,global],'global_ccu4$595667498$0'),
reserved([scu,0,gcu,ccu4_global_enable,3],'global_ccu4$507149432$0'),
reserved([scu,0,clkctrl,0,pll],'clock_xmc4$1031540557$0'),
reserved([scu,0,clkctrl,0,sys],'clock_xmc4$1031543850$0'),
reserved([scu,0,clkctrl,0,cpu],'clock_xmc4$1031528197$0'),
reserved([scu,0,clkctrl,0,perbridge],'clock_xmc4$01423675773$0'),
reserved([scu,0,clkctrl,0,ebu],'clock_xmc4$1031529685$0'),
reserved([scu,0,clkctrl,0,ccu],'clock_xmc4$1031527794$0'),
reserved([scu,0,clkctrl,0,wdt],'clock_xmc4$1031547044$0'),
reserved([scu,0,clkctrl,0,usb],'clock_xmc4$1031545569$0'),
reserved([scu,0,clkctrl,0,sdmmc],'clock_xmc4$1031537696$0'),
reserved([scu,0,pwrctrl,0,hibernate],'clock_xmc4$1598209007$0'),
reserved([scu,0,rtcclksel],'clock_xmc4$0775757514$0'),
reserved([scu,0,trap,0,sysoscwd],'clock_xmc4$044824278$0'),
reserved([scu,0,trap,0,sysvcolock],'clock_xmc4$778993097$0'),
reserved([scu,0,trap,0,usbvcolock],'clock_xmc4$01069602304$0'),
reserved([scu,0,trap,0,ulpwdg],'clock_xmc4$2129330472$0'),
reserved([ccu4,3,cc4,1],'timer$01581095229$0'),
reserved([cpu,0,exception,nmi],'cpu_ctrl_xmc4$1386348121$0'),
reserved([cpu,0,exception,hardfault],'cpu_ctrl_xmc4$487936166$0'),
reserved([cpu,0,exception,memmanage],'cpu_ctrl_xmc4$01467233271$0'),
reserved([cpu,0,exception,busfault],'cpu_ctrl_xmc4$273383731$0'),
reserved([cpu,0,exception,usagefault],'cpu_ctrl_xmc4$291942002$0'),
reserved([cpu,0,debug],'cpu_ctrl_xmc4$106579907$0'),
reserved([debug_port,0,pad,1],'cpu_ctrl_xmc4$312582226$0'),
reserved([debug_port,0,pad,0],'cpu_ctrl_xmc4$312581908$0'),
reserved([cpu,0,nvic,interrupt,56],'interrupt$01547455786$0'),
reserved([usic,0,channel,0],'uart$1872376985$1'),
reserved([p,1,pad,5],'uart$01830863936$1'),
reserved([p,5,pad,1],'uart$01830863874$1'),
reserved([devicepackage,0,74],'uart$01526747702$1'),
reserved([devicepackage,0,57],'uart$01526747640$1'),
reserved([cpu,0,nvic,interrupt,89],'interrupt$02057989963$1'),
reserved([usic,1,channel,0],'uart$0915038502$2'),
reserved([p,0,pad,4],'uart$01897870689$2'),
reserved([p,2,pad,14],'uart$01897870627$2'),
reserved([devicepackage,0,98],'uart$01515431575$2'),
reserved([devicepackage,0,41],'uart$01515431513$2'),
reserved([cpu,0,nvic,interrupt,90],'interrupt$1215908979$3'),
reserved([eru,1,ers_etl,1],'event_detector$574235127$0'),
reserved([eru,1,ogu,3],'event_generator$0195751183$0'),
reserved([scu,0,gcu,interrupt,erunmi,7],'event_generator$303447155$0'),
reserved([cpu,0,nvic,interrupt,8],'interrupt$705374802$4'),
reserved([p,1,pad,15],'digital_io$01238362304$0'),
reserved([devicepackage,0,68],'digital_io$0567432502$0'),
reserved([eru,1,ers_etl,3],'event_detector$0270236744$1'),
reserved([p,0,pad,5],'digital_io$01748896481$1'),
reserved([devicepackage,0,97],'digital_io$1689478505$1'),
reserved([eru,1,ogu,0],'event_generator$1311800626$1'),
reserved([scu,0,gcu,interrupt,erunmi,4],'event_generator$01706656686$1'),
reserved([cpu,0,nvic,interrupt,5],'interrupt$194840625$5'),
reserved([vadc,0,global_limits],'global_adc$01442101884$0'),
reserved([vadc,0,global],'global_adc$1461179624$0'),
reserved([vadc,0,group,0,config],'global_adc$1466739414$0'),
reserved([vadc,0,group,1,config],'global_adc$1466739415$0'),
reserved([vadc,0,group,2,config],'global_adc$1466739416$0'),
reserved([vadc,0,group,3,config],'global_adc$1466739417$0'),
reserved([vadc,0,backgnd],'adc_measurement$01001152133$0'),
reserved([vadc,0,class,0],'adc_measurement$0718019746$0'),
reserved([p,14,pad,5],'adc_measurement$51162140$0'),
reserved([devicepackage,0,26],'adc_measurement$0804129492$0'),
reserved([vadc,0,group,2,ch,0],'adc_measurement$101658313$0'),
reserved([vadc,0,group,2,result_adv,0],'adc_measurement$0497087189$0'),
reserved([cpu,0,nvic,interrupt,16],'adc_measurement$073544691$0'),
reserved([ccu4,3,cc4,2],'timer$02091629406$1'),
reserved([cpu,0,nvic,interrupt,57],'interrupt$0315693552$6'),
reserved([ccu4,1,global],'global_ccu4$606983625$1'),
reserved([scu,0,gcu,ccu4_global_enable,1],'global_ccu4$01193591047$1'),
reserved([cpu,0,nvic,interrupt,107],'usbd$0706094638$0'),
reserved([usb,0,usb],'usbd$267056142$0'),
reserved([ccu4,3,cc4,3],'timer$1692803713$2'),
reserved([ccu4,1,cc4,3],'timer$1182269536$3'),
reserved([cpu,0,nvic,interrupt,59],'interrupt$01336761906$8'),
reserved([cpu,0,nvic,interrupt,50],'interrupt$01847296083$9'),
reserved([cpu,0,systick],'systimer$01611859742$0'),
reserved([ccu4,0,global],'global_ccu4$618299752$2'),
reserved([scu,0,gcu,ccu4_global_enable,0],'global_ccu4$1400635770$2'),
reserved([ccu4,0,cc4,3],'pwm_ccu4$1504824584$0'),
reserved([p,1,pad,0],'pwm_ccu4$833362997$0'),
reserved([devicepackage,0,79],'pwm_ccu4$01394144321$0'),
reserved([ccu4,0,cc4,2],'pwm_ccu4$0533231705$1'),
reserved([p,1,pad,1],'pwm_ccu4$766356244$1'),
reserved([devicepackage,0,78],'pwm_ccu4$01382828194$1'),
reserved([ccu4,0,cc4,1],'pwm_ccu4$1723679302$2'),
reserved([p,1,pad,2],'pwm_ccu4$699349491$2'),
reserved([devicepackage,0,77],'pwm_ccu4$01371512067$2'),
reserved([ccu4,0,cc4,0],'pwm_ccu4$0314376987$3'),
reserved([p,1,pad,3],'pwm_ccu4$632342738$3'),
reserved([devicepackage,0,76],'pwm_ccu4$01360195940$3')
 ],Vars,Regs,Appslocalvars),15,writeln(timeout),all_solution, Timer, Due, Remainder).


Sep 01, 2016 1:44:02 PM java.util.logging.LogManager$RootLogger log
INFO: 
End of solver : getSolution() :  Difference in ms 1730


Sep 14, 2016 12:36:16 PM java.util.logging.LogManager$RootLogger log
INFO: Start of solver :getSolution() : Wed Sep 14 12:36:16 CEST 2016


Sep 14, 2016 12:36:16 PM java.util.logging.LogManager$RootLogger log
INFO: 
timeout(solve_mapping_problem([ 
reserved([ccu4,3,global],'global_ccu4$595667498$0'),
reserved([scu,0,gcu,ccu4_global_enable,3],'global_ccu4$507149432$0'),
reserved([scu,0,clkctrl,0,pll],'clock_xmc4$1031540557$0'),
reserved([scu,0,clkctrl,0,sys],'clock_xmc4$1031543850$0'),
reserved([scu,0,clkctrl,0,cpu],'clock_xmc4$1031528197$0'),
reserved([scu,0,clkctrl,0,perbridge],'clock_xmc4$01423675773$0'),
reserved([scu,0,clkctrl,0,ebu],'clock_xmc4$1031529685$0'),
reserved([scu,0,clkctrl,0,ccu],'clock_xmc4$1031527794$0'),
reserved([scu,0,clkctrl,0,wdt],'clock_xmc4$1031547044$0'),
reserved([scu,0,clkctrl,0,usb],'clock_xmc4$1031545569$0'),
reserved([scu,0,clkctrl,0,sdmmc],'clock_xmc4$1031537696$0'),
reserved([scu,0,pwrctrl,0,hibernate],'clock_xmc4$1598209007$0'),
reserved([scu,0,rtcclksel],'clock_xmc4$0775757514$0'),
reserved([scu,0,trap,0,sysoscwd],'clock_xmc4$044824278$0'),
reserved([scu,0,trap,0,sysvcolock],'clock_xmc4$778993097$0'),
reserved([scu,0,trap,0,usbvcolock],'clock_xmc4$01069602304$0'),
reserved([scu,0,trap,0,ulpwdg],'clock_xmc4$2129330472$0'),
reserved([ccu4,3,cc4,1],'timer$01581095229$0'),
reserved([cpu,0,exception,nmi],'cpu_ctrl_xmc4$1386348121$0'),
reserved([cpu,0,exception,hardfault],'cpu_ctrl_xmc4$487936166$0'),
reserved([cpu,0,exception,memmanage],'cpu_ctrl_xmc4$01467233271$0'),
reserved([cpu,0,exception,busfault],'cpu_ctrl_xmc4$273383731$0'),
reserved([cpu,0,exception,usagefault],'cpu_ctrl_xmc4$291942002$0'),
reserved([cpu,0,debug],'cpu_ctrl_xmc4$106579907$0'),
reserved([debug_port,0,pad,1],'cpu_ctrl_xmc4$312582226$0'),
reserved([debug_port,0,pad,0],'cpu_ctrl_xmc4$312581908$0'),
reserved([cpu,0,nvic,interrupt,56],'interrupt$01547455786$0'),
reserved([usic,0,channel,0],'uart$1872376985$1'),
reserved([p,1,pad,5],'uart$01830863936$1'),
reserved([p,5,pad,1],'uart$01830863874$1'),
reserved([devicepackage,0,74],'uart$01526747702$1'),
reserved([devicepackage,0,57],'uart$01526747640$1'),
reserved([cpu,0,nvic,interrupt,89],'interrupt$02057989963$1'),
reserved([usic,1,channel,0],'uart$0915038502$2'),
reserved([p,0,pad,4],'uart$01897870689$2'),
reserved([p,2,pad,14],'uart$01897870627$2'),
reserved([devicepackage,0,98],'uart$01515431575$2'),
reserved([devicepackage,0,41],'uart$01515431513$2'),
reserved([cpu,0,nvic,interrupt,90],'interrupt$1215908979$3'),
reserved([eru,1,ers_etl,1],'event_detector$574235127$0'),
reserved([eru,1,ogu,3],'event_generator$0195751183$0'),
reserved([scu,0,gcu,interrupt,erunmi,7],'event_generator$303447155$0'),
reserved([cpu,0,nvic,interrupt,8],'interrupt$705374802$4'),
reserved([p,1,pad,15],'digital_io$01238362304$0'),
reserved([devicepackage,0,68],'digital_io$0567432502$0'),
reserved([eru,1,ers_etl,3],'event_detector$0270236744$1'),
reserved([p,0,pad,5],'digital_io$01748896481$1'),
reserved([devicepackage,0,97],'digital_io$1689478505$1'),
reserved([eru,1,ogu,0],'event_generator$1311800626$1'),
reserved([scu,0,gcu,interrupt,erunmi,4],'event_generator$01706656686$1'),
reserved([cpu,0,nvic,interrupt,5],'interrupt$194840625$5'),
reserved([vadc,0,global_limits],'global_adc$01442101884$0'),
reserved([vadc,0,global],'global_adc$1461179624$0'),
reserved([vadc,0,group,0,config],'global_adc$1466739414$0'),
reserved([vadc,0,group,1,config],'global_adc$1466739415$0'),
reserved([vadc,0,group,2,config],'global_adc$1466739416$0'),
reserved([vadc,0,group,3,config],'global_adc$1466739417$0'),
reserved([vadc,0,backgnd],'adc_measurement$01001152133$0'),
reserved([vadc,0,class,0],'adc_measurement$0718019746$0'),
reserved([p,14,pad,5],'adc_measurement$51162140$0'),
reserved([devicepackage,0,26],'adc_measurement$0804129492$0'),
reserved([vadc,0,group,2,ch,0],'adc_measurement$101658313$0'),
reserved([vadc,0,group,2,result_adv,0],'adc_measurement$0497087189$0'),
reserved([cpu,0,nvic,interrupt,16],'adc_measurement$073544691$0'),
reserved([ccu4,3,cc4,2],'timer$02091629406$1'),
reserved([cpu,0,nvic,interrupt,57],'interrupt$0315693552$6'),
reserved([ccu4,1,global],'global_ccu4$606983625$1'),
reserved([scu,0,gcu,ccu4_global_enable,1],'global_ccu4$01193591047$1'),
reserved([cpu,0,nvic,interrupt,107],'usbd$0706094638$0'),
reserved([usb,0,usb],'usbd$267056142$0'),
reserved([ccu4,3,cc4,3],'timer$1692803713$2'),
reserved([ccu4,1,cc4,3],'timer$1182269536$3'),
reserved([cpu,0,nvic,interrupt,59],'interrupt$01336761906$8'),
reserved([cpu,0,nvic,interrupt,50],'interrupt$01847296083$9'),
reserved([cpu,0,systick],'systimer$01611859742$0'),
reserved([ccu4,0,global],'global_ccu4$618299752$2'),
reserved([scu,0,gcu,ccu4_global_enable,0],'global_ccu4$1400635770$2'),
reserved([ccu4,0,cc4,3],'pwm_ccu4$1504824584$0'),
reserved([p,1,pad,0],'pwm_ccu4$833362997$0'),
reserved([devicepackage,0,79],'pwm_ccu4$01394144321$0'),
reserved([ccu4,0,cc4,2],'pwm_ccu4$0533231705$1'),
reserved([p,1,pad,1],'pwm_ccu4$766356244$1'),
reserved([devicepackage,0,78],'pwm_ccu4$01382828194$1'),
reserved([ccu4,0,cc4,1],'pwm_ccu4$1723679302$2'),
reserved([p,1,pad,2],'pwm_ccu4$699349491$2'),
reserved([devicepackage,0,77],'pwm_ccu4$01371512067$2'),
reserved([ccu4,0,cc4,0],'pwm_ccu4$0314376987$3'),
reserved([p,1,pad,3],'pwm_ccu4$632342738$3'),
reserved([devicepackage,0,76],'pwm_ccu4$01360195940$3')
 ],Vars,Regs,Appslocalvars),15,writeln(timeout),all_solution, Timer, Due, Remainder).


Sep 14, 2016 12:36:17 PM java.util.logging.LogManager$RootLogger log
INFO: 
End of solver : getSolution() :  Difference in ms 642


Sep 14, 2016 4:38:52 PM java.util.logging.LogManager$RootLogger log
INFO: Start of solver :getSolution() : Wed Sep 14 16:38:52 CEST 2016


Sep 14, 2016 4:38:52 PM java.util.logging.LogManager$RootLogger log
INFO: 
timeout(solve_mapping_problem([ 
reserved([ccu4,3,global],'global_ccu4$595667498$0'),
reserved([scu,0,gcu,ccu4_global_enable,3],'global_ccu4$507149432$0'),
reserved([scu,0,clkctrl,0,pll],'clock_xmc4$1031540557$0'),
reserved([scu,0,clkctrl,0,sys],'clock_xmc4$1031543850$0'),
reserved([scu,0,clkctrl,0,cpu],'clock_xmc4$1031528197$0'),
reserved([scu,0,clkctrl,0,perbridge],'clock_xmc4$01423675773$0'),
reserved([scu,0,clkctrl,0,ebu],'clock_xmc4$1031529685$0'),
reserved([scu,0,clkctrl,0,ccu],'clock_xmc4$1031527794$0'),
reserved([scu,0,clkctrl,0,wdt],'clock_xmc4$1031547044$0'),
reserved([scu,0,clkctrl,0,usb],'clock_xmc4$1031545569$0'),
reserved([scu,0,clkctrl,0,sdmmc],'clock_xmc4$1031537696$0'),
reserved([scu,0,pwrctrl,0,hibernate],'clock_xmc4$1598209007$0'),
reserved([scu,0,rtcclksel],'clock_xmc4$0775757514$0'),
reserved([scu,0,trap,0,sysoscwd],'clock_xmc4$044824278$0'),
reserved([scu,0,trap,0,sysvcolock],'clock_xmc4$778993097$0'),
reserved([scu,0,trap,0,usbvcolock],'clock_xmc4$01069602304$0'),
reserved([scu,0,trap,0,ulpwdg],'clock_xmc4$2129330472$0'),
reserved([ccu4,3,cc4,1],'timer$01581095229$0'),
reserved([cpu,0,exception,nmi],'cpu_ctrl_xmc4$1386348121$0'),
reserved([cpu,0,exception,hardfault],'cpu_ctrl_xmc4$487936166$0'),
reserved([cpu,0,exception,memmanage],'cpu_ctrl_xmc4$01467233271$0'),
reserved([cpu,0,exception,busfault],'cpu_ctrl_xmc4$273383731$0'),
reserved([cpu,0,exception,usagefault],'cpu_ctrl_xmc4$291942002$0'),
reserved([cpu,0,debug],'cpu_ctrl_xmc4$106579907$0'),
reserved([debug_port,0,pad,1],'cpu_ctrl_xmc4$312582226$0'),
reserved([debug_port,0,pad,0],'cpu_ctrl_xmc4$312581908$0'),
reserved([cpu,0,nvic,interrupt,56],'interrupt$01547455786$0'),
reserved([usic,0,channel,0],'uart$1872376985$1'),
reserved([p,1,pad,5],'uart$01830863936$1'),
reserved([p,5,pad,1],'uart$01830863874$1'),
reserved([devicepackage,0,74],'uart$01526747702$1'),
reserved([devicepackage,0,57],'uart$01526747640$1'),
reserved([cpu,0,nvic,interrupt,89],'interrupt$02057989963$1'),
reserved([usic,1,channel,0],'uart$0915038502$2'),
reserved([p,0,pad,4],'uart$01897870689$2'),
reserved([p,2,pad,14],'uart$01897870627$2'),
reserved([devicepackage,0,98],'uart$01515431575$2'),
reserved([devicepackage,0,41],'uart$01515431513$2'),
reserved([cpu,0,nvic,interrupt,90],'interrupt$1215908979$3'),
reserved([eru,1,ers_etl,1],'event_detector$574235127$0'),
reserved([eru,1,ogu,3],'event_generator$0195751183$0'),
reserved([scu,0,gcu,interrupt,erunmi,7],'event_generator$303447155$0'),
reserved([cpu,0,nvic,interrupt,8],'interrupt$705374802$4'),
reserved([p,1,pad,15],'digital_io$01238362304$0'),
reserved([devicepackage,0,68],'digital_io$0567432502$0'),
reserved([eru,1,ers_etl,3],'event_detector$0270236744$1'),
reserved([p,0,pad,5],'digital_io$01748896481$1'),
reserved([devicepackage,0,97],'digital_io$1689478505$1'),
reserved([eru,1,ogu,0],'event_generator$1311800626$1'),
reserved([scu,0,gcu,interrupt,erunmi,4],'event_generator$01706656686$1'),
reserved([cpu,0,nvic,interrupt,5],'interrupt$194840625$5'),
reserved([vadc,0,global_limits],'global_adc$01442101884$0'),
reserved([vadc,0,global],'global_adc$1461179624$0'),
reserved([vadc,0,group,0,config],'global_adc$1466739414$0'),
reserved([vadc,0,group,1,config],'global_adc$1466739415$0'),
reserved([vadc,0,group,2,config],'global_adc$1466739416$0'),
reserved([vadc,0,group,3,config],'global_adc$1466739417$0'),
reserved([vadc,0,backgnd],'adc_measurement$01001152133$0'),
reserved([vadc,0,class,0],'adc_measurement$0718019746$0'),
reserved([p,14,pad,5],'adc_measurement$51162140$0'),
reserved([devicepackage,0,26],'adc_measurement$0804129492$0'),
reserved([vadc,0,group,2,ch,0],'adc_measurement$101658313$0'),
reserved([vadc,0,group,2,result_adv,0],'adc_measurement$0497087189$0'),
reserved([cpu,0,nvic,interrupt,16],'adc_measurement$073544691$0'),
reserved([ccu4,3,cc4,2],'timer$02091629406$1'),
reserved([cpu,0,nvic,interrupt,57],'interrupt$0315693552$6'),
reserved([ccu4,1,global],'global_ccu4$606983625$1'),
reserved([scu,0,gcu,ccu4_global_enable,1],'global_ccu4$01193591047$1'),
reserved([cpu,0,nvic,interrupt,107],'usbd$0706094638$0'),
reserved([usb,0,usb],'usbd$267056142$0'),
reserved([ccu4,3,cc4,3],'timer$1692803713$2'),
reserved([ccu4,1,cc4,3],'timer$1182269536$3'),
reserved([cpu,0,nvic,interrupt,59],'interrupt$01336761906$8'),
reserved([cpu,0,nvic,interrupt,50],'interrupt$01847296083$9'),
reserved([cpu,0,systick],'systimer$01611859742$0'),
reserved([ccu4,0,global],'global_ccu4$618299752$2'),
reserved([scu,0,gcu,ccu4_global_enable,0],'global_ccu4$1400635770$2'),
reserved([ccu4,0,cc4,3],'pwm_ccu4$1504824584$0'),
reserved([p,1,pad,0],'pwm_ccu4$833362997$0'),
reserved([devicepackage,0,79],'pwm_ccu4$01394144321$0'),
reserved([ccu4,0,cc4,2],'pwm_ccu4$0533231705$1'),
reserved([p,1,pad,1],'pwm_ccu4$766356244$1'),
reserved([devicepackage,0,78],'pwm_ccu4$01382828194$1'),
reserved([ccu4,0,cc4,1],'pwm_ccu4$1723679302$2'),
reserved([p,1,pad,2],'pwm_ccu4$699349491$2'),
reserved([devicepackage,0,77],'pwm_ccu4$01371512067$2'),
reserved([ccu4,0,cc4,0],'pwm_ccu4$0314376987$3'),
reserved([p,1,pad,3],'pwm_ccu4$632342738$3'),
reserved([devicepackage,0,76],'pwm_ccu4$01360195940$3')
 ],Vars,Regs,Appslocalvars),15,writeln(timeout),all_solution, Timer, Due, Remainder).


Sep 14, 2016 4:38:53 PM java.util.logging.LogManager$RootLogger log
INFO: 
End of solver : getSolution() :  Difference in ms 670


Sep 15, 2016 8:33:16 AM java.util.logging.LogManager$RootLogger log
INFO: Start of solver :getSolution() : Thu Sep 15 08:33:16 CEST 2016


Sep 15, 2016 8:33:16 AM java.util.logging.LogManager$RootLogger log
INFO: 
timeout(solve_mapping_problem([ 
reserved([ccu4,3,global],'global_ccu4$595667498$0'),
reserved([scu,0,gcu,ccu4_global_enable,3],'global_ccu4$507149432$0'),
reserved([scu,0,clkctrl,0,pll],'clock_xmc4$1031540557$0'),
reserved([scu,0,clkctrl,0,sys],'clock_xmc4$1031543850$0'),
reserved([scu,0,clkctrl,0,cpu],'clock_xmc4$1031528197$0'),
reserved([scu,0,clkctrl,0,perbridge],'clock_xmc4$01423675773$0'),
reserved([scu,0,clkctrl,0,ebu],'clock_xmc4$1031529685$0'),
reserved([scu,0,clkctrl,0,ccu],'clock_xmc4$1031527794$0'),
reserved([scu,0,clkctrl,0,wdt],'clock_xmc4$1031547044$0'),
reserved([scu,0,clkctrl,0,usb],'clock_xmc4$1031545569$0'),
reserved([scu,0,clkctrl,0,sdmmc],'clock_xmc4$1031537696$0'),
reserved([scu,0,pwrctrl,0,hibernate],'clock_xmc4$1598209007$0'),
reserved([scu,0,rtcclksel],'clock_xmc4$0775757514$0'),
reserved([scu,0,trap,0,sysoscwd],'clock_xmc4$044824278$0'),
reserved([scu,0,trap,0,sysvcolock],'clock_xmc4$778993097$0'),
reserved([scu,0,trap,0,usbvcolock],'clock_xmc4$01069602304$0'),
reserved([scu,0,trap,0,ulpwdg],'clock_xmc4$2129330472$0'),
reserved([ccu4,3,cc4,1],'timer$01581095229$0'),
reserved([cpu,0,exception,nmi],'cpu_ctrl_xmc4$1386348121$0'),
reserved([cpu,0,exception,hardfault],'cpu_ctrl_xmc4$487936166$0'),
reserved([cpu,0,exception,memmanage],'cpu_ctrl_xmc4$01467233271$0'),
reserved([cpu,0,exception,busfault],'cpu_ctrl_xmc4$273383731$0'),
reserved([cpu,0,exception,usagefault],'cpu_ctrl_xmc4$291942002$0'),
reserved([cpu,0,debug],'cpu_ctrl_xmc4$106579907$0'),
reserved([debug_port,0,pad,1],'cpu_ctrl_xmc4$312582226$0'),
reserved([debug_port,0,pad,0],'cpu_ctrl_xmc4$312581908$0'),
reserved([cpu,0,nvic,interrupt,56],'interrupt$01547455786$0'),
reserved([usic,0,channel,0],'uart$1872376985$1'),
reserved([p,1,pad,5],'uart$01830863936$1'),
reserved([p,5,pad,1],'uart$01830863874$1'),
reserved([devicepackage,0,74],'uart$01526747702$1'),
reserved([devicepackage,0,57],'uart$01526747640$1'),
reserved([cpu,0,nvic,interrupt,89],'interrupt$02057989963$1'),
reserved([usic,1,channel,0],'uart$0915038502$2'),
reserved([p,0,pad,4],'uart$01897870689$2'),
reserved([p,2,pad,14],'uart$01897870627$2'),
reserved([devicepackage,0,98],'uart$01515431575$2'),
reserved([devicepackage,0,41],'uart$01515431513$2'),
reserved([cpu,0,nvic,interrupt,90],'interrupt$1215908979$3'),
reserved([eru,1,ers_etl,1],'event_detector$574235127$0'),
reserved([eru,1,ogu,3],'event_generator$0195751183$0'),
reserved([scu,0,gcu,interrupt,erunmi,7],'event_generator$303447155$0'),
reserved([cpu,0,nvic,interrupt,8],'interrupt$705374802$4'),
reserved([p,1,pad,15],'digital_io$01238362304$0'),
reserved([devicepackage,0,68],'digital_io$0567432502$0'),
reserved([eru,1,ers_etl,3],'event_detector$0270236744$1'),
reserved([p,0,pad,5],'digital_io$01748896481$1'),
reserved([devicepackage,0,97],'digital_io$1689478505$1'),
reserved([eru,1,ogu,0],'event_generator$1311800626$1'),
reserved([scu,0,gcu,interrupt,erunmi,4],'event_generator$01706656686$1'),
reserved([cpu,0,nvic,interrupt,5],'interrupt$194840625$5'),
reserved([vadc,0,global_limits],'global_adc$01442101884$0'),
reserved([vadc,0,global],'global_adc$1461179624$0'),
reserved([vadc,0,group,0,config],'global_adc$1466739414$0'),
reserved([vadc,0,group,1,config],'global_adc$1466739415$0'),
reserved([vadc,0,group,2,config],'global_adc$1466739416$0'),
reserved([vadc,0,group,3,config],'global_adc$1466739417$0'),
reserved([vadc,0,backgnd],'adc_measurement$01001152133$0'),
reserved([vadc,0,class,0],'adc_measurement$0718019746$0'),
reserved([p,14,pad,5],'adc_measurement$51162140$0'),
reserved([devicepackage,0,26],'adc_measurement$0804129492$0'),
reserved([vadc,0,group,2,ch,0],'adc_measurement$101658313$0'),
reserved([vadc,0,group,2,result_adv,0],'adc_measurement$0497087189$0'),
reserved([cpu,0,nvic,interrupt,16],'adc_measurement$073544691$0'),
reserved([ccu4,3,cc4,2],'timer$02091629406$1'),
reserved([cpu,0,nvic,interrupt,57],'interrupt$0315693552$6'),
reserved([ccu4,1,global],'global_ccu4$606983625$1'),
reserved([scu,0,gcu,ccu4_global_enable,1],'global_ccu4$01193591047$1'),
reserved([cpu,0,nvic,interrupt,107],'usbd$0706094638$0'),
reserved([usb,0,usb],'usbd$267056142$0'),
reserved([ccu4,3,cc4,3],'timer$1692803713$2'),
reserved([ccu4,1,cc4,3],'timer$1182269536$3'),
reserved([cpu,0,nvic,interrupt,59],'interrupt$01336761906$8'),
reserved([cpu,0,nvic,interrupt,50],'interrupt$01847296083$9'),
reserved([cpu,0,systick],'systimer$01611859742$0'),
reserved([ccu4,0,global],'global_ccu4$618299752$2'),
reserved([scu,0,gcu,ccu4_global_enable,0],'global_ccu4$1400635770$2'),
reserved([ccu4,0,cc4,3],'pwm_ccu4$1504824584$0'),
reserved([p,1,pad,0],'pwm_ccu4$833362997$0'),
reserved([devicepackage,0,79],'pwm_ccu4$01394144321$0'),
reserved([ccu4,0,cc4,2],'pwm_ccu4$0533231705$1'),
reserved([p,1,pad,1],'pwm_ccu4$766356244$1'),
reserved([devicepackage,0,78],'pwm_ccu4$01382828194$1'),
reserved([ccu4,0,cc4,1],'pwm_ccu4$1723679302$2'),
reserved([p,1,pad,2],'pwm_ccu4$699349491$2'),
reserved([devicepackage,0,77],'pwm_ccu4$01371512067$2'),
reserved([ccu4,0,cc4,0],'pwm_ccu4$0314376987$3'),
reserved([p,1,pad,3],'pwm_ccu4$632342738$3'),
reserved([devicepackage,0,76],'pwm_ccu4$01360195940$3')
 ],Vars,Regs,Appslocalvars),15,writeln(timeout),all_solution, Timer, Due, Remainder).


Sep 15, 2016 8:33:17 AM java.util.logging.LogManager$RootLogger log
INFO: 
End of solver : getSolution() :  Difference in ms 670


Sep 15, 2016 9:25:22 AM java.util.logging.LogManager$RootLogger log
INFO: Start of solver :getSolution() : Thu Sep 15 09:25:22 CEST 2016


Sep 15, 2016 9:25:22 AM java.util.logging.LogManager$RootLogger log
INFO: 
timeout(solve_mapping_problem([ 
reserved([ccu4,3,global],'global_ccu4$595667498$0'),
reserved([scu,0,gcu,ccu4_global_enable,3],'global_ccu4$507149432$0'),
reserved([scu,0,clkctrl,0,pll],'clock_xmc4$1031540557$0'),
reserved([scu,0,clkctrl,0,sys],'clock_xmc4$1031543850$0'),
reserved([scu,0,clkctrl,0,cpu],'clock_xmc4$1031528197$0'),
reserved([scu,0,clkctrl,0,perbridge],'clock_xmc4$01423675773$0'),
reserved([scu,0,clkctrl,0,ebu],'clock_xmc4$1031529685$0'),
reserved([scu,0,clkctrl,0,ccu],'clock_xmc4$1031527794$0'),
reserved([scu,0,clkctrl,0,wdt],'clock_xmc4$1031547044$0'),
reserved([scu,0,clkctrl,0,usb],'clock_xmc4$1031545569$0'),
reserved([scu,0,clkctrl,0,sdmmc],'clock_xmc4$1031537696$0'),
reserved([scu,0,pwrctrl,0,hibernate],'clock_xmc4$1598209007$0'),
reserved([scu,0,rtcclksel],'clock_xmc4$0775757514$0'),
reserved([scu,0,trap,0,sysoscwd],'clock_xmc4$044824278$0'),
reserved([scu,0,trap,0,sysvcolock],'clock_xmc4$778993097$0'),
reserved([scu,0,trap,0,usbvcolock],'clock_xmc4$01069602304$0'),
reserved([scu,0,trap,0,ulpwdg],'clock_xmc4$2129330472$0'),
reserved([ccu4,3,cc4,1],'timer$01581095229$0'),
reserved([cpu,0,exception,nmi],'cpu_ctrl_xmc4$1386348121$0'),
reserved([cpu,0,exception,hardfault],'cpu_ctrl_xmc4$487936166$0'),
reserved([cpu,0,exception,memmanage],'cpu_ctrl_xmc4$01467233271$0'),
reserved([cpu,0,exception,busfault],'cpu_ctrl_xmc4$273383731$0'),
reserved([cpu,0,exception,usagefault],'cpu_ctrl_xmc4$291942002$0'),
reserved([cpu,0,debug],'cpu_ctrl_xmc4$106579907$0'),
reserved([debug_port,0,pad,1],'cpu_ctrl_xmc4$312582226$0'),
reserved([debug_port,0,pad,0],'cpu_ctrl_xmc4$312581908$0'),
reserved([cpu,0,nvic,interrupt,56],'interrupt$01547455786$0'),
reserved([usic,0,channel,0],'uart$1872376985$1'),
reserved([p,1,pad,5],'uart$01830863936$1'),
reserved([p,5,pad,1],'uart$01830863874$1'),
reserved([devicepackage,0,74],'uart$01526747702$1'),
reserved([devicepackage,0,57],'uart$01526747640$1'),
reserved([cpu,0,nvic,interrupt,89],'interrupt$02057989963$1'),
reserved([usic,1,channel,0],'uart$0915038502$2'),
reserved([p,0,pad,4],'uart$01897870689$2'),
reserved([p,2,pad,14],'uart$01897870627$2'),
reserved([devicepackage,0,98],'uart$01515431575$2'),
reserved([devicepackage,0,41],'uart$01515431513$2'),
reserved([cpu,0,nvic,interrupt,90],'interrupt$1215908979$3'),
reserved([eru,1,ers_etl,1],'event_detector$574235127$0'),
reserved([eru,1,ogu,3],'event_generator$0195751183$0'),
reserved([scu,0,gcu,interrupt,erunmi,7],'event_generator$303447155$0'),
reserved([cpu,0,nvic,interrupt,8],'interrupt$705374802$4'),
reserved([p,1,pad,15],'digital_io$01238362304$0'),
reserved([devicepackage,0,68],'digital_io$0567432502$0'),
reserved([eru,1,ers_etl,3],'event_detector$0270236744$1'),
reserved([p,0,pad,5],'digital_io$01748896481$1'),
reserved([devicepackage,0,97],'digital_io$1689478505$1'),
reserved([eru,1,ogu,0],'event_generator$1311800626$1'),
reserved([scu,0,gcu,interrupt,erunmi,4],'event_generator$01706656686$1'),
reserved([cpu,0,nvic,interrupt,5],'interrupt$194840625$5'),
reserved([vadc,0,global_limits],'global_adc$01442101884$0'),
reserved([vadc,0,global],'global_adc$1461179624$0'),
reserved([vadc,0,group,0,config],'global_adc$1466739414$0'),
reserved([vadc,0,group,1,config],'global_adc$1466739415$0'),
reserved([vadc,0,group,2,config],'global_adc$1466739416$0'),
reserved([vadc,0,group,3,config],'global_adc$1466739417$0'),
reserved([vadc,0,backgnd],'adc_measurement$01001152133$0'),
reserved([vadc,0,class,0],'adc_measurement$0718019746$0'),
reserved([p,14,pad,5],'adc_measurement$51162140$0'),
reserved([devicepackage,0,26],'adc_measurement$0804129492$0'),
reserved([vadc,0,group,2,ch,0],'adc_measurement$101658313$0'),
reserved([vadc,0,group,2,result_adv,0],'adc_measurement$0497087189$0'),
reserved([cpu,0,nvic,interrupt,16],'adc_measurement$073544691$0'),
reserved([ccu4,3,cc4,2],'timer$02091629406$1'),
reserved([cpu,0,nvic,interrupt,57],'interrupt$0315693552$6'),
reserved([ccu4,1,global],'global_ccu4$606983625$1'),
reserved([scu,0,gcu,ccu4_global_enable,1],'global_ccu4$01193591047$1'),
reserved([cpu,0,nvic,interrupt,107],'usbd$0706094638$0'),
reserved([usb,0,usb],'usbd$267056142$0'),
reserved([ccu4,3,cc4,3],'timer$1692803713$2'),
reserved([ccu4,1,cc4,3],'timer$1182269536$3'),
reserved([cpu,0,nvic,interrupt,59],'interrupt$01336761906$8'),
reserved([cpu,0,nvic,interrupt,50],'interrupt$01847296083$9'),
reserved([cpu,0,systick],'systimer$01611859742$0'),
reserved([ccu4,0,global],'global_ccu4$618299752$2'),
reserved([scu,0,gcu,ccu4_global_enable,0],'global_ccu4$1400635770$2'),
reserved([ccu4,0,cc4,3],'pwm_ccu4$1504824584$0'),
reserved([p,1,pad,0],'pwm_ccu4$833362997$0'),
reserved([devicepackage,0,79],'pwm_ccu4$01394144321$0'),
reserved([ccu4,0,cc4,2],'pwm_ccu4$0533231705$1'),
reserved([p,1,pad,1],'pwm_ccu4$766356244$1'),
reserved([devicepackage,0,78],'pwm_ccu4$01382828194$1'),
reserved([ccu4,0,cc4,1],'pwm_ccu4$1723679302$2'),
reserved([p,1,pad,2],'pwm_ccu4$699349491$2'),
reserved([devicepackage,0,77],'pwm_ccu4$01371512067$2'),
reserved([ccu4,0,cc4,0],'pwm_ccu4$0314376987$3'),
reserved([p,1,pad,3],'pwm_ccu4$632342738$3'),
reserved([devicepackage,0,76],'pwm_ccu4$01360195940$3')
 ],Vars,Regs,Appslocalvars),15,writeln(timeout),all_solution, Timer, Due, Remainder).


Sep 15, 2016 9:25:23 AM java.util.logging.LogManager$RootLogger log
INFO: 
End of solver : getSolution() :  Difference in ms 598


Sep 15, 2016 10:07:23 AM java.util.logging.LogManager$RootLogger log
INFO: Start of solver :getSolution() : Thu Sep 15 10:07:23 CEST 2016


Sep 15, 2016 10:07:23 AM java.util.logging.LogManager$RootLogger log
INFO: 
timeout(solve_mapping_problem([ 
reserved([ccu4,3,global],'global_ccu4$595667498$0'),
reserved([scu,0,gcu,ccu4_global_enable,3],'global_ccu4$507149432$0'),
reserved([scu,0,clkctrl,0,pll],'clock_xmc4$1031540557$0'),
reserved([scu,0,clkctrl,0,sys],'clock_xmc4$1031543850$0'),
reserved([scu,0,clkctrl,0,cpu],'clock_xmc4$1031528197$0'),
reserved([scu,0,clkctrl,0,perbridge],'clock_xmc4$01423675773$0'),
reserved([scu,0,clkctrl,0,ebu],'clock_xmc4$1031529685$0'),
reserved([scu,0,clkctrl,0,ccu],'clock_xmc4$1031527794$0'),
reserved([scu,0,clkctrl,0,wdt],'clock_xmc4$1031547044$0'),
reserved([scu,0,clkctrl,0,usb],'clock_xmc4$1031545569$0'),
reserved([scu,0,clkctrl,0,sdmmc],'clock_xmc4$1031537696$0'),
reserved([scu,0,pwrctrl,0,hibernate],'clock_xmc4$1598209007$0'),
reserved([scu,0,rtcclksel],'clock_xmc4$0775757514$0'),
reserved([scu,0,trap,0,sysoscwd],'clock_xmc4$044824278$0'),
reserved([scu,0,trap,0,sysvcolock],'clock_xmc4$778993097$0'),
reserved([scu,0,trap,0,usbvcolock],'clock_xmc4$01069602304$0'),
reserved([scu,0,trap,0,ulpwdg],'clock_xmc4$2129330472$0'),
reserved([ccu4,3,cc4,1],'timer$01581095229$0'),
reserved([cpu,0,exception,nmi],'cpu_ctrl_xmc4$1386348121$0'),
reserved([cpu,0,exception,hardfault],'cpu_ctrl_xmc4$487936166$0'),
reserved([cpu,0,exception,memmanage],'cpu_ctrl_xmc4$01467233271$0'),
reserved([cpu,0,exception,busfault],'cpu_ctrl_xmc4$273383731$0'),
reserved([cpu,0,exception,usagefault],'cpu_ctrl_xmc4$291942002$0'),
reserved([cpu,0,debug],'cpu_ctrl_xmc4$106579907$0'),
reserved([debug_port,0,pad,1],'cpu_ctrl_xmc4$312582226$0'),
reserved([debug_port,0,pad,0],'cpu_ctrl_xmc4$312581908$0'),
reserved([cpu,0,nvic,interrupt,56],'interrupt$01547455786$0'),
reserved([usic,0,channel,0],'uart$1872376985$1'),
reserved([p,1,pad,5],'uart$01830863936$1'),
reserved([p,5,pad,1],'uart$01830863874$1'),
reserved([devicepackage,0,74],'uart$01526747702$1'),
reserved([devicepackage,0,57],'uart$01526747640$1'),
reserved([cpu,0,nvic,interrupt,89],'interrupt$02057989963$1'),
reserved([usic,1,channel,0],'uart$0915038502$2'),
reserved([p,0,pad,4],'uart$01897870689$2'),
reserved([p,2,pad,14],'uart$01897870627$2'),
reserved([devicepackage,0,98],'uart$01515431575$2'),
reserved([devicepackage,0,41],'uart$01515431513$2'),
reserved([cpu,0,nvic,interrupt,90],'interrupt$1215908979$3'),
reserved([eru,1,ers_etl,1],'event_detector$574235127$0'),
reserved([eru,1,ogu,3],'event_generator$0195751183$0'),
reserved([scu,0,gcu,interrupt,erunmi,7],'event_generator$303447155$0'),
reserved([cpu,0,nvic,interrupt,8],'interrupt$705374802$4'),
reserved([p,1,pad,15],'digital_io$01238362304$0'),
reserved([devicepackage,0,68],'digital_io$0567432502$0'),
reserved([eru,1,ers_etl,3],'event_detector$0270236744$1'),
reserved([p,0,pad,5],'digital_io$01748896481$1'),
reserved([devicepackage,0,97],'digital_io$1689478505$1'),
reserved([eru,1,ogu,0],'event_generator$1311800626$1'),
reserved([scu,0,gcu,interrupt,erunmi,4],'event_generator$01706656686$1'),
reserved([cpu,0,nvic,interrupt,5],'interrupt$194840625$5'),
reserved([vadc,0,global_limits],'global_adc$01442101884$0'),
reserved([vadc,0,global],'global_adc$1461179624$0'),
reserved([vadc,0,group,0,config],'global_adc$1466739414$0'),
reserved([vadc,0,group,1,config],'global_adc$1466739415$0'),
reserved([vadc,0,group,2,config],'global_adc$1466739416$0'),
reserved([vadc,0,group,3,config],'global_adc$1466739417$0'),
reserved([vadc,0,backgnd],'adc_measurement$01001152133$0'),
reserved([vadc,0,class,0],'adc_measurement$0718019746$0'),
reserved([p,14,pad,5],'adc_measurement$51162140$0'),
reserved([devicepackage,0,26],'adc_measurement$0804129492$0'),
reserved([vadc,0,group,2,ch,0],'adc_measurement$101658313$0'),
reserved([vadc,0,group,2,result_adv,0],'adc_measurement$0497087189$0'),
reserved([cpu,0,nvic,interrupt,16],'adc_measurement$073544691$0'),
reserved([ccu4,3,cc4,2],'timer$02091629406$1'),
reserved([cpu,0,nvic,interrupt,57],'interrupt$0315693552$6'),
reserved([ccu4,1,global],'global_ccu4$606983625$1'),
reserved([scu,0,gcu,ccu4_global_enable,1],'global_ccu4$01193591047$1'),
reserved([cpu,0,nvic,interrupt,107],'usbd$0706094638$0'),
reserved([usb,0,usb],'usbd$267056142$0'),
reserved([ccu4,3,cc4,3],'timer$1692803713$2'),
reserved([ccu4,1,cc4,3],'timer$1182269536$3'),
reserved([cpu,0,nvic,interrupt,59],'interrupt$01336761906$8'),
reserved([cpu,0,nvic,interrupt,50],'interrupt$01847296083$9'),
reserved([cpu,0,systick],'systimer$01611859742$0'),
reserved([ccu4,0,global],'global_ccu4$618299752$2'),
reserved([scu,0,gcu,ccu4_global_enable,0],'global_ccu4$1400635770$2'),
reserved([ccu4,0,cc4,3],'pwm_ccu4$1504824584$0'),
reserved([p,1,pad,0],'pwm_ccu4$833362997$0'),
reserved([devicepackage,0,79],'pwm_ccu4$01394144321$0'),
reserved([ccu4,0,cc4,2],'pwm_ccu4$0533231705$1'),
reserved([p,1,pad,1],'pwm_ccu4$766356244$1'),
reserved([devicepackage,0,78],'pwm_ccu4$01382828194$1'),
reserved([ccu4,0,cc4,1],'pwm_ccu4$1723679302$2'),
reserved([p,1,pad,2],'pwm_ccu4$699349491$2'),
reserved([devicepackage,0,77],'pwm_ccu4$01371512067$2'),
reserved([ccu4,0,cc4,0],'pwm_ccu4$0314376987$3'),
reserved([p,1,pad,3],'pwm_ccu4$632342738$3'),
reserved([devicepackage,0,76],'pwm_ccu4$01360195940$3')
 ],Vars,Regs,Appslocalvars),15,writeln(timeout),all_solution, Timer, Due, Remainder).


Sep 15, 2016 10:07:23 AM java.util.logging.LogManager$RootLogger log
INFO: 
End of solver : getSolution() :  Difference in ms 607


Sep 15, 2016 10:11:22 AM java.util.logging.LogManager$RootLogger log
INFO: Start of solver :getSolution() : Thu Sep 15 10:11:22 CEST 2016


Sep 15, 2016 10:11:22 AM java.util.logging.LogManager$RootLogger log
INFO: 
timeout(solve_mapping_problem([ 
reserved([ccu4,3,global],'global_ccu4$595667498$0'),
reserved([scu,0,gcu,ccu4_global_enable,3],'global_ccu4$507149432$0'),
reserved([scu,0,clkctrl,0,pll],'clock_xmc4$1031540557$0'),
reserved([scu,0,clkctrl,0,sys],'clock_xmc4$1031543850$0'),
reserved([scu,0,clkctrl,0,cpu],'clock_xmc4$1031528197$0'),
reserved([scu,0,clkctrl,0,perbridge],'clock_xmc4$01423675773$0'),
reserved([scu,0,clkctrl,0,ebu],'clock_xmc4$1031529685$0'),
reserved([scu,0,clkctrl,0,ccu],'clock_xmc4$1031527794$0'),
reserved([scu,0,clkctrl,0,wdt],'clock_xmc4$1031547044$0'),
reserved([scu,0,clkctrl,0,usb],'clock_xmc4$1031545569$0'),
reserved([scu,0,clkctrl,0,sdmmc],'clock_xmc4$1031537696$0'),
reserved([scu,0,pwrctrl,0,hibernate],'clock_xmc4$1598209007$0'),
reserved([scu,0,rtcclksel],'clock_xmc4$0775757514$0'),
reserved([scu,0,trap,0,sysoscwd],'clock_xmc4$044824278$0'),
reserved([scu,0,trap,0,sysvcolock],'clock_xmc4$778993097$0'),
reserved([scu,0,trap,0,usbvcolock],'clock_xmc4$01069602304$0'),
reserved([scu,0,trap,0,ulpwdg],'clock_xmc4$2129330472$0'),
reserved([ccu4,3,cc4,1],'timer$01581095229$0'),
reserved([cpu,0,exception,nmi],'cpu_ctrl_xmc4$1386348121$0'),
reserved([cpu,0,exception,hardfault],'cpu_ctrl_xmc4$487936166$0'),
reserved([cpu,0,exception,memmanage],'cpu_ctrl_xmc4$01467233271$0'),
reserved([cpu,0,exception,busfault],'cpu_ctrl_xmc4$273383731$0'),
reserved([cpu,0,exception,usagefault],'cpu_ctrl_xmc4$291942002$0'),
reserved([cpu,0,debug],'cpu_ctrl_xmc4$106579907$0'),
reserved([debug_port,0,pad,1],'cpu_ctrl_xmc4$312582226$0'),
reserved([debug_port,0,pad,0],'cpu_ctrl_xmc4$312581908$0'),
reserved([cpu,0,nvic,interrupt,56],'interrupt$01547455786$0'),
reserved([usic,0,channel,0],'uart$1872376985$1'),
reserved([p,1,pad,5],'uart$01830863936$1'),
reserved([p,5,pad,1],'uart$01830863874$1'),
reserved([devicepackage,0,74],'uart$01526747702$1'),
reserved([devicepackage,0,57],'uart$01526747640$1'),
reserved([cpu,0,nvic,interrupt,89],'interrupt$02057989963$1'),
reserved([usic,1,channel,0],'uart$0915038502$2'),
reserved([p,0,pad,4],'uart$01897870689$2'),
reserved([p,2,pad,14],'uart$01897870627$2'),
reserved([devicepackage,0,98],'uart$01515431575$2'),
reserved([devicepackage,0,41],'uart$01515431513$2'),
reserved([cpu,0,nvic,interrupt,90],'interrupt$1215908979$3'),
reserved([eru,1,ers_etl,1],'event_detector$574235127$0'),
reserved([eru,1,ogu,3],'event_generator$0195751183$0'),
reserved([scu,0,gcu,interrupt,erunmi,7],'event_generator$303447155$0'),
reserved([cpu,0,nvic,interrupt,8],'interrupt$705374802$4'),
reserved([p,1,pad,15],'digital_io$01238362304$0'),
reserved([devicepackage,0,68],'digital_io$0567432502$0'),
reserved([eru,1,ers_etl,3],'event_detector$0270236744$1'),
reserved([p,0,pad,5],'digital_io$01748896481$1'),
reserved([devicepackage,0,97],'digital_io$1689478505$1'),
reserved([eru,1,ogu,0],'event_generator$1311800626$1'),
reserved([scu,0,gcu,interrupt,erunmi,4],'event_generator$01706656686$1'),
reserved([cpu,0,nvic,interrupt,5],'interrupt$194840625$5'),
reserved([vadc,0,global_limits],'global_adc$01442101884$0'),
reserved([vadc,0,global],'global_adc$1461179624$0'),
reserved([vadc,0,group,0,config],'global_adc$1466739414$0'),
reserved([vadc,0,group,1,config],'global_adc$1466739415$0'),
reserved([vadc,0,group,2,config],'global_adc$1466739416$0'),
reserved([vadc,0,group,3,config],'global_adc$1466739417$0'),
reserved([vadc,0,backgnd],'adc_measurement$01001152133$0'),
reserved([vadc,0,class,0],'adc_measurement$0718019746$0'),
reserved([p,14,pad,5],'adc_measurement$51162140$0'),
reserved([devicepackage,0,26],'adc_measurement$0804129492$0'),
reserved([vadc,0,group,2,ch,0],'adc_measurement$101658313$0'),
reserved([vadc,0,group,2,result_adv,0],'adc_measurement$0497087189$0'),
reserved([cpu,0,nvic,interrupt,16],'adc_measurement$073544691$0'),
reserved([ccu4,3,cc4,2],'timer$02091629406$1'),
reserved([cpu,0,nvic,interrupt,57],'interrupt$0315693552$6'),
reserved([ccu4,1,global],'global_ccu4$606983625$1'),
reserved([scu,0,gcu,ccu4_global_enable,1],'global_ccu4$01193591047$1'),
reserved([cpu,0,nvic,interrupt,107],'usbd$0706094638$0'),
reserved([usb,0,usb],'usbd$267056142$0'),
reserved([ccu4,3,cc4,3],'timer$1692803713$2'),
reserved([ccu4,1,cc4,3],'timer$1182269536$3'),
reserved([cpu,0,nvic,interrupt,59],'interrupt$01336761906$8'),
reserved([cpu,0,nvic,interrupt,50],'interrupt$01847296083$9'),
reserved([cpu,0,systick],'systimer$01611859742$0'),
reserved([ccu4,0,global],'global_ccu4$618299752$2'),
reserved([scu,0,gcu,ccu4_global_enable,0],'global_ccu4$1400635770$2'),
reserved([ccu4,0,cc4,3],'pwm_ccu4$1504824584$0'),
reserved([p,1,pad,0],'pwm_ccu4$833362997$0'),
reserved([devicepackage,0,79],'pwm_ccu4$01394144321$0'),
reserved([ccu4,0,cc4,2],'pwm_ccu4$0533231705$1'),
reserved([p,1,pad,1],'pwm_ccu4$766356244$1'),
reserved([devicepackage,0,78],'pwm_ccu4$01382828194$1'),
reserved([ccu4,0,cc4,1],'pwm_ccu4$1723679302$2'),
reserved([p,1,pad,2],'pwm_ccu4$699349491$2'),
reserved([devicepackage,0,77],'pwm_ccu4$01371512067$2'),
reserved([ccu4,0,cc4,0],'pwm_ccu4$0314376987$3'),
reserved([p,1,pad,3],'pwm_ccu4$632342738$3'),
reserved([devicepackage,0,76],'pwm_ccu4$01360195940$3')
 ],Vars,Regs,Appslocalvars),15,writeln(timeout),all_solution, Timer, Due, Remainder).


Sep 15, 2016 10:11:23 AM java.util.logging.LogManager$RootLogger log
INFO: 
End of solver : getSolution() :  Difference in ms 627


Sep 15, 2016 10:33:13 AM java.util.logging.LogManager$RootLogger log
INFO: Start of solver :getSolution() : Thu Sep 15 10:33:13 CEST 2016


Sep 15, 2016 10:33:13 AM java.util.logging.LogManager$RootLogger log
INFO: 
timeout(solve_mapping_problem([ 
reserved([ccu4,3,global],'global_ccu4$595667498$0'),
reserved([scu,0,gcu,ccu4_global_enable,3],'global_ccu4$507149432$0'),
reserved([scu,0,clkctrl,0,pll],'clock_xmc4$1031540557$0'),
reserved([scu,0,clkctrl,0,sys],'clock_xmc4$1031543850$0'),
reserved([scu,0,clkctrl,0,cpu],'clock_xmc4$1031528197$0'),
reserved([scu,0,clkctrl,0,perbridge],'clock_xmc4$01423675773$0'),
reserved([scu,0,clkctrl,0,ebu],'clock_xmc4$1031529685$0'),
reserved([scu,0,clkctrl,0,ccu],'clock_xmc4$1031527794$0'),
reserved([scu,0,clkctrl,0,wdt],'clock_xmc4$1031547044$0'),
reserved([scu,0,clkctrl,0,usb],'clock_xmc4$1031545569$0'),
reserved([scu,0,clkctrl,0,sdmmc],'clock_xmc4$1031537696$0'),
reserved([scu,0,pwrctrl,0,hibernate],'clock_xmc4$1598209007$0'),
reserved([scu,0,rtcclksel],'clock_xmc4$0775757514$0'),
reserved([scu,0,trap,0,sysoscwd],'clock_xmc4$044824278$0'),
reserved([scu,0,trap,0,sysvcolock],'clock_xmc4$778993097$0'),
reserved([scu,0,trap,0,usbvcolock],'clock_xmc4$01069602304$0'),
reserved([scu,0,trap,0,ulpwdg],'clock_xmc4$2129330472$0'),
reserved([ccu4,3,cc4,1],'timer$01581095229$0'),
reserved([cpu,0,exception,nmi],'cpu_ctrl_xmc4$1386348121$0'),
reserved([cpu,0,exception,hardfault],'cpu_ctrl_xmc4$487936166$0'),
reserved([cpu,0,exception,memmanage],'cpu_ctrl_xmc4$01467233271$0'),
reserved([cpu,0,exception,busfault],'cpu_ctrl_xmc4$273383731$0'),
reserved([cpu,0,exception,usagefault],'cpu_ctrl_xmc4$291942002$0'),
reserved([cpu,0,debug],'cpu_ctrl_xmc4$106579907$0'),
reserved([debug_port,0,pad,1],'cpu_ctrl_xmc4$312582226$0'),
reserved([debug_port,0,pad,0],'cpu_ctrl_xmc4$312581908$0'),
reserved([cpu,0,nvic,interrupt,56],'interrupt$01547455786$0'),
reserved([usic,0,channel,0],'uart$1872376985$1'),
reserved([p,1,pad,5],'uart$01830863936$1'),
reserved([p,5,pad,1],'uart$01830863874$1'),
reserved([devicepackage,0,74],'uart$01526747702$1'),
reserved([devicepackage,0,57],'uart$01526747640$1'),
reserved([cpu,0,nvic,interrupt,89],'interrupt$02057989963$1'),
reserved([usic,1,channel,0],'uart$0915038502$2'),
reserved([p,0,pad,4],'uart$01897870689$2'),
reserved([p,2,pad,14],'uart$01897870627$2'),
reserved([devicepackage,0,98],'uart$01515431575$2'),
reserved([devicepackage,0,41],'uart$01515431513$2'),
reserved([cpu,0,nvic,interrupt,90],'interrupt$1215908979$3'),
reserved([eru,1,ers_etl,1],'event_detector$574235127$0'),
reserved([eru,1,ogu,3],'event_generator$0195751183$0'),
reserved([scu,0,gcu,interrupt,erunmi,7],'event_generator$303447155$0'),
reserved([cpu,0,nvic,interrupt,8],'interrupt$705374802$4'),
reserved([p,1,pad,15],'digital_io$01238362304$0'),
reserved([devicepackage,0,68],'digital_io$0567432502$0'),
reserved([eru,1,ers_etl,3],'event_detector$0270236744$1'),
reserved([p,0,pad,5],'digital_io$01748896481$1'),
reserved([devicepackage,0,97],'digital_io$1689478505$1'),
reserved([eru,1,ogu,0],'event_generator$1311800626$1'),
reserved([scu,0,gcu,interrupt,erunmi,4],'event_generator$01706656686$1'),
reserved([cpu,0,nvic,interrupt,5],'interrupt$194840625$5'),
reserved([vadc,0,global_limits],'global_adc$01442101884$0'),
reserved([vadc,0,global],'global_adc$1461179624$0'),
reserved([vadc,0,group,0,config],'global_adc$1466739414$0'),
reserved([vadc,0,group,1,config],'global_adc$1466739415$0'),
reserved([vadc,0,group,2,config],'global_adc$1466739416$0'),
reserved([vadc,0,group,3,config],'global_adc$1466739417$0'),
reserved([vadc,0,backgnd],'adc_measurement$01001152133$0'),
reserved([vadc,0,class,0],'adc_measurement$0718019746$0'),
reserved([p,14,pad,5],'adc_measurement$51162140$0'),
reserved([devicepackage,0,26],'adc_measurement$0804129492$0'),
reserved([vadc,0,group,2,ch,0],'adc_measurement$101658313$0'),
reserved([vadc,0,group,2,result_adv,0],'adc_measurement$0497087189$0'),
reserved([cpu,0,nvic,interrupt,16],'adc_measurement$073544691$0'),
reserved([ccu4,3,cc4,2],'timer$02091629406$1'),
reserved([cpu,0,nvic,interrupt,57],'interrupt$0315693552$6'),
reserved([ccu4,1,global],'global_ccu4$606983625$1'),
reserved([scu,0,gcu,ccu4_global_enable,1],'global_ccu4$01193591047$1'),
reserved([cpu,0,nvic,interrupt,107],'usbd$0706094638$0'),
reserved([usb,0,usb],'usbd$267056142$0'),
reserved([ccu4,3,cc4,3],'timer$1692803713$2'),
reserved([ccu4,1,cc4,3],'timer$1182269536$3'),
reserved([cpu,0,nvic,interrupt,59],'interrupt$01336761906$8'),
reserved([cpu,0,nvic,interrupt,50],'interrupt$01847296083$9'),
reserved([cpu,0,systick],'systimer$01611859742$0'),
reserved([ccu4,0,global],'global_ccu4$618299752$2'),
reserved([scu,0,gcu,ccu4_global_enable,0],'global_ccu4$1400635770$2'),
reserved([ccu4,0,cc4,3],'pwm_ccu4$1504824584$0'),
reserved([p,1,pad,0],'pwm_ccu4$833362997$0'),
reserved([devicepackage,0,79],'pwm_ccu4$01394144321$0'),
reserved([ccu4,0,cc4,2],'pwm_ccu4$0533231705$1'),
reserved([p,1,pad,1],'pwm_ccu4$766356244$1'),
reserved([devicepackage,0,78],'pwm_ccu4$01382828194$1'),
reserved([ccu4,0,cc4,1],'pwm_ccu4$1723679302$2'),
reserved([p,1,pad,2],'pwm_ccu4$699349491$2'),
reserved([devicepackage,0,77],'pwm_ccu4$01371512067$2'),
reserved([ccu4,0,cc4,0],'pwm_ccu4$0314376987$3'),
reserved([p,1,pad,3],'pwm_ccu4$632342738$3'),
reserved([devicepackage,0,76],'pwm_ccu4$01360195940$3')
 ],Vars,Regs,Appslocalvars),15,writeln(timeout),all_solution, Timer, Due, Remainder).


Sep 15, 2016 10:33:14 AM java.util.logging.LogManager$RootLogger log
INFO: 
End of solver : getSolution() :  Difference in ms 624


Sep 15, 2016 10:42:42 AM java.util.logging.LogManager$RootLogger log
INFO: Start of solver :getSolution() : Thu Sep 15 10:42:42 CEST 2016


Sep 15, 2016 10:42:42 AM java.util.logging.LogManager$RootLogger log
INFO: 
timeout(solve_mapping_problem([ 
reserved([ccu4,3,global],'global_ccu4$595667498$0'),
reserved([scu,0,gcu,ccu4_global_enable,3],'global_ccu4$507149432$0'),
reserved([scu,0,clkctrl,0,pll],'clock_xmc4$1031540557$0'),
reserved([scu,0,clkctrl,0,sys],'clock_xmc4$1031543850$0'),
reserved([scu,0,clkctrl,0,cpu],'clock_xmc4$1031528197$0'),
reserved([scu,0,clkctrl,0,perbridge],'clock_xmc4$01423675773$0'),
reserved([scu,0,clkctrl,0,ebu],'clock_xmc4$1031529685$0'),
reserved([scu,0,clkctrl,0,ccu],'clock_xmc4$1031527794$0'),
reserved([scu,0,clkctrl,0,wdt],'clock_xmc4$1031547044$0'),
reserved([scu,0,clkctrl,0,usb],'clock_xmc4$1031545569$0'),
reserved([scu,0,clkctrl,0,sdmmc],'clock_xmc4$1031537696$0'),
reserved([scu,0,pwrctrl,0,hibernate],'clock_xmc4$1598209007$0'),
reserved([scu,0,rtcclksel],'clock_xmc4$0775757514$0'),
reserved([scu,0,trap,0,sysoscwd],'clock_xmc4$044824278$0'),
reserved([scu,0,trap,0,sysvcolock],'clock_xmc4$778993097$0'),
reserved([scu,0,trap,0,usbvcolock],'clock_xmc4$01069602304$0'),
reserved([scu,0,trap,0,ulpwdg],'clock_xmc4$2129330472$0'),
reserved([ccu4,3,cc4,1],'timer$01581095229$0'),
reserved([cpu,0,exception,nmi],'cpu_ctrl_xmc4$1386348121$0'),
reserved([cpu,0,exception,hardfault],'cpu_ctrl_xmc4$487936166$0'),
reserved([cpu,0,exception,memmanage],'cpu_ctrl_xmc4$01467233271$0'),
reserved([cpu,0,exception,busfault],'cpu_ctrl_xmc4$273383731$0'),
reserved([cpu,0,exception,usagefault],'cpu_ctrl_xmc4$291942002$0'),
reserved([cpu,0,debug],'cpu_ctrl_xmc4$106579907$0'),
reserved([debug_port,0,pad,1],'cpu_ctrl_xmc4$312582226$0'),
reserved([debug_port,0,pad,0],'cpu_ctrl_xmc4$312581908$0'),
reserved([cpu,0,nvic,interrupt,56],'interrupt$01547455786$0'),
reserved([usic,0,channel,0],'uart$1872376985$1'),
reserved([p,1,pad,5],'uart$01830863936$1'),
reserved([p,5,pad,1],'uart$01830863874$1'),
reserved([devicepackage,0,74],'uart$01526747702$1'),
reserved([devicepackage,0,57],'uart$01526747640$1'),
reserved([cpu,0,nvic,interrupt,89],'interrupt$02057989963$1'),
reserved([usic,1,channel,0],'uart$0915038502$2'),
reserved([p,0,pad,4],'uart$01897870689$2'),
reserved([p,2,pad,14],'uart$01897870627$2'),
reserved([devicepackage,0,98],'uart$01515431575$2'),
reserved([devicepackage,0,41],'uart$01515431513$2'),
reserved([cpu,0,nvic,interrupt,90],'interrupt$1215908979$3'),
reserved([eru,1,ers_etl,1],'event_detector$574235127$0'),
reserved([eru,1,ogu,3],'event_generator$0195751183$0'),
reserved([scu,0,gcu,interrupt,erunmi,7],'event_generator$303447155$0'),
reserved([cpu,0,nvic,interrupt,8],'interrupt$705374802$4'),
reserved([p,1,pad,15],'digital_io$01238362304$0'),
reserved([devicepackage,0,68],'digital_io$0567432502$0'),
reserved([eru,1,ers_etl,3],'event_detector$0270236744$1'),
reserved([p,0,pad,5],'digital_io$01748896481$1'),
reserved([devicepackage,0,97],'digital_io$1689478505$1'),
reserved([eru,1,ogu,0],'event_generator$1311800626$1'),
reserved([scu,0,gcu,interrupt,erunmi,4],'event_generator$01706656686$1'),
reserved([cpu,0,nvic,interrupt,5],'interrupt$194840625$5'),
reserved([vadc,0,global_limits],'global_adc$01442101884$0'),
reserved([vadc,0,global],'global_adc$1461179624$0'),
reserved([vadc,0,group,0,config],'global_adc$1466739414$0'),
reserved([vadc,0,group,1,config],'global_adc$1466739415$0'),
reserved([vadc,0,group,2,config],'global_adc$1466739416$0'),
reserved([vadc,0,group,3,config],'global_adc$1466739417$0'),
reserved([vadc,0,backgnd],'adc_measurement$01001152133$0'),
reserved([vadc,0,class,0],'adc_measurement$0718019746$0'),
reserved([p,14,pad,5],'adc_measurement$51162140$0'),
reserved([devicepackage,0,26],'adc_measurement$0804129492$0'),
reserved([vadc,0,group,2,ch,0],'adc_measurement$101658313$0'),
reserved([vadc,0,group,2,result_adv,0],'adc_measurement$0497087189$0'),
reserved([cpu,0,nvic,interrupt,16],'adc_measurement$073544691$0'),
reserved([ccu4,3,cc4,2],'timer$02091629406$1'),
reserved([cpu,0,nvic,interrupt,57],'interrupt$0315693552$6'),
reserved([ccu4,1,global],'global_ccu4$606983625$1'),
reserved([scu,0,gcu,ccu4_global_enable,1],'global_ccu4$01193591047$1'),
reserved([cpu,0,nvic,interrupt,107],'usbd$0706094638$0'),
reserved([usb,0,usb],'usbd$267056142$0'),
reserved([ccu4,3,cc4,3],'timer$1692803713$2'),
reserved([ccu4,1,cc4,3],'timer$1182269536$3'),
reserved([cpu,0,nvic,interrupt,59],'interrupt$01336761906$8'),
reserved([cpu,0,nvic,interrupt,50],'interrupt$01847296083$9'),
reserved([cpu,0,systick],'systimer$01611859742$0'),
reserved([ccu4,0,global],'global_ccu4$618299752$2'),
reserved([scu,0,gcu,ccu4_global_enable,0],'global_ccu4$1400635770$2'),
reserved([ccu4,0,cc4,3],'pwm_ccu4$1504824584$0'),
reserved([p,1,pad,0],'pwm_ccu4$833362997$0'),
reserved([devicepackage,0,79],'pwm_ccu4$01394144321$0'),
reserved([ccu4,0,cc4,2],'pwm_ccu4$0533231705$1'),
reserved([p,1,pad,1],'pwm_ccu4$766356244$1'),
reserved([devicepackage,0,78],'pwm_ccu4$01382828194$1'),
reserved([ccu4,0,cc4,1],'pwm_ccu4$1723679302$2'),
reserved([p,1,pad,2],'pwm_ccu4$699349491$2'),
reserved([devicepackage,0,77],'pwm_ccu4$01371512067$2'),
reserved([ccu4,0,cc4,0],'pwm_ccu4$0314376987$3'),
reserved([p,1,pad,3],'pwm_ccu4$632342738$3'),
reserved([devicepackage,0,76],'pwm_ccu4$01360195940$3')
 ],Vars,Regs,Appslocalvars),15,writeln(timeout),all_solution, Timer, Due, Remainder).


Sep 15, 2016 10:42:43 AM java.util.logging.LogManager$RootLogger log
INFO: 
End of solver : getSolution() :  Difference in ms 620


