   1              	 .syntax unified
   2              	 .cpu cortex-m4
   3              	 .eabi_attribute 27,3
   4              	 .fpu fpv4-sp-d16
   5              	 .eabi_attribute 20,1
   6              	 .eabi_attribute 21,1
   7              	 .eabi_attribute 23,3
   8              	 .eabi_attribute 24,1
   9              	 .eabi_attribute 25,1
  10              	 .eabi_attribute 26,1
  11              	 .eabi_attribute 30,6
  12              	 .eabi_attribute 34,1
  13              	 .eabi_attribute 18,4
  14              	 .thumb
  15              	 .file "xmc_fce.c"
  16              	 .text
  17              	.Ltext0:
  18              	 .cfi_sections .debug_frame
  19              	 .section .text.XMC_FCE_Init,"ax",%progbits
  20              	 .align 2
  21              	 .global XMC_FCE_Init
  22              	 .thumb
  23              	 .thumb_func
  25              	XMC_FCE_Init:
  26              	.LFB174:
  27              	 .file 1 "../Libraries/XMCLib/src/xmc_fce.c"
   1:../Libraries/XMCLib/src/xmc_fce.c **** /**
   2:../Libraries/XMCLib/src/xmc_fce.c ****  * @file xmc_fce.c
   3:../Libraries/XMCLib/src/xmc_fce.c ****  * @date 2015-06-20
   4:../Libraries/XMCLib/src/xmc_fce.c ****  *
   5:../Libraries/XMCLib/src/xmc_fce.c ****  * @cond
   6:../Libraries/XMCLib/src/xmc_fce.c ****  **************************************************************************************************
   7:../Libraries/XMCLib/src/xmc_fce.c ****  * XMClib v2.1.6 - XMC Peripheral Driver Library 
   8:../Libraries/XMCLib/src/xmc_fce.c ****  *
   9:../Libraries/XMCLib/src/xmc_fce.c ****  * Copyright (c) 2015-2016, Infineon Technologies AG
  10:../Libraries/XMCLib/src/xmc_fce.c ****  * All rights reserved.                        
  11:../Libraries/XMCLib/src/xmc_fce.c ****  *                                             
  12:../Libraries/XMCLib/src/xmc_fce.c ****  * Redistribution and use in source and binary forms, with or without modification,are permitted pr
  13:../Libraries/XMCLib/src/xmc_fce.c ****  * following conditions are met:   
  14:../Libraries/XMCLib/src/xmc_fce.c ****  *                                                                              
  15:../Libraries/XMCLib/src/xmc_fce.c ****  * Redistributions of source code must retain the above copyright notice, this list of conditions a
  16:../Libraries/XMCLib/src/xmc_fce.c ****  * disclaimer.                        
  17:../Libraries/XMCLib/src/xmc_fce.c ****  * 
  18:../Libraries/XMCLib/src/xmc_fce.c ****  * Redistributions in binary form must reproduce the above copyright notice, this list of condition
  19:../Libraries/XMCLib/src/xmc_fce.c ****  * disclaimer in the documentation and/or other materials provided with the distribution.          
  20:../Libraries/XMCLib/src/xmc_fce.c ****  * 
  21:../Libraries/XMCLib/src/xmc_fce.c ****  * Neither the name of the copyright holders nor the names of its contributors may be used to endor
  22:../Libraries/XMCLib/src/xmc_fce.c ****  * products derived from this software without specific prior written permission.                  
  23:../Libraries/XMCLib/src/xmc_fce.c ****  *                                                                              
  24:../Libraries/XMCLib/src/xmc_fce.c ****  * THIS SOFTWARE IS PROVIDED BY THE COPYRIGHT HOLDERS AND CONTRIBUTORS "AS IS" AND ANY EXPRESS OR I
  25:../Libraries/XMCLib/src/xmc_fce.c ****  * INCLUDING, BUT NOT LIMITED TO, THE IMPLIED WARRANTIES OF MERCHANTABILITY AND FITNESS FOR A PARTI
  26:../Libraries/XMCLib/src/xmc_fce.c ****  * DISCLAIMED. IN NO EVENT SHALL THE COPYRIGHT HOLDER OR CONTRIBUTORS BE LIABLE  FOR ANY DIRECT, IN
  27:../Libraries/XMCLib/src/xmc_fce.c ****  * SPECIAL, EXEMPLARY, OR CONSEQUENTIAL DAMAGES (INCLUDING, BUT NOT LIMITED TO, PROCUREMENT OF SUBS
  28:../Libraries/XMCLib/src/xmc_fce.c ****  * SERVICES; LOSS OF USE, DATA, OR PROFITS; OR BUSINESS INTERRUPTION) HOWEVER CAUSED AND ON ANY THE
  29:../Libraries/XMCLib/src/xmc_fce.c ****  * WHETHER IN CONTRACT, STRICT LIABILITY,OR TORT (INCLUDING NEGLIGENCE OR OTHERWISE) ARISING IN ANY
  30:../Libraries/XMCLib/src/xmc_fce.c ****  * OF THIS SOFTWARE, EVEN IF ADVISED OF THE POSSIBILITY OF SUCH DAMAGE.                            
  31:../Libraries/XMCLib/src/xmc_fce.c ****  *                                                                              
  32:../Libraries/XMCLib/src/xmc_fce.c ****  * To improve the quality of the software, users are encouraged to share modifications, enhancement
  33:../Libraries/XMCLib/src/xmc_fce.c ****  * Infineon Technologies AG dave@infineon.com).                                                    
  34:../Libraries/XMCLib/src/xmc_fce.c ****  **************************************************************************************************
  35:../Libraries/XMCLib/src/xmc_fce.c ****  *
  36:../Libraries/XMCLib/src/xmc_fce.c ****  * Change History
  37:../Libraries/XMCLib/src/xmc_fce.c ****  * --------------
  38:../Libraries/XMCLib/src/xmc_fce.c ****  *
  39:../Libraries/XMCLib/src/xmc_fce.c ****  * 2015-02-20:
  40:../Libraries/XMCLib/src/xmc_fce.c ****  *     - Initial <br>
  41:../Libraries/XMCLib/src/xmc_fce.c ****  *      
  42:../Libraries/XMCLib/src/xmc_fce.c ****  * 2015-06-20:
  43:../Libraries/XMCLib/src/xmc_fce.c ****  *     - Removed GetDriverVersion API
  44:../Libraries/XMCLib/src/xmc_fce.c ****  * @endcond 
  45:../Libraries/XMCLib/src/xmc_fce.c ****  *
  46:../Libraries/XMCLib/src/xmc_fce.c ****  */
  47:../Libraries/XMCLib/src/xmc_fce.c **** 
  48:../Libraries/XMCLib/src/xmc_fce.c **** /**************************************************************************************************
  49:../Libraries/XMCLib/src/xmc_fce.c ****  * HEADER FILES
  50:../Libraries/XMCLib/src/xmc_fce.c ****  **************************************************************************************************
  51:../Libraries/XMCLib/src/xmc_fce.c **** #include <xmc_fce.h>
  52:../Libraries/XMCLib/src/xmc_fce.c **** 
  53:../Libraries/XMCLib/src/xmc_fce.c **** #if defined (FCE)
  54:../Libraries/XMCLib/src/xmc_fce.c **** #include <xmc_scu.h>
  55:../Libraries/XMCLib/src/xmc_fce.c **** 
  56:../Libraries/XMCLib/src/xmc_fce.c **** /*******************************************************************************
  57:../Libraries/XMCLib/src/xmc_fce.c ****  * API IMPLEMENTATION
  58:../Libraries/XMCLib/src/xmc_fce.c ****  **************************************************************************************************
  59:../Libraries/XMCLib/src/xmc_fce.c **** 
  60:../Libraries/XMCLib/src/xmc_fce.c **** /*
  61:../Libraries/XMCLib/src/xmc_fce.c ****  * Initialize the FCE peripheral:
  62:../Libraries/XMCLib/src/xmc_fce.c ****  * Update FCE configuration and initialize seed value
  63:../Libraries/XMCLib/src/xmc_fce.c ****  */
  64:../Libraries/XMCLib/src/xmc_fce.c **** XMC_FCE_STATUS_t XMC_FCE_Init(const XMC_FCE_t *const engine)
  65:../Libraries/XMCLib/src/xmc_fce.c **** {
  28              	 .loc 1 65 0
  29              	 .cfi_startproc
  30              	 
  31              	 
  32              	 
  33 0000 80B4     	 push {r7}
  34              	.LCFI0:
  35              	 .cfi_def_cfa_offset 4
  36              	 .cfi_offset 7,-4
  37 0002 83B0     	 sub sp,sp,#12
  38              	.LCFI1:
  39              	 .cfi_def_cfa_offset 16
  40 0004 00AF     	 add r7,sp,#0
  41              	.LCFI2:
  42              	 .cfi_def_cfa_register 7
  43 0006 7860     	 str r0,[r7,#4]
  66:../Libraries/XMCLib/src/xmc_fce.c ****   engine->kernel_ptr->CFG = engine->fce_cfg_update.regval;
  44              	 .loc 1 66 0
  45 0008 7B68     	 ldr r3,[r7,#4]
  46 000a 1B68     	 ldr r3,[r3]
  47 000c 7A68     	 ldr r2,[r7,#4]
  48 000e 5268     	 ldr r2,[r2,#4]
  49 0010 9A60     	 str r2,[r3,#8]
  67:../Libraries/XMCLib/src/xmc_fce.c ****   engine->kernel_ptr->CRC = engine->seedvalue;
  50              	 .loc 1 67 0
  51 0012 7B68     	 ldr r3,[r7,#4]
  52 0014 1B68     	 ldr r3,[r3]
  53 0016 7A68     	 ldr r2,[r7,#4]
  54 0018 9268     	 ldr r2,[r2,#8]
  55 001a 9A61     	 str r2,[r3,#24]
  68:../Libraries/XMCLib/src/xmc_fce.c ****   
  69:../Libraries/XMCLib/src/xmc_fce.c ****   return XMC_FCE_STATUS_OK;
  56              	 .loc 1 69 0
  57 001c 0023     	 movs r3,#0
  70:../Libraries/XMCLib/src/xmc_fce.c **** }
  58              	 .loc 1 70 0
  59 001e 1846     	 mov r0,r3
  60 0020 0C37     	 adds r7,r7,#12
  61              	.LCFI3:
  62              	 .cfi_def_cfa_offset 4
  63 0022 BD46     	 mov sp,r7
  64              	.LCFI4:
  65              	 .cfi_def_cfa_register 13
  66              	 
  67 0024 5DF8047B 	 ldr r7,[sp],#4
  68              	.LCFI5:
  69              	 .cfi_restore 7
  70              	 .cfi_def_cfa_offset 0
  71 0028 7047     	 bx lr
  72              	 .cfi_endproc
  73              	.LFE174:
  75 002a 00BF     	 .section .text.XMC_FCE_Disable,"ax",%progbits
  76              	 .align 2
  77              	 .global XMC_FCE_Disable
  78              	 .thumb
  79              	 .thumb_func
  81              	XMC_FCE_Disable:
  82              	.LFB175:
  71:../Libraries/XMCLib/src/xmc_fce.c **** 
  72:../Libraries/XMCLib/src/xmc_fce.c **** /* Disable FCE */
  73:../Libraries/XMCLib/src/xmc_fce.c **** void XMC_FCE_Disable(void)
  74:../Libraries/XMCLib/src/xmc_fce.c **** {
  83              	 .loc 1 74 0
  84              	 .cfi_startproc
  85              	 
  86              	 
  87 0000 80B5     	 push {r7,lr}
  88              	.LCFI6:
  89              	 .cfi_def_cfa_offset 8
  90              	 .cfi_offset 7,-8
  91              	 .cfi_offset 14,-4
  92 0002 00AF     	 add r7,sp,#0
  93              	.LCFI7:
  94              	 .cfi_def_cfa_register 7
  75:../Libraries/XMCLib/src/xmc_fce.c ****   FCE->CLC |= (uint32_t)FCE_CLC_DISR_Msk;
  95              	 .loc 1 75 0
  96 0004 044A     	 ldr r2,.L4
  97 0006 044B     	 ldr r3,.L4
  98 0008 1B68     	 ldr r3,[r3]
  99 000a 43F00103 	 orr r3,r3,#1
 100 000e 1360     	 str r3,[r2]
  76:../Libraries/XMCLib/src/xmc_fce.c ****   
  77:../Libraries/XMCLib/src/xmc_fce.c ****   XMC_SCU_RESET_AssertPeripheralReset(XMC_SCU_PERIPHERAL_RESET_FCE);
 101              	 .loc 1 77 0
 102 0010 0248     	 ldr r0,.L4+4
 103 0012 FFF7FEFF 	 bl XMC_SCU_RESET_AssertPeripheralReset
  78:../Libraries/XMCLib/src/xmc_fce.c **** 
  79:../Libraries/XMCLib/src/xmc_fce.c **** #if defined(CLOCK_GATING_SUPPORTED)
  80:../Libraries/XMCLib/src/xmc_fce.c ****   XMC_SCU_CLOCK_GatePeripheralClock(XMC_SCU_PERIPHERAL_CLOCK_FCE);
  81:../Libraries/XMCLib/src/xmc_fce.c **** #endif
  82:../Libraries/XMCLib/src/xmc_fce.c **** 
  83:../Libraries/XMCLib/src/xmc_fce.c **** }
 104              	 .loc 1 83 0
 105 0016 80BD     	 pop {r7,pc}
 106              	.L5:
 107              	 .align 2
 108              	.L4:
 109 0018 00000250 	 .word 1342308352
 110 001c 40000020 	 .word 536870976
 111              	 .cfi_endproc
 112              	.LFE175:
 114              	 .section .text.XMC_FCE_Enable,"ax",%progbits
 115              	 .align 2
 116              	 .global XMC_FCE_Enable
 117              	 .thumb
 118              	 .thumb_func
 120              	XMC_FCE_Enable:
 121              	.LFB176:
  84:../Libraries/XMCLib/src/xmc_fce.c **** 
  85:../Libraries/XMCLib/src/xmc_fce.c **** /* Enable FCE */
  86:../Libraries/XMCLib/src/xmc_fce.c **** void XMC_FCE_Enable(void)
  87:../Libraries/XMCLib/src/xmc_fce.c **** {
 122              	 .loc 1 87 0
 123              	 .cfi_startproc
 124              	 
 125              	 
 126 0000 80B5     	 push {r7,lr}
 127              	.LCFI8:
 128              	 .cfi_def_cfa_offset 8
 129              	 .cfi_offset 7,-8
 130              	 .cfi_offset 14,-4
 131 0002 00AF     	 add r7,sp,#0
 132              	.LCFI9:
 133              	 .cfi_def_cfa_register 7
  88:../Libraries/XMCLib/src/xmc_fce.c **** #if defined(CLOCK_GATING_SUPPORTED)
  89:../Libraries/XMCLib/src/xmc_fce.c ****   XMC_SCU_CLOCK_UngatePeripheralClock(XMC_SCU_PERIPHERAL_CLOCK_FCE);
  90:../Libraries/XMCLib/src/xmc_fce.c **** #endif
  91:../Libraries/XMCLib/src/xmc_fce.c **** 
  92:../Libraries/XMCLib/src/xmc_fce.c ****   XMC_SCU_RESET_DeassertPeripheralReset(XMC_SCU_PERIPHERAL_RESET_FCE);
 134              	 .loc 1 92 0
 135 0004 0448     	 ldr r0,.L7
 136 0006 FFF7FEFF 	 bl XMC_SCU_RESET_DeassertPeripheralReset
  93:../Libraries/XMCLib/src/xmc_fce.c **** 
  94:../Libraries/XMCLib/src/xmc_fce.c ****   FCE->CLC &= (uint32_t)~FCE_CLC_DISR_Msk;
 137              	 .loc 1 94 0
 138 000a 044A     	 ldr r2,.L7+4
 139 000c 034B     	 ldr r3,.L7+4
 140 000e 1B68     	 ldr r3,[r3]
 141 0010 23F00103 	 bic r3,r3,#1
 142 0014 1360     	 str r3,[r2]
  95:../Libraries/XMCLib/src/xmc_fce.c **** }
 143              	 .loc 1 95 0
 144 0016 80BD     	 pop {r7,pc}
 145              	.L8:
 146              	 .align 2
 147              	.L7:
 148 0018 40000020 	 .word 536870976
 149 001c 00000250 	 .word 1342308352
 150              	 .cfi_endproc
 151              	.LFE176:
 153              	 .section .text.XMC_FCE_CalculateCRC8,"ax",%progbits
 154              	 .align 2
 155              	 .global XMC_FCE_CalculateCRC8
 156              	 .thumb
 157              	 .thumb_func
 159              	XMC_FCE_CalculateCRC8:
 160              	.LFB177:
  96:../Libraries/XMCLib/src/xmc_fce.c **** 
  97:../Libraries/XMCLib/src/xmc_fce.c **** /* Calculate and return the SAE J1850 CRC8 checksum */
  98:../Libraries/XMCLib/src/xmc_fce.c **** XMC_FCE_STATUS_t XMC_FCE_CalculateCRC8(const XMC_FCE_t *const engine,
  99:../Libraries/XMCLib/src/xmc_fce.c ****                                        const uint8_t *data,
 100:../Libraries/XMCLib/src/xmc_fce.c **** 									   uint32_t length,
 101:../Libraries/XMCLib/src/xmc_fce.c **** 									   uint8_t *result)
 102:../Libraries/XMCLib/src/xmc_fce.c **** {
 161              	 .loc 1 102 0
 162              	 .cfi_startproc
 163              	 
 164              	 
 165              	 
 166 0000 80B4     	 push {r7}
 167              	.LCFI10:
 168              	 .cfi_def_cfa_offset 4
 169              	 .cfi_offset 7,-4
 170 0002 87B0     	 sub sp,sp,#28
 171              	.LCFI11:
 172              	 .cfi_def_cfa_offset 32
 173 0004 00AF     	 add r7,sp,#0
 174              	.LCFI12:
 175              	 .cfi_def_cfa_register 7
 176 0006 F860     	 str r0,[r7,#12]
 177 0008 B960     	 str r1,[r7,#8]
 178 000a 7A60     	 str r2,[r7,#4]
 179 000c 3B60     	 str r3,[r7]
 103:../Libraries/XMCLib/src/xmc_fce.c ****   XMC_FCE_STATUS_t status = XMC_FCE_STATUS_OK;
 180              	 .loc 1 103 0
 181 000e 0023     	 movs r3,#0
 182 0010 FB75     	 strb r3,[r7,#23]
 104:../Libraries/XMCLib/src/xmc_fce.c **** 	
 105:../Libraries/XMCLib/src/xmc_fce.c ****   XMC_ASSERT("XMC_FCE_CalculateCRC8: Wrong FCE kernel used", (engine -> kernel_ptr == XMC_FCE_CRC8)
 106:../Libraries/XMCLib/src/xmc_fce.c **** 
 107:../Libraries/XMCLib/src/xmc_fce.c ****   if (length == 0UL)
 183              	 .loc 1 107 0
 184 0012 7B68     	 ldr r3,[r7,#4]
 185 0014 002B     	 cmp r3,#0
 186 0016 02D1     	 bne .L10
 108:../Libraries/XMCLib/src/xmc_fce.c ****   {
 109:../Libraries/XMCLib/src/xmc_fce.c ****     status = XMC_FCE_STATUS_ERROR;
 187              	 .loc 1 109 0
 188 0018 0223     	 movs r3,#2
 189 001a FB75     	 strb r3,[r7,#23]
 190 001c 14E0     	 b .L11
 191              	.L10:
 110:../Libraries/XMCLib/src/xmc_fce.c ****   }
 111:../Libraries/XMCLib/src/xmc_fce.c ****   else
 112:../Libraries/XMCLib/src/xmc_fce.c ****   {
 113:../Libraries/XMCLib/src/xmc_fce.c ****     while (0UL != length)
 192              	 .loc 1 113 0
 193 001e 0AE0     	 b .L12
 194              	.L13:
 114:../Libraries/XMCLib/src/xmc_fce.c ****     {
 115:../Libraries/XMCLib/src/xmc_fce.c ****       engine->kernel_ptr->IR = *data;
 195              	 .loc 1 115 0
 196 0020 FB68     	 ldr r3,[r7,#12]
 197 0022 1B68     	 ldr r3,[r3]
 198 0024 BA68     	 ldr r2,[r7,#8]
 199 0026 1278     	 ldrb r2,[r2]
 200 0028 1A60     	 str r2,[r3]
 116:../Libraries/XMCLib/src/xmc_fce.c ****       data++;
 201              	 .loc 1 116 0
 202 002a BB68     	 ldr r3,[r7,#8]
 203 002c 0133     	 adds r3,r3,#1
 204 002e BB60     	 str r3,[r7,#8]
 117:../Libraries/XMCLib/src/xmc_fce.c ****       length -= 1U;
 205              	 .loc 1 117 0
 206 0030 7B68     	 ldr r3,[r7,#4]
 207 0032 013B     	 subs r3,r3,#1
 208 0034 7B60     	 str r3,[r7,#4]
 209              	.L12:
 113:../Libraries/XMCLib/src/xmc_fce.c ****     {
 210              	 .loc 1 113 0
 211 0036 7B68     	 ldr r3,[r7,#4]
 212 0038 002B     	 cmp r3,#0
 213 003a F1D1     	 bne .L13
 118:../Libraries/XMCLib/src/xmc_fce.c ****     }
 119:../Libraries/XMCLib/src/xmc_fce.c **** 
 120:../Libraries/XMCLib/src/xmc_fce.c ****     *result = (uint8_t)engine->kernel_ptr->CRC;
 214              	 .loc 1 120 0
 215 003c FB68     	 ldr r3,[r7,#12]
 216 003e 1B68     	 ldr r3,[r3]
 217 0040 9B69     	 ldr r3,[r3,#24]
 218 0042 DAB2     	 uxtb r2,r3
 219 0044 3B68     	 ldr r3,[r7]
 220 0046 1A70     	 strb r2,[r3]
 221              	.L11:
 121:../Libraries/XMCLib/src/xmc_fce.c ****   }
 122:../Libraries/XMCLib/src/xmc_fce.c **** 
 123:../Libraries/XMCLib/src/xmc_fce.c ****   return status;
 222              	 .loc 1 123 0
 223 0048 FB7D     	 ldrb r3,[r7,#23]
 124:../Libraries/XMCLib/src/xmc_fce.c **** }
 224              	 .loc 1 124 0
 225 004a 1846     	 mov r0,r3
 226 004c 1C37     	 adds r7,r7,#28
 227              	.LCFI13:
 228              	 .cfi_def_cfa_offset 4
 229 004e BD46     	 mov sp,r7
 230              	.LCFI14:
 231              	 .cfi_def_cfa_register 13
 232              	 
 233 0050 5DF8047B 	 ldr r7,[sp],#4
 234              	.LCFI15:
 235              	 .cfi_restore 7
 236              	 .cfi_def_cfa_offset 0
 237 0054 7047     	 bx lr
 238              	 .cfi_endproc
 239              	.LFE177:
 241 0056 00BF     	 .section .text.XMC_FCE_CalculateCRC16,"ax",%progbits
 242              	 .align 2
 243              	 .global XMC_FCE_CalculateCRC16
 244              	 .thumb
 245              	 .thumb_func
 247              	XMC_FCE_CalculateCRC16:
 248              	.LFB178:
 125:../Libraries/XMCLib/src/xmc_fce.c **** 
 126:../Libraries/XMCLib/src/xmc_fce.c **** /* Calculate and return calculated CCITT CRC16 checksum */
 127:../Libraries/XMCLib/src/xmc_fce.c **** XMC_FCE_STATUS_t XMC_FCE_CalculateCRC16(const XMC_FCE_t *const engine,
 128:../Libraries/XMCLib/src/xmc_fce.c ****                                         const uint16_t *data,
 129:../Libraries/XMCLib/src/xmc_fce.c **** 										uint32_t length,
 130:../Libraries/XMCLib/src/xmc_fce.c **** 										uint16_t *result)
 131:../Libraries/XMCLib/src/xmc_fce.c **** {
 249              	 .loc 1 131 0
 250              	 .cfi_startproc
 251              	 
 252              	 
 253              	 
 254 0000 80B4     	 push {r7}
 255              	.LCFI16:
 256              	 .cfi_def_cfa_offset 4
 257              	 .cfi_offset 7,-4
 258 0002 87B0     	 sub sp,sp,#28
 259              	.LCFI17:
 260              	 .cfi_def_cfa_offset 32
 261 0004 00AF     	 add r7,sp,#0
 262              	.LCFI18:
 263              	 .cfi_def_cfa_register 7
 264 0006 F860     	 str r0,[r7,#12]
 265 0008 B960     	 str r1,[r7,#8]
 266 000a 7A60     	 str r2,[r7,#4]
 267 000c 3B60     	 str r3,[r7]
 132:../Libraries/XMCLib/src/xmc_fce.c ****   XMC_FCE_STATUS_t status = XMC_FCE_STATUS_OK;
 268              	 .loc 1 132 0
 269 000e 0023     	 movs r3,#0
 270 0010 FB75     	 strb r3,[r7,#23]
 133:../Libraries/XMCLib/src/xmc_fce.c **** 	
 134:../Libraries/XMCLib/src/xmc_fce.c ****   XMC_ASSERT("XMC_FCE_CalculateCRC16: Wrong FCE kernel used", (engine -> kernel_ptr == XMC_FCE_CRC1
 135:../Libraries/XMCLib/src/xmc_fce.c ****   XMC_ASSERT("XMC_FCE_CalculateCRC16: Length field is empty", (length != 0));
 136:../Libraries/XMCLib/src/xmc_fce.c ****   XMC_ASSERT("XMC_FCE_CalculateCRC16: Length is not aligned", ((length & 0x01) == 0));
 137:../Libraries/XMCLib/src/xmc_fce.c ****   XMC_ASSERT("XMC_FCE_CalculateCRC16: Buffer is not aligned", (((uint32_t)data % 2U) == 0));
 138:../Libraries/XMCLib/src/xmc_fce.c **** 
 139:../Libraries/XMCLib/src/xmc_fce.c ****   /* Check if data and length are word aligned */
 140:../Libraries/XMCLib/src/xmc_fce.c ****   if (((length & 0x01U) != 0U) || (((uint32_t)length % 2U) != 0U))
 271              	 .loc 1 140 0
 272 0012 7B68     	 ldr r3,[r7,#4]
 273 0014 03F00103 	 and r3,r3,#1
 274 0018 002B     	 cmp r3,#0
 275 001a 04D1     	 bne .L16
 276              	 .loc 1 140 0 is_stmt 0 discriminator 1
 277 001c 7B68     	 ldr r3,[r7,#4]
 278 001e 03F00103 	 and r3,r3,#1
 279 0022 002B     	 cmp r3,#0
 280 0024 02D0     	 beq .L17
 281              	.L16:
 141:../Libraries/XMCLib/src/xmc_fce.c ****   {
 142:../Libraries/XMCLib/src/xmc_fce.c ****     status = XMC_FCE_STATUS_ERROR;
 282              	 .loc 1 142 0 is_stmt 1
 283 0026 0223     	 movs r3,#2
 284 0028 FB75     	 strb r3,[r7,#23]
 285 002a 14E0     	 b .L18
 286              	.L17:
 143:../Libraries/XMCLib/src/xmc_fce.c ****   }
 144:../Libraries/XMCLib/src/xmc_fce.c ****   else
 145:../Libraries/XMCLib/src/xmc_fce.c ****   {
 146:../Libraries/XMCLib/src/xmc_fce.c ****     while (0UL != length)
 287              	 .loc 1 146 0
 288 002c 0AE0     	 b .L19
 289              	.L20:
 147:../Libraries/XMCLib/src/xmc_fce.c ****     {
 148:../Libraries/XMCLib/src/xmc_fce.c ****       engine->kernel_ptr->IR = *data;
 290              	 .loc 1 148 0
 291 002e FB68     	 ldr r3,[r7,#12]
 292 0030 1B68     	 ldr r3,[r3]
 293 0032 BA68     	 ldr r2,[r7,#8]
 294 0034 1288     	 ldrh r2,[r2]
 295 0036 1A60     	 str r2,[r3]
 149:../Libraries/XMCLib/src/xmc_fce.c ****       data++;
 296              	 .loc 1 149 0
 297 0038 BB68     	 ldr r3,[r7,#8]
 298 003a 0233     	 adds r3,r3,#2
 299 003c BB60     	 str r3,[r7,#8]
 150:../Libraries/XMCLib/src/xmc_fce.c ****       length -= 2U;
 300              	 .loc 1 150 0
 301 003e 7B68     	 ldr r3,[r7,#4]
 302 0040 023B     	 subs r3,r3,#2
 303 0042 7B60     	 str r3,[r7,#4]
 304              	.L19:
 146:../Libraries/XMCLib/src/xmc_fce.c ****     {
 305              	 .loc 1 146 0
 306 0044 7B68     	 ldr r3,[r7,#4]
 307 0046 002B     	 cmp r3,#0
 308 0048 F1D1     	 bne .L20
 151:../Libraries/XMCLib/src/xmc_fce.c ****     }
 152:../Libraries/XMCLib/src/xmc_fce.c **** 	
 153:../Libraries/XMCLib/src/xmc_fce.c ****     *result = (uint16_t)engine->kernel_ptr->CRC;
 309              	 .loc 1 153 0
 310 004a FB68     	 ldr r3,[r7,#12]
 311 004c 1B68     	 ldr r3,[r3]
 312 004e 9B69     	 ldr r3,[r3,#24]
 313 0050 9AB2     	 uxth r2,r3
 314 0052 3B68     	 ldr r3,[r7]
 315 0054 1A80     	 strh r2,[r3]
 316              	.L18:
 154:../Libraries/XMCLib/src/xmc_fce.c ****   }
 155:../Libraries/XMCLib/src/xmc_fce.c **** 
 156:../Libraries/XMCLib/src/xmc_fce.c ****   return status;
 317              	 .loc 1 156 0
 318 0056 FB7D     	 ldrb r3,[r7,#23]
 157:../Libraries/XMCLib/src/xmc_fce.c **** }
 319              	 .loc 1 157 0
 320 0058 1846     	 mov r0,r3
 321 005a 1C37     	 adds r7,r7,#28
 322              	.LCFI19:
 323              	 .cfi_def_cfa_offset 4
 324 005c BD46     	 mov sp,r7
 325              	.LCFI20:
 326              	 .cfi_def_cfa_register 13
 327              	 
 328 005e 5DF8047B 	 ldr r7,[sp],#4
 329              	.LCFI21:
 330              	 .cfi_restore 7
 331              	 .cfi_def_cfa_offset 0
 332 0062 7047     	 bx lr
 333              	 .cfi_endproc
 334              	.LFE178:
 336              	 .section .text.XMC_FCE_CalculateCRC32,"ax",%progbits
 337              	 .align 2
 338              	 .global XMC_FCE_CalculateCRC32
 339              	 .thumb
 340              	 .thumb_func
 342              	XMC_FCE_CalculateCRC32:
 343              	.LFB179:
 158:../Libraries/XMCLib/src/xmc_fce.c **** 
 159:../Libraries/XMCLib/src/xmc_fce.c **** /* Calculate and return the IEEE 802.3 Ethernet CRC32 checksum */
 160:../Libraries/XMCLib/src/xmc_fce.c **** XMC_FCE_STATUS_t XMC_FCE_CalculateCRC32(const XMC_FCE_t *const engine,
 161:../Libraries/XMCLib/src/xmc_fce.c ****                                         const uint32_t *data,
 162:../Libraries/XMCLib/src/xmc_fce.c **** 										uint32_t length,
 163:../Libraries/XMCLib/src/xmc_fce.c **** 										uint32_t *result)
 164:../Libraries/XMCLib/src/xmc_fce.c **** {
 344              	 .loc 1 164 0
 345              	 .cfi_startproc
 346              	 
 347              	 
 348              	 
 349 0000 80B4     	 push {r7}
 350              	.LCFI22:
 351              	 .cfi_def_cfa_offset 4
 352              	 .cfi_offset 7,-4
 353 0002 87B0     	 sub sp,sp,#28
 354              	.LCFI23:
 355              	 .cfi_def_cfa_offset 32
 356 0004 00AF     	 add r7,sp,#0
 357              	.LCFI24:
 358              	 .cfi_def_cfa_register 7
 359 0006 F860     	 str r0,[r7,#12]
 360 0008 B960     	 str r1,[r7,#8]
 361 000a 7A60     	 str r2,[r7,#4]
 362 000c 3B60     	 str r3,[r7]
 165:../Libraries/XMCLib/src/xmc_fce.c ****   XMC_FCE_STATUS_t status = XMC_FCE_STATUS_OK;
 363              	 .loc 1 165 0
 364 000e 0023     	 movs r3,#0
 365 0010 FB75     	 strb r3,[r7,#23]
 166:../Libraries/XMCLib/src/xmc_fce.c **** 	
 167:../Libraries/XMCLib/src/xmc_fce.c ****   XMC_ASSERT("XMC_FCE_CalculateCRC32: Wrong FCE kernel used", ((engine->kernel_ptr == XMC_FCE_CRC32
 168:../Libraries/XMCLib/src/xmc_fce.c ****                                                                (engine->kernel_ptr == XMC_FCE_CRC32
 169:../Libraries/XMCLib/src/xmc_fce.c ****   XMC_ASSERT("XMC_FCE_CalculateCRC32: Length field is empty", (length != 0));
 170:../Libraries/XMCLib/src/xmc_fce.c ****   XMC_ASSERT("XMC_FCE_CalculateCRC32: Length is not aligned", ((length & 0x03) == 0));
 171:../Libraries/XMCLib/src/xmc_fce.c ****   XMC_ASSERT("XMC_FCE_CalculateCRC32: Buffer is not aligned", (((uint32_t)data % 4U) == 0));
 172:../Libraries/XMCLib/src/xmc_fce.c **** 
 173:../Libraries/XMCLib/src/xmc_fce.c ****   /* Check if data and length are word aligned */
 174:../Libraries/XMCLib/src/xmc_fce.c ****   if (((length & 0x03U) != 0U) || (((uint32_t)length % 4U) != 0U))
 366              	 .loc 1 174 0
 367 0012 7B68     	 ldr r3,[r7,#4]
 368 0014 03F00303 	 and r3,r3,#3
 369 0018 002B     	 cmp r3,#0
 370 001a 04D1     	 bne .L23
 371              	 .loc 1 174 0 is_stmt 0 discriminator 1
 372 001c 7B68     	 ldr r3,[r7,#4]
 373 001e 03F00303 	 and r3,r3,#3
 374 0022 002B     	 cmp r3,#0
 375 0024 02D0     	 beq .L24
 376              	.L23:
 175:../Libraries/XMCLib/src/xmc_fce.c ****   {
 176:../Libraries/XMCLib/src/xmc_fce.c ****     status = XMC_FCE_STATUS_ERROR;
 377              	 .loc 1 176 0 is_stmt 1
 378 0026 0223     	 movs r3,#2
 379 0028 FB75     	 strb r3,[r7,#23]
 380 002a 13E0     	 b .L25
 381              	.L24:
 177:../Libraries/XMCLib/src/xmc_fce.c ****   }
 178:../Libraries/XMCLib/src/xmc_fce.c ****   else
 179:../Libraries/XMCLib/src/xmc_fce.c ****   {
 180:../Libraries/XMCLib/src/xmc_fce.c ****     while (0UL != length)
 382              	 .loc 1 180 0
 383 002c 0AE0     	 b .L26
 384              	.L27:
 181:../Libraries/XMCLib/src/xmc_fce.c ****     {
 182:../Libraries/XMCLib/src/xmc_fce.c ****       engine->kernel_ptr->IR = *data;
 385              	 .loc 1 182 0
 386 002e FB68     	 ldr r3,[r7,#12]
 387 0030 1B68     	 ldr r3,[r3]
 388 0032 BA68     	 ldr r2,[r7,#8]
 389 0034 1268     	 ldr r2,[r2]
 390 0036 1A60     	 str r2,[r3]
 183:../Libraries/XMCLib/src/xmc_fce.c ****       data++;
 391              	 .loc 1 183 0
 392 0038 BB68     	 ldr r3,[r7,#8]
 393 003a 0433     	 adds r3,r3,#4
 394 003c BB60     	 str r3,[r7,#8]
 184:../Libraries/XMCLib/src/xmc_fce.c ****       length -= 4U;
 395              	 .loc 1 184 0
 396 003e 7B68     	 ldr r3,[r7,#4]
 397 0040 043B     	 subs r3,r3,#4
 398 0042 7B60     	 str r3,[r7,#4]
 399              	.L26:
 180:../Libraries/XMCLib/src/xmc_fce.c ****     {
 400              	 .loc 1 180 0
 401 0044 7B68     	 ldr r3,[r7,#4]
 402 0046 002B     	 cmp r3,#0
 403 0048 F1D1     	 bne .L27
 185:../Libraries/XMCLib/src/xmc_fce.c ****     }
 186:../Libraries/XMCLib/src/xmc_fce.c **** 
 187:../Libraries/XMCLib/src/xmc_fce.c ****     *result = engine->kernel_ptr->CRC;
 404              	 .loc 1 187 0
 405 004a FB68     	 ldr r3,[r7,#12]
 406 004c 1B68     	 ldr r3,[r3]
 407 004e 9A69     	 ldr r2,[r3,#24]
 408 0050 3B68     	 ldr r3,[r7]
 409 0052 1A60     	 str r2,[r3]
 410              	.L25:
 188:../Libraries/XMCLib/src/xmc_fce.c ****   }
 189:../Libraries/XMCLib/src/xmc_fce.c ****   
 190:../Libraries/XMCLib/src/xmc_fce.c ****   return status;
 411              	 .loc 1 190 0
 412 0054 FB7D     	 ldrb r3,[r7,#23]
 191:../Libraries/XMCLib/src/xmc_fce.c **** }
 413              	 .loc 1 191 0
 414 0056 1846     	 mov r0,r3
 415 0058 1C37     	 adds r7,r7,#28
 416              	.LCFI25:
 417              	 .cfi_def_cfa_offset 4
 418 005a BD46     	 mov sp,r7
 419              	.LCFI26:
 420              	 .cfi_def_cfa_register 13
 421              	 
 422 005c 5DF8047B 	 ldr r7,[sp],#4
 423              	.LCFI27:
 424              	 .cfi_restore 7
 425              	 .cfi_def_cfa_offset 0
 426 0060 7047     	 bx lr
 427              	 .cfi_endproc
 428              	.LFE179:
 430 0062 00BF     	 .section .text.XMC_FCE_TriggerMismatch,"ax",%progbits
 431              	 .align 2
 432              	 .global XMC_FCE_TriggerMismatch
 433              	 .thumb
 434              	 .thumb_func
 436              	XMC_FCE_TriggerMismatch:
 437              	.LFB180:
 192:../Libraries/XMCLib/src/xmc_fce.c **** 
 193:../Libraries/XMCLib/src/xmc_fce.c **** /* Trigger mismatch in the CRC registers */
 194:../Libraries/XMCLib/src/xmc_fce.c **** void XMC_FCE_TriggerMismatch(const XMC_FCE_t *const engine, XMC_FCE_CTR_TEST_t test)
 195:../Libraries/XMCLib/src/xmc_fce.c **** {
 438              	 .loc 1 195 0
 439              	 .cfi_startproc
 440              	 
 441              	 
 442              	 
 443 0000 80B4     	 push {r7}
 444              	.LCFI28:
 445              	 .cfi_def_cfa_offset 4
 446              	 .cfi_offset 7,-4
 447 0002 83B0     	 sub sp,sp,#12
 448              	.LCFI29:
 449              	 .cfi_def_cfa_offset 16
 450 0004 00AF     	 add r7,sp,#0
 451              	.LCFI30:
 452              	 .cfi_def_cfa_register 7
 453 0006 7860     	 str r0,[r7,#4]
 454 0008 0B46     	 mov r3,r1
 455 000a FB70     	 strb r3,[r7,#3]
 196:../Libraries/XMCLib/src/xmc_fce.c ****   /* Create a 0 to 1 transition and clear to 0 once it is done */
 197:../Libraries/XMCLib/src/xmc_fce.c ****   engine->kernel_ptr->CTR &= ~((uint32_t)test);
 456              	 .loc 1 197 0
 457 000c 7B68     	 ldr r3,[r7,#4]
 458 000e 1B68     	 ldr r3,[r3]
 459 0010 7A68     	 ldr r2,[r7,#4]
 460 0012 1268     	 ldr r2,[r2]
 461 0014 D169     	 ldr r1,[r2,#28]
 462 0016 FA78     	 ldrb r2,[r7,#3]
 463 0018 D243     	 mvns r2,r2
 464 001a 0A40     	 ands r2,r2,r1
 465 001c DA61     	 str r2,[r3,#28]
 198:../Libraries/XMCLib/src/xmc_fce.c ****   engine->kernel_ptr->CTR |= (uint32_t)test;
 466              	 .loc 1 198 0
 467 001e 7B68     	 ldr r3,[r7,#4]
 468 0020 1B68     	 ldr r3,[r3]
 469 0022 7A68     	 ldr r2,[r7,#4]
 470 0024 1268     	 ldr r2,[r2]
 471 0026 D169     	 ldr r1,[r2,#28]
 472 0028 FA78     	 ldrb r2,[r7,#3]
 473 002a 0A43     	 orrs r2,r2,r1
 474 002c DA61     	 str r2,[r3,#28]
 199:../Libraries/XMCLib/src/xmc_fce.c ****   engine->kernel_ptr->CTR &= ~((uint32_t)test);
 475              	 .loc 1 199 0
 476 002e 7B68     	 ldr r3,[r7,#4]
 477 0030 1B68     	 ldr r3,[r3]
 478 0032 7A68     	 ldr r2,[r7,#4]
 479 0034 1268     	 ldr r2,[r2]
 480 0036 D169     	 ldr r1,[r2,#28]
 481 0038 FA78     	 ldrb r2,[r7,#3]
 482 003a D243     	 mvns r2,r2
 483 003c 0A40     	 ands r2,r2,r1
 484 003e DA61     	 str r2,[r3,#28]
 200:../Libraries/XMCLib/src/xmc_fce.c **** }
 485              	 .loc 1 200 0
 486 0040 0C37     	 adds r7,r7,#12
 487              	.LCFI31:
 488              	 .cfi_def_cfa_offset 4
 489 0042 BD46     	 mov sp,r7
 490              	.LCFI32:
 491              	 .cfi_def_cfa_register 13
 492              	 
 493 0044 5DF8047B 	 ldr r7,[sp],#4
 494              	.LCFI33:
 495              	 .cfi_restore 7
 496              	 .cfi_def_cfa_offset 0
 497 0048 7047     	 bx lr
 498              	 .cfi_endproc
 499              	.LFE180:
 501 004a 00BF     	 .section .text.XMC_FCE_LittleEndian16bit,"ax",%progbits
 502              	 .align 2
 503              	 .global XMC_FCE_LittleEndian16bit
 504              	 .thumb
 505              	 .thumb_func
 507              	XMC_FCE_LittleEndian16bit:
 508              	.LFB181:
 201:../Libraries/XMCLib/src/xmc_fce.c **** 
 202:../Libraries/XMCLib/src/xmc_fce.c **** /* Change endianness of 16-bit input buffer */
 203:../Libraries/XMCLib/src/xmc_fce.c **** void XMC_FCE_LittleEndian16bit(uint8_t* inbuffer, uint16_t* outbuffer, uint16_t length)
 204:../Libraries/XMCLib/src/xmc_fce.c **** {
 509              	 .loc 1 204 0
 510              	 .cfi_startproc
 511              	 
 512              	 
 513              	 
 514 0000 80B4     	 push {r7}
 515              	.LCFI34:
 516              	 .cfi_def_cfa_offset 4
 517              	 .cfi_offset 7,-4
 518 0002 87B0     	 sub sp,sp,#28
 519              	.LCFI35:
 520              	 .cfi_def_cfa_offset 32
 521 0004 00AF     	 add r7,sp,#0
 522              	.LCFI36:
 523              	 .cfi_def_cfa_register 7
 524 0006 F860     	 str r0,[r7,#12]
 525 0008 B960     	 str r1,[r7,#8]
 526 000a 1346     	 mov r3,r2
 527 000c FB80     	 strh r3,[r7,#6]
 205:../Libraries/XMCLib/src/xmc_fce.c ****   uint16_t counter = 0U;
 528              	 .loc 1 205 0
 529 000e 0023     	 movs r3,#0
 530 0010 FB82     	 strh r3,[r7,#22]
 206:../Libraries/XMCLib/src/xmc_fce.c ****   uint16_t bytecounter = 0U;
 531              	 .loc 1 206 0
 532 0012 0023     	 movs r3,#0
 533 0014 BB82     	 strh r3,[r7,#20]
 207:../Libraries/XMCLib/src/xmc_fce.c **** 
 208:../Libraries/XMCLib/src/xmc_fce.c ****   if ((length & 0x01U)  == 0)
 534              	 .loc 1 208 0
 535 0016 FB88     	 ldrh r3,[r7,#6]
 536 0018 03F00103 	 and r3,r3,#1
 537 001c 002B     	 cmp r3,#0
 538 001e 3AD1     	 bne .L30
 209:../Libraries/XMCLib/src/xmc_fce.c ****   {
 210:../Libraries/XMCLib/src/xmc_fce.c ****     for (counter = 0U; counter < (length >> 1); counter++)
 539              	 .loc 1 210 0
 540 0020 0023     	 movs r3,#0
 541 0022 FB82     	 strh r3,[r7,#22]
 542 0024 08E0     	 b .L32
 543              	.L33:
 211:../Libraries/XMCLib/src/xmc_fce.c ****     {
 212:../Libraries/XMCLib/src/xmc_fce.c ****       outbuffer[counter] = 0U;
 544              	 .loc 1 212 0 discriminator 3
 545 0026 FB8A     	 ldrh r3,[r7,#22]
 546 0028 5B00     	 lsls r3,r3,#1
 547 002a BA68     	 ldr r2,[r7,#8]
 548 002c 1344     	 add r3,r3,r2
 549 002e 0022     	 movs r2,#0
 550 0030 1A80     	 strh r2,[r3]
 210:../Libraries/XMCLib/src/xmc_fce.c ****     {
 551              	 .loc 1 210 0 discriminator 3
 552 0032 FB8A     	 ldrh r3,[r7,#22]
 553 0034 0133     	 adds r3,r3,#1
 554 0036 FB82     	 strh r3,[r7,#22]
 555              	.L32:
 210:../Libraries/XMCLib/src/xmc_fce.c ****     {
 556              	 .loc 1 210 0 is_stmt 0 discriminator 1
 557 0038 FB88     	 ldrh r3,[r7,#6]
 558 003a 5B08     	 lsrs r3,r3,#1
 559 003c 9BB2     	 uxth r3,r3
 560 003e FA8A     	 ldrh r2,[r7,#22]
 561 0040 9A42     	 cmp r2,r3
 562 0042 F0D3     	 bcc .L33
 213:../Libraries/XMCLib/src/xmc_fce.c ****     }
 214:../Libraries/XMCLib/src/xmc_fce.c **** 
 215:../Libraries/XMCLib/src/xmc_fce.c ****     outbuffer[counter] = 0U;
 563              	 .loc 1 215 0 is_stmt 1
 564 0044 FB8A     	 ldrh r3,[r7,#22]
 565 0046 5B00     	 lsls r3,r3,#1
 566 0048 BA68     	 ldr r2,[r7,#8]
 567 004a 1344     	 add r3,r3,r2
 568 004c 0022     	 movs r2,#0
 569 004e 1A80     	 strh r2,[r3]
 216:../Libraries/XMCLib/src/xmc_fce.c ****     counter = 0U;
 570              	 .loc 1 216 0
 571 0050 0023     	 movs r3,#0
 572 0052 FB82     	 strh r3,[r7,#22]
 217:../Libraries/XMCLib/src/xmc_fce.c **** 
 218:../Libraries/XMCLib/src/xmc_fce.c ****     while (length)
 573              	 .loc 1 218 0
 574 0054 1CE0     	 b .L34
 575              	.L35:
 219:../Libraries/XMCLib/src/xmc_fce.c ****     {
 220:../Libraries/XMCLib/src/xmc_fce.c ****       outbuffer[counter] = ((uint16_t)((uint16_t)inbuffer[bytecounter] << 8U) |
 576              	 .loc 1 220 0
 577 0056 FB8A     	 ldrh r3,[r7,#22]
 578 0058 5B00     	 lsls r3,r3,#1
 579 005a BA68     	 ldr r2,[r7,#8]
 580 005c 1344     	 add r3,r3,r2
 581 005e BA8A     	 ldrh r2,[r7,#20]
 582 0060 F968     	 ldr r1,[r7,#12]
 583 0062 0A44     	 add r2,r2,r1
 584 0064 1278     	 ldrb r2,[r2]
 585 0066 92B2     	 uxth r2,r2
 586 0068 1202     	 lsls r2,r2,#8
 587 006a 91B2     	 uxth r1,r2
 221:../Libraries/XMCLib/src/xmc_fce.c ****                             (inbuffer[bytecounter + 1U]));
 588              	 .loc 1 221 0
 589 006c BA8A     	 ldrh r2,[r7,#20]
 590 006e 0132     	 adds r2,r2,#1
 591 0070 F868     	 ldr r0,[r7,#12]
 592 0072 0244     	 add r2,r2,r0
 593 0074 1278     	 ldrb r2,[r2]
 220:../Libraries/XMCLib/src/xmc_fce.c ****                             (inbuffer[bytecounter + 1U]));
 594              	 .loc 1 220 0
 595 0076 92B2     	 uxth r2,r2
 596 0078 0A43     	 orrs r2,r2,r1
 597 007a 92B2     	 uxth r2,r2
 598 007c 1A80     	 strh r2,[r3]
 222:../Libraries/XMCLib/src/xmc_fce.c ****       counter += 1U;
 599              	 .loc 1 222 0
 600 007e FB8A     	 ldrh r3,[r7,#22]
 601 0080 0133     	 adds r3,r3,#1
 602 0082 FB82     	 strh r3,[r7,#22]
 223:../Libraries/XMCLib/src/xmc_fce.c ****       bytecounter += 2U;
 603              	 .loc 1 223 0
 604 0084 BB8A     	 ldrh r3,[r7,#20]
 605 0086 0233     	 adds r3,r3,#2
 606 0088 BB82     	 strh r3,[r7,#20]
 224:../Libraries/XMCLib/src/xmc_fce.c ****       length -= 2U;
 607              	 .loc 1 224 0
 608 008a FB88     	 ldrh r3,[r7,#6]
 609 008c 023B     	 subs r3,r3,#2
 610 008e FB80     	 strh r3,[r7,#6]
 611              	.L34:
 218:../Libraries/XMCLib/src/xmc_fce.c ****     {
 612              	 .loc 1 218 0
 613 0090 FB88     	 ldrh r3,[r7,#6]
 614 0092 002B     	 cmp r3,#0
 615 0094 DFD1     	 bne .L35
 616              	.L30:
 225:../Libraries/XMCLib/src/xmc_fce.c ****     }
 226:../Libraries/XMCLib/src/xmc_fce.c ****   }
 227:../Libraries/XMCLib/src/xmc_fce.c **** }
 617              	 .loc 1 227 0
 618 0096 1C37     	 adds r7,r7,#28
 619              	.LCFI37:
 620              	 .cfi_def_cfa_offset 4
 621 0098 BD46     	 mov sp,r7
 622              	.LCFI38:
 623              	 .cfi_def_cfa_register 13
 624              	 
 625 009a 5DF8047B 	 ldr r7,[sp],#4
 626              	.LCFI39:
 627              	 .cfi_restore 7
 628              	 .cfi_def_cfa_offset 0
 629 009e 7047     	 bx lr
 630              	 .cfi_endproc
 631              	.LFE181:
 633              	 .section .text.XMC_FCE_LittleEndian32bit,"ax",%progbits
 634              	 .align 2
 635              	 .global XMC_FCE_LittleEndian32bit
 636              	 .thumb
 637              	 .thumb_func
 639              	XMC_FCE_LittleEndian32bit:
 640              	.LFB182:
 228:../Libraries/XMCLib/src/xmc_fce.c **** 
 229:../Libraries/XMCLib/src/xmc_fce.c **** /* Change endianness of 32-bit input buffer */
 230:../Libraries/XMCLib/src/xmc_fce.c **** void XMC_FCE_LittleEndian32bit(uint8_t* inbuffer, uint32_t* outbuffer, uint16_t length)
 231:../Libraries/XMCLib/src/xmc_fce.c **** {
 641              	 .loc 1 231 0
 642              	 .cfi_startproc
 643              	 
 644              	 
 645              	 
 646 0000 80B4     	 push {r7}
 647              	.LCFI40:
 648              	 .cfi_def_cfa_offset 4
 649              	 .cfi_offset 7,-4
 650 0002 87B0     	 sub sp,sp,#28
 651              	.LCFI41:
 652              	 .cfi_def_cfa_offset 32
 653 0004 00AF     	 add r7,sp,#0
 654              	.LCFI42:
 655              	 .cfi_def_cfa_register 7
 656 0006 F860     	 str r0,[r7,#12]
 657 0008 B960     	 str r1,[r7,#8]
 658 000a 1346     	 mov r3,r2
 659 000c FB80     	 strh r3,[r7,#6]
 232:../Libraries/XMCLib/src/xmc_fce.c ****   uint16_t counter = 0U;
 660              	 .loc 1 232 0
 661 000e 0023     	 movs r3,#0
 662 0010 FB82     	 strh r3,[r7,#22]
 233:../Libraries/XMCLib/src/xmc_fce.c ****   uint16_t bytecounter = 0U;
 663              	 .loc 1 233 0
 664 0012 0023     	 movs r3,#0
 665 0014 BB82     	 strh r3,[r7,#20]
 234:../Libraries/XMCLib/src/xmc_fce.c ****  
 235:../Libraries/XMCLib/src/xmc_fce.c ****   if ((length & 0x03U) == 0)
 666              	 .loc 1 235 0
 667 0016 FB88     	 ldrh r3,[r7,#6]
 668 0018 03F00303 	 and r3,r3,#3
 669 001c 002B     	 cmp r3,#0
 670 001e 44D1     	 bne .L36
 236:../Libraries/XMCLib/src/xmc_fce.c ****   {
 237:../Libraries/XMCLib/src/xmc_fce.c ****     for (counter = 0U; counter < (length >> 2U); counter++)
 671              	 .loc 1 237 0
 672 0020 0023     	 movs r3,#0
 673 0022 FB82     	 strh r3,[r7,#22]
 674 0024 08E0     	 b .L38
 675              	.L39:
 238:../Libraries/XMCLib/src/xmc_fce.c ****     {
 239:../Libraries/XMCLib/src/xmc_fce.c ****       outbuffer[counter] = 0U;
 676              	 .loc 1 239 0 discriminator 3
 677 0026 FB8A     	 ldrh r3,[r7,#22]
 678 0028 9B00     	 lsls r3,r3,#2
 679 002a BA68     	 ldr r2,[r7,#8]
 680 002c 1344     	 add r3,r3,r2
 681 002e 0022     	 movs r2,#0
 682 0030 1A60     	 str r2,[r3]
 237:../Libraries/XMCLib/src/xmc_fce.c ****     {
 683              	 .loc 1 237 0 discriminator 3
 684 0032 FB8A     	 ldrh r3,[r7,#22]
 685 0034 0133     	 adds r3,r3,#1
 686 0036 FB82     	 strh r3,[r7,#22]
 687              	.L38:
 237:../Libraries/XMCLib/src/xmc_fce.c ****     {
 688              	 .loc 1 237 0 is_stmt 0 discriminator 1
 689 0038 FB88     	 ldrh r3,[r7,#6]
 690 003a 9B08     	 lsrs r3,r3,#2
 691 003c 9BB2     	 uxth r3,r3
 692 003e FA8A     	 ldrh r2,[r7,#22]
 693 0040 9A42     	 cmp r2,r3
 694 0042 F0D3     	 bcc .L39
 240:../Libraries/XMCLib/src/xmc_fce.c ****     }
 241:../Libraries/XMCLib/src/xmc_fce.c **** 
 242:../Libraries/XMCLib/src/xmc_fce.c ****     outbuffer[counter] = 0U;
 695              	 .loc 1 242 0 is_stmt 1
 696 0044 FB8A     	 ldrh r3,[r7,#22]
 697 0046 9B00     	 lsls r3,r3,#2
 698 0048 BA68     	 ldr r2,[r7,#8]
 699 004a 1344     	 add r3,r3,r2
 700 004c 0022     	 movs r2,#0
 701 004e 1A60     	 str r2,[r3]
 243:../Libraries/XMCLib/src/xmc_fce.c ****     counter = 0U;
 702              	 .loc 1 243 0
 703 0050 0023     	 movs r3,#0
 704 0052 FB82     	 strh r3,[r7,#22]
 244:../Libraries/XMCLib/src/xmc_fce.c **** 
 245:../Libraries/XMCLib/src/xmc_fce.c ****     while (length)
 705              	 .loc 1 245 0
 706 0054 26E0     	 b .L40
 707              	.L41:
 246:../Libraries/XMCLib/src/xmc_fce.c ****     {
 247:../Libraries/XMCLib/src/xmc_fce.c ****       outbuffer[counter] = ((uint32_t)inbuffer[bytecounter]      << 24U) |
 708              	 .loc 1 247 0
 709 0056 FB8A     	 ldrh r3,[r7,#22]
 710 0058 9B00     	 lsls r3,r3,#2
 711 005a BA68     	 ldr r2,[r7,#8]
 712 005c 1344     	 add r3,r3,r2
 713 005e BA8A     	 ldrh r2,[r7,#20]
 714 0060 F968     	 ldr r1,[r7,#12]
 715 0062 0A44     	 add r2,r2,r1
 716 0064 1278     	 ldrb r2,[r2]
 717 0066 1106     	 lsls r1,r2,#24
 248:../Libraries/XMCLib/src/xmc_fce.c ****                            ((uint32_t)inbuffer[bytecounter + 1U] << 16U) |
 718              	 .loc 1 248 0
 719 0068 BA8A     	 ldrh r2,[r7,#20]
 720 006a 0132     	 adds r2,r2,#1
 721 006c F868     	 ldr r0,[r7,#12]
 722 006e 0244     	 add r2,r2,r0
 723 0070 1278     	 ldrb r2,[r2]
 724 0072 1204     	 lsls r2,r2,#16
 247:../Libraries/XMCLib/src/xmc_fce.c ****                            ((uint32_t)inbuffer[bytecounter + 1U] << 16U) |
 725              	 .loc 1 247 0
 726 0074 1143     	 orrs r1,r1,r2
 249:../Libraries/XMCLib/src/xmc_fce.c ****                            ((uint32_t)inbuffer[bytecounter + 2U] <<  8U) |
 727              	 .loc 1 249 0
 728 0076 BA8A     	 ldrh r2,[r7,#20]
 729 0078 0232     	 adds r2,r2,#2
 730 007a F868     	 ldr r0,[r7,#12]
 731 007c 0244     	 add r2,r2,r0
 732 007e 1278     	 ldrb r2,[r2]
 733 0080 1202     	 lsls r2,r2,#8
 248:../Libraries/XMCLib/src/xmc_fce.c ****                            ((uint32_t)inbuffer[bytecounter + 1U] << 16U) |
 734              	 .loc 1 248 0
 735 0082 0A43     	 orrs r2,r2,r1
 250:../Libraries/XMCLib/src/xmc_fce.c ****                            (inbuffer[bytecounter + 3U]);
 736              	 .loc 1 250 0
 737 0084 B98A     	 ldrh r1,[r7,#20]
 738 0086 0331     	 adds r1,r1,#3
 739 0088 F868     	 ldr r0,[r7,#12]
 740 008a 0144     	 add r1,r1,r0
 741 008c 0978     	 ldrb r1,[r1]
 249:../Libraries/XMCLib/src/xmc_fce.c ****                            ((uint32_t)inbuffer[bytecounter + 2U] <<  8U) |
 742              	 .loc 1 249 0
 743 008e 0A43     	 orrs r2,r2,r1
 247:../Libraries/XMCLib/src/xmc_fce.c ****                            ((uint32_t)inbuffer[bytecounter + 1U] << 16U) |
 744              	 .loc 1 247 0
 745 0090 1A60     	 str r2,[r3]
 251:../Libraries/XMCLib/src/xmc_fce.c ****       counter += 1U;
 746              	 .loc 1 251 0
 747 0092 FB8A     	 ldrh r3,[r7,#22]
 748 0094 0133     	 adds r3,r3,#1
 749 0096 FB82     	 strh r3,[r7,#22]
 252:../Libraries/XMCLib/src/xmc_fce.c ****       bytecounter += 4U;
 750              	 .loc 1 252 0
 751 0098 BB8A     	 ldrh r3,[r7,#20]
 752 009a 0433     	 adds r3,r3,#4
 753 009c BB82     	 strh r3,[r7,#20]
 253:../Libraries/XMCLib/src/xmc_fce.c ****       length -= 4U;
 754              	 .loc 1 253 0
 755 009e FB88     	 ldrh r3,[r7,#6]
 756 00a0 043B     	 subs r3,r3,#4
 757 00a2 FB80     	 strh r3,[r7,#6]
 758              	.L40:
 245:../Libraries/XMCLib/src/xmc_fce.c ****     {
 759              	 .loc 1 245 0
 760 00a4 FB88     	 ldrh r3,[r7,#6]
 761 00a6 002B     	 cmp r3,#0
 762 00a8 D5D1     	 bne .L41
 763              	.L36:
 254:../Libraries/XMCLib/src/xmc_fce.c ****     }
 255:../Libraries/XMCLib/src/xmc_fce.c ****   }
 256:../Libraries/XMCLib/src/xmc_fce.c **** }
 764              	 .loc 1 256 0
 765 00aa 1C37     	 adds r7,r7,#28
 766              	.LCFI43:
 767              	 .cfi_def_cfa_offset 4
 768 00ac BD46     	 mov sp,r7
 769              	.LCFI44:
 770              	 .cfi_def_cfa_register 13
 771              	 
 772 00ae 5DF8047B 	 ldr r7,[sp],#4
 773              	.LCFI45:
 774              	 .cfi_restore 7
 775              	 .cfi_def_cfa_offset 0
 776 00b2 7047     	 bx lr
 777              	 .cfi_endproc
 778              	.LFE182:
 780              	 .text
 781              	.Letext0:
 782              	 .file 2 "c:\\davev4\\dave-4.1.2\\eclipse\\arm-gcc-49\\arm-none-eabi\\include\\machine\\_default_types.h"
 783              	 .file 3 "c:\\davev4\\dave-4.1.2\\eclipse\\arm-gcc-49\\arm-none-eabi\\include\\stdint.h"
 784              	 .file 4 "C:\\Workspaces\\DAVE-4.1\\Flightcontroller_PWM_CopterRocks_Working/Libraries/CMSIS/Infineon/XMC4500_series/Include/XMC4500.h"
 785              	 .file 5 "C:\\Workspaces\\DAVE-4.1\\Flightcontroller_PWM_CopterRocks_Working\\Libraries\\XMCLib\\inc/xmc_fce.h"
 786              	 .file 6 "C:\\Workspaces\\DAVE-4.1\\Flightcontroller_PWM_CopterRocks_Working\\Libraries\\XMCLib\\inc/xmc4_scu.h"
 787              	 .file 7 "C:\\Workspaces\\DAVE-4.1\\Flightcontroller_PWM_CopterRocks_Working/Libraries/CMSIS/Include/core_cm4.h"
 788              	 .file 8 "C:\\Workspaces\\DAVE-4.1\\Flightcontroller_PWM_CopterRocks_Working/Libraries/CMSIS/Infineon/XMC4500_series/Include/system_XMC4500.h"
DEFINED SYMBOLS
                            *ABS*:00000000 xmc_fce.c
    {standard input}:20     .text.XMC_FCE_Init:00000000 $t
    {standard input}:25     .text.XMC_FCE_Init:00000000 XMC_FCE_Init
    {standard input}:76     .text.XMC_FCE_Disable:00000000 $t
    {standard input}:81     .text.XMC_FCE_Disable:00000000 XMC_FCE_Disable
    {standard input}:109    .text.XMC_FCE_Disable:00000018 $d
    {standard input}:115    .text.XMC_FCE_Enable:00000000 $t
    {standard input}:120    .text.XMC_FCE_Enable:00000000 XMC_FCE_Enable
    {standard input}:148    .text.XMC_FCE_Enable:00000018 $d
    {standard input}:154    .text.XMC_FCE_CalculateCRC8:00000000 $t
    {standard input}:159    .text.XMC_FCE_CalculateCRC8:00000000 XMC_FCE_CalculateCRC8
    {standard input}:242    .text.XMC_FCE_CalculateCRC16:00000000 $t
    {standard input}:247    .text.XMC_FCE_CalculateCRC16:00000000 XMC_FCE_CalculateCRC16
    {standard input}:337    .text.XMC_FCE_CalculateCRC32:00000000 $t
    {standard input}:342    .text.XMC_FCE_CalculateCRC32:00000000 XMC_FCE_CalculateCRC32
    {standard input}:431    .text.XMC_FCE_TriggerMismatch:00000000 $t
    {standard input}:436    .text.XMC_FCE_TriggerMismatch:00000000 XMC_FCE_TriggerMismatch
    {standard input}:502    .text.XMC_FCE_LittleEndian16bit:00000000 $t
    {standard input}:507    .text.XMC_FCE_LittleEndian16bit:00000000 XMC_FCE_LittleEndian16bit
    {standard input}:634    .text.XMC_FCE_LittleEndian32bit:00000000 $t
    {standard input}:639    .text.XMC_FCE_LittleEndian32bit:00000000 XMC_FCE_LittleEndian32bit
                     .debug_frame:00000010 $d

UNDEFINED SYMBOLS
XMC_SCU_RESET_AssertPeripheralReset
XMC_SCU_RESET_DeassertPeripheralReset
