   1              	 .syntax unified
   2              	 .cpu cortex-m4
   3              	 .eabi_attribute 27,3
   4              	 .fpu fpv4-sp-d16
   5              	 .eabi_attribute 20,1
   6              	 .eabi_attribute 21,1
   7              	 .eabi_attribute 23,3
   8              	 .eabi_attribute 24,1
   9              	 .eabi_attribute 25,1
  10              	 .eabi_attribute 26,1
  11              	 .eabi_attribute 30,6
  12              	 .eabi_attribute 34,1
  13              	 .eabi_attribute 18,4
  14              	 .thumb
  15              	 .file "arm_sin_q31.c"
  16              	 .text
  17              	.Ltext0:
  18              	 .cfi_sections .debug_frame
  19              	 .section .text.arm_sin_q31,"ax",%progbits
  20              	 .align 2
  21              	 .global arm_sin_q31
  22              	 .thumb
  23              	 .thumb_func
  25              	arm_sin_q31:
  26              	.LFB139:
  27              	 .file 1 "../Dave/Generated/CMSIS_DSP/FastMathFunctions/arm_sin_q31.c"
   1:../Dave/Generated/CMSIS_DSP/FastMathFunctions/arm_sin_q31.c **** /* ----------------------------------------------------------------------    
   2:../Dave/Generated/CMSIS_DSP/FastMathFunctions/arm_sin_q31.c **** * Copyright (C) 2010-2014 ARM Limited. All rights reserved.    
   3:../Dave/Generated/CMSIS_DSP/FastMathFunctions/arm_sin_q31.c **** *    
   4:../Dave/Generated/CMSIS_DSP/FastMathFunctions/arm_sin_q31.c **** * $Date:        12. March 2014
   5:../Dave/Generated/CMSIS_DSP/FastMathFunctions/arm_sin_q31.c **** * $Revision: 	V1.4.4
   6:../Dave/Generated/CMSIS_DSP/FastMathFunctions/arm_sin_q31.c **** *    
   7:../Dave/Generated/CMSIS_DSP/FastMathFunctions/arm_sin_q31.c **** * Project: 	    CMSIS DSP Library    
   8:../Dave/Generated/CMSIS_DSP/FastMathFunctions/arm_sin_q31.c **** * Title:		arm_sin_q31.c    
   9:../Dave/Generated/CMSIS_DSP/FastMathFunctions/arm_sin_q31.c **** *    
  10:../Dave/Generated/CMSIS_DSP/FastMathFunctions/arm_sin_q31.c **** * Description:	Fast sine calculation for Q31 values.   
  11:../Dave/Generated/CMSIS_DSP/FastMathFunctions/arm_sin_q31.c **** *    
  12:../Dave/Generated/CMSIS_DSP/FastMathFunctions/arm_sin_q31.c **** * Target Processor: Cortex-M4/Cortex-M3/Cortex-M0
  13:../Dave/Generated/CMSIS_DSP/FastMathFunctions/arm_sin_q31.c **** *  
  14:../Dave/Generated/CMSIS_DSP/FastMathFunctions/arm_sin_q31.c **** * Redistribution and use in source and binary forms, with or without 
  15:../Dave/Generated/CMSIS_DSP/FastMathFunctions/arm_sin_q31.c **** * modification, are permitted provided that the following conditions
  16:../Dave/Generated/CMSIS_DSP/FastMathFunctions/arm_sin_q31.c **** * are met:
  17:../Dave/Generated/CMSIS_DSP/FastMathFunctions/arm_sin_q31.c **** *   - Redistributions of source code must retain the above copyright
  18:../Dave/Generated/CMSIS_DSP/FastMathFunctions/arm_sin_q31.c **** *     notice, this list of conditions and the following disclaimer.
  19:../Dave/Generated/CMSIS_DSP/FastMathFunctions/arm_sin_q31.c **** *   - Redistributions in binary form must reproduce the above copyright
  20:../Dave/Generated/CMSIS_DSP/FastMathFunctions/arm_sin_q31.c **** *     notice, this list of conditions and the following disclaimer in
  21:../Dave/Generated/CMSIS_DSP/FastMathFunctions/arm_sin_q31.c **** *     the documentation and/or other materials provided with the 
  22:../Dave/Generated/CMSIS_DSP/FastMathFunctions/arm_sin_q31.c **** *     distribution.
  23:../Dave/Generated/CMSIS_DSP/FastMathFunctions/arm_sin_q31.c **** *   - Neither the name of ARM LIMITED nor the names of its contributors
  24:../Dave/Generated/CMSIS_DSP/FastMathFunctions/arm_sin_q31.c **** *     may be used to endorse or promote products derived from this
  25:../Dave/Generated/CMSIS_DSP/FastMathFunctions/arm_sin_q31.c **** *     software without specific prior written permission.
  26:../Dave/Generated/CMSIS_DSP/FastMathFunctions/arm_sin_q31.c **** *
  27:../Dave/Generated/CMSIS_DSP/FastMathFunctions/arm_sin_q31.c **** * THIS SOFTWARE IS PROVIDED BY THE COPYRIGHT HOLDERS AND CONTRIBUTORS
  28:../Dave/Generated/CMSIS_DSP/FastMathFunctions/arm_sin_q31.c **** * "AS IS" AND ANY EXPRESS OR IMPLIED WARRANTIES, INCLUDING, BUT NOT
  29:../Dave/Generated/CMSIS_DSP/FastMathFunctions/arm_sin_q31.c **** * LIMITED TO, THE IMPLIED WARRANTIES OF MERCHANTABILITY AND FITNESS
  30:../Dave/Generated/CMSIS_DSP/FastMathFunctions/arm_sin_q31.c **** * FOR A PARTICULAR PURPOSE ARE DISCLAIMED. IN NO EVENT SHALL THE 
  31:../Dave/Generated/CMSIS_DSP/FastMathFunctions/arm_sin_q31.c **** * COPYRIGHT OWNER OR CONTRIBUTORS BE LIABLE FOR ANY DIRECT, INDIRECT,
  32:../Dave/Generated/CMSIS_DSP/FastMathFunctions/arm_sin_q31.c **** * INCIDENTAL, SPECIAL, EXEMPLARY, OR CONSEQUENTIAL DAMAGES (INCLUDING,
  33:../Dave/Generated/CMSIS_DSP/FastMathFunctions/arm_sin_q31.c **** * BUT NOT LIMITED TO, PROCUREMENT OF SUBSTITUTE GOODS OR SERVICES;
  34:../Dave/Generated/CMSIS_DSP/FastMathFunctions/arm_sin_q31.c **** * LOSS OF USE, DATA, OR PROFITS; OR BUSINESS INTERRUPTION) HOWEVER
  35:../Dave/Generated/CMSIS_DSP/FastMathFunctions/arm_sin_q31.c **** * CAUSED AND ON ANY THEORY OF LIABILITY, WHETHER IN CONTRACT, STRICT
  36:../Dave/Generated/CMSIS_DSP/FastMathFunctions/arm_sin_q31.c **** * LIABILITY, OR TORT (INCLUDING NEGLIGENCE OR OTHERWISE) ARISING IN
  37:../Dave/Generated/CMSIS_DSP/FastMathFunctions/arm_sin_q31.c **** * ANY WAY OUT OF THE USE OF THIS SOFTWARE, EVEN IF ADVISED OF THE
  38:../Dave/Generated/CMSIS_DSP/FastMathFunctions/arm_sin_q31.c **** * POSSIBILITY OF SUCH DAMAGE.    
  39:../Dave/Generated/CMSIS_DSP/FastMathFunctions/arm_sin_q31.c **** * -------------------------------------------------------------------- */
  40:../Dave/Generated/CMSIS_DSP/FastMathFunctions/arm_sin_q31.c **** 
  41:../Dave/Generated/CMSIS_DSP/FastMathFunctions/arm_sin_q31.c **** #include "CMSIS_DSP/cmsis_dsp.h"
  42:../Dave/Generated/CMSIS_DSP/FastMathFunctions/arm_sin_q31.c **** #include "CMSIS_DSP/arm_common_tables.h"
  43:../Dave/Generated/CMSIS_DSP/FastMathFunctions/arm_sin_q31.c **** 
  44:../Dave/Generated/CMSIS_DSP/FastMathFunctions/arm_sin_q31.c **** /**    
  45:../Dave/Generated/CMSIS_DSP/FastMathFunctions/arm_sin_q31.c ****  * @ingroup groupFastMath    
  46:../Dave/Generated/CMSIS_DSP/FastMathFunctions/arm_sin_q31.c ****  */
  47:../Dave/Generated/CMSIS_DSP/FastMathFunctions/arm_sin_q31.c **** 
  48:../Dave/Generated/CMSIS_DSP/FastMathFunctions/arm_sin_q31.c ****  /**    
  49:../Dave/Generated/CMSIS_DSP/FastMathFunctions/arm_sin_q31.c ****  * @addtogroup sin    
  50:../Dave/Generated/CMSIS_DSP/FastMathFunctions/arm_sin_q31.c ****  * @{    
  51:../Dave/Generated/CMSIS_DSP/FastMathFunctions/arm_sin_q31.c ****  */
  52:../Dave/Generated/CMSIS_DSP/FastMathFunctions/arm_sin_q31.c **** 
  53:../Dave/Generated/CMSIS_DSP/FastMathFunctions/arm_sin_q31.c **** /**   
  54:../Dave/Generated/CMSIS_DSP/FastMathFunctions/arm_sin_q31.c ****  * @brief Fast approximation to the trigonometric sine function for Q31 data.
  55:../Dave/Generated/CMSIS_DSP/FastMathFunctions/arm_sin_q31.c ****  * @param[in] x Scaled input value in radians.
  56:../Dave/Generated/CMSIS_DSP/FastMathFunctions/arm_sin_q31.c ****  * @return  sin(x).
  57:../Dave/Generated/CMSIS_DSP/FastMathFunctions/arm_sin_q31.c ****  *
  58:../Dave/Generated/CMSIS_DSP/FastMathFunctions/arm_sin_q31.c ****  * The Q31 input value is in the range [0 +0.9999] and is mapped to a radian value in the range [0 
  59:../Dave/Generated/CMSIS_DSP/FastMathFunctions/arm_sin_q31.c **** 
  60:../Dave/Generated/CMSIS_DSP/FastMathFunctions/arm_sin_q31.c **** q31_t arm_sin_q31(
  61:../Dave/Generated/CMSIS_DSP/FastMathFunctions/arm_sin_q31.c ****   q31_t x)
  62:../Dave/Generated/CMSIS_DSP/FastMathFunctions/arm_sin_q31.c **** {
  28              	 .loc 1 62 0
  29              	 .cfi_startproc
  30              	 
  31              	 
  32 0000 2DE9F04F 	 push {r4,r5,r6,r7,r8,r9,r10,fp,lr}
  33              	.LCFI0:
  34              	 .cfi_def_cfa_offset 36
  35              	 .cfi_offset 4,-36
  36              	 .cfi_offset 5,-32
  37              	 .cfi_offset 6,-28
  38              	 .cfi_offset 7,-24
  39              	 .cfi_offset 8,-20
  40              	 .cfi_offset 9,-16
  41              	 .cfi_offset 10,-12
  42              	 .cfi_offset 11,-8
  43              	 .cfi_offset 14,-4
  44 0004 89B0     	 sub sp,sp,#36
  45              	.LCFI1:
  46              	 .cfi_def_cfa_offset 72
  47 0006 00AF     	 add r7,sp,#0
  48              	.LCFI2:
  49              	 .cfi_def_cfa_register 7
  50 0008 7860     	 str r0,[r7,#4]
  63:../Dave/Generated/CMSIS_DSP/FastMathFunctions/arm_sin_q31.c ****   q31_t sinVal;                                  /* Temporary variables for input, output */
  64:../Dave/Generated/CMSIS_DSP/FastMathFunctions/arm_sin_q31.c ****   int32_t index;                                 /* Index variables */
  65:../Dave/Generated/CMSIS_DSP/FastMathFunctions/arm_sin_q31.c ****   q31_t a, b;                                    /* Four nearest output values */
  66:../Dave/Generated/CMSIS_DSP/FastMathFunctions/arm_sin_q31.c ****   q31_t fract;                                   /* Temporary values for fractional values */
  67:../Dave/Generated/CMSIS_DSP/FastMathFunctions/arm_sin_q31.c **** 
  68:../Dave/Generated/CMSIS_DSP/FastMathFunctions/arm_sin_q31.c ****   /* Calculate the nearest index */
  69:../Dave/Generated/CMSIS_DSP/FastMathFunctions/arm_sin_q31.c ****   index = (uint32_t)x >> FAST_MATH_Q31_SHIFT;
  51              	 .loc 1 69 0
  52 000a 7B68     	 ldr r3,[r7,#4]
  53 000c 9B0D     	 lsrs r3,r3,#22
  54 000e FB61     	 str r3,[r7,#28]
  70:../Dave/Generated/CMSIS_DSP/FastMathFunctions/arm_sin_q31.c **** 
  71:../Dave/Generated/CMSIS_DSP/FastMathFunctions/arm_sin_q31.c ****   /* Calculation of fractional value */
  72:../Dave/Generated/CMSIS_DSP/FastMathFunctions/arm_sin_q31.c ****   fract = (x - (index << FAST_MATH_Q31_SHIFT)) << 9;
  55              	 .loc 1 72 0
  56 0010 FB69     	 ldr r3,[r7,#28]
  57 0012 9B05     	 lsls r3,r3,#22
  58 0014 7A68     	 ldr r2,[r7,#4]
  59 0016 D31A     	 subs r3,r2,r3
  60 0018 5B02     	 lsls r3,r3,#9
  61 001a BB61     	 str r3,[r7,#24]
  73:../Dave/Generated/CMSIS_DSP/FastMathFunctions/arm_sin_q31.c **** 
  74:../Dave/Generated/CMSIS_DSP/FastMathFunctions/arm_sin_q31.c ****   /* Read two nearest values of input value from the sin table */
  75:../Dave/Generated/CMSIS_DSP/FastMathFunctions/arm_sin_q31.c ****   a = sinTable_q31[index];
  62              	 .loc 1 75 0
  63 001c 244A     	 ldr r2,.L3
  64 001e FB69     	 ldr r3,[r7,#28]
  65 0020 52F82330 	 ldr r3,[r2,r3,lsl#2]
  66 0024 7B61     	 str r3,[r7,#20]
  76:../Dave/Generated/CMSIS_DSP/FastMathFunctions/arm_sin_q31.c ****   b = sinTable_q31[index+1];
  67              	 .loc 1 76 0
  68 0026 FB69     	 ldr r3,[r7,#28]
  69 0028 0133     	 adds r3,r3,#1
  70 002a 214A     	 ldr r2,.L3
  71 002c 52F82330 	 ldr r3,[r2,r3,lsl#2]
  72 0030 3B61     	 str r3,[r7,#16]
  77:../Dave/Generated/CMSIS_DSP/FastMathFunctions/arm_sin_q31.c **** 
  78:../Dave/Generated/CMSIS_DSP/FastMathFunctions/arm_sin_q31.c ****   /* Linear interpolation process */
  79:../Dave/Generated/CMSIS_DSP/FastMathFunctions/arm_sin_q31.c ****   sinVal = (q63_t)(0x80000000-fract)*a >> 32;
  73              	 .loc 1 79 0
  74 0032 BB69     	 ldr r3,[r7,#24]
  75 0034 C3F10043 	 rsb r3,r3,#-2147483648
  76 0038 1846     	 mov r0,r3
  77 003a 4FF00001 	 mov r1,#0
  78 003e 7B69     	 ldr r3,[r7,#20]
  79 0040 1A46     	 mov r2,r3
  80 0042 4FEAE273 	 asr r3,r2,#31
  81 0046 02FB01FE 	 mul lr,r2,r1
  82 004a 00FB03F6 	 mul r6,r0,r3
  83 004e 7644     	 add r6,r6,lr
  84 0050 A0FB0223 	 umull r2,r3,r0,r2
  85 0054 F118     	 adds r1,r6,r3
  86 0056 0B46     	 mov r3,r1
  87 0058 9A46     	 mov r10,r3
  88 005a 4FEAE37B 	 asr fp,r3,#31
  89 005e 5346     	 mov r3,r10
  90 0060 FB60     	 str r3,[r7,#12]
  80:../Dave/Generated/CMSIS_DSP/FastMathFunctions/arm_sin_q31.c ****   sinVal = (q31_t)((((q63_t)sinVal << 32) + ((q63_t)fract*b)) >> 32);
  91              	 .loc 1 80 0
  92 0062 FB68     	 ldr r3,[r7,#12]
  93 0064 1A46     	 mov r2,r3
  94 0066 4FEAE273 	 asr r3,r2,#31
  95 006a 1500     	 movs r5,r2
  96 006c 0024     	 movs r4,#0
  97 006e BB69     	 ldr r3,[r7,#24]
  98 0070 1846     	 mov r0,r3
  99 0072 4FEAE071 	 asr r1,r0,#31
 100 0076 3B69     	 ldr r3,[r7,#16]
 101 0078 1A46     	 mov r2,r3
 102 007a 4FEAE273 	 asr r3,r2,#31
 103 007e 02FB01FE 	 mul lr,r2,r1
 104 0082 00FB03F6 	 mul r6,r0,r3
 105 0086 7644     	 add r6,r6,lr
 106 0088 A0FB0223 	 umull r2,r3,r0,r2
 107 008c F118     	 adds r1,r6,r3
 108 008e 0B46     	 mov r3,r1
 109 0090 1219     	 adds r2,r2,r4
 110 0092 43EB0503 	 adc r3,r3,r5
 111 0096 9846     	 mov r8,r3
 112 0098 4FEAE379 	 asr r9,r3,#31
 113 009c 4346     	 mov r3,r8
 114 009e FB60     	 str r3,[r7,#12]
  81:../Dave/Generated/CMSIS_DSP/FastMathFunctions/arm_sin_q31.c **** 
  82:../Dave/Generated/CMSIS_DSP/FastMathFunctions/arm_sin_q31.c ****   return sinVal << 1;
 115              	 .loc 1 82 0
 116 00a0 FB68     	 ldr r3,[r7,#12]
 117 00a2 5B00     	 lsls r3,r3,#1
  83:../Dave/Generated/CMSIS_DSP/FastMathFunctions/arm_sin_q31.c **** }
 118              	 .loc 1 83 0
 119 00a4 1846     	 mov r0,r3
 120 00a6 2437     	 adds r7,r7,#36
 121              	.LCFI3:
 122              	 .cfi_def_cfa_offset 36
 123 00a8 BD46     	 mov sp,r7
 124              	.LCFI4:
 125              	 .cfi_def_cfa_register 13
 126              	 
 127 00aa BDE8F08F 	 pop {r4,r5,r6,r7,r8,r9,r10,fp,pc}
 128              	.L4:
 129 00ae 00BF     	 .align 2
 130              	.L3:
 131 00b0 00000000 	 .word sinTable_q31
 132              	 .cfi_endproc
 133              	.LFE139:
 135              	 .text
 136              	.Letext0:
 137              	 .file 2 "c:\\davev4\\dave-4.1.2\\eclipse\\arm-gcc-49\\arm-none-eabi\\include\\machine\\_default_types.h"
 138              	 .file 3 "c:\\davev4\\dave-4.1.2\\eclipse\\arm-gcc-49\\arm-none-eabi\\include\\stdint.h"
 139              	 .file 4 "C:\\Workspaces\\DAVE-4.1\\Flightcontroller_PWM_CopterRocks_Working\\Dave\\Generated/CMSIS_DSP/arm_math.h"
 140              	 .file 5 "C:\\Workspaces\\DAVE-4.1\\Flightcontroller_PWM_CopterRocks_Working\\Dave\\Generated/CMSIS_DSP/arm_common_tables.h"
DEFINED SYMBOLS
                            *ABS*:00000000 arm_sin_q31.c
    {standard input}:20     .text.arm_sin_q31:00000000 $t
    {standard input}:25     .text.arm_sin_q31:00000000 arm_sin_q31
    {standard input}:131    .text.arm_sin_q31:000000b0 $d
                     .debug_frame:00000010 $d

UNDEFINED SYMBOLS
sinTable_q31
