   1              	 .syntax unified
   2              	 .cpu cortex-m4
   3              	 .eabi_attribute 27,3
   4              	 .fpu fpv4-sp-d16
   5              	 .eabi_attribute 20,1
   6              	 .eabi_attribute 21,1
   7              	 .eabi_attribute 23,3
   8              	 .eabi_attribute 24,1
   9              	 .eabi_attribute 25,1
  10              	 .eabi_attribute 26,1
  11              	 .eabi_attribute 30,6
  12              	 .eabi_attribute 34,1
  13              	 .eabi_attribute 18,4
  14              	 .thumb
  15              	 .file "interrupt_conf.c"
  16              	 .text
  17              	.Ltext0:
  18              	 .cfi_sections .debug_frame
  19              	 .global Util_Timer_ISR_Handle
  20              	 .section .rodata.Util_Timer_ISR_Handle,"a",%progbits
  21              	 .align 2
  24              	Util_Timer_ISR_Handle:
  25 0000 38       	 .byte 56
  26 0001 02       	 .byte 2
  27 0002 00       	 .byte 0
  28 0003 01       	 .byte 1
  29              	 .global Bluetooth_RX_ISR_Handle
  30              	 .section .rodata.Bluetooth_RX_ISR_Handle,"a",%progbits
  31              	 .align 2
  34              	Bluetooth_RX_ISR_Handle:
  35 0000 59       	 .byte 89
  36 0001 08       	 .byte 8
  37 0002 00       	 .byte 0
  38 0003 01       	 .byte 1
  39              	 .global RemoteControl_RX_ISR_Handle
  40              	 .section .rodata.RemoteControl_RX_ISR_Handle,"a",%progbits
  41              	 .align 2
  44              	RemoteControl_RX_ISR_Handle:
  45 0000 5A       	 .byte 90
  46 0001 07       	 .byte 7
  47 0002 00       	 .byte 0
  48 0003 01       	 .byte 1
  49              	 .global DPS310_Ext_Int_ISR_Handle
  50              	 .section .rodata.DPS310_Ext_Int_ISR_Handle,"a",%progbits
  51              	 .align 2
  54              	DPS310_Ext_Int_ISR_Handle:
  55 0000 08       	 .byte 8
  56 0001 0C       	 .byte 12
  57 0002 00       	 .byte 0
  58 0003 01       	 .byte 1
  59              	 .global MPU9X50_Ext_Int_ISR_Handle
  60              	 .section .rodata.MPU9X50_Ext_Int_ISR_Handle,"a",%progbits
  61              	 .align 2
  64              	MPU9X50_Ext_Int_ISR_Handle:
  65 0000 05       	 .byte 5
  66 0001 0A       	 .byte 10
  67 0002 00       	 .byte 0
  68 0003 00       	 .byte 0
  69              	 .global Control_Timer_ISR_Handle
  70              	 .section .rodata.Control_Timer_ISR_Handle,"a",%progbits
  71              	 .align 2
  74              	Control_Timer_ISR_Handle:
  75 0000 39       	 .byte 57
  76 0001 05       	 .byte 5
  77 0002 00       	 .byte 0
  78 0003 01       	 .byte 1
  79              	 .global MagnetometerCal_Timer_ISR_Handle
  80              	 .section .rodata.MagnetometerCal_Timer_ISR_Handle,"a",%progbits
  81              	 .align 2
  84              	MagnetometerCal_Timer_ISR_Handle:
  85 0000 3B       	 .byte 59
  86 0001 3F       	 .byte 63
  87 0002 00       	 .byte 0
  88 0003 01       	 .byte 1
  89              	 .global GeneralPurpose_Timer_ISR_Handle
  90              	 .section .rodata.GeneralPurpose_Timer_ISR_Handle,"a",%progbits
  91              	 .align 2
  94              	GeneralPurpose_Timer_ISR_Handle:
  95 0000 32       	 .byte 50
  96 0001 14       	 .byte 20
  97 0002 00       	 .byte 0
  98 0003 01       	 .byte 1
  99              	 .text
 100              	.Letext0:
 101              	 .file 1 "c:\\davev4\\dave-4.1.2\\eclipse\\arm-gcc-49\\arm-none-eabi\\include\\machine\\_default_types.h"
 102              	 .file 2 "c:\\davev4\\dave-4.1.2\\eclipse\\arm-gcc-49\\arm-none-eabi\\include\\stdint.h"
 103              	 .file 3 "C:\\Workspaces\\DAVE-4.1\\Flightcontroller_PWM_CopterRocks_Working/Libraries/CMSIS/Infineon/XMC4500_series/Include/XMC4500.h"
 104              	 .file 4 "../Dave/Generated/INTERRUPT/interrupt.h"
 105              	 .file 5 "C:\\Workspaces\\DAVE-4.1\\Flightcontroller_PWM_CopterRocks_Working/Libraries/CMSIS/Include/core_cm4.h"
 106              	 .file 6 "../Dave/Generated/INTERRUPT/interrupt_conf.c"
DEFINED SYMBOLS
                            *ABS*:00000000 interrupt_conf.c
    {standard input}:24     .rodata.Util_Timer_ISR_Handle:00000000 Util_Timer_ISR_Handle
    {standard input}:21     .rodata.Util_Timer_ISR_Handle:00000000 $d
    {standard input}:34     .rodata.Bluetooth_RX_ISR_Handle:00000000 Bluetooth_RX_ISR_Handle
    {standard input}:31     .rodata.Bluetooth_RX_ISR_Handle:00000000 $d
    {standard input}:44     .rodata.RemoteControl_RX_ISR_Handle:00000000 RemoteControl_RX_ISR_Handle
    {standard input}:41     .rodata.RemoteControl_RX_ISR_Handle:00000000 $d
    {standard input}:54     .rodata.DPS310_Ext_Int_ISR_Handle:00000000 DPS310_Ext_Int_ISR_Handle
    {standard input}:51     .rodata.DPS310_Ext_Int_ISR_Handle:00000000 $d
    {standard input}:64     .rodata.MPU9X50_Ext_Int_ISR_Handle:00000000 MPU9X50_Ext_Int_ISR_Handle
    {standard input}:61     .rodata.MPU9X50_Ext_Int_ISR_Handle:00000000 $d
    {standard input}:74     .rodata.Control_Timer_ISR_Handle:00000000 Control_Timer_ISR_Handle
    {standard input}:71     .rodata.Control_Timer_ISR_Handle:00000000 $d
    {standard input}:84     .rodata.MagnetometerCal_Timer_ISR_Handle:00000000 MagnetometerCal_Timer_ISR_Handle
    {standard input}:81     .rodata.MagnetometerCal_Timer_ISR_Handle:00000000 $d
    {standard input}:94     .rodata.GeneralPurpose_Timer_ISR_Handle:00000000 GeneralPurpose_Timer_ISR_Handle
    {standard input}:91     .rodata.GeneralPurpose_Timer_ISR_Handle:00000000 $d

NO UNDEFINED SYMBOLS
